PCAD Importer Log
Project : Transformator.LibPkg

Section : D:\PCAD-Libs\Transformator.lib
    Section : PCB Library - Transformator.PcbLib
        Section : Load Messages
            Warning - 1 : Skipping Token defaultPinDes On Line 1096
            Warning - 1 : Skipping Token defaultPinDes On Line 1097
            Warning - 1 : Skipping Token defaultPinDes On Line 1098
            Warning - 1 : Skipping Token defaultPinDes On Line 1099
            Warning - 1 : Skipping Token defaultPinDes On Line 1136
            Warning - 1 : Skipping Token defaultPinDes On Line 1137
            Warning - 1 : Skipping Token defaultPinDes On Line 1138
            Warning - 1 : Skipping Token defaultPinDes On Line 1139
            Warning - 1 : Skipping Token defaultPinDes On Line 1140
            Warning - 1 : Skipping Token defaultPinDes On Line 1141
            Warning - 1 : Skipping Token defaultPinDes On Line 1142
            Warning - 1 : Skipping Token defaultPinDes On Line 1143
            Warning - 1 : Skipping Token defaultPinDes On Line 1144
            Warning - 1 : Skipping Token defaultPinDes On Line 1145
            Warning - 1 : Skipping Token defaultPinDes On Line 1146
            Warning - 1 : Skipping Token defaultPinDes On Line 1147
            Warning - 1 : Skipping Token defaultPinDes On Line 1148
            Warning - 1 : Skipping Token defaultPinDes On Line 1149
            Warning - 1 : Skipping Token defaultPinDes On Line 1150
            Warning - 1 : Skipping Token defaultPinDes On Line 1151
            Warning - 1 : Skipping Token defaultPinDes On Line 1152
            Warning - 1 : Skipping Token defaultPinDes On Line 1153
            Warning - 1 : Skipping Token defaultPinDes On Line 1154
            Warning - 1 : Skipping Token defaultPinDes On Line 1155
            Warning - 1 : Skipping Token defaultPinDes On Line 1156
            Warning - 1 : Skipping Token defaultPinDes On Line 1157
            Warning - 1 : Skipping Token defaultPinDes On Line 1158
            Warning - 1 : Skipping Token defaultPinDes On Line 1159
            Warning - 1 : Skipping Token defaultPinDes On Line 1160
            Warning - 1 : Skipping Token defaultPinDes On Line 1161
            Warning - 1 : Skipping Token defaultPinDes On Line 1162
            Warning - 1 : Skipping Token defaultPinDes On Line 1163
            Warning - 1 : Skipping Token defaultPinDes On Line 1164
            Warning - 1 : Skipping Token defaultPinDes On Line 1165
            Warning - 1 : Skipping Token defaultPinDes On Line 1166
            Warning - 1 : Skipping Token defaultPinDes On Line 1167
            Warning - 1 : Skipping Token defaultPinDes On Line 1168
            Warning - 1 : Skipping Token defaultPinDes On Line 1169
            Warning - 1 : Skipping Token defaultPinDes On Line 1170
            Warning - 1 : Skipping Token defaultPinDes On Line 1200
            Warning - 1 : Skipping Token defaultPinDes On Line 1201
            Warning - 1 : Skipping Token defaultPinDes On Line 1202
            Warning - 1 : Skipping Token defaultPinDes On Line 1203
            Warning - 1 : Skipping Token defaultPinDes On Line 1279
            Warning - 1 : Skipping Token defaultPinDes On Line 1280
            Warning - 1 : Skipping Token defaultPinDes On Line 1281
            Warning - 1 : Skipping Token defaultPinDes On Line 1282
            Warning - 1 : Skipping Token defaultPinDes On Line 1327
            Warning - 1 : Skipping Token defaultPinDes On Line 1328
            Warning - 1 : Skipping Token defaultPinDes On Line 1329
            Warning - 1 : Skipping Token defaultPinDes On Line 1330
            Warning - 1 : Skipping Token defaultPinDes On Line 1364
            Warning - 1 : Skipping Token defaultPinDes On Line 1365
            Warning - 1 : Skipping Token defaultPinDes On Line 1366
            Warning - 1 : Skipping Token defaultPinDes On Line 1367
            Warning - 1 : Skipping Token defaultPinDes On Line 1368
            Warning - 1 : Skipping Token defaultPinDes On Line 1369
            Warning - 1 : Skipping Token defaultPinDes On Line 1370
            Warning - 1 : Skipping Token defaultPinDes On Line 1371
            Warning - 1 : Skipping Token defaultPinDes On Line 1372
            Warning - 1 : Skipping Token defaultPinDes On Line 1373
            Warning - 1 : Skipping Token defaultPinDes On Line 1374
            Warning - 1 : Skipping Token defaultPinDes On Line 1375
            Warning - 1 : Skipping Token defaultPinDes On Line 1376
            Warning - 1 : Skipping Token defaultPinDes On Line 1377
            Warning - 1 : Skipping Token defaultPinDes On Line 1378
            Warning - 1 : Skipping Token defaultPinDes On Line 1379
            Warning - 1 : Skipping Token defaultPinDes On Line 1411
            Warning - 1 : Skipping Token defaultPinDes On Line 1412
            Warning - 1 : Skipping Token defaultPinDes On Line 1413
            Warning - 1 : Skipping Token defaultPinDes On Line 1414
            Warning - 1 : Skipping Token defaultPinDes On Line 1468
            Warning - 1 : Skipping Token defaultPinDes On Line 1469
            Warning - 1 : Skipping Token defaultPinDes On Line 1470
            Warning - 1 : Skipping Token defaultPinDes On Line 1471
            Warning - 1 : Skipping Token defaultPinDes On Line 1472
            Warning - 1 : Skipping Token defaultPinDes On Line 1473
            Warning - 1 : Skipping Token defaultPinDes On Line 1524
            Warning - 1 : Skipping Token defaultPinDes On Line 1525
            Warning - 1 : Skipping Token defaultPinDes On Line 1552
            Warning - 1 : Skipping Token defaultPinDes On Line 1553
            Warning - 1 : Skipping Token defaultPinDes On Line 1554
            Warning - 1 : Skipping Token defaultPinDes On Line 1555
            Warning - 1 : Skipping Token defaultPinDes On Line 1556
            Warning - 1 : Skipping Token defaultPinDes On Line 1557
            Warning - 1 : Skipping Token defaultPinDes On Line 1558
            Warning - 1 : Skipping Token defaultPinDes On Line 1559
            Warning - 1 : Skipping Token defaultPinDes On Line 1560
            Warning - 1 : Skipping Token defaultPinDes On Line 1632
            Warning - 1 : Skipping Token defaultPinDes On Line 1633
            Warning - 1 : Skipping Token defaultPinDes On Line 1634
            Warning - 1 : Skipping Token defaultPinDes On Line 1635
            Warning - 1 : Skipping Token defaultPinDes On Line 1636
            Warning - 1 : Skipping Token defaultPinDes On Line 1637
            Warning - 1 : Skipping Token defaultPinDes On Line 1638
            Warning - 1 : Skipping Token defaultPinDes On Line 1639
            Warning - 1 : Skipping Token defaultPinDes On Line 1640
            Warning - 1 : Skipping Token defaultPinDes On Line 1641
            Warning - 1 : Skipping Token defaultPinDes On Line 1667
            Warning - 1 : Skipping Token defaultPinDes On Line 1668
            Warning - 1 : Skipping Token defaultPinDes On Line 1669
            Warning - 1 : Skipping Token defaultPinDes On Line 1670
            Warning - 1 : Skipping Token defaultPinDes On Line 1671
            Warning - 1 : Skipping Token defaultPinDes On Line 1672
            Warning - 1 : Skipping Token defaultPinDes On Line 1673
            Warning - 1 : Skipping Token defaultPinDes On Line 1674
            Warning - 1 : Skipping Token defaultPinDes On Line 1675
            Warning - 1 : Skipping Token defaultPinDes On Line 1676
            Warning - 1 : Skipping Token defaultPinDes On Line 1677
            Warning - 1 : Skipping Token defaultPinDes On Line 1678
            Warning - 1 : Skipping Token defaultPinDes On Line 1707
            Warning - 1 : Skipping Token defaultPinDes On Line 1708
            Warning - 1 : Skipping Token defaultPinDes On Line 1709
            Warning - 1 : Skipping Token defaultPinDes On Line 1710
            Warning - 1 : Skipping Token defaultPinDes On Line 1711
            Warning - 1 : Skipping Token defaultPinDes On Line 1712
            Warning - 1 : Skipping Token defaultPinDes On Line 1713
            Warning - 1 : Skipping Token defaultPinDes On Line 1714
            Warning - 1 : Skipping Token defaultPinDes On Line 1715
            Warning - 1 : Skipping Token defaultPinDes On Line 1716
            Warning - 1 : Skipping Token defaultPinDes On Line 1717
            Warning - 1 : Skipping Token defaultPinDes On Line 1718
            Warning - 1 : Skipping Token defaultPinDes On Line 1753
            Warning - 1 : Skipping Token defaultPinDes On Line 1754
            Warning - 1 : Skipping Token defaultPinDes On Line 1755
            Warning - 1 : Skipping Token defaultPinDes On Line 1756
            Warning - 1 : Skipping Token defaultPinDes On Line 1757
            Warning - 1 : Skipping Token defaultPinDes On Line 1758
            Warning - 1 : Skipping Token defaultPinDes On Line 1759
            Warning - 1 : Skipping Token defaultPinDes On Line 1760
            Warning - 1 : Skipping Token defaultPinDes On Line 1761
            Warning - 1 : Skipping Token defaultPinDes On Line 1762
            Warning - 1 : Skipping Token defaultPinDes On Line 1763
            Warning - 1 : Skipping Token defaultPinDes On Line 1764
            Warning - 1 : Skipping Token defaultPinDes On Line 1796
            Warning - 1 : Skipping Token defaultPinDes On Line 1797
            Warning - 1 : Skipping Token defaultPinDes On Line 1798
            Warning - 1 : Skipping Token defaultPinDes On Line 1799
            Warning - 1 : Skipping Token defaultPinDes On Line 1800
            Warning - 1 : Skipping Token defaultPinDes On Line 1801
            Warning - 1 : Skipping Token defaultPinDes On Line 1802
            Warning - 1 : Skipping Token defaultPinDes On Line 1803
            Warning - 1 : Skipping Token defaultPinDes On Line 1804
            Warning - 1 : Skipping Token defaultPinDes On Line 1805
            Warning - 1 : Skipping Token defaultPinDes On Line 1806
            Warning - 1 : Skipping Token defaultPinDes On Line 1807
            Warning - 1 : Skipping Token defaultPinDes On Line 1892
            Warning - 1 : Skipping Token defaultPinDes On Line 1893
            Warning - 1 : Skipping Token defaultPinDes On Line 1894
            Warning - 1 : Skipping Token defaultPinDes On Line 1895
            Warning - 1 : Skipping Token defaultPinDes On Line 1896
            Warning - 1 : Skipping Token defaultPinDes On Line 1897
            Warning - 1 : Skipping Token defaultPinDes On Line 1898
            Warning - 1 : Skipping Token defaultPinDes On Line 1899
            Warning - 1 : Skipping Token defaultPinDes On Line 1900
            Warning - 1 : Skipping Token defaultPinDes On Line 1901
            Warning - 1 : Skipping Token defaultPinDes On Line 1902
            Warning - 1 : Skipping Token defaultPinDes On Line 1903
            Warning - 1 : Skipping Token defaultPinDes On Line 1987
            Warning - 1 : Skipping Token defaultPinDes On Line 1988
            Warning - 1 : Skipping Token defaultPinDes On Line 1989
            Warning - 1 : Skipping Token defaultPinDes On Line 1990
            Warning - 1 : Skipping Token defaultPinDes On Line 1991
            Warning - 1 : Skipping Token defaultPinDes On Line 1992
            Warning - 1 : Skipping Token defaultPinDes On Line 1993
            Warning - 1 : Skipping Token defaultPinDes On Line 1994
            Warning - 1 : Skipping Token defaultPinDes On Line 1995
            Warning - 1 : Skipping Token defaultPinDes On Line 1996
            Warning - 1 : Skipping Token defaultPinDes On Line 1997
            Warning - 1 : Skipping Token defaultPinDes On Line 1998
            Warning - 1 : Skipping Token defaultPinDes On Line 1999
            Warning - 1 : Skipping Token defaultPinDes On Line 2000
            Warning - 1 : Skipping Token defaultPinDes On Line 2001
            Warning - 1 : Skipping Token defaultPinDes On Line 2002
            Warning - 1 : Skipping Token defaultPinDes On Line 2035
            Warning - 1 : Skipping Token defaultPinDes On Line 2036
            Warning - 1 : Skipping Token defaultPinDes On Line 2037
            Warning - 1 : Skipping Token defaultPinDes On Line 2038
            Warning - 1 : Skipping Token defaultPinDes On Line 2039
            Warning - 1 : Skipping Token defaultPinDes On Line 2040
            Warning - 1 : Skipping Token defaultPinDes On Line 2041
            Warning - 1 : Skipping Token defaultPinDes On Line 2042
            Warning - 1 : Skipping Token defaultPinDes On Line 2043
            Warning - 1 : Skipping Token defaultPinDes On Line 2044
            Warning - 1 : Skipping Token defaultPinDes On Line 2045
            Warning - 1 : Skipping Token defaultPinDes On Line 2046
            Warning - 1 : Skipping Token defaultPinDes On Line 2047
            Warning - 1 : Skipping Token defaultPinDes On Line 2048
            Warning - 1 : Skipping Token defaultPinDes On Line 2049
            Warning - 1 : Skipping Token defaultPinDes On Line 2050
            Warning - 1 : Skipping Token defaultPinDes On Line 2051
            Warning - 1 : Skipping Token defaultPinDes On Line 2052
            Warning - 1 : Skipping Token defaultPinDes On Line 2053
            Warning - 1 : Skipping Token defaultPinDes On Line 2054
            Warning - 1 : Skipping Token defaultPinDes On Line 2055
            Warning - 1 : Skipping Token defaultPinDes On Line 2056
            Warning - 1 : Skipping Token defaultPinDes On Line 2057
            Warning - 1 : Skipping Token defaultPinDes On Line 2058
            Warning - 1 : Skipping Token defaultPinDes On Line 2059
            Warning - 1 : Skipping Token defaultPinDes On Line 2060
            Warning - 1 : Skipping Token defaultPinDes On Line 2061
            Warning - 1 : Skipping Token defaultPinDes On Line 2062
            Warning - 1 : Skipping Token defaultPinDes On Line 2063
            Warning - 1 : Skipping Token defaultPinDes On Line 2064
            Warning - 1 : Skipping Token defaultPinDes On Line 2065
            Warning - 1 : Skipping Token defaultPinDes On Line 2066
            Warning - 1 : Skipping Token defaultPinDes On Line 2067
            Warning - 1 : Skipping Token defaultPinDes On Line 2068
            Warning - 1 : Skipping Token defaultPinDes On Line 2069
            Warning - 1 : Skipping Token defaultPinDes On Line 2070
            Warning - 1 : Skipping Token defaultPinDes On Line 2071
            Warning - 1 : Skipping Token defaultPinDes On Line 2072
            Warning - 1 : Skipping Token defaultPinDes On Line 2073
            Warning - 1 : Skipping Token defaultPinDes On Line 2074
            Warning - 1 : Skipping Token defaultPinDes On Line 2110
            Warning - 1 : Skipping Token defaultPinDes On Line 2111
            Warning - 1 : Skipping Token defaultPinDes On Line 2112
            Warning - 1 : Skipping Token defaultPinDes On Line 2113
            Warning - 1 : Skipping Token defaultPinDes On Line 2114
            Warning - 1 : Skipping Token defaultPinDes On Line 2115
            Warning - 1 : Skipping Token defaultPinDes On Line 2116
            Warning - 1 : Skipping Token defaultPinDes On Line 2117
            Warning - 1 : Skipping Token defaultPinDes On Line 2118
            Warning - 1 : Skipping Token defaultPinDes On Line 2119
            Warning - 1 : Skipping Token defaultPinDes On Line 2120
            Warning - 1 : Skipping Token defaultPinDes On Line 2121
            Warning - 1 : Skipping Token defaultPinDes On Line 2122
            Warning - 1 : Skipping Token defaultPinDes On Line 2123
            Warning - 1 : Skipping Token defaultPinDes On Line 2124
            Warning - 1 : Skipping Token defaultPinDes On Line 2125
            Warning - 1 : Skipping Token defaultPinDes On Line 2126
            Warning - 1 : Skipping Token defaultPinDes On Line 2127
            Warning - 1 : Skipping Token defaultPinDes On Line 2128
            Warning - 1 : Skipping Token defaultPinDes On Line 2129
            Warning - 1 : Skipping Token defaultPinDes On Line 2130
            Warning - 1 : Skipping Token defaultPinDes On Line 2131
            Warning - 1 : Skipping Token defaultPinDes On Line 2132
            Warning - 1 : Skipping Token defaultPinDes On Line 2133
            Warning - 1 : Skipping Token defaultPinDes On Line 2134
            Warning - 1 : Skipping Token defaultPinDes On Line 2135
            Warning - 1 : Skipping Token defaultPinDes On Line 2136
            Warning - 1 : Skipping Token defaultPinDes On Line 2137
            Warning - 1 : Skipping Token defaultPinDes On Line 2138
            Warning - 1 : Skipping Token defaultPinDes On Line 2139
            Warning - 1 : Skipping Token defaultPinDes On Line 2140
            Warning - 1 : Skipping Token defaultPinDes On Line 2141
            Warning - 1 : Skipping Token defaultPinDes On Line 2142
            Warning - 1 : Skipping Token defaultPinDes On Line 2143
            Warning - 1 : Skipping Token defaultPinDes On Line 2144
            Warning - 1 : Skipping Token defaultPinDes On Line 2145
            Warning - 1 : Skipping Token defaultPinDes On Line 2146
            Warning - 1 : Skipping Token defaultPinDes On Line 2147
            Warning - 1 : Skipping Token defaultPinDes On Line 2148
            Warning - 1 : Skipping Token defaultPinDes On Line 2149
            Warning - 1 : Skipping Token defaultPinDes On Line 2178
            Warning - 1 : Skipping Token defaultPinDes On Line 2179
            Warning - 1 : Skipping Token defaultPinDes On Line 2180
            Warning - 1 : Skipping Token defaultPinDes On Line 2181
            Warning - 1 : Skipping Token defaultPinDes On Line 2182
            Warning - 1 : Skipping Token defaultPinDes On Line 2183
            Warning - 1 : Skipping Token defaultPinDes On Line 2184
            Warning - 1 : Skipping Token defaultPinDes On Line 2185
            Warning - 1 : Skipping Token defaultPinDes On Line 2215
            Warning - 1 : Skipping Token defaultPinDes On Line 2216
            Warning - 1 : Skipping Token defaultPinDes On Line 2260
            Warning - 1 : Skipping Token defaultPinDes On Line 2261
            Warning - 1 : Skipping Token defaultPinDes On Line 2291
            Warning - 1 : Skipping Token defaultPinDes On Line 2292
            Warning - 1 : Skipping Token defaultPinDes On Line 2329
            Warning - 1 : Skipping Token defaultPinDes On Line 2330
            Warning - 1 : Skipping Token defaultPinDes On Line 2360
            Warning - 1 : Skipping Token defaultPinDes On Line 2361
            Warning - 1 : Skipping Token defaultPinDes On Line 2391
            Warning - 1 : Skipping Token defaultPinDes On Line 2392
            Warning - 1 : Skipping Token defaultPinDes On Line 2393
            Warning - 1 : Skipping Token defaultPinDes On Line 2394
            Warning - 1 : Skipping Token defaultPinDes On Line 2451
            Warning - 1 : Skipping Token defaultPinDes On Line 2452
            Warning - 1 : Skipping Token defaultPinDes On Line 2453
            Warning - 1 : Skipping Token defaultPinDes On Line 2454
            Warning - 1 : Skipping Token defaultPinDes On Line 2515
            Warning - 1 : Skipping Token defaultPinDes On Line 2516
            Warning - 1 : Skipping Token defaultPinDes On Line 2517
            Warning - 1 : Skipping Token defaultPinDes On Line 2518
            Warning - 1 : Skipping Token defaultPinDes On Line 2519
            Warning - 1 : Skipping Token defaultPinDes On Line 2520
            Warning - 1 : Skipping Token defaultPinDes On Line 2521
            Warning - 1 : Skipping Token defaultPinDes On Line 2522
            Warning - 1 : Skipping Token defaultPinDes On Line 2604
            Warning - 1 : Skipping Token defaultPinDes On Line 2605
            Warning - 1 : Skipping Token defaultPinDes On Line 2606
            Warning - 1 : Skipping Token defaultPinDes On Line 2607
            Warning - 1 : Skipping Token defaultPinDes On Line 2608
            Warning - 1 : Skipping Token defaultPinDes On Line 2609
            Warning - 1 : Skipping Token defaultPinDes On Line 2610
            Warning - 1 : Skipping Token defaultPinDes On Line 2611
            Warning - 1 : Skipping Token defaultPinDes On Line 2649
            Warning - 1 : Skipping Token defaultPinDes On Line 2650
            Warning - 1 : Skipping Token defaultPinDes On Line 2651
            Warning - 1 : Skipping Token defaultPinDes On Line 2652
            Warning - 1 : Skipping Token defaultPinDes On Line 2704
            Warning - 1 : Skipping Token defaultPinDes On Line 2705
            Warning - 1 : Skipping Token defaultPinDes On Line 2706
            Warning - 1 : Skipping Token defaultPinDes On Line 2707
            Warning - 1 : Skipping Token defaultPinDes On Line 2708
            Warning - 1 : Skipping Token defaultPinDes On Line 2753
            Warning - 1 : Skipping Token defaultPinDes On Line 2754
            Warning - 1 : Skipping Token defaultPinDes On Line 2755
            Warning - 1 : Skipping Token defaultPinDes On Line 2756
            Warning - 1 : Skipping Token defaultPinDes On Line 2757
            Warning - 1 : Skipping Token defaultPinDes On Line 2758
            Warning - 1 : Skipping Token defaultPinDes On Line 2759
            Warning - 1 : Skipping Token defaultPinDes On Line 2760
            Warning - 1 : Skipping Token defaultPinDes On Line 2761
            Warning - 1 : Skipping Token defaultPinDes On Line 2762
            Warning - 1 : Skipping Token defaultPinDes On Line 2763
            Warning - 1 : Skipping Token defaultPinDes On Line 2764
            Warning - 1 : Skipping Token defaultPinDes On Line 2765
            Warning - 1 : Skipping Token defaultPinDes On Line 2766
            Warning - 1 : Skipping Token defaultPinDes On Line 2767
            Warning - 1 : Skipping Token defaultPinDes On Line 2768
            Warning - 1 : Skipping Token defaultPinDes On Line 2800
            Warning - 1 : Skipping Token defaultPinDes On Line 2801
            Warning - 1 : Skipping Token defaultPinDes On Line 2802
            Warning - 1 : Skipping Token defaultPinDes On Line 2803
            Warning - 1 : Skipping Token defaultPinDes On Line 2804
            Warning - 1 : Skipping Token defaultPinDes On Line 2805
            Warning - 1 : Skipping Token defaultPinDes On Line 2806
            Warning - 1 : Skipping Token defaultPinDes On Line 2807
            Warning - 1 : Skipping Token defaultPinDes On Line 2808
            Warning - 1 : Skipping Token defaultPinDes On Line 2809
            Warning - 1 : Skipping Token defaultPinDes On Line 2810
            Warning - 1 : Skipping Token defaultPinDes On Line 2811
            Warning - 1 : Skipping Token defaultPinDes On Line 2812
            Warning - 1 : Skipping Token defaultPinDes On Line 2813
            Warning - 1 : Skipping Token defaultPinDes On Line 2874
            Warning - 1 : Skipping Token defaultPinDes On Line 2875
            Warning - 1 : Skipping Token defaultPinDes On Line 2876
            Warning - 1 : Skipping Token defaultPinDes On Line 2877
            Warning - 1 : Skipping Token defaultPinDes On Line 2878
            Warning - 1 : Skipping Token defaultPinDes On Line 2879
            Warning - 1 : Skipping Token defaultPinDes On Line 2880
            Warning - 1 : Skipping Token defaultPinDes On Line 2881
            Warning - 1 : Skipping Token defaultPinDes On Line 2882
            Warning - 1 : Skipping Token defaultPinDes On Line 2883
            Warning - 1 : Skipping Token defaultPinDes On Line 2884
            Warning - 1 : Skipping Token defaultPinDes On Line 2885
            Warning - 1 : Skipping Token defaultPinDes On Line 2886
            Warning - 1 : Skipping Token defaultPinDes On Line 2887
            Warning - 1 : Skipping Token defaultPinDes On Line 2917
            Warning - 1 : Skipping Token defaultPinDes On Line 2918
            Warning - 1 : Skipping Token defaultPinDes On Line 2919
            Warning - 1 : Skipping Token defaultPinDes On Line 2920
            Warning - 1 : Skipping Token defaultPinDes On Line 2921
            Warning - 1 : Skipping Token defaultPinDes On Line 2922
            Warning - 1 : Skipping Token defaultPinDes On Line 2923
            Warning - 1 : Skipping Token defaultPinDes On Line 2924
            Warning - 1 : Skipping Token defaultPinDes On Line 2925
            Warning - 1 : Skipping Token defaultPinDes On Line 2926
            Warning - 1 : Skipping Token defaultPinDes On Line 2927
            Warning - 1 : Skipping Token defaultPinDes On Line 2929
            Warning - 1 : Skipping Token defaultPinDes On Line 2930
            Warning - 1 : Skipping Token defaultPinDes On Line 2931
            Warning - 1 : Skipping Token defaultPinDes On Line 2960
            Warning - 1 : Skipping Token defaultPinDes On Line 2961
            Warning - 1 : Skipping Token defaultPinDes On Line 2962
            Warning - 1 : Skipping Token defaultPinDes On Line 2963
            Warning - 1 : Skipping Token defaultPinDes On Line 2964
            Warning - 1 : Skipping Token defaultPinDes On Line 2965
            Warning - 1 : Skipping Token defaultPinDes On Line 2966
            Warning - 1 : Skipping Token defaultPinDes On Line 2967
            Warning - 1 : Skipping Token defaultPinDes On Line 2968
            Warning - 1 : Skipping Token defaultPinDes On Line 2969
            Warning - 1 : Skipping Token defaultPinDes On Line 2970
            Warning - 1 : Skipping Token defaultPinDes On Line 2971
            Warning - 1 : Skipping Token defaultPinDes On Line 2972
            Warning - 1 : Skipping Token defaultPinDes On Line 2973
            Warning - 1 : Skipping Token defaultPinDes On Line 2974
            Warning - 1 : Skipping Token defaultPinDes On Line 2975
            Warning - 1 : Skipping Token defaultPinDes On Line 3127
            Warning - 1 : Skipping Token defaultPinDes On Line 3128
            Warning - 1 : Skipping Token defaultPinDes On Line 3129
            Warning - 1 : Skipping Token defaultPinDes On Line 3130
            Warning - 1 : Skipping Token defaultPinDes On Line 3131
            Warning - 1 : Skipping Token defaultPinDes On Line 3132
            Warning - 1 : Skipping Token defaultPinDes On Line 3133
            Warning - 1 : Skipping Token defaultPinDes On Line 3134
            Warning - 1 : Skipping Token defaultPinDes On Line 3243
            Warning - 1 : Skipping Token defaultPinDes On Line 3244
            Warning - 1 : Skipping Token defaultPinDes On Line 3245
            Warning - 1 : Skipping Token defaultPinDes On Line 3246
            Warning - 1 : Skipping Token defaultPinDes On Line 3247
            Warning - 1 : Skipping Token defaultPinDes On Line 3248
            Warning - 1 : Skipping Token defaultPinDes On Line 3249
            Warning - 1 : Skipping Token defaultPinDes On Line 3250
            Warning - 1 : Skipping Token defaultPinDes On Line 3251
            Warning - 1 : Skipping Token defaultPinDes On Line 3252
            Warning - 1 : Skipping Token defaultPinDes On Line 3282
            Warning - 1 : Skipping Token defaultPinDes On Line 3283
            Warning - 1 : Skipping Token defaultPinDes On Line 3284
            Warning - 1 : Skipping Token defaultPinDes On Line 3285
            Warning - 1 : Skipping Token defaultPinDes On Line 3286
            Warning - 1 : Skipping Token defaultPinDes On Line 3287
            Warning - 1 : Skipping Token defaultPinDes On Line 3288
            Warning - 1 : Skipping Token defaultPinDes On Line 3289
            Warning - 1 : Skipping Token defaultPinDes On Line 3290
            Warning - 1 : Skipping Token defaultPinDes On Line 3291
            Warning - 1 : Skipping Token defaultPinDes On Line 3321
            Warning - 1 : Skipping Token defaultPinDes On Line 3322
            Warning - 1 : Skipping Token defaultPinDes On Line 3323
            Warning - 1 : Skipping Token defaultPinDes On Line 3324
            Warning - 1 : Skipping Token defaultPinDes On Line 3325
            Warning - 1 : Skipping Token defaultPinDes On Line 3326
            Warning - 1 : Skipping Token defaultPinDes On Line 3327
            Warning - 1 : Skipping Token defaultPinDes On Line 3328
            Warning - 1 : Skipping Token defaultPinDes On Line 3329
            Warning - 1 : Skipping Token defaultPinDes On Line 3330
            Warning - 1 : Skipping Token defaultPinDes On Line 3331
            Warning - 1 : Skipping Token defaultPinDes On Line 3332
            Warning - 1 : Skipping Token defaultPinDes On Line 3333
            Warning - 1 : Skipping Token defaultPinDes On Line 3334
            Warning - 1 : Skipping Token defaultPinDes On Line 3335
            Warning - 1 : Skipping Token defaultPinDes On Line 3336
            Warning - 1 : Skipping Token defaultPinDes On Line 3428
            Warning - 1 : Skipping Token defaultPinDes On Line 3429
            Warning - 1 : Skipping Token defaultPinDes On Line 3430
            Warning - 1 : Skipping Token defaultPinDes On Line 3431
            Warning - 1 : Skipping Token defaultPinDes On Line 3432
            Warning - 1 : Skipping Token defaultPinDes On Line 3433
            Warning - 1 : Skipping Token defaultPinDes On Line 3434
            Warning - 1 : Skipping Token defaultPinDes On Line 3435
            Warning - 1 : Skipping Token defaultPinDes On Line 3436
            Warning - 1 : Skipping Token defaultPinDes On Line 3437
            Warning - 1 : Skipping Token defaultPinDes On Line 3438
            Warning - 1 : Skipping Token defaultPinDes On Line 3657
            Warning - 1 : Skipping Token defaultPinDes On Line 3658
            Warning - 1 : Skipping Token defaultPinDes On Line 3659
            Warning - 1 : Skipping Token defaultPinDes On Line 3660
            Warning - 1 : Skipping Token defaultPinDes On Line 3661
            Warning - 1 : Skipping Token defaultPinDes On Line 3662
            Warning - 1 : Skipping Token defaultPinDes On Line 3663
            Warning - 1 : Skipping Token defaultPinDes On Line 3780
            Warning - 1 : Skipping Token defaultPinDes On Line 3781
            Warning - 1 : Skipping Token defaultPinDes On Line 3782
            Warning - 1 : Skipping Token defaultPinDes On Line 3783
            Warning - 1 : Skipping Token defaultPinDes On Line 3820
            Warning - 1 : Skipping Token defaultPinDes On Line 3821
            Warning - 1 : Skipping Token defaultPinDes On Line 3822
            Warning - 1 : Skipping Token defaultPinDes On Line 3823
            Warning - 1 : Skipping Token defaultPinDes On Line 3847
            Warning - 1 : Skipping Token defaultPinDes On Line 3848
            Warning - 1 : Skipping Token defaultPinDes On Line 3849
            Warning - 1 : Skipping Token defaultPinDes On Line 3850
            Warning - 1 : Skipping Token defaultPinDes On Line 3926
            Warning - 1 : Skipping Token defaultPinDes On Line 3927
            Warning - 1 : Skipping Token defaultPinDes On Line 3928
            Warning - 1 : Skipping Token defaultPinDes On Line 3929
            Warning - 1 : Skipping Token defaultPinDes On Line 3930
            Warning - 1 : Skipping Token defaultPinDes On Line 3960
            Warning - 1 : Skipping Token defaultPinDes On Line 3961
            Warning - 1 : Skipping Token defaultPinDes On Line 3962
            Warning - 1 : Skipping Token defaultPinDes On Line 3963
            Warning - 1 : Skipping Token defaultPinDes On Line 3964
            Warning - 1 : Skipping Token defaultPinDes On Line 3965
            Warning - 1 : Skipping Token defaultPinDes On Line 3966
            Warning - 1 : Skipping Token defaultPinDes On Line 3967
            Warning - 1 : Skipping Token defaultPinDes On Line 4012
            Warning - 1 : Skipping Token defaultPinDes On Line 4013
            Warning - 1 : Skipping Token defaultPinDes On Line 4014
            Warning - 1 : Skipping Token defaultPinDes On Line 4015
            Warning - 1 : Skipping Token defaultPinDes On Line 4016
            Warning - 1 : Skipping Token defaultPinDes On Line 4017
            Warning - 1 : Skipping Token defaultPinDes On Line 4018
            Warning - 1 : Skipping Token defaultPinDes On Line 4068
            Warning - 1 : Skipping Token defaultPinDes On Line 4069
            Warning - 1 : Skipping Token defaultPinDes On Line 4107
            Warning - 1 : Skipping Token defaultPinDes On Line 4108
            Warning - 1 : Skipping Token defaultPinDes On Line 4109
            Warning - 1 : Skipping Token defaultPinDes On Line 4110
            Warning - 1 : Skipping Token defaultPinDes On Line 4111
            Warning - 1 : Skipping Token defaultPinDes On Line 4143
            Warning - 1 : Skipping Token defaultPinDes On Line 4144
            Warning - 1 : Skipping Token defaultPinDes On Line 4145
            Warning - 1 : Skipping Token defaultPinDes On Line 4146
            Warning - 1 : Skipping Token defaultPinDes On Line 4147
            Warning - 1 : Skipping Token defaultPinDes On Line 4148
            Warning - 1 : Skipping Token defaultPinDes On Line 4180
            Warning - 1 : Skipping Token defaultPinDes On Line 4181
            Warning - 1 : Skipping Token defaultPinDes On Line 4182
            Warning - 1 : Skipping Token defaultPinDes On Line 4183
            Warning - 1 : Skipping Token defaultPinDes On Line 4184
            Warning - 1 : Skipping Token defaultPinDes On Line 4185
            Warning - 1 : Skipping Token defaultPinDes On Line 4186
            Warning - 1 : Skipping Token defaultPinDes On Line 4187
            Warning - 1 : Skipping Token defaultPinDes On Line 4188
            Warning - 1 : Skipping Token defaultPinDes On Line 4189
            Warning - 1 : Skipping Token defaultPinDes On Line 4190
            Warning - 1 : Skipping Token defaultPinDes On Line 4191
            Warning - 1 : Skipping Token defaultPinDes On Line 4192
            Warning - 1 : Skipping Token defaultPinDes On Line 4193
            Warning - 1 : Skipping Token defaultPinDes On Line 4194
            Warning - 1 : Skipping Token defaultPinDes On Line 6491
            Warning - 1 : Skipping Token defaultPinDes On Line 6492
            Warning - 1 : Skipping Token defaultPinDes On Line 6493
            Warning - 1 : Skipping Token defaultPinDes On Line 6494
            Warning - 1 : Skipping Token defaultPinDes On Line 6543
            Warning - 1 : Skipping Token defaultPinDes On Line 6544
            Warning - 1 : Skipping Token defaultPinDes On Line 6545
            Warning - 1 : Skipping Token defaultPinDes On Line 6546
            Warning - 1 : Skipping Token defaultPinDes On Line 6547
            Warning - 1 : Skipping Token defaultPinDes On Line 6548
            Warning - 1 : Skipping Token defaultPinDes On Line 6549
            Warning - 1 : Skipping Token defaultPinDes On Line 6550
            Warning - 1 : Skipping Token defaultPinDes On Line 6551
            Warning - 1 : Skipping Token defaultPinDes On Line 6552
            Warning - 1 : Skipping Token defaultPinDes On Line 6579
            Warning - 1 : Skipping Token defaultPinDes On Line 6580
            Warning - 1 : Skipping Token defaultPinDes On Line 6581
            Warning - 1 : Skipping Token defaultPinDes On Line 6582
            Warning - 1 : Skipping Token defaultPinDes On Line 6583
            Warning - 1 : Skipping Token defaultPinDes On Line 6584
            Warning - 1 : Skipping Token defaultPinDes On Line 6585
            Warning - 1 : Skipping Token defaultPinDes On Line 6586
            Warning - 1 : Skipping Token defaultPinDes On Line 6587
            Warning - 1 : Skipping Token defaultPinDes On Line 6588
            Warning - 1 : Skipping Token 52305C On Line 6608
            Warning - 1 : Skipping Token 70064K On Line 6663
            Warning - 1 : Skipping Token 744824310_1 On Line 6753
            Warning - 1 : Skipping Token 744824310_2 On Line 6806
            Warning - 1 : Skipping Token 750871011 On Line 6859
            Warning - 1 : Skipping Token ADT1-1WT On Line 6960
            Warning - 1 : Skipping Token ETC1-1-13 On Line 7025
            Warning - 1 : Skipping Token H1102 On Line 7081
            Warning - 1 : Skipping Token H1164 On Line 7254
            Warning - 1 : Skipping Token H93RN1 On Line 7865
            Warning - 1 : Skipping Token HX1188 On Line 7943
            Warning - 1 : Skipping Token HX1198 On Line 8122
            Warning - 1 : Skipping Token IND10UH-10A_1 On Line 8329
            Warning - 1 : Skipping Token IND10UH-10A_2 On Line 8365
            Warning - 1 : Skipping Token IND10UH-19A_1 On Line 8401
            Warning - 1 : Skipping Token IND10UH-19A_2 On Line 8439
            Warning - 1 : Skipping Token IND1U-32A_1 On Line 8475
            Warning - 1 : Skipping Token IND1U-32A_2 On Line 8511
            Warning - 1 : Skipping Token IND2U2-22A_1 On Line 8547
            Warning - 1 : Skipping Token IND2U2-22A_2 On Line 8583
            Warning - 1 : Skipping Token IND4,7UH-30A_1 On Line 8619
            Warning - 1 : Skipping Token IND4,7UH-30A_2 On Line 8657
            Warning - 1 : Skipping Token IND4,7UH-5,5A_1 On Line 8695
            Warning - 1 : Skipping Token IND4,7UH-5,5A_2 On Line 8731
            Warning - 1 : Skipping Token IND47UH-8,7A_1 On Line 8767
            Warning - 1 : Skipping Token IND47UH-8,7A_2 On Line 8805
            Warning - 1 : Skipping Token IND4U7-13,5A_1 On Line 8841
            Warning - 1 : Skipping Token IND4U7-13,5A_2 On Line 8877
            Warning - 1 : Skipping Token IND5U6-13.5A On Line 8913
            Warning - 1 : Skipping Token IND5U6-13.5A_1 On Line 8951
            Warning - 1 : Skipping Token P0353NL_1 On Line 8989
            Warning - 1 : Skipping Token P0353NL_2 On Line 9042
            Warning - 1 : Skipping Token P0502NL On Line 9095
            Warning - 1 : Skipping Token PM-DB2725EX On Line 9146
            Warning - 1 : Skipping Token T05_1 On Line 9261
            Warning - 1 : Skipping Token T05_2 On Line 9370
            Warning - 1 : Skipping Token T10 On Line 9479
            Warning - 1 : Skipping Token T1108_RX1-1 On Line 9686
            Warning - 1 : Skipping Token T1108_TX1-2 On Line 9749
            Warning - 1 : Skipping Token TA On Line 9812
            Warning - 1 : Skipping Token TA1 On Line 9845
            Warning - 1 : Skipping Token TA1_R On Line 9894
            Warning - 1 : Skipping Token TA27-220-50 On Line 9943
            Warning - 1 : Skipping Token TG110-E050N5 On Line 10136
            Warning - 1 : Skipping Token TIL1V On Line 10304
            Warning - 1 : Skipping Token TIL2V On Line 10390
            Warning - 1 : Skipping Token TM5-20_1 On Line 10476
            Warning - 1 : Skipping Token TM5-20_2 On Line 10554
            Warning - 1 : Skipping Token TP126-220-400 On Line 10632
            Warning - 1 : Skipping Token TPK-2(1-5_6-7_9-10) On Line 10767
            Warning - 1 : Skipping Token TR-I-II-III On Line 10838
            Warning - 1 : Skipping Token TR-I-II-III_2 On Line 10912
            Warning - 1 : Skipping Token TRANSFORM_2X2 On Line 10995
            Warning - 1 : Skipping Token TRANSFORM_L1_L2 On Line 11051
            Warning - 1 : Skipping Token TRANS_1 On Line 11108
            Warning - 1 : Skipping Token TRS1-1_1 On Line 11164
            Warning - 1 : Skipping Token TV1-1_1 On Line 11204
            Warning - 1 : Skipping Token TV1-1_2 On Line 11254
            Warning - 1 : Skipping Token TV1-1_3 On Line 11304
            Warning - 1 : Skipping Token TV1_1 On Line 11354
            Warning - 1 : Skipping Token TV1_1_R On Line 11407
            Warning - 1 : Skipping Token TV3-3 On Line 11460
            Warning - 1 : Skipping Token TV3-3_A On Line 11605
            Warning - 1 : Skipping Token TV3-3_B On Line 11750
            Warning - 1 : Skipping Token TV3-3_MIRR On Line 11899
            Warning - 1 : Skipping Token TW6SE On Line 12048
            Warning - 1 : Skipping Token TX1287 On Line 12151
            Warning - 1 : Skipping Token T_1-1_2-4 On Line 12326
            Warning - 1 : Skipping Token T_1-2_2-3 On Line 12467
            Warning - 1 : Skipping Token T_1-3_2-3 On Line 12539
            Warning - 1 : Skipping Token √ ¿∆.671111.010 On Line 12622
            Warning - 1 : Skipping Token attachedSymbol On Line 12823
            Warning - 1 : Skipping Token attachedSymbol On Line 12879
            Warning - 1 : Skipping Token attachedSymbol On Line 12934
            Warning - 1 : Skipping Token attachedSymbol On Line 12935
            Warning - 1 : Skipping Token attachedSymbol On Line 12968
            Warning - 1 : Skipping Token attachedSymbol On Line 12969
            Warning - 1 : Skipping Token attachedSymbol On Line 13010
            Warning - 1 : Skipping Token attachedSymbol On Line 13011
            Warning - 1 : Skipping Token attachedSymbol On Line 13052
            Warning - 1 : Skipping Token attachedSymbol On Line 13053
            Warning - 1 : Skipping Token attachedSymbol On Line 13093
            Warning - 1 : Skipping Token attachedSymbol On Line 13094
            Warning - 1 : Skipping Token attachedSymbol On Line 13134
            Warning - 1 : Skipping Token attachedSymbol On Line 13135
            Warning - 1 : Skipping Token attachedSymbol On Line 13175
            Warning - 1 : Skipping Token attachedSymbol On Line 13176
            Warning - 1 : Skipping Token attachedSymbol On Line 13216
            Warning - 1 : Skipping Token attachedSymbol On Line 13217
            Warning - 1 : Skipping Token attachedSymbol On Line 13254
            Warning - 1 : Skipping Token attachedSymbol On Line 13287
            Warning - 1 : Skipping Token attachedSymbol On Line 13317
            Warning - 1 : Skipping Token attachedSymbol On Line 13344
            Warning - 1 : Skipping Token attachedSymbol On Line 13345
            Warning - 1 : Skipping Token attachedSymbol On Line 13346
            Warning - 1 : Skipping Token attachedSymbol On Line 13369
            Warning - 1 : Skipping Token attachedSymbol On Line 13390
            Warning - 1 : Skipping Token attachedSymbol On Line 13411
            Warning - 1 : Skipping Token attachedSymbol On Line 13432
            Warning - 1 : Skipping Token attachedSymbol On Line 13455
            Warning - 1 : Skipping Token attachedSymbol On Line 13492
            Warning - 1 : Skipping Token attachedSymbol On Line 13533
            Warning - 1 : Skipping Token attachedSymbol On Line 13573
            Warning - 1 : Skipping Token attachedSymbol On Line 13574
            Warning - 1 : Skipping Token attachedSymbol On Line 13622
            Warning - 1 : Skipping Token attachedSymbol On Line 13694
            Warning - 1 : Skipping Token attachedSymbol On Line 13756
            Warning - 1 : Skipping Token attachedSymbol On Line 13757
            Warning - 1 : Skipping Token attachedSymbol On Line 13782
            Warning - 1 : Skipping Token attachedSymbol On Line 13783
            Warning - 1 : Skipping Token attachedSymbol On Line 13807
            Warning - 1 : Skipping Token attachedSymbol On Line 13832
            Warning - 1 : Skipping Token attachedSymbol On Line 13833
            Warning - 1 : Skipping Token attachedSymbol On Line 13861
            Warning - 1 : Skipping Token attachedSymbol On Line 13862
            Warning - 1 : Skipping Token attachedSymbol On Line 13894
            Warning - 1 : Skipping Token attachedSymbol On Line 13932
            Warning - 1 : Skipping Token attachedSymbol On Line 13933
            Warning - 1 : Skipping Token attachedSymbol On Line 13977
            Warning - 1 : Skipping Token attachedSymbol On Line 13978
            Warning - 1 : Skipping Token attachedSymbol On Line 14022
            Warning - 1 : Skipping Token attachedSymbol On Line 14023
            Warning - 1 : Skipping Token attachedSymbol On Line 14095
            Warning - 1 : Skipping Token attachedSymbol On Line 14096
            Warning - 1 : Skipping Token attachedSymbol On Line 14097
            Warning - 1 : Skipping Token attachedSymbol On Line 14098
            Warning - 1 : Skipping Token attachedSymbol On Line 14099
            Warning - 1 : Skipping Token attachedSymbol On Line 14100
            Warning - 1 : Skipping Token attachedSymbol On Line 14101
            Warning - 1 : Skipping Token attachedSymbol On Line 14102
            Warning - 1 : Skipping Token attachedSymbol On Line 14172
            Warning - 1 : Skipping Token attachedSymbol On Line 14216
            Warning - 1 : Skipping Token attachedSymbol On Line 14262
            Warning - 1 : Skipping Token attachedSymbol On Line 14310
            Warning - 1 : Skipping Token attachedSymbol On Line 14350
            Warning - 1 : Skipping Token attachedSymbol On Line 14351
            Warning - 1 : Skipping Token attachedSymbol On Line 14385
            Warning - 1 : Skipping Token attachedSymbol On Line 14421
            Warning - 1 : Skipping Token attachedSymbol On Line 14459
            Warning - 1 : Skipping Token attachedSymbol On Line 14492
            Warning - 1 : Skipping Token attachedSymbol On Line 14521
            Warning - 1 : Skipping Token attachedSymbol On Line 14561
            Warning - 1 : Skipping Token attachedSymbol On Line 14597
            Warning - 1 : Skipping Token attachedSymbol On Line 14621
            Warning - 1 : Skipping Token attachedSymbol On Line 14645
            Warning - 1 : Skipping Token attachedSymbol On Line 14670
            Warning - 1 : Skipping Token attachedSymbol On Line 14699
            Warning - 1 : Skipping Token attachedSymbol On Line 14739
            Warning - 1 : Skipping Token attachedSymbol On Line 14774
            Warning - 1 : Skipping Token attachedSymbol On Line 14797
            Warning - 1 : Skipping Token attachedSymbol On Line 14824
            Warning - 1 : Skipping Token attachedSymbol On Line 14862
            Warning - 1 : Skipping Token attachedSymbol On Line 14897
            Warning - 1 : Skipping Token attachedSymbol On Line 14926
            Warning - 1 : Skipping Token attachedSymbol On Line 14959
            Warning - 1 : Skipping Token attachedSymbol On Line 14993
            Warning - 1 : Skipping Token attachedSymbol On Line 15029
            Warning - 1 : Skipping Token attachedSymbol On Line 15065
            Warning - 1 : Skipping Token attachedSymbol On Line 15101
            Warning - 1 : Skipping Token attachedSymbol On Line 15137
            Warning - 1 : Skipping Token attachedSymbol On Line 15173
            Warning - 1 : Skipping Token attachedSymbol On Line 15209
            Warning - 1 : Skipping Token attachedSymbol On Line 15245
            Warning - 1 : Skipping Token attachedSymbol On Line 15281
            Warning - 1 : Skipping Token attachedSymbol On Line 15317
            Warning - 1 : Skipping Token attachedSymbol On Line 15354
            Warning - 1 : Skipping Token attachedSymbol On Line 15391
            Warning - 1 : Skipping Token attachedSymbol On Line 15428
            Warning - 1 : Skipping Token attachedSymbol On Line 15465
            Warning - 1 : Skipping Token attachedSymbol On Line 15502
            Warning - 1 : Skipping Token attachedSymbol On Line 15539
        EndSection

        Section : Import Messages
            Warning - 0 : PCAD Pattern Graphics [744824310][Primary] associated with PCAD Component [744824310] has been renamed to PCB FootPrint [744824310_744824310(Primary)].
            Warning - 0 : PCAD Pattern Graphics [PA0184][Primary] associated with PCAD Component [PA0184NL] has been renamed to PCB FootPrint [PA0184_PA0184NL(Primary)].
            Warning - 0 : PCAD Pattern Graphics [TA27-220-50][Primary] associated with PCAD Component [TA27-220-50] has been renamed to PCB FootPrint [TA27-220-50_TA27-220-50(Primary)].
            Warning - 0 : PCAD Pattern Graphics [TA27-220-50_SMALL][Primary] associated with PCAD Component [TA27-220-50_SMALL] has been renamed to PCB FootPrint [TA27-220-50_SMALL_TA27-220-50_SMALL(Primary)].
            Warning - 0 : PCAD Pattern Graphics [TRANS_1][Primary] associated with PCAD Component [TRANS_1] has been renamed to PCB FootPrint [TRANS_1_TRANS_1(Primary)].
        EndSection
    EndSection

    Section : SCH Library - Transformator.SchLib
        Section : Parsing Messages
            Warning - 1 : Skipping Token padStyleDef On Line 13
            Warning - 1 : Skipping Token padStyleDef On Line 23
            Warning - 1 : Skipping Token padStyleDef On Line 33
            Warning - 1 : Skipping Token padStyleDef On Line 43
            Warning - 1 : Skipping Token padStyleDef On Line 53
            Warning - 1 : Skipping Token padStyleDef On Line 63
            Warning - 1 : Skipping Token padStyleDef On Line 74
            Warning - 1 : Skipping Token padStyleDef On Line 85
            Warning - 1 : Skipping Token padStyleDef On Line 96
            Warning - 1 : Skipping Token padStyleDef On Line 107
            Warning - 1 : Skipping Token padStyleDef On Line 117
            Warning - 1 : Skipping Token padStyleDef On Line 127
            Warning - 1 : Skipping Token padStyleDef On Line 137
            Warning - 1 : Skipping Token padStyleDef On Line 147
            Warning - 1 : Skipping Token padStyleDef On Line 157
            Warning - 1 : Skipping Token padStyleDef On Line 168
            Warning - 1 : Skipping Token padStyleDef On Line 179
            Warning - 1 : Skipping Token padStyleDef On Line 190
            Warning - 1 : Skipping Token padStyleDef On Line 201
            Warning - 1 : Skipping Token padStyleDef On Line 212
            Warning - 1 : Skipping Token padStyleDef On Line 223
            Warning - 1 : Skipping Token padStyleDef On Line 234
            Warning - 1 : Skipping Token padStyleDef On Line 245
            Warning - 1 : Skipping Token padStyleDef On Line 256
            Warning - 1 : Skipping Token padStyleDef On Line 267
            Warning - 1 : Skipping Token padStyleDef On Line 278
            Warning - 1 : Skipping Token padStyleDef On Line 289
            Warning - 1 : Skipping Token padStyleDef On Line 300
            Warning - 1 : Skipping Token padStyleDef On Line 311
            Warning - 1 : Skipping Token padStyleDef On Line 322
            Warning - 1 : Skipping Token padStyleDef On Line 333
            Warning - 1 : Skipping Token padStyleDef On Line 343
            Warning - 1 : Skipping Token padStyleDef On Line 353
            Warning - 1 : Skipping Token padStyleDef On Line 364
            Warning - 1 : Skipping Token padStyleDef On Line 375
            Warning - 1 : Skipping Token padStyleDef On Line 386
            Warning - 1 : Skipping Token padStyleDef On Line 396
            Warning - 1 : Skipping Token padStyleDef On Line 406
            Warning - 1 : Skipping Token padStyleDef On Line 417
            Warning - 1 : Skipping Token padStyleDef On Line 427
            Warning - 1 : Skipping Token padStyleDef On Line 438
            Warning - 1 : Skipping Token padStyleDef On Line 449
            Warning - 1 : Skipping Token padStyleDef On Line 459
            Warning - 1 : Skipping Token padStyleDef On Line 469
            Warning - 1 : Skipping Token padStyleDef On Line 479
            Warning - 1 : Skipping Token padStyleDef On Line 490
            Warning - 1 : Skipping Token padStyleDef On Line 501
            Warning - 1 : Skipping Token padStyleDef On Line 511
            Warning - 1 : Skipping Token padStyleDef On Line 521
            Warning - 1 : Skipping Token padStyleDef On Line 531
            Warning - 1 : Skipping Token viaStyleDef On Line 541
            Warning - 1 : Skipping Token multiLayer On Line 1095
            Warning - 1 : Skipping Token layerContents On Line 1101
            Warning - 1 : Skipping Token layerContents On Line 1113
            Warning - 1 : Skipping Token multiLayer On Line 1135
            Warning - 1 : Skipping Token layerContents On Line 1172
            Warning - 1 : Skipping Token layerContents On Line 1184
            Warning - 1 : Skipping Token multiLayer On Line 1199
            Warning - 1 : Skipping Token layerContents On Line 1205
            Warning - 1 : Skipping Token layerContents On Line 1224
            Warning - 1 : Skipping Token multiLayer On Line 1278
            Warning - 1 : Skipping Token layerContents On Line 1284
            Warning - 1 : Skipping Token layerContents On Line 1297
            Warning - 1 : Skipping Token multiLayer On Line 1326
            Warning - 1 : Skipping Token layerContents On Line 1334
            Warning - 1 : Skipping Token layerContents On Line 1348
            Warning - 1 : Skipping Token multiLayer On Line 1363
            Warning - 1 : Skipping Token layerContents On Line 1383
            Warning - 1 : Skipping Token layerContents On Line 1395
            Warning - 1 : Skipping Token multiLayer On Line 1410
            Warning - 1 : Skipping Token layerContents On Line 1416
            Warning - 1 : Skipping Token layerContents On Line 1432
            Warning - 1 : Skipping Token multiLayer On Line 1467
            Warning - 1 : Skipping Token layerContents On Line 1475
            Warning - 1 : Skipping Token layerContents On Line 1488
            Warning - 1 : Skipping Token multiLayer On Line 1523
            Warning - 1 : Skipping Token layerContents On Line 1527
            Warning - 1 : Skipping Token layerContents On Line 1537
            Warning - 1 : Skipping Token multiLayer On Line 1551
            Warning - 1 : Skipping Token layerContents On Line 1562
            Warning - 1 : Skipping Token layerContents On Line 1573
            Warning - 1 : Skipping Token multiLayer On Line 1631
            Warning - 1 : Skipping Token layerContents On Line 1643
            Warning - 1 : Skipping Token layerContents On Line 1652
            Warning - 1 : Skipping Token multiLayer On Line 1666
            Warning - 1 : Skipping Token layerContents On Line 1680
            Warning - 1 : Skipping Token layerContents On Line 1691
            Warning - 1 : Skipping Token multiLayer On Line 1706
            Warning - 1 : Skipping Token layerContents On Line 1722
            Warning - 1 : Skipping Token layerContents On Line 1735
            Warning - 1 : Skipping Token multiLayer On Line 1752
            Warning - 1 : Skipping Token layerContents On Line 1768
            Warning - 1 : Skipping Token layerContents On Line 1780
            Warning - 1 : Skipping Token multiLayer On Line 1795
            Warning - 1 : Skipping Token layerContents On Line 1811
            Warning - 1 : Skipping Token layerContents On Line 1824
            Warning - 1 : Skipping Token multiLayer On Line 1891
            Warning - 1 : Skipping Token layerContents On Line 1907
            Warning - 1 : Skipping Token layerContents On Line 1919
            Warning - 1 : Skipping Token multiLayer On Line 1986
            Warning - 1 : Skipping Token layerContents On Line 2006
            Warning - 1 : Skipping Token layerContents On Line 2019
            Warning - 1 : Skipping Token multiLayer On Line 2034
            Warning - 1 : Skipping Token layerContents On Line 2078
            Warning - 1 : Skipping Token layerContents On Line 2093
            Warning - 1 : Skipping Token multiLayer On Line 2109
            Warning - 1 : Skipping Token layerContents On Line 2151
            Warning - 1 : Skipping Token layerContents On Line 2161
            Warning - 1 : Skipping Token multiLayer On Line 2177
            Warning - 1 : Skipping Token layerContents On Line 2187
            Warning - 1 : Skipping Token layerContents On Line 2199
            Warning - 1 : Skipping Token multiLayer On Line 2214
            Warning - 1 : Skipping Token layerContents On Line 2220
            Warning - 1 : Skipping Token layerContents On Line 2235
            Warning - 1 : Skipping Token multiLayer On Line 2259
            Warning - 1 : Skipping Token layerContents On Line 2265
            Warning - 1 : Skipping Token layerContents On Line 2281
            Warning - 1 : Skipping Token multiLayer On Line 2290
            Warning - 1 : Skipping Token layerContents On Line 2296
            Warning - 1 : Skipping Token layerContents On Line 2308
            Warning - 1 : Skipping Token multiLayer On Line 2328
            Warning - 1 : Skipping Token layerContents On Line 2334
            Warning - 1 : Skipping Token layerContents On Line 2350
            Warning - 1 : Skipping Token multiLayer On Line 2359
            Warning - 1 : Skipping Token layerContents On Line 2365
            Warning - 1 : Skipping Token layerContents On Line 2376
            Warning - 1 : Skipping Token multiLayer On Line 2390
            Warning - 1 : Skipping Token layerContents On Line 2396
            Warning - 1 : Skipping Token layerContents On Line 2408
            Warning - 1 : Skipping Token multiLayer On Line 2450
            Warning - 1 : Skipping Token layerContents On Line 2456
            Warning - 1 : Skipping Token layerContents On Line 2469
            Warning - 1 : Skipping Token multiLayer On Line 2514
            Warning - 1 : Skipping Token layerContents On Line 2526
            Warning - 1 : Skipping Token layerContents On Line 2540
            Warning - 1 : Skipping Token multiLayer On Line 2603
            Warning - 1 : Skipping Token layerContents On Line 2615
            Warning - 1 : Skipping Token layerContents On Line 2634
            Warning - 1 : Skipping Token multiLayer On Line 2648
            Warning - 1 : Skipping Token layerContents On Line 2656
            Warning - 1 : Skipping Token layerContents On Line 2668
            Warning - 1 : Skipping Token multiLayer On Line 2703
            Warning - 1 : Skipping Token layerContents On Line 2710
            Warning - 1 : Skipping Token layerContents On Line 2721
            Warning - 1 : Skipping Token multiLayer On Line 2752
            Warning - 1 : Skipping Token layerContents On Line 2772
            Warning - 1 : Skipping Token layerContents On Line 2783
            Warning - 1 : Skipping Token multiLayer On Line 2799
            Warning - 1 : Skipping Token layerContents On Line 2815
            Warning - 1 : Skipping Token layerContents On Line 2834
            Warning - 1 : Skipping Token multiLayer On Line 2873
            Warning - 1 : Skipping Token layerContents On Line 2893
            Warning - 1 : Skipping Token layerContents On Line 2902
            Warning - 1 : Skipping Token multiLayer On Line 2916
            Warning - 1 : Skipping Token layerContents On Line 2936
            Warning - 1 : Skipping Token layerContents On Line 2945
            Warning - 1 : Skipping Token multiLayer On Line 2959
            Warning - 1 : Skipping Token layerContents On Line 2979
            Warning - 1 : Skipping Token layerContents On Line 2992
            Warning - 1 : Skipping Token multiLayer On Line 3013
            Warning - 1 : Skipping Token layerContents On Line 3023
            Warning - 1 : Skipping Token layerContents On Line 3035
            Warning - 1 : Skipping Token multiLayer On Line 3069
            Warning - 1 : Skipping Token layerContents On Line 3079
            Warning - 1 : Skipping Token layerContents On Line 3090
            Warning - 1 : Skipping Token multiLayer On Line 3126
            Warning - 1 : Skipping Token layerContents On Line 3136
            Warning - 1 : Skipping Token layerContents On Line 3180
            Warning - 1 : Skipping Token multiLayer On Line 3211
            Warning - 1 : Skipping Token layerContents On Line 3219
            Warning - 1 : Skipping Token layerContents On Line 3228
            Warning - 1 : Skipping Token multiLayer On Line 3242
            Warning - 1 : Skipping Token layerContents On Line 3256
            Warning - 1 : Skipping Token layerContents On Line 3267
            Warning - 1 : Skipping Token multiLayer On Line 3281
            Warning - 1 : Skipping Token layerContents On Line 3295
            Warning - 1 : Skipping Token layerContents On Line 3306
            Warning - 1 : Skipping Token multiLayer On Line 3320
            Warning - 1 : Skipping Token layerContents On Line 3338
            Warning - 1 : Skipping Token layerContents On Line 3353
            Warning - 1 : Skipping Token multiLayer On Line 3427
            Warning - 1 : Skipping Token layerContents On Line 3440
            Warning - 1 : Skipping Token layerContents On Line 3486
            Warning - 1 : Skipping Token multiLayer On Line 3537
            Warning - 1 : Skipping Token layerContents On Line 3545
            Warning - 1 : Skipping Token layerContents On Line 3549
            Warning - 1 : Skipping Token layerContents On Line 3556
            Warning - 1 : Skipping Token multiLayer On Line 3656
            Warning - 1 : Skipping Token layerContents On Line 3665
            Warning - 1 : Skipping Token layerContents On Line 3669
            Warning - 1 : Skipping Token layerContents On Line 3676
            Warning - 1 : Skipping Token multiLayer On Line 3779
            Warning - 1 : Skipping Token layerContents On Line 3785
            Warning - 1 : Skipping Token layerContents On Line 3797
            Warning - 1 : Skipping Token multiLayer On Line 3819
            Warning - 1 : Skipping Token layerContents On Line 3825
            Warning - 1 : Skipping Token layerContents On Line 3832
            Warning - 1 : Skipping Token multiLayer On Line 3846
            Warning - 1 : Skipping Token layerContents On Line 3852
            Warning - 1 : Skipping Token layerContents On Line 3871
            Warning - 1 : Skipping Token multiLayer On Line 3925
            Warning - 1 : Skipping Token layerContents On Line 3932
            Warning - 1 : Skipping Token layerContents On Line 3941
            Warning - 1 : Skipping Token multiLayer On Line 3959
            Warning - 1 : Skipping Token layerContents On Line 3969
            Warning - 1 : Skipping Token layerContents On Line 3979
            Warning - 1 : Skipping Token multiLayer On Line 4011
            Warning - 1 : Skipping Token layerContents On Line 4020
            Warning - 1 : Skipping Token layerContents On Line 4051
            Warning - 1 : Skipping Token multiLayer On Line 4065
            Warning - 1 : Skipping Token layerContents On Line 4071
            Warning - 1 : Skipping Token layerContents On Line 4091
            Warning - 1 : Skipping Token multiLayer On Line 4106
            Warning - 1 : Skipping Token layerContents On Line 4113
            Warning - 1 : Skipping Token layerContents On Line 4123
            Warning - 1 : Skipping Token multiLayer On Line 4142
            Warning - 1 : Skipping Token layerContents On Line 4150
            Warning - 1 : Skipping Token layerContents On Line 4159
            Warning - 1 : Skipping Token multiLayer On Line 4179
            Warning - 1 : Skipping Token layerContents On Line 4196
            Warning - 1 : Skipping Token layerContents On Line 4203
            Warning - 1 : Skipping Token multiLayer On Line 6490
            Warning - 1 : Skipping Token layerContents On Line 6496
            Warning - 1 : Skipping Token layerContents On Line 6508
            Warning - 1 : Skipping Token multiLayer On Line 6542
            Warning - 1 : Skipping Token layerContents On Line 6554
            Warning - 1 : Skipping Token layerContents On Line 6564
            Warning - 1 : Skipping Token multiLayer On Line 6578
            Warning - 1 : Skipping Token layerContents On Line 6590
            Warning - 1 : Skipping Token layerContents On Line 6600
            Warning - 1 : Skipping Token defaultPinDes On Line 6615
            Warning - 1 : Skipping Token defaultPinDes On Line 6622
            Warning - 1 : Skipping Token defaultPinDes On Line 6629
            Warning - 1 : Skipping Token defaultPinDes On Line 6636
            Warning - 1 : Skipping Token defaultPinDes On Line 6670
            Warning - 1 : Skipping Token defaultPinDes On Line 6677
            Warning - 1 : Skipping Token defaultPinDes On Line 6684
            Warning - 1 : Skipping Token defaultPinDes On Line 6691
            Warning - 1 : Skipping Token defaultPinDes On Line 6698
            Warning - 1 : Skipping Token defaultPinDes On Line 6705
            Warning - 1 : Skipping Token defaultPinDes On Line 6712
            Warning - 1 : Skipping Token defaultPinDes On Line 6719
            Warning - 1 : Skipping Token defaultPinDes On Line 6760
            Warning - 1 : Skipping Token defaultPinDes On Line 6767
            Warning - 1 : Skipping Token defaultPinDes On Line 6774
            Warning - 1 : Skipping Token defaultPinDes On Line 6781
            Warning - 1 : Skipping Token defaultPinDes On Line 6813
            Warning - 1 : Skipping Token defaultPinDes On Line 6820
            Warning - 1 : Skipping Token defaultPinDes On Line 6827
            Warning - 1 : Skipping Token defaultPinDes On Line 6834
            Warning - 1 : Skipping Token defaultPinDes On Line 6866
            Warning - 1 : Skipping Token defaultPinDes On Line 6873
            Warning - 1 : Skipping Token defaultPinDes On Line 6880
            Warning - 1 : Skipping Token defaultPinDes On Line 6887
            Warning - 1 : Skipping Token defaultPinDes On Line 6894
            Warning - 1 : Skipping Token defaultPinDes On Line 6901
            Warning - 1 : Skipping Token defaultPinDes On Line 6908
            Warning - 1 : Skipping Token defaultPinDes On Line 6915
            Warning - 1 : Skipping Token defaultPinDes On Line 6967
            Warning - 1 : Skipping Token defaultPinDes On Line 6974
            Warning - 1 : Skipping Token defaultPinDes On Line 6981
            Warning - 1 : Skipping Token defaultPinDes On Line 6988
            Warning - 1 : Skipping Token defaultPinDes On Line 6995
            Warning - 1 : Skipping Token defaultPinDes On Line 7032
            Warning - 1 : Skipping Token defaultPinDes On Line 7039
            Warning - 1 : Skipping Token defaultPinDes On Line 7046
            Warning - 1 : Skipping Token defaultPinDes On Line 7053
            Warning - 1 : Skipping Token defaultPinDes On Line 7088
            Warning - 1 : Skipping Token defaultPinDes On Line 7095
            Warning - 1 : Skipping Token defaultPinDes On Line 7102
            Warning - 1 : Skipping Token defaultPinDes On Line 7109
            Warning - 1 : Skipping Token defaultPinDes On Line 7116
            Warning - 1 : Skipping Token defaultPinDes On Line 7123
            Warning - 1 : Skipping Token defaultPinDes On Line 7130
            Warning - 1 : Skipping Token defaultPinDes On Line 7137
            Warning - 1 : Skipping Token defaultPinDes On Line 7144
            Warning - 1 : Skipping Token defaultPinDes On Line 7151
            Warning - 1 : Skipping Token defaultPinDes On Line 7158
            Warning - 1 : Skipping Token defaultPinDes On Line 7165
            Warning - 1 : Skipping Token defaultPinDes On Line 7261
            Warning - 1 : Skipping Token defaultPinDes On Line 7268
            Warning - 1 : Skipping Token defaultPinDes On Line 7275
            Warning - 1 : Skipping Token defaultPinDes On Line 7282
            Warning - 1 : Skipping Token defaultPinDes On Line 7289
            Warning - 1 : Skipping Token defaultPinDes On Line 7296
            Warning - 1 : Skipping Token defaultPinDes On Line 7303
            Warning - 1 : Skipping Token defaultPinDes On Line 7310
            Warning - 1 : Skipping Token defaultPinDes On Line 7317
            Warning - 1 : Skipping Token defaultPinDes On Line 7324
            Warning - 1 : Skipping Token defaultPinDes On Line 7331
            Warning - 1 : Skipping Token defaultPinDes On Line 7338
            Warning - 1 : Skipping Token defaultPinDes On Line 7345
            Warning - 1 : Skipping Token defaultPinDes On Line 7352
            Warning - 1 : Skipping Token defaultPinDes On Line 7359
            Warning - 1 : Skipping Token defaultPinDes On Line 7366
            Warning - 1 : Skipping Token defaultPinDes On Line 7373
            Warning - 1 : Skipping Token defaultPinDes On Line 7380
            Warning - 1 : Skipping Token defaultPinDes On Line 7387
            Warning - 1 : Skipping Token defaultPinDes On Line 7394
            Warning - 1 : Skipping Token defaultPinDes On Line 7401
            Warning - 1 : Skipping Token defaultPinDes On Line 7408
            Warning - 1 : Skipping Token defaultPinDes On Line 7415
            Warning - 1 : Skipping Token defaultPinDes On Line 7422
            Warning - 1 : Skipping Token defaultPinDes On Line 7429
            Warning - 1 : Skipping Token defaultPinDes On Line 7436
            Warning - 1 : Skipping Token defaultPinDes On Line 7443
            Warning - 1 : Skipping Token defaultPinDes On Line 7450
            Warning - 1 : Skipping Token defaultPinDes On Line 7457
            Warning - 1 : Skipping Token defaultPinDes On Line 7464
            Warning - 1 : Skipping Token defaultPinDes On Line 7471
            Warning - 1 : Skipping Token defaultPinDes On Line 7478
            Warning - 1 : Skipping Token defaultPinDes On Line 7485
            Warning - 1 : Skipping Token defaultPinDes On Line 7492
            Warning - 1 : Skipping Token defaultPinDes On Line 7499
            Warning - 1 : Skipping Token defaultPinDes On Line 7506
            Warning - 1 : Skipping Token defaultPinDes On Line 7513
            Warning - 1 : Skipping Token defaultPinDes On Line 7520
            Warning - 1 : Skipping Token defaultPinDes On Line 7527
            Warning - 1 : Skipping Token defaultPinDes On Line 7534
            Warning - 1 : Skipping Token defaultPinDes On Line 7872
            Warning - 1 : Skipping Token defaultPinDes On Line 7879
            Warning - 1 : Skipping Token defaultPinDes On Line 7886
            Warning - 1 : Skipping Token defaultPinDes On Line 7893
            Warning - 1 : Skipping Token defaultPinDes On Line 7900
            Warning - 1 : Skipping Token defaultPinDes On Line 7907
            Warning - 1 : Skipping Token defaultPinDes On Line 7950
            Warning - 1 : Skipping Token defaultPinDes On Line 7957
            Warning - 1 : Skipping Token defaultPinDes On Line 7964
            Warning - 1 : Skipping Token defaultPinDes On Line 7971
            Warning - 1 : Skipping Token defaultPinDes On Line 7978
            Warning - 1 : Skipping Token defaultPinDes On Line 7985
            Warning - 1 : Skipping Token defaultPinDes On Line 7992
            Warning - 1 : Skipping Token defaultPinDes On Line 7999
            Warning - 1 : Skipping Token defaultPinDes On Line 8006
            Warning - 1 : Skipping Token defaultPinDes On Line 8013
            Warning - 1 : Skipping Token defaultPinDes On Line 8020
            Warning - 1 : Skipping Token defaultPinDes On Line 8027
            Warning - 1 : Skipping Token defaultPinDes On Line 8129
            Warning - 1 : Skipping Token defaultPinDes On Line 8136
            Warning - 1 : Skipping Token defaultPinDes On Line 8143
            Warning - 1 : Skipping Token defaultPinDes On Line 8150
            Warning - 1 : Skipping Token defaultPinDes On Line 8157
            Warning - 1 : Skipping Token defaultPinDes On Line 8164
            Warning - 1 : Skipping Token defaultPinDes On Line 8171
            Warning - 1 : Skipping Token defaultPinDes On Line 8178
            Warning - 1 : Skipping Token defaultPinDes On Line 8185
            Warning - 1 : Skipping Token defaultPinDes On Line 8192
            Warning - 1 : Skipping Token defaultPinDes On Line 8199
            Warning - 1 : Skipping Token defaultPinDes On Line 8206
            Warning - 1 : Skipping Token defaultPinDes On Line 8213
            Warning - 1 : Skipping Token defaultPinDes On Line 8220
            Warning - 1 : Skipping Token defaultPinDes On Line 8227
            Warning - 1 : Skipping Token defaultPinDes On Line 8234
            Warning - 1 : Skipping Token defaultPinDes On Line 8409
            Warning - 1 : Skipping Token defaultPinDes On Line 8417
            Warning - 1 : Skipping Token defaultPinDes On Line 8627
            Warning - 1 : Skipping Token defaultPinDes On Line 8635
            Warning - 1 : Skipping Token defaultPinDes On Line 8665
            Warning - 1 : Skipping Token defaultPinDes On Line 8673
            Warning - 1 : Skipping Token defaultPinDes On Line 8775
            Warning - 1 : Skipping Token defaultPinDes On Line 8783
            Warning - 1 : Skipping Token defaultPinDes On Line 8921
            Warning - 1 : Skipping Token defaultPinDes On Line 8929
            Warning - 1 : Skipping Token defaultPinDes On Line 8959
            Warning - 1 : Skipping Token defaultPinDes On Line 8967
            Warning - 1 : Skipping Token defaultPinDes On Line 8996
            Warning - 1 : Skipping Token defaultPinDes On Line 9003
            Warning - 1 : Skipping Token defaultPinDes On Line 9010
            Warning - 1 : Skipping Token defaultPinDes On Line 9017
            Warning - 1 : Skipping Token defaultPinDes On Line 9049
            Warning - 1 : Skipping Token defaultPinDes On Line 9056
            Warning - 1 : Skipping Token defaultPinDes On Line 9063
            Warning - 1 : Skipping Token defaultPinDes On Line 9070
            Warning - 1 : Skipping Token defaultPinDes On Line 9102
            Warning - 1 : Skipping Token defaultPinDes On Line 9109
            Warning - 1 : Skipping Token defaultPinDes On Line 9116
            Warning - 1 : Skipping Token defaultPinDes On Line 9123
            Warning - 1 : Skipping Token defaultPinDes On Line 9153
            Warning - 1 : Skipping Token defaultPinDes On Line 9160
            Warning - 1 : Skipping Token defaultPinDes On Line 9167
            Warning - 1 : Skipping Token defaultPinDes On Line 9174
            Warning - 1 : Skipping Token defaultPinDes On Line 9181
            Warning - 1 : Skipping Token defaultPinDes On Line 9188
            Warning - 1 : Skipping Token defaultPinDes On Line 9195
            Warning - 1 : Skipping Token defaultPinDes On Line 9202
            Warning - 1 : Skipping Token defaultPinDes On Line 9268
            Warning - 1 : Skipping Token defaultPinDes On Line 9275
            Warning - 1 : Skipping Token defaultPinDes On Line 9282
            Warning - 1 : Skipping Token defaultPinDes On Line 9289
            Warning - 1 : Skipping Token defaultPinDes On Line 9296
            Warning - 1 : Skipping Token defaultPinDes On Line 9303
            Warning - 1 : Skipping Token defaultPinDes On Line 9310
            Warning - 1 : Skipping Token defaultPinDes On Line 9317
            Warning - 1 : Skipping Token defaultPinDes On Line 9324
            Warning - 1 : Skipping Token defaultPinDes On Line 9331
            Warning - 1 : Skipping Token defaultPinDes On Line 9338
            Warning - 1 : Skipping Token defaultPinDes On Line 9345
            Warning - 1 : Skipping Token defaultPinDes On Line 9377
            Warning - 1 : Skipping Token defaultPinDes On Line 9384
            Warning - 1 : Skipping Token defaultPinDes On Line 9391
            Warning - 1 : Skipping Token defaultPinDes On Line 9398
            Warning - 1 : Skipping Token defaultPinDes On Line 9405
            Warning - 1 : Skipping Token defaultPinDes On Line 9412
            Warning - 1 : Skipping Token defaultPinDes On Line 9419
            Warning - 1 : Skipping Token defaultPinDes On Line 9426
            Warning - 1 : Skipping Token defaultPinDes On Line 9433
            Warning - 1 : Skipping Token defaultPinDes On Line 9440
            Warning - 1 : Skipping Token defaultPinDes On Line 9447
            Warning - 1 : Skipping Token defaultPinDes On Line 9454
            Warning - 1 : Skipping Token defaultPinDes On Line 9486
            Warning - 1 : Skipping Token defaultPinDes On Line 9493
            Warning - 1 : Skipping Token defaultPinDes On Line 9500
            Warning - 1 : Skipping Token defaultPinDes On Line 9507
            Warning - 1 : Skipping Token defaultPinDes On Line 9514
            Warning - 1 : Skipping Token defaultPinDes On Line 9521
            Warning - 1 : Skipping Token defaultPinDes On Line 9528
            Warning - 1 : Skipping Token defaultPinDes On Line 9535
            Warning - 1 : Skipping Token defaultPinDes On Line 9542
            Warning - 1 : Skipping Token defaultPinDes On Line 9549
            Warning - 1 : Skipping Token defaultPinDes On Line 9556
            Warning - 1 : Skipping Token defaultPinDes On Line 9563
            Warning - 1 : Skipping Token defaultPinDes On Line 9570
            Warning - 1 : Skipping Token defaultPinDes On Line 9577
            Warning - 1 : Skipping Token defaultPinDes On Line 9584
            Warning - 1 : Skipping Token defaultPinDes On Line 9591
            Warning - 1 : Skipping Token defaultPinDes On Line 9693
            Warning - 1 : Skipping Token defaultPinDes On Line 9700
            Warning - 1 : Skipping Token defaultPinDes On Line 9707
            Warning - 1 : Skipping Token defaultPinDes On Line 9714
            Warning - 1 : Skipping Token defaultPinDes On Line 9721
            Warning - 1 : Skipping Token defaultPinDes On Line 9756
            Warning - 1 : Skipping Token defaultPinDes On Line 9763
            Warning - 1 : Skipping Token defaultPinDes On Line 9770
            Warning - 1 : Skipping Token defaultPinDes On Line 9777
            Warning - 1 : Skipping Token defaultPinDes On Line 9784
            Warning - 1 : Skipping Token defaultPinDes On Line 9819
            Warning - 1 : Skipping Token defaultPinDes On Line 9826
            Warning - 1 : Skipping Token defaultPinDes On Line 9852
            Warning - 1 : Skipping Token defaultPinDes On Line 9859
            Warning - 1 : Skipping Token defaultPinDes On Line 9866
            Warning - 1 : Skipping Token defaultPinDes On Line 9873
            Warning - 1 : Skipping Token defaultPinDes On Line 9901
            Warning - 1 : Skipping Token defaultPinDes On Line 9908
            Warning - 1 : Skipping Token defaultPinDes On Line 9915
            Warning - 1 : Skipping Token defaultPinDes On Line 9922
            Warning - 1 : Skipping Token defaultPinDes On Line 9950
            Warning - 1 : Skipping Token defaultPinDes On Line 9957
            Warning - 1 : Skipping Token defaultPinDes On Line 9964
            Warning - 1 : Skipping Token defaultPinDes On Line 9971
            Warning - 1 : Skipping Token defaultPinDes On Line 9978
            Warning - 1 : Skipping Token defaultPinDes On Line 9985
            Warning - 1 : Skipping Token defaultPinDes On Line 9992
            Warning - 1 : Skipping Token defaultPinDes On Line 9999
            Warning - 1 : Skipping Token defaultPinDes On Line 10006
            Warning - 1 : Skipping Token defaultPinDes On Line 10013
            Warning - 1 : Skipping Token defaultPinDes On Line 10020
            Warning - 1 : Skipping Token defaultPinDes On Line 10027
            Warning - 1 : Skipping Token defaultPinDes On Line 10034
            Warning - 1 : Skipping Token defaultPinDes On Line 10041
            Warning - 1 : Skipping Token defaultPinDes On Line 10143
            Warning - 1 : Skipping Token defaultPinDes On Line 10150
            Warning - 1 : Skipping Token defaultPinDes On Line 10157
            Warning - 1 : Skipping Token defaultPinDes On Line 10164
            Warning - 1 : Skipping Token defaultPinDes On Line 10171
            Warning - 1 : Skipping Token defaultPinDes On Line 10178
            Warning - 1 : Skipping Token defaultPinDes On Line 10185
            Warning - 1 : Skipping Token defaultPinDes On Line 10192
            Warning - 1 : Skipping Token defaultPinDes On Line 10199
            Warning - 1 : Skipping Token defaultPinDes On Line 10206
            Warning - 1 : Skipping Token defaultPinDes On Line 10213
            Warning - 1 : Skipping Token defaultPinDes On Line 10220
            Warning - 1 : Skipping Token defaultPinDes On Line 10311
            Warning - 1 : Skipping Token defaultPinDes On Line 10318
            Warning - 1 : Skipping Token defaultPinDes On Line 10325
            Warning - 1 : Skipping Token defaultPinDes On Line 10332
            Warning - 1 : Skipping Token defaultPinDes On Line 10339
            Warning - 1 : Skipping Token defaultPinDes On Line 10346
            Warning - 1 : Skipping Token defaultPinDes On Line 10353
            Warning - 1 : Skipping Token defaultPinDes On Line 10360
            Warning - 1 : Skipping Token defaultPinDes On Line 10397
            Warning - 1 : Skipping Token defaultPinDes On Line 10404
            Warning - 1 : Skipping Token defaultPinDes On Line 10411
            Warning - 1 : Skipping Token defaultPinDes On Line 10418
            Warning - 1 : Skipping Token defaultPinDes On Line 10425
            Warning - 1 : Skipping Token defaultPinDes On Line 10432
            Warning - 1 : Skipping Token defaultPinDes On Line 10439
            Warning - 1 : Skipping Token defaultPinDes On Line 10446
            Warning - 1 : Skipping Token defaultPinDes On Line 10483
            Warning - 1 : Skipping Token defaultPinDes On Line 10490
            Warning - 1 : Skipping Token defaultPinDes On Line 10497
            Warning - 1 : Skipping Token defaultPinDes On Line 10504
            Warning - 1 : Skipping Token defaultPinDes On Line 10511
            Warning - 1 : Skipping Token defaultPinDes On Line 10518
            Warning - 1 : Skipping Token defaultPinDes On Line 10525
            Warning - 1 : Skipping Token defaultPinDes On Line 10532
            Warning - 1 : Skipping Token defaultPinDes On Line 10561
            Warning - 1 : Skipping Token defaultPinDes On Line 10568
            Warning - 1 : Skipping Token defaultPinDes On Line 10575
            Warning - 1 : Skipping Token defaultPinDes On Line 10582
            Warning - 1 : Skipping Token defaultPinDes On Line 10589
            Warning - 1 : Skipping Token defaultPinDes On Line 10596
            Warning - 1 : Skipping Token defaultPinDes On Line 10603
            Warning - 1 : Skipping Token defaultPinDes On Line 10610
            Warning - 1 : Skipping Token defaultPinDes On Line 10640
            Warning - 1 : Skipping Token defaultPinDes On Line 10648
            Warning - 1 : Skipping Token defaultPinDes On Line 10656
            Warning - 1 : Skipping Token defaultPinDes On Line 10664
            Warning - 1 : Skipping Token defaultPinDes On Line 10672
            Warning - 1 : Skipping Token defaultPinDes On Line 10680
            Warning - 1 : Skipping Token defaultPinDes On Line 10688
            Warning - 1 : Skipping Token defaultPinDes On Line 10696
            Warning - 1 : Skipping Token defaultPinDes On Line 10704
            Warning - 1 : Skipping Token defaultPinDes On Line 10712
            Warning - 1 : Skipping Token defaultPinDes On Line 10720
            Warning - 1 : Skipping Token defaultPinDes On Line 10728
            Warning - 1 : Skipping Token defaultPinDes On Line 10774
            Warning - 1 : Skipping Token defaultPinDes On Line 10781
            Warning - 1 : Skipping Token defaultPinDes On Line 10788
            Warning - 1 : Skipping Token defaultPinDes On Line 10795
            Warning - 1 : Skipping Token defaultPinDes On Line 10802
            Warning - 1 : Skipping Token defaultPinDes On Line 10809
            Warning - 1 : Skipping Token defaultPinDes On Line 10845
            Warning - 1 : Skipping Token defaultPinDes On Line 10852
            Warning - 1 : Skipping Token defaultPinDes On Line 10859
            Warning - 1 : Skipping Token defaultPinDes On Line 10866
            Warning - 1 : Skipping Token defaultPinDes On Line 10873
            Warning - 1 : Skipping Token defaultPinDes On Line 10880
            Warning - 1 : Skipping Token defaultPinDes On Line 10919
            Warning - 1 : Skipping Token defaultPinDes On Line 10926
            Warning - 1 : Skipping Token defaultPinDes On Line 10933
            Warning - 1 : Skipping Token defaultPinDes On Line 10940
            Warning - 1 : Skipping Token defaultPinDes On Line 10947
            Warning - 1 : Skipping Token defaultPinDes On Line 10954
            Warning - 1 : Skipping Token defaultPinDes On Line 10961
            Warning - 1 : Skipping Token defaultPinDes On Line 11002
            Warning - 1 : Skipping Token defaultPinDes On Line 11009
            Warning - 1 : Skipping Token defaultPinDes On Line 11016
            Warning - 1 : Skipping Token defaultPinDes On Line 11023
            Warning - 1 : Skipping Token defaultPinDes On Line 11059
            Warning - 1 : Skipping Token defaultPinDes On Line 11067
            Warning - 1 : Skipping Token defaultPinDes On Line 11075
            Warning - 1 : Skipping Token defaultPinDes On Line 11083
            Warning - 1 : Skipping Token defaultPinDes On Line 11115
            Warning - 1 : Skipping Token defaultPinDes On Line 11122
            Warning - 1 : Skipping Token defaultPinDes On Line 11129
            Warning - 1 : Skipping Token defaultPinDes On Line 11136
            Warning - 1 : Skipping Token defaultPinDes On Line 11171
            Warning - 1 : Skipping Token defaultPinDes On Line 11178
            Warning - 1 : Skipping Token defaultPinDes On Line 11185
            Warning - 1 : Skipping Token defaultPinDes On Line 11192
            Warning - 1 : Skipping Token defaultPinDes On Line 11211
            Warning - 1 : Skipping Token defaultPinDes On Line 11218
            Warning - 1 : Skipping Token defaultPinDes On Line 11225
            Warning - 1 : Skipping Token defaultPinDes On Line 11232
            Warning - 1 : Skipping Token defaultPinDes On Line 11261
            Warning - 1 : Skipping Token defaultPinDes On Line 11268
            Warning - 1 : Skipping Token defaultPinDes On Line 11275
            Warning - 1 : Skipping Token defaultPinDes On Line 11282
            Warning - 1 : Skipping Token defaultPinDes On Line 11311
            Warning - 1 : Skipping Token defaultPinDes On Line 11318
            Warning - 1 : Skipping Token defaultPinDes On Line 11325
            Warning - 1 : Skipping Token defaultPinDes On Line 11332
            Warning - 1 : Skipping Token defaultPinDes On Line 11361
            Warning - 1 : Skipping Token defaultPinDes On Line 11368
            Warning - 1 : Skipping Token defaultPinDes On Line 11375
            Warning - 1 : Skipping Token defaultPinDes On Line 11382
            Warning - 1 : Skipping Token defaultPinDes On Line 11414
            Warning - 1 : Skipping Token defaultPinDes On Line 11421
            Warning - 1 : Skipping Token defaultPinDes On Line 11428
            Warning - 1 : Skipping Token defaultPinDes On Line 11435
            Warning - 1 : Skipping Token defaultPinDes On Line 11467
            Warning - 1 : Skipping Token defaultPinDes On Line 11474
            Warning - 1 : Skipping Token defaultPinDes On Line 11481
            Warning - 1 : Skipping Token defaultPinDes On Line 11488
            Warning - 1 : Skipping Token defaultPinDes On Line 11495
            Warning - 1 : Skipping Token defaultPinDes On Line 11502
            Warning - 1 : Skipping Token defaultPinDes On Line 11509
            Warning - 1 : Skipping Token defaultPinDes On Line 11516
            Warning - 1 : Skipping Token defaultPinDes On Line 11523
            Warning - 1 : Skipping Token defaultPinDes On Line 11530
            Warning - 1 : Skipping Token defaultPinDes On Line 11537
            Warning - 1 : Skipping Token defaultPinDes On Line 11544
            Warning - 1 : Skipping Token defaultPinDes On Line 11612
            Warning - 1 : Skipping Token defaultPinDes On Line 11619
            Warning - 1 : Skipping Token defaultPinDes On Line 11626
            Warning - 1 : Skipping Token defaultPinDes On Line 11633
            Warning - 1 : Skipping Token defaultPinDes On Line 11640
            Warning - 1 : Skipping Token defaultPinDes On Line 11647
            Warning - 1 : Skipping Token defaultPinDes On Line 11654
            Warning - 1 : Skipping Token defaultPinDes On Line 11661
            Warning - 1 : Skipping Token defaultPinDes On Line 11668
            Warning - 1 : Skipping Token defaultPinDes On Line 11675
            Warning - 1 : Skipping Token defaultPinDes On Line 11682
            Warning - 1 : Skipping Token defaultPinDes On Line 11689
            Warning - 1 : Skipping Token defaultPinDes On Line 11757
            Warning - 1 : Skipping Token defaultPinDes On Line 11764
            Warning - 1 : Skipping Token defaultPinDes On Line 11771
            Warning - 1 : Skipping Token defaultPinDes On Line 11778
            Warning - 1 : Skipping Token defaultPinDes On Line 11785
            Warning - 1 : Skipping Token defaultPinDes On Line 11792
            Warning - 1 : Skipping Token defaultPinDes On Line 11799
            Warning - 1 : Skipping Token defaultPinDes On Line 11806
            Warning - 1 : Skipping Token defaultPinDes On Line 11813
            Warning - 1 : Skipping Token defaultPinDes On Line 11820
            Warning - 1 : Skipping Token defaultPinDes On Line 11827
            Warning - 1 : Skipping Token defaultPinDes On Line 11834
            Warning - 1 : Skipping Token defaultPinDes On Line 11906
            Warning - 1 : Skipping Token defaultPinDes On Line 11913
            Warning - 1 : Skipping Token defaultPinDes On Line 11920
            Warning - 1 : Skipping Token defaultPinDes On Line 11927
            Warning - 1 : Skipping Token defaultPinDes On Line 11934
            Warning - 1 : Skipping Token defaultPinDes On Line 11941
            Warning - 1 : Skipping Token defaultPinDes On Line 11948
            Warning - 1 : Skipping Token defaultPinDes On Line 11955
            Warning - 1 : Skipping Token defaultPinDes On Line 11962
            Warning - 1 : Skipping Token defaultPinDes On Line 11969
            Warning - 1 : Skipping Token defaultPinDes On Line 11976
            Warning - 1 : Skipping Token defaultPinDes On Line 11983
            Warning - 1 : Skipping Token defaultPinDes On Line 12055
            Warning - 1 : Skipping Token defaultPinDes On Line 12062
            Warning - 1 : Skipping Token defaultPinDes On Line 12069
            Warning - 1 : Skipping Token defaultPinDes On Line 12076
            Warning - 1 : Skipping Token defaultPinDes On Line 12083
            Warning - 1 : Skipping Token defaultPinDes On Line 12090
            Warning - 1 : Skipping Token defaultPinDes On Line 12097
            Warning - 1 : Skipping Token defaultPinDes On Line 12158
            Warning - 1 : Skipping Token defaultPinDes On Line 12165
            Warning - 1 : Skipping Token defaultPinDes On Line 12172
            Warning - 1 : Skipping Token defaultPinDes On Line 12179
            Warning - 1 : Skipping Token defaultPinDes On Line 12186
            Warning - 1 : Skipping Token defaultPinDes On Line 12193
            Warning - 1 : Skipping Token defaultPinDes On Line 12200
            Warning - 1 : Skipping Token defaultPinDes On Line 12207
            Warning - 1 : Skipping Token defaultPinDes On Line 12214
            Warning - 1 : Skipping Token defaultPinDes On Line 12221
            Warning - 1 : Skipping Token defaultPinDes On Line 12228
            Warning - 1 : Skipping Token defaultPinDes On Line 12235
            Warning - 1 : Skipping Token defaultPinDes On Line 12242
            Warning - 1 : Skipping Token defaultPinDes On Line 12249
            Warning - 1 : Skipping Token defaultPinDes On Line 12256
            Warning - 1 : Skipping Token defaultPinDes On Line 12263
            Warning - 1 : Skipping Token defaultPinDes On Line 12333
            Warning - 1 : Skipping Token defaultPinDes On Line 12340
            Warning - 1 : Skipping Token defaultPinDes On Line 12347
            Warning - 1 : Skipping Token defaultPinDes On Line 12354
            Warning - 1 : Skipping Token defaultPinDes On Line 12361
            Warning - 1 : Skipping Token defaultPinDes On Line 12368
            Warning - 1 : Skipping Token defaultPinDes On Line 12375
            Warning - 1 : Skipping Token defaultPinDes On Line 12382
            Warning - 1 : Skipping Token defaultPinDes On Line 12389
            Warning - 1 : Skipping Token defaultPinDes On Line 12396
            Warning - 1 : Skipping Token defaultPinDes On Line 12403
            Warning - 1 : Skipping Token defaultPinDes On Line 12474
            Warning - 1 : Skipping Token defaultPinDes On Line 12481
            Warning - 1 : Skipping Token defaultPinDes On Line 12488
            Warning - 1 : Skipping Token defaultPinDes On Line 12495
            Warning - 1 : Skipping Token defaultPinDes On Line 12502
            Warning - 1 : Skipping Token defaultPinDes On Line 12546
            Warning - 1 : Skipping Token defaultPinDes On Line 12553
            Warning - 1 : Skipping Token defaultPinDes On Line 12560
            Warning - 1 : Skipping Token defaultPinDes On Line 12567
            Warning - 1 : Skipping Token defaultPinDes On Line 12574
            Warning - 1 : Skipping Token defaultPinDes On Line 12581
            Warning - 1 : Skipping Token defaultPinDes On Line 12629
            Warning - 1 : Skipping Token defaultPinDes On Line 12636
            Warning - 1 : Skipping Token defaultPinDes On Line 12643
            Warning - 1 : Skipping Token defaultPinDes On Line 12650
            Warning - 1 : Skipping Token defaultPinDes On Line 12657
            Warning - 1 : Skipping Token defaultPinDes On Line 12664
            Warning - 1 : Skipping Token defaultPinDes On Line 12671
            Warning - 1 : Skipping Token defaultPinDes On Line 12678
            Warning - 1 : Skipping Token defaultPinDes On Line 12685
            Warning - 1 : Skipping Token defaultPinDes On Line 12692
            Warning - 1 : Skipping Token defaultPinDes On Line 12699
            Warning - 1 : Skipping Token defaultPinDes On Line 12706
            Warning - 1 : Skipping Token defaultPinDes On Line 12713
            Warning - 1 : Skipping Token defaultPinDes On Line 12720
        EndSection

        Section : Generating SCH Library - Transformator.SchLib
            Warning - 0 : PCAD Pattern Graphics [744824310][Primary] associated with PCAD Component [744824310] has been renamed to PCB FootPrint [744824310_744824310(Primary)].
            Warning - 0 : PCAD Pattern Graphics [PA0184][Primary] associated with PCAD Component [PA0184NL] has been renamed to PCB FootPrint [PA0184_PA0184NL(Primary)].
            Warning - 0 : PCAD Pattern Graphics [TA27-220-50][Primary] associated with PCAD Component [TA27-220-50] has been renamed to PCB FootPrint [TA27-220-50_TA27-220-50(Primary)].
            Warning - 0 : PCAD Pattern Graphics [TA27-220-50_SMALL][Primary] associated with PCAD Component [TA27-220-50_SMALL] has been renamed to PCB FootPrint [TA27-220-50_SMALL_TA27-220-50_SMALL(Primary)].
            Warning - 0 : PCAD Pattern Graphics [TRANS_1][Primary] associated with PCAD Component [TRANS_1] has been renamed to PCB FootPrint [TRANS_1_TRANS_1(Primary)].
        EndSection
    EndSection
EndSection
