PCAD Importer Log
Project : Analog Device.LibPkg

Section : D:\PCAD-Libs\Analog Device.lib
    Section : PCB Library - Analog Device.PcbLib
        Section : Load Messages
            Warning - 1 : Skipping Token defaultPinDes On Line 343
            Warning - 1 : Skipping Token defaultPinDes On Line 344
            Warning - 1 : Skipping Token defaultPinDes On Line 345
            Warning - 1 : Skipping Token defaultPinDes On Line 346
            Warning - 1 : Skipping Token defaultPinDes On Line 347
            Warning - 1 : Skipping Token defaultPinDes On Line 348
            Warning - 1 : Skipping Token defaultPinDes On Line 349
            Warning - 1 : Skipping Token defaultPinDes On Line 350
            Warning - 1 : Skipping Token defaultPinDes On Line 631
            Warning - 1 : Skipping Token defaultPinDes On Line 632
            Warning - 1 : Skipping Token defaultPinDes On Line 633
            Warning - 1 : Skipping Token defaultPinDes On Line 634
            Warning - 1 : Skipping Token defaultPinDes On Line 635
            Warning - 1 : Skipping Token defaultPinDes On Line 636
            Warning - 1 : Skipping Token defaultPinDes On Line 637
            Warning - 1 : Skipping Token defaultPinDes On Line 638
            Warning - 1 : Skipping Token defaultPinDes On Line 727
            Warning - 1 : Skipping Token defaultPinDes On Line 728
            Warning - 1 : Skipping Token defaultPinDes On Line 729
            Warning - 1 : Skipping Token defaultPinDes On Line 730
            Warning - 1 : Skipping Token defaultPinDes On Line 731
            Warning - 1 : Skipping Token defaultPinDes On Line 732
            Warning - 1 : Skipping Token defaultPinDes On Line 733
            Warning - 1 : Skipping Token defaultPinDes On Line 734
            Warning - 1 : Skipping Token defaultPinDes On Line 735
            Warning - 1 : Skipping Token defaultPinDes On Line 736
            Warning - 1 : Skipping Token defaultPinDes On Line 737
            Warning - 1 : Skipping Token defaultPinDes On Line 738
            Warning - 1 : Skipping Token defaultPinDes On Line 739
            Warning - 1 : Skipping Token defaultPinDes On Line 740
            Warning - 1 : Skipping Token defaultPinDes On Line 741
            Warning - 1 : Skipping Token defaultPinDes On Line 742
            Warning - 1 : Skipping Token defaultPinDes On Line 743
            Warning - 1 : Skipping Token defaultPinDes On Line 744
            Warning - 1 : Skipping Token defaultPinDes On Line 745
            Warning - 1 : Skipping Token defaultPinDes On Line 746
            Warning - 1 : Skipping Token defaultPinDes On Line 747
            Warning - 1 : Skipping Token defaultPinDes On Line 748
            Warning - 1 : Skipping Token defaultPinDes On Line 749
            Warning - 1 : Skipping Token defaultPinDes On Line 750
            Warning - 1 : Skipping Token defaultPinDes On Line 751
            Warning - 1 : Skipping Token defaultPinDes On Line 752
            Warning - 1 : Skipping Token defaultPinDes On Line 753
            Warning - 1 : Skipping Token defaultPinDes On Line 754
            Warning - 1 : Skipping Token defaultPinDes On Line 755
            Warning - 1 : Skipping Token defaultPinDes On Line 756
            Warning - 1 : Skipping Token defaultPinDes On Line 757
            Warning - 1 : Skipping Token defaultPinDes On Line 758
            Warning - 1 : Skipping Token defaultPinDes On Line 759
            Warning - 1 : Skipping Token defaultPinDes On Line 760
            Warning - 1 : Skipping Token defaultPinDes On Line 761
            Warning - 1 : Skipping Token defaultPinDes On Line 762
            Warning - 1 : Skipping Token defaultPinDes On Line 763
            Warning - 1 : Skipping Token defaultPinDes On Line 764
            Warning - 1 : Skipping Token defaultPinDes On Line 765
            Warning - 1 : Skipping Token defaultPinDes On Line 766
            Warning - 1 : Skipping Token defaultPinDes On Line 767
            Warning - 1 : Skipping Token defaultPinDes On Line 768
            Warning - 1 : Skipping Token defaultPinDes On Line 769
            Warning - 1 : Skipping Token defaultPinDes On Line 770
            Warning - 1 : Skipping Token defaultPinDes On Line 771
            Warning - 1 : Skipping Token defaultPinDes On Line 772
            Warning - 1 : Skipping Token defaultPinDes On Line 773
            Warning - 1 : Skipping Token defaultPinDes On Line 774
            Warning - 1 : Skipping Token defaultPinDes On Line 807
            Warning - 1 : Skipping Token defaultPinDes On Line 808
            Warning - 1 : Skipping Token defaultPinDes On Line 809
            Warning - 1 : Skipping Token defaultPinDes On Line 810
            Warning - 1 : Skipping Token defaultPinDes On Line 811
            Warning - 1 : Skipping Token defaultPinDes On Line 812
            Warning - 1 : Skipping Token defaultPinDes On Line 813
            Warning - 1 : Skipping Token defaultPinDes On Line 814
            Warning - 1 : Skipping Token defaultPinDes On Line 868
            Warning - 1 : Skipping Token defaultPinDes On Line 869
            Warning - 1 : Skipping Token defaultPinDes On Line 870
            Warning - 1 : Skipping Token defaultPinDes On Line 871
            Warning - 1 : Skipping Token defaultPinDes On Line 872
            Warning - 1 : Skipping Token defaultPinDes On Line 873
            Warning - 1 : Skipping Token defaultPinDes On Line 874
            Warning - 1 : Skipping Token defaultPinDes On Line 875
            Warning - 1 : Skipping Token defaultPinDes On Line 876
            Warning - 1 : Skipping Token defaultPinDes On Line 877
            Warning - 1 : Skipping Token defaultPinDes On Line 878
            Warning - 1 : Skipping Token defaultPinDes On Line 879
            Warning - 1 : Skipping Token defaultPinDes On Line 880
            Warning - 1 : Skipping Token defaultPinDes On Line 881
            Warning - 1 : Skipping Token defaultPinDes On Line 882
            Warning - 1 : Skipping Token defaultPinDes On Line 883
            Warning - 1 : Skipping Token defaultPinDes On Line 917
            Warning - 1 : Skipping Token defaultPinDes On Line 918
            Warning - 1 : Skipping Token defaultPinDes On Line 919
            Warning - 1 : Skipping Token defaultPinDes On Line 920
            Warning - 1 : Skipping Token defaultPinDes On Line 921
            Warning - 1 : Skipping Token defaultPinDes On Line 922
            Warning - 1 : Skipping Token defaultPinDes On Line 923
            Warning - 1 : Skipping Token defaultPinDes On Line 924
            Warning - 1 : Skipping Token defaultPinDes On Line 954
            Warning - 1 : Skipping Token defaultPinDes On Line 955
            Warning - 1 : Skipping Token defaultPinDes On Line 956
            Warning - 1 : Skipping Token defaultPinDes On Line 957
            Warning - 1 : Skipping Token defaultPinDes On Line 958
            Warning - 1 : Skipping Token defaultPinDes On Line 959
            Warning - 1 : Skipping Token defaultPinDes On Line 960
            Warning - 1 : Skipping Token defaultPinDes On Line 961
            Warning - 1 : Skipping Token defaultPinDes On Line 1013
            Warning - 1 : Skipping Token defaultPinDes On Line 1014
            Warning - 1 : Skipping Token defaultPinDes On Line 1015
            Warning - 1 : Skipping Token defaultPinDes On Line 1016
            Warning - 1 : Skipping Token defaultPinDes On Line 1017
            Warning - 1 : Skipping Token defaultPinDes On Line 1018
            Warning - 1 : Skipping Token defaultPinDes On Line 1019
            Warning - 1 : Skipping Token defaultPinDes On Line 1020
            Warning - 1 : Skipping Token defaultPinDes On Line 1021
            Warning - 1 : Skipping Token defaultPinDes On Line 1022
            Warning - 1 : Skipping Token defaultPinDes On Line 1023
            Warning - 1 : Skipping Token defaultPinDes On Line 1024
            Warning - 1 : Skipping Token defaultPinDes On Line 1025
            Warning - 1 : Skipping Token defaultPinDes On Line 1026
            Warning - 1 : Skipping Token defaultPinDes On Line 1027
            Warning - 1 : Skipping Token defaultPinDes On Line 1028
            Warning - 1 : Skipping Token defaultPinDes On Line 1124
            Warning - 1 : Skipping Token defaultPinDes On Line 1125
            Warning - 1 : Skipping Token defaultPinDes On Line 1126
            Warning - 1 : Skipping Token defaultPinDes On Line 1127
            Warning - 1 : Skipping Token defaultPinDes On Line 1128
            Warning - 1 : Skipping Token defaultPinDes On Line 1129
            Warning - 1 : Skipping Token defaultPinDes On Line 1130
            Warning - 1 : Skipping Token defaultPinDes On Line 1131
            Warning - 1 : Skipping Token defaultPinDes On Line 1163
            Warning - 1 : Skipping Token defaultPinDes On Line 1164
            Warning - 1 : Skipping Token defaultPinDes On Line 1165
            Warning - 1 : Skipping Token defaultPinDes On Line 1166
            Warning - 1 : Skipping Token defaultPinDes On Line 1167
            Warning - 1 : Skipping Token defaultPinDes On Line 1168
            Warning - 1 : Skipping Token defaultPinDes On Line 1169
            Warning - 1 : Skipping Token defaultPinDes On Line 1170
            Warning - 1 : Skipping Token defaultPinDes On Line 1171
            Warning - 1 : Skipping Token defaultPinDes On Line 1172
            Warning - 1 : Skipping Token defaultPinDes On Line 1173
            Warning - 1 : Skipping Token defaultPinDes On Line 1174
            Warning - 1 : Skipping Token defaultPinDes On Line 1175
            Warning - 1 : Skipping Token defaultPinDes On Line 1176
            Warning - 1 : Skipping Token defaultPinDes On Line 1177
            Warning - 1 : Skipping Token defaultPinDes On Line 1178
            Warning - 1 : Skipping Token defaultPinDes On Line 1274
            Warning - 1 : Skipping Token defaultPinDes On Line 1275
            Warning - 1 : Skipping Token defaultPinDes On Line 1276
            Warning - 1 : Skipping Token defaultPinDes On Line 1312
            Warning - 1 : Skipping Token defaultPinDes On Line 1313
            Warning - 1 : Skipping Token defaultPinDes On Line 1314
            Warning - 1 : Skipping Token defaultPinDes On Line 1315
            Warning - 1 : Skipping Token defaultPinDes On Line 1316
            Warning - 1 : Skipping Token defaultPinDes On Line 1363
            Warning - 1 : Skipping Token defaultPinDes On Line 1364
            Warning - 1 : Skipping Token defaultPinDes On Line 1365
            Warning - 1 : Skipping Token defaultPinDes On Line 1366
            Warning - 1 : Skipping Token defaultPinDes On Line 1367
            Warning - 1 : Skipping Token defaultPinDes On Line 1368
            Warning - 1 : Skipping Token defaultPinDes On Line 1369
            Warning - 1 : Skipping Token defaultPinDes On Line 1370
            Warning - 1 : Skipping Token defaultPinDes On Line 1371
            Warning - 1 : Skipping Token defaultPinDes On Line 1372
            Warning - 1 : Skipping Token defaultPinDes On Line 1373
            Warning - 1 : Skipping Token defaultPinDes On Line 1374
            Warning - 1 : Skipping Token defaultPinDes On Line 1375
            Warning - 1 : Skipping Token defaultPinDes On Line 1376
            Warning - 1 : Skipping Token defaultPinDes On Line 1406
            Warning - 1 : Skipping Token defaultPinDes On Line 1407
            Warning - 1 : Skipping Token defaultPinDes On Line 1408
            Warning - 1 : Skipping Token defaultPinDes On Line 1409
            Warning - 1 : Skipping Token defaultPinDes On Line 1410
            Warning - 1 : Skipping Token defaultPinDes On Line 1411
            Warning - 1 : Skipping Token defaultPinDes On Line 1412
            Warning - 1 : Skipping Token defaultPinDes On Line 1413
            Warning - 1 : Skipping Token defaultPinDes On Line 1414
            Warning - 1 : Skipping Token defaultPinDes On Line 1415
            Warning - 1 : Skipping Token defaultPinDes On Line 1416
            Warning - 1 : Skipping Token defaultPinDes On Line 1417
            Warning - 1 : Skipping Token defaultPinDes On Line 1418
            Warning - 1 : Skipping Token defaultPinDes On Line 1419
            Warning - 1 : Skipping Token defaultPinDes On Line 1420
            Warning - 1 : Skipping Token defaultPinDes On Line 1421
            Warning - 1 : Skipping Token defaultPinDes On Line 1422
            Warning - 1 : Skipping Token defaultPinDes On Line 1423
            Warning - 1 : Skipping Token defaultPinDes On Line 1424
            Warning - 1 : Skipping Token defaultPinDes On Line 1425
            Warning - 1 : Skipping Token defaultPinDes On Line 1426
            Warning - 1 : Skipping Token defaultPinDes On Line 1427
            Warning - 1 : Skipping Token defaultPinDes On Line 1428
            Warning - 1 : Skipping Token defaultPinDes On Line 1429
            Warning - 1 : Skipping Token defaultPinDes On Line 1430
            Warning - 1 : Skipping Token defaultPinDes On Line 1431
            Warning - 1 : Skipping Token defaultPinDes On Line 1432
            Warning - 1 : Skipping Token defaultPinDes On Line 1433
            Warning - 1 : Skipping Token AD158X On Line 1496
            Warning - 1 : Skipping Token AD1934 On Line 1540
            Warning - 1 : Skipping Token AD623AR On Line 2001
            Warning - 1 : Skipping Token AD633JN_AN On Line 2104
            Warning - 1 : Skipping Token AD7705 On Line 2194
            Warning - 1 : Skipping Token AD829 On Line 2358
            Warning - 1 : Skipping Token AD8561 On Line 2463
            Warning - 1 : Skipping Token AD8675 On Line 2554
            Warning - 1 : Skipping Token ADG436 On Line 2657
            Warning - 1 : Skipping Token ADG721 On Line 2775
            Warning - 1 : Skipping Token ADG722 On Line 2868
            Warning - 1 : Skipping Token ADG723 On Line 2961
            Warning - 1 : Skipping Token ADM2483BRW On Line 3054
            Warning - 1 : Skipping Token ADM660AR On Line 3220
            Warning - 1 : Skipping Token ADP3301ARZ-3.3 On Line 3312
            Warning - 1 : Skipping Token ADUC814 On Line 3401
            Warning - 1 : Skipping Token ADUM1301 On Line 3674
            Warning - 1 : Skipping Token OPER-AMP On Line 3836
            Warning - 1 : Skipping Token OPER-AMP-5PIN On Line 3891
            Warning - 1 : Skipping Token OPER-AMP-5PIN_1 On Line 3968
            Warning - 1 : Skipping Token OPER-AMP-8PIN_4 On Line 4045
            Warning - 1 : Skipping Token PWR-SECTION On Line 4148
            Warning - 1 : Skipping Token REF-3PIN On Line 4182
            Warning - 1 : Skipping Token RS-485 On Line 4226
            Warning - 1 : Skipping Token attachedSymbol On Line 4333
            Warning - 1 : Skipping Token attachedSymbol On Line 4356
            Warning - 1 : Skipping Token attachedSymbol On Line 4379
            Warning - 1 : Skipping Token attachedSymbol On Line 4402
            Warning - 1 : Skipping Token attachedSymbol On Line 4470
            Warning - 1 : Skipping Token attachedSymbol On Line 4543
            Warning - 1 : Skipping Token attachedSymbol On Line 4576
            Warning - 1 : Skipping Token attachedSymbol On Line 4609
            Warning - 1 : Skipping Token attachedSymbol On Line 4642
            Warning - 1 : Skipping Token attachedSymbol On Line 4676
            Warning - 1 : Skipping Token attachedSymbol On Line 4677
            Warning - 1 : Skipping Token attachedSymbol On Line 4678
            Warning - 1 : Skipping Token attachedSymbol On Line 4712
            Warning - 1 : Skipping Token attachedSymbol On Line 4713
            Warning - 1 : Skipping Token attachedSymbol On Line 4714
            Warning - 1 : Skipping Token attachedSymbol On Line 4748
            Warning - 1 : Skipping Token attachedSymbol On Line 4749
            Warning - 1 : Skipping Token attachedSymbol On Line 4750
            Warning - 1 : Skipping Token attachedSymbol On Line 4790
            Warning - 1 : Skipping Token attachedSymbol On Line 4830
            Warning - 1 : Skipping Token attachedSymbol On Line 4831
            Warning - 1 : Skipping Token attachedSymbol On Line 4864
            Warning - 1 : Skipping Token attachedSymbol On Line 4897
            Warning - 1 : Skipping Token attachedSymbol On Line 4930
            Warning - 1 : Skipping Token attachedSymbol On Line 4963
            Warning - 1 : Skipping Token attachedSymbol On Line 4993
            Warning - 1 : Skipping Token attachedSymbol On Line 5023
            Warning - 1 : Skipping Token attachedSymbol On Line 5024
            Warning - 1 : Skipping Token attachedSymbol On Line 5057
            Warning - 1 : Skipping Token attachedSymbol On Line 5058
            Warning - 1 : Skipping Token attachedSymbol On Line 5091
            Warning - 1 : Skipping Token attachedSymbol On Line 5092
            Warning - 1 : Skipping Token attachedSymbol On Line 5125
            Warning - 1 : Skipping Token attachedSymbol On Line 5158
            Warning - 1 : Skipping Token attachedSymbol On Line 5188
            Warning - 1 : Skipping Token attachedSymbol On Line 5215
            Warning - 1 : Skipping Token attachedSymbol On Line 5250
            Warning - 1 : Skipping Token attachedSymbol On Line 5251
            Warning - 1 : Skipping Token attachedSymbol On Line 5252
            Warning - 1 : Skipping Token attachedSymbol On Line 5253
            Warning - 1 : Skipping Token attachedSymbol On Line 5292
            Warning - 1 : Skipping Token attachedSymbol On Line 5333
            Warning - 1 : Skipping Token attachedSymbol On Line 5374
            Warning - 1 : Skipping Token attachedSymbol On Line 5415
            Warning - 1 : Skipping Token attachedSymbol On Line 5455
            Warning - 1 : Skipping Token attachedSymbol On Line 5487
            Warning - 1 : Skipping Token attachedSymbol On Line 5519
            Warning - 1 : Skipping Token attachedSymbol On Line 5551
            Warning - 1 : Skipping Token attachedSymbol On Line 5584
            Warning - 1 : Skipping Token attachedSymbol On Line 5617
            Warning - 1 : Skipping Token attachedSymbol On Line 5670
            Warning - 1 : Skipping Token attachedSymbol On Line 5743
            Warning - 1 : Skipping Token attachedSymbol On Line 5804
        EndSection

        Section : Import Messages
        EndSection
    EndSection

    Section : SCH Library - Analog Device.SchLib
        Section : Parsing Messages
            Warning - 1 : Skipping Token padStyleDef On Line 13
            Warning - 1 : Skipping Token padStyleDef On Line 23
            Warning - 1 : Skipping Token padStyleDef On Line 33
            Warning - 1 : Skipping Token padStyleDef On Line 43
            Warning - 1 : Skipping Token padStyleDef On Line 54
            Warning - 1 : Skipping Token padStyleDef On Line 65
            Warning - 1 : Skipping Token padStyleDef On Line 76
            Warning - 1 : Skipping Token padStyleDef On Line 87
            Warning - 1 : Skipping Token padStyleDef On Line 98
            Warning - 1 : Skipping Token padStyleDef On Line 109
            Warning - 1 : Skipping Token padStyleDef On Line 120
            Warning - 1 : Skipping Token padStyleDef On Line 131
            Warning - 1 : Skipping Token padStyleDef On Line 142
            Warning - 1 : Skipping Token viaStyleDef On Line 153
            Warning - 1 : Skipping Token multiLayer On Line 342
            Warning - 1 : Skipping Token layerContents On Line 352
            Warning - 1 : Skipping Token layerContents On Line 368
            Warning - 1 : Skipping Token multiLayer On Line 454
            Warning - 1 : Skipping Token layerContents On Line 472
            Warning - 1 : Skipping Token layerContents On Line 488
            Warning - 1 : Skipping Token multiLayer On Line 630
            Warning - 1 : Skipping Token layerContents On Line 640
            Warning - 1 : Skipping Token layerContents On Line 651
            Warning - 1 : Skipping Token multiLayer On Line 726
            Warning - 1 : Skipping Token layerContents On Line 778
            Warning - 1 : Skipping Token layerContents On Line 791
            Warning - 1 : Skipping Token multiLayer On Line 806
            Warning - 1 : Skipping Token layerContents On Line 816
            Warning - 1 : Skipping Token layerContents On Line 827
            Warning - 1 : Skipping Token multiLayer On Line 867
            Warning - 1 : Skipping Token layerContents On Line 887
            Warning - 1 : Skipping Token layerContents On Line 900
            Warning - 1 : Skipping Token multiLayer On Line 916
            Warning - 1 : Skipping Token layerContents On Line 926
            Warning - 1 : Skipping Token layerContents On Line 937
            Warning - 1 : Skipping Token multiLayer On Line 953
            Warning - 1 : Skipping Token layerContents On Line 963
            Warning - 1 : Skipping Token layerContents On Line 972
            Warning - 1 : Skipping Token multiLayer On Line 1012
            Warning - 1 : Skipping Token layerContents On Line 1030
            Warning - 1 : Skipping Token layerContents On Line 1043
            Warning - 1 : Skipping Token multiLayer On Line 1123
            Warning - 1 : Skipping Token layerContents On Line 1135
            Warning - 1 : Skipping Token layerContents On Line 1146
            Warning - 1 : Skipping Token multiLayer On Line 1162
            Warning - 1 : Skipping Token layerContents On Line 1180
            Warning - 1 : Skipping Token layerContents On Line 1193
            Warning - 1 : Skipping Token multiLayer On Line 1273
            Warning - 1 : Skipping Token layerContents On Line 1278
            Warning - 1 : Skipping Token layerContents On Line 1288
            Warning - 1 : Skipping Token multiLayer On Line 1311
            Warning - 1 : Skipping Token layerContents On Line 1320
            Warning - 1 : Skipping Token layerContents On Line 1331
            Warning - 1 : Skipping Token multiLayer On Line 1362
            Warning - 1 : Skipping Token layerContents On Line 1378
            Warning - 1 : Skipping Token layerContents On Line 1389
            Warning - 1 : Skipping Token multiLayer On Line 1405
            Warning - 1 : Skipping Token layerContents On Line 1435
            Warning - 1 : Skipping Token layerContents On Line 1446
            Warning - 1 : Skipping Token defaultPinDes On Line 1504
            Warning - 1 : Skipping Token defaultPinDes On Line 1512
            Warning - 1 : Skipping Token defaultPinDes On Line 1520
            Warning - 1 : Skipping Token defaultPinDes On Line 1548
            Warning - 1 : Skipping Token defaultPinDes On Line 1556
            Warning - 1 : Skipping Token defaultPinDes On Line 1564
            Warning - 1 : Skipping Token defaultPinDes On Line 1572
            Warning - 1 : Skipping Token defaultPinDes On Line 1580
            Warning - 1 : Skipping Token defaultPinDes On Line 1588
            Warning - 1 : Skipping Token defaultPinDes On Line 1596
            Warning - 1 : Skipping Token defaultPinDes On Line 1604
            Warning - 1 : Skipping Token defaultPinDes On Line 1612
            Warning - 1 : Skipping Token defaultPinDes On Line 1620
            Warning - 1 : Skipping Token defaultPinDes On Line 1628
            Warning - 1 : Skipping Token defaultPinDes On Line 1636
            Warning - 1 : Skipping Token defaultPinDes On Line 1644
            Warning - 1 : Skipping Token defaultPinDes On Line 1652
            Warning - 1 : Skipping Token defaultPinDes On Line 1660
            Warning - 1 : Skipping Token defaultPinDes On Line 1668
            Warning - 1 : Skipping Token defaultPinDes On Line 1676
            Warning - 1 : Skipping Token defaultPinDes On Line 1684
            Warning - 1 : Skipping Token defaultPinDes On Line 1692
            Warning - 1 : Skipping Token defaultPinDes On Line 1700
            Warning - 1 : Skipping Token defaultPinDes On Line 1708
            Warning - 1 : Skipping Token defaultPinDes On Line 1716
            Warning - 1 : Skipping Token defaultPinDes On Line 1724
            Warning - 1 : Skipping Token defaultPinDes On Line 1732
            Warning - 1 : Skipping Token defaultPinDes On Line 1740
            Warning - 1 : Skipping Token defaultPinDes On Line 1748
            Warning - 1 : Skipping Token defaultPinDes On Line 1756
            Warning - 1 : Skipping Token defaultPinDes On Line 1764
            Warning - 1 : Skipping Token defaultPinDes On Line 1772
            Warning - 1 : Skipping Token defaultPinDes On Line 1780
            Warning - 1 : Skipping Token defaultPinDes On Line 1788
            Warning - 1 : Skipping Token defaultPinDes On Line 1796
            Warning - 1 : Skipping Token defaultPinDes On Line 1804
            Warning - 1 : Skipping Token defaultPinDes On Line 1812
            Warning - 1 : Skipping Token defaultPinDes On Line 1820
            Warning - 1 : Skipping Token defaultPinDes On Line 1828
            Warning - 1 : Skipping Token defaultPinDes On Line 1836
            Warning - 1 : Skipping Token defaultPinDes On Line 1844
            Warning - 1 : Skipping Token defaultPinDes On Line 1852
            Warning - 1 : Skipping Token defaultPinDes On Line 1860
            Warning - 1 : Skipping Token defaultPinDes On Line 1868
            Warning - 1 : Skipping Token defaultPinDes On Line 1876
            Warning - 1 : Skipping Token defaultPinDes On Line 1884
            Warning - 1 : Skipping Token defaultPinDes On Line 1892
            Warning - 1 : Skipping Token defaultPinDes On Line 1900
            Warning - 1 : Skipping Token defaultPinDes On Line 1908
            Warning - 1 : Skipping Token defaultPinDes On Line 1916
            Warning - 1 : Skipping Token defaultPinDes On Line 1924
            Warning - 1 : Skipping Token defaultPinDes On Line 2009
            Warning - 1 : Skipping Token defaultPinDes On Line 2017
            Warning - 1 : Skipping Token defaultPinDes On Line 2025
            Warning - 1 : Skipping Token defaultPinDes On Line 2033
            Warning - 1 : Skipping Token defaultPinDes On Line 2041
            Warning - 1 : Skipping Token defaultPinDes On Line 2050
            Warning - 1 : Skipping Token defaultPinDes On Line 2058
            Warning - 1 : Skipping Token defaultPinDes On Line 2066
            Warning - 1 : Skipping Token defaultPinDes On Line 2112
            Warning - 1 : Skipping Token defaultPinDes On Line 2120
            Warning - 1 : Skipping Token defaultPinDes On Line 2128
            Warning - 1 : Skipping Token defaultPinDes On Line 2136
            Warning - 1 : Skipping Token defaultPinDes On Line 2144
            Warning - 1 : Skipping Token defaultPinDes On Line 2152
            Warning - 1 : Skipping Token defaultPinDes On Line 2160
            Warning - 1 : Skipping Token defaultPinDes On Line 2168
            Warning - 1 : Skipping Token defaultPinDes On Line 2202
            Warning - 1 : Skipping Token defaultPinDes On Line 2210
            Warning - 1 : Skipping Token defaultPinDes On Line 2218
            Warning - 1 : Skipping Token defaultPinDes On Line 2226
            Warning - 1 : Skipping Token defaultPinDes On Line 2234
            Warning - 1 : Skipping Token defaultPinDes On Line 2242
            Warning - 1 : Skipping Token defaultPinDes On Line 2250
            Warning - 1 : Skipping Token defaultPinDes On Line 2258
            Warning - 1 : Skipping Token defaultPinDes On Line 2266
            Warning - 1 : Skipping Token defaultPinDes On Line 2274
            Warning - 1 : Skipping Token defaultPinDes On Line 2282
            Warning - 1 : Skipping Token defaultPinDes On Line 2290
            Warning - 1 : Skipping Token defaultPinDes On Line 2298
            Warning - 1 : Skipping Token defaultPinDes On Line 2306
            Warning - 1 : Skipping Token defaultPinDes On Line 2314
            Warning - 1 : Skipping Token defaultPinDes On Line 2322
            Warning - 1 : Skipping Token defaultPinDes On Line 2366
            Warning - 1 : Skipping Token defaultPinDes On Line 2374
            Warning - 1 : Skipping Token defaultPinDes On Line 2383
            Warning - 1 : Skipping Token defaultPinDes On Line 2391
            Warning - 1 : Skipping Token defaultPinDes On Line 2399
            Warning - 1 : Skipping Token defaultPinDes On Line 2407
            Warning - 1 : Skipping Token defaultPinDes On Line 2415
            Warning - 1 : Skipping Token defaultPinDes On Line 2423
            Warning - 1 : Skipping Token defaultPinDes On Line 2471
            Warning - 1 : Skipping Token defaultPinDes On Line 2479
            Warning - 1 : Skipping Token defaultPinDes On Line 2487
            Warning - 1 : Skipping Token defaultPinDes On Line 2495
            Warning - 1 : Skipping Token defaultPinDes On Line 2503
            Warning - 1 : Skipping Token defaultPinDes On Line 2511
            Warning - 1 : Skipping Token defaultPinDes On Line 2519
            Warning - 1 : Skipping Token defaultPinDes On Line 2527
            Warning - 1 : Skipping Token defaultPinDes On Line 2562
            Warning - 1 : Skipping Token defaultPinDes On Line 2570
            Warning - 1 : Skipping Token defaultPinDes On Line 2578
            Warning - 1 : Skipping Token defaultPinDes On Line 2587
            Warning - 1 : Skipping Token defaultPinDes On Line 2595
            Warning - 1 : Skipping Token defaultPinDes On Line 2603
            Warning - 1 : Skipping Token defaultPinDes On Line 2611
            Warning - 1 : Skipping Token defaultPinDes On Line 2619
            Warning - 1 : Skipping Token defaultPinDes On Line 2665
            Warning - 1 : Skipping Token defaultPinDes On Line 2673
            Warning - 1 : Skipping Token defaultPinDes On Line 2681
            Warning - 1 : Skipping Token defaultPinDes On Line 2689
            Warning - 1 : Skipping Token defaultPinDes On Line 2697
            Warning - 1 : Skipping Token defaultPinDes On Line 2705
            Warning - 1 : Skipping Token defaultPinDes On Line 2713
            Warning - 1 : Skipping Token defaultPinDes On Line 2721
            Warning - 1 : Skipping Token defaultPinDes On Line 2729
            Warning - 1 : Skipping Token defaultPinDes On Line 2737
            Warning - 1 : Skipping Token defaultPinDes On Line 2745
            Warning - 1 : Skipping Token defaultPinDes On Line 2783
            Warning - 1 : Skipping Token defaultPinDes On Line 2791
            Warning - 1 : Skipping Token defaultPinDes On Line 2799
            Warning - 1 : Skipping Token defaultPinDes On Line 2807
            Warning - 1 : Skipping Token defaultPinDes On Line 2815
            Warning - 1 : Skipping Token defaultPinDes On Line 2823
            Warning - 1 : Skipping Token defaultPinDes On Line 2831
            Warning - 1 : Skipping Token defaultPinDes On Line 2839
            Warning - 1 : Skipping Token defaultPinDes On Line 2876
            Warning - 1 : Skipping Token defaultPinDes On Line 2884
            Warning - 1 : Skipping Token defaultPinDes On Line 2892
            Warning - 1 : Skipping Token defaultPinDes On Line 2900
            Warning - 1 : Skipping Token defaultPinDes On Line 2908
            Warning - 1 : Skipping Token defaultPinDes On Line 2916
            Warning - 1 : Skipping Token defaultPinDes On Line 2924
            Warning - 1 : Skipping Token defaultPinDes On Line 2932
            Warning - 1 : Skipping Token defaultPinDes On Line 2969
            Warning - 1 : Skipping Token defaultPinDes On Line 2977
            Warning - 1 : Skipping Token defaultPinDes On Line 2985
            Warning - 1 : Skipping Token defaultPinDes On Line 2993
            Warning - 1 : Skipping Token defaultPinDes On Line 3001
            Warning - 1 : Skipping Token defaultPinDes On Line 3009
            Warning - 1 : Skipping Token defaultPinDes On Line 3017
            Warning - 1 : Skipping Token defaultPinDes On Line 3025
            Warning - 1 : Skipping Token defaultPinDes On Line 3062
            Warning - 1 : Skipping Token defaultPinDes On Line 3070
            Warning - 1 : Skipping Token defaultPinDes On Line 3078
            Warning - 1 : Skipping Token defaultPinDes On Line 3086
            Warning - 1 : Skipping Token defaultPinDes On Line 3094
            Warning - 1 : Skipping Token defaultPinDes On Line 3102
            Warning - 1 : Skipping Token defaultPinDes On Line 3110
            Warning - 1 : Skipping Token defaultPinDes On Line 3118
            Warning - 1 : Skipping Token defaultPinDes On Line 3126
            Warning - 1 : Skipping Token defaultPinDes On Line 3134
            Warning - 1 : Skipping Token defaultPinDes On Line 3142
            Warning - 1 : Skipping Token defaultPinDes On Line 3150
            Warning - 1 : Skipping Token defaultPinDes On Line 3158
            Warning - 1 : Skipping Token defaultPinDes On Line 3166
            Warning - 1 : Skipping Token defaultPinDes On Line 3174
            Warning - 1 : Skipping Token defaultPinDes On Line 3182
            Warning - 1 : Skipping Token defaultPinDes On Line 3228
            Warning - 1 : Skipping Token defaultPinDes On Line 3236
            Warning - 1 : Skipping Token defaultPinDes On Line 3244
            Warning - 1 : Skipping Token defaultPinDes On Line 3252
            Warning - 1 : Skipping Token defaultPinDes On Line 3260
            Warning - 1 : Skipping Token defaultPinDes On Line 3268
            Warning - 1 : Skipping Token defaultPinDes On Line 3276
            Warning - 1 : Skipping Token defaultPinDes On Line 3284
            Warning - 1 : Skipping Token defaultPinDes On Line 3320
            Warning - 1 : Skipping Token defaultPinDes On Line 3328
            Warning - 1 : Skipping Token defaultPinDes On Line 3336
            Warning - 1 : Skipping Token defaultPinDes On Line 3344
            Warning - 1 : Skipping Token defaultPinDes On Line 3352
            Warning - 1 : Skipping Token defaultPinDes On Line 3360
            Warning - 1 : Skipping Token defaultPinDes On Line 3368
            Warning - 1 : Skipping Token defaultPinDes On Line 3376
            Warning - 1 : Skipping Token defaultPinDes On Line 3409
            Warning - 1 : Skipping Token defaultPinDes On Line 3417
            Warning - 1 : Skipping Token defaultPinDes On Line 3425
            Warning - 1 : Skipping Token defaultPinDes On Line 3433
            Warning - 1 : Skipping Token defaultPinDes On Line 3441
            Warning - 1 : Skipping Token defaultPinDes On Line 3449
            Warning - 1 : Skipping Token defaultPinDes On Line 3457
            Warning - 1 : Skipping Token defaultPinDes On Line 3465
            Warning - 1 : Skipping Token defaultPinDes On Line 3473
            Warning - 1 : Skipping Token defaultPinDes On Line 3481
            Warning - 1 : Skipping Token defaultPinDes On Line 3489
            Warning - 1 : Skipping Token defaultPinDes On Line 3497
            Warning - 1 : Skipping Token defaultPinDes On Line 3505
            Warning - 1 : Skipping Token defaultPinDes On Line 3513
            Warning - 1 : Skipping Token defaultPinDes On Line 3521
            Warning - 1 : Skipping Token defaultPinDes On Line 3529
            Warning - 1 : Skipping Token defaultPinDes On Line 3537
            Warning - 1 : Skipping Token defaultPinDes On Line 3545
            Warning - 1 : Skipping Token defaultPinDes On Line 3553
            Warning - 1 : Skipping Token defaultPinDes On Line 3561
            Warning - 1 : Skipping Token defaultPinDes On Line 3569
            Warning - 1 : Skipping Token defaultPinDes On Line 3577
            Warning - 1 : Skipping Token defaultPinDes On Line 3585
            Warning - 1 : Skipping Token defaultPinDes On Line 3593
            Warning - 1 : Skipping Token defaultPinDes On Line 3601
            Warning - 1 : Skipping Token defaultPinDes On Line 3609
            Warning - 1 : Skipping Token defaultPinDes On Line 3617
            Warning - 1 : Skipping Token defaultPinDes On Line 3625
            Warning - 1 : Skipping Token defaultPinDes On Line 3682
            Warning - 1 : Skipping Token defaultPinDes On Line 3690
            Warning - 1 : Skipping Token defaultPinDes On Line 3698
            Warning - 1 : Skipping Token defaultPinDes On Line 3706
            Warning - 1 : Skipping Token defaultPinDes On Line 3714
            Warning - 1 : Skipping Token defaultPinDes On Line 3722
            Warning - 1 : Skipping Token defaultPinDes On Line 3730
            Warning - 1 : Skipping Token defaultPinDes On Line 3738
            Warning - 1 : Skipping Token defaultPinDes On Line 3746
            Warning - 1 : Skipping Token defaultPinDes On Line 3754
            Warning - 1 : Skipping Token defaultPinDes On Line 3762
            Warning - 1 : Skipping Token defaultPinDes On Line 3770
            Warning - 1 : Skipping Token defaultPinDes On Line 3778
            Warning - 1 : Skipping Token defaultPinDes On Line 3786
            Warning - 1 : Skipping Token defaultPinDes On Line 3794
            Warning - 1 : Skipping Token defaultPinDes On Line 3802
            Warning - 1 : Skipping Token defaultPinDes On Line 3844
            Warning - 1 : Skipping Token defaultPinDes On Line 3853
            Warning - 1 : Skipping Token defaultPinDes On Line 3861
            Warning - 1 : Skipping Token defaultPinDes On Line 3899
            Warning - 1 : Skipping Token defaultPinDes On Line 3908
            Warning - 1 : Skipping Token defaultPinDes On Line 3916
            Warning - 1 : Skipping Token defaultPinDes On Line 3924
            Warning - 1 : Skipping Token defaultPinDes On Line 3932
            Warning - 1 : Skipping Token defaultPinDes On Line 3976
            Warning - 1 : Skipping Token defaultPinDes On Line 3984
            Warning - 1 : Skipping Token defaultPinDes On Line 3993
            Warning - 1 : Skipping Token defaultPinDes On Line 4001
            Warning - 1 : Skipping Token defaultPinDes On Line 4009
            Warning - 1 : Skipping Token defaultPinDes On Line 4053
            Warning - 1 : Skipping Token defaultPinDes On Line 4061
            Warning - 1 : Skipping Token defaultPinDes On Line 4070
            Warning - 1 : Skipping Token defaultPinDes On Line 4078
            Warning - 1 : Skipping Token defaultPinDes On Line 4086
            Warning - 1 : Skipping Token defaultPinDes On Line 4094
            Warning - 1 : Skipping Token defaultPinDes On Line 4102
            Warning - 1 : Skipping Token defaultPinDes On Line 4110
            Warning - 1 : Skipping Token defaultPinDes On Line 4156
            Warning - 1 : Skipping Token defaultPinDes On Line 4164
            Warning - 1 : Skipping Token defaultPinDes On Line 4190
            Warning - 1 : Skipping Token defaultPinDes On Line 4198
            Warning - 1 : Skipping Token defaultPinDes On Line 4206
            Warning - 1 : Skipping Token defaultPinDes On Line 4234
            Warning - 1 : Skipping Token defaultPinDes On Line 4243
            Warning - 1 : Skipping Token defaultPinDes On Line 4251
            Warning - 1 : Skipping Token defaultPinDes On Line 4259
            Warning - 1 : Skipping Token defaultPinDes On Line 4267
            Warning - 1 : Skipping Token defaultPinDes On Line 4275
            Warning - 1 : Skipping Token defaultPinDes On Line 4283
            Warning - 1 : Skipping Token defaultPinDes On Line 4291
        EndSection

        Section : Generating SCH Library - Analog Device.SchLib
        EndSection
    EndSection
EndSection
