PCAD Importer Log
Project : Диоды-mm.LibPkg

Section : D:\PCAD-Libs\Lib_mm\Диоды-mm.lib
    Section : PCB Library - Диоды-mm.PcbLib
        Section : Load Messages
            Warning - 1 : Skipping Token defaultPinDes On Line 779
            Warning - 1 : Skipping Token defaultPinDes On Line 780
            Warning - 1 : Skipping Token defaultPinDes On Line 822
            Warning - 1 : Skipping Token defaultPinDes On Line 823
            Warning - 1 : Skipping Token defaultPinDes On Line 824
            Warning - 1 : Skipping Token defaultPinDes On Line 825
            Warning - 1 : Skipping Token defaultPinDes On Line 1908
            Warning - 1 : Skipping Token defaultPinDes On Line 1909
            Warning - 1 : Skipping Token defaultPinDes On Line 2031
            Warning - 1 : Skipping Token defaultPinDes On Line 2032
            Warning - 1 : Skipping Token defaultPinDes On Line 2033
            Warning - 1 : Skipping Token defaultPinDes On Line 2065
            Warning - 1 : Skipping Token defaultPinDes On Line 2066
            Warning - 1 : Skipping Token defaultPinDes On Line 2067
            Warning - 1 : Skipping Token defaultPinDes On Line 2099
            Warning - 1 : Skipping Token defaultPinDes On Line 2100
            Warning - 1 : Skipping Token defaultPinDes On Line 2101
            Warning - 1 : Skipping Token defaultPinDes On Line 2132
            Warning - 1 : Skipping Token defaultPinDes On Line 2133
            Warning - 1 : Skipping Token defaultPinDes On Line 2134
            Warning - 1 : Skipping Token KC407 On Line 3517
            Warning - 1 : Skipping Token KC412 On Line 3571
            Warning - 1 : Skipping Token KD629AC9 On Line 3613
            Warning - 1 : Skipping Token KD629AC9_1 On Line 3656
            Warning - 1 : Skipping Token KDS111 On Line 3699
            Warning - 1 : Skipping Token SYM On Line 3745
            Warning - 1 : Skipping Token TYR1 On Line 3787
            Warning - 1 : Skipping Token VD On Line 3824
            Warning - 1 : Skipping Token VDF On Line 3852
            Warning - 1 : Skipping Token VDS On Line 3884
            Warning - 1 : Skipping Token VDS1 On Line 3911
            Warning - 1 : Skipping Token attachedSymbol On Line 3954
            Warning - 1 : Skipping Token attachedSymbol On Line 3975
            Warning - 1 : Skipping Token attachedSymbol On Line 3996
            Warning - 1 : Skipping Token attachedSymbol On Line 4017
            Warning - 1 : Skipping Token attachedSymbol On Line 4038
            Warning - 1 : Skipping Token attachedSymbol On Line 4061
            Warning - 1 : Skipping Token attachedSymbol On Line 4084
            Warning - 1 : Skipping Token attachedSymbol On Line 4109
            Warning - 1 : Skipping Token attachedSymbol On Line 4136
            Warning - 1 : Skipping Token attachedSymbol On Line 4159
            Warning - 1 : Skipping Token attachedSymbol On Line 4180
            Warning - 1 : Skipping Token attachedSymbol On Line 4201
            Warning - 1 : Skipping Token attachedSymbol On Line 4222
            Warning - 1 : Skipping Token attachedSymbol On Line 4244
            Warning - 1 : Skipping Token attachedSymbol On Line 4266
            Warning - 1 : Skipping Token attachedSymbol On Line 4287
            Warning - 1 : Skipping Token attachedSymbol On Line 4308
            Warning - 1 : Skipping Token attachedSymbol On Line 4329
            Warning - 1 : Skipping Token attachedSymbol On Line 4350
            Warning - 1 : Skipping Token attachedSymbol On Line 4371
            Warning - 1 : Skipping Token attachedSymbol On Line 4393
            Warning - 1 : Skipping Token attachedSymbol On Line 4416
            Warning - 1 : Skipping Token attachedSymbol On Line 4438
            Warning - 1 : Skipping Token attachedSymbol On Line 4459
            Warning - 1 : Skipping Token attachedSymbol On Line 4480
            Warning - 1 : Skipping Token attachedSymbol On Line 4501
            Warning - 1 : Skipping Token attachedSymbol On Line 4523
            Warning - 1 : Skipping Token attachedSymbol On Line 4546
            Warning - 1 : Skipping Token attachedSymbol On Line 4571
            Warning - 1 : Skipping Token attachedSymbol On Line 4596
            Warning - 1 : Skipping Token attachedSymbol On Line 4619
            Warning - 1 : Skipping Token attachedSymbol On Line 4642
            Warning - 1 : Skipping Token attachedSymbol On Line 4664
            Warning - 1 : Skipping Token attachedSymbol On Line 4685
            Warning - 1 : Skipping Token attachedSymbol On Line 4706
            Warning - 1 : Skipping Token attachedSymbol On Line 4727
            Warning - 1 : Skipping Token attachedSymbol On Line 4749
            Warning - 1 : Skipping Token attachedSymbol On Line 4771
            Warning - 1 : Skipping Token attachedSymbol On Line 4794
        EndSection

        Section : Import Messages
            Warning - 0 : PCAD Pattern Graphics [1N5817][12.5mm] associated with PCAD Component [1N5817] has been renamed to PCB FootPrint [1N5817_12.5mm].
            Warning - 0 : PCAD Pattern Graphics [2Д520][Primary] associated with PCAD Component [2Д250] has been renamed to PCB FootPrint [2Д520_2Д250(Primary)].
            Warning - 0 : PCAD Pattern Graphics [DO27][Primary] associated with PCAD Component [DO27] has been renamed to PCB FootPrint [DO27_DO27(Primary)].
            Warning - 0 : PCAD Pattern Graphics [VDD][10mm] associated with PCAD Component [KC147A] has been renamed to PCB FootPrint [VDD_10mm].
            Warning - 0 : PCAD Pattern Graphics [KD213][KD213-1] associated with PCAD Component [KD213] has been renamed to PCB FootPrint [KD213_KD213-1].
            Warning - 0 : PCAD Pattern Graphics [KT28-1][KT28-1R] associated with PCAD Component [KD238BC] has been renamed to PCB FootPrint [KT28-1_KT28-1R].
            Warning : Target Pad Converted To Rounded Pad
            Warning : Target Pad Converted To Rounded Pad
            Warning : Target Pad Converted To Rounded Pad
            Warning - 0 : PCAD Pattern Graphics [VDD4][Primary] associated with PCAD Component [KD243] has been renamed to PCB FootPrint [VDD4_Primary].
            Warning - 0 : PCAD Pattern Graphics [KD257][KD257-1] associated with PCAD Component [KD257] has been renamed to PCB FootPrint [KD257_KD257-1].
            Warning - 0 : PCAD Pattern Graphics [KD2994][KD2994R] associated with PCAD Component [KD2994] has been renamed to PCB FootPrint [KD2994_KD2994R].
            Warning : Target Pad Converted To Rounded Pad
            Warning : Target Pad Converted To Rounded Pad
            Warning : Target Pad Converted To Rounded Pad
            Warning - 0 : PCAD Pattern Graphics [VDD10][12.5mm] associated with PCAD Component [KD522] has been renamed to PCB FootPrint [VDD10_12.5mm].
            Warning - 0 : PCAD Pattern Graphics [VDD6][Primary] associated with PCAD Component [KS515G2] has been renamed to PCB FootPrint [VDD6_Primary].
            Warning : Target Pad Converted To Rounded Pad
            Warning : Target Pad Converted To Rounded Pad
            Warning : Target Pad Converted To Rounded Pad
            Warning : Target Pad Converted To Rounded Pad
            Warning : Target Pad Converted To Rounded Pad
            Warning : Target Pad Converted To Rounded Pad
            Warning : Testpoint at (0mil,0mil) ignored as no pad or via was found.
            Warning : Testpoint at (75mil,0mil) ignored as no pad or via was found.
            Warning : Target Pad Converted To Rounded Pad
            Warning : Target Pad Converted To Rounded Pad
            Warning : Target Pad Converted To Rounded Pad
            Warning - 0 : PCAD Pattern Graphics [VDS2][Primary] associated with PCAD Component [VDS2] has been renamed to PCB FootPrint [VDS2_Primary].
            Warning - 0 : PCAD Pattern Graphics [W005M][Primary] associated with PCAD Component [W005M] has been renamed to PCB FootPrint [W005M_Primary].
            Warning : Target Pad Converted To Rounded Pad
            Warning : Target Pad Converted To Rounded Pad
            Warning : Target Pad Converted To Rounded Pad
            Warning : Target Pad Converted To Rounded Pad
            Warning : Target Pad Converted To Rounded Pad
            Warning : Target Pad Converted To Rounded Pad
        EndSection
    EndSection

    Section : SCH Library - Диоды-mm.SchLib
        Section : Parsing Messages
            Warning - 1 : Skipping Token padStyleDef On Line 13
            Warning - 1 : Skipping Token padStyleDef On Line 23
            Warning - 1 : Skipping Token padStyleDef On Line 33
            Warning - 1 : Skipping Token padStyleDef On Line 43
            Warning - 1 : Skipping Token padStyleDef On Line 53
            Warning - 1 : Skipping Token padStyleDef On Line 63
            Warning - 1 : Skipping Token padStyleDef On Line 73
            Warning - 1 : Skipping Token padStyleDef On Line 83
            Warning - 1 : Skipping Token padStyleDef On Line 93
            Warning - 1 : Skipping Token padStyleDef On Line 103
            Warning - 1 : Skipping Token padStyleDef On Line 113
            Warning - 1 : Skipping Token padStyleDef On Line 123
            Warning - 1 : Skipping Token padStyleDef On Line 134
            Warning - 1 : Skipping Token padStyleDef On Line 144
            Warning - 1 : Skipping Token padStyleDef On Line 155
            Warning - 1 : Skipping Token padStyleDef On Line 166
            Warning - 1 : Skipping Token padStyleDef On Line 177
            Warning - 1 : Skipping Token viaStyleDef On Line 188
            Warning - 1 : Skipping Token multiLayer On Line 423
            Warning - 1 : Skipping Token layerContents On Line 427
            Warning - 1 : Skipping Token layerContents On Line 445
            Warning - 1 : Skipping Token multiLayer On Line 464
            Warning - 1 : Skipping Token layerContents On Line 468
            Warning - 1 : Skipping Token layerContents On Line 485
            Warning - 1 : Skipping Token multiLayer On Line 503
            Warning - 1 : Skipping Token layerContents On Line 507
            Warning - 1 : Skipping Token layerContents On Line 514
            Warning - 1 : Skipping Token multiLayer On Line 523
            Warning - 1 : Skipping Token layerContents On Line 527
            Warning - 1 : Skipping Token layerContents On Line 535
            Warning - 1 : Skipping Token multiLayer On Line 544
            Warning - 1 : Skipping Token layerContents On Line 548
            Warning - 1 : Skipping Token layerContents On Line 556
            Warning - 1 : Skipping Token multiLayer On Line 565
            Warning - 1 : Skipping Token layerContents On Line 569
            Warning - 1 : Skipping Token layerContents On Line 586
            Warning - 1 : Skipping Token multiLayer On Line 610
            Warning - 1 : Skipping Token layerContents On Line 614
            Warning - 1 : Skipping Token layerContents On Line 639
            Warning - 1 : Skipping Token multiLayer On Line 671
            Warning - 1 : Skipping Token layerContents On Line 675
            Warning - 1 : Skipping Token layerContents On Line 688
            Warning - 1 : Skipping Token multiLayer On Line 708
            Warning - 1 : Skipping Token layerContents On Line 712
            Warning - 1 : Skipping Token layerContents On Line 725
            Warning - 1 : Skipping Token multiLayer On Line 745
            Warning - 1 : Skipping Token layerContents On Line 749
            Warning - 1 : Skipping Token layerContents On Line 756
            Warning - 1 : Skipping Token multiLayer On Line 778
            Warning - 1 : Skipping Token layerContents On Line 782
            Warning - 1 : Skipping Token layerContents On Line 798
            Warning - 1 : Skipping Token multiLayer On Line 821
            Warning - 1 : Skipping Token layerContents On Line 827
            Warning - 1 : Skipping Token layerContents On Line 842
            Warning - 1 : Skipping Token multiLayer On Line 864
            Warning - 1 : Skipping Token layerContents On Line 872
            Warning - 1 : Skipping Token layerContents On Line 891
            Warning - 1 : Skipping Token multiLayer On Line 917
            Warning - 1 : Skipping Token layerContents On Line 923
            Warning - 1 : Skipping Token layerContents On Line 935
            Warning - 1 : Skipping Token multiLayer On Line 954
            Warning - 1 : Skipping Token layerContents On Line 958
            Warning - 1 : Skipping Token layerContents On Line 968
            Warning - 1 : Skipping Token multiLayer On Line 985
            Warning - 1 : Skipping Token layerContents On Line 989
            Warning - 1 : Skipping Token multiLayer On Line 1009
            Warning - 1 : Skipping Token layerContents On Line 1013
            Warning - 1 : Skipping Token layerContents On Line 1029
            Warning - 1 : Skipping Token multiLayer On Line 1052
            Warning - 1 : Skipping Token layerContents On Line 1056
            Warning - 1 : Skipping Token multiLayer On Line 1072
            Warning - 1 : Skipping Token layerContents On Line 1076
            Warning - 1 : Skipping Token layerContents On Line 1089
            Warning - 1 : Skipping Token multiLayer On Line 1109
            Warning - 1 : Skipping Token layerContents On Line 1113
            Warning - 1 : Skipping Token layerContents On Line 1126
            Warning - 1 : Skipping Token multiLayer On Line 1146
            Warning - 1 : Skipping Token layerContents On Line 1150
            Warning - 1 : Skipping Token layerContents On Line 1163
            Warning - 1 : Skipping Token multiLayer On Line 1183
            Warning - 1 : Skipping Token layerContents On Line 1188
            Warning - 1 : Skipping Token multiLayer On Line 1214
            Warning - 1 : Skipping Token layerContents On Line 1218
            Warning - 1 : Skipping Token layerContents On Line 1228
            Warning - 1 : Skipping Token multiLayer On Line 1244
            Warning - 1 : Skipping Token layerContents On Line 1249
            Warning - 1 : Skipping Token layerContents On Line 1267
            Warning - 1 : Skipping Token multiLayer On Line 1297
            Warning - 1 : Skipping Token layerContents On Line 1301
            Warning - 1 : Skipping Token layerContents On Line 1310
            Warning - 1 : Skipping Token multiLayer On Line 1326
            Warning - 1 : Skipping Token layerContents On Line 1330
            Warning - 1 : Skipping Token layerContents On Line 1339
            Warning - 1 : Skipping Token multiLayer On Line 1355
            Warning - 1 : Skipping Token layerContents On Line 1360
            Warning - 1 : Skipping Token layerContents On Line 1371
            Warning - 1 : Skipping Token multiLayer On Line 1390
            Warning - 1 : Skipping Token layerContents On Line 1394
            Warning - 1 : Skipping Token layerContents On Line 1419
            Warning - 1 : Skipping Token multiLayer On Line 1451
            Warning - 1 : Skipping Token layerContents On Line 1455
            Warning - 1 : Skipping Token layerContents On Line 1463
            Warning - 1 : Skipping Token multiLayer On Line 1478
            Warning - 1 : Skipping Token layerContents On Line 1483
            Warning - 1 : Skipping Token layerContents On Line 1501
            Warning - 1 : Skipping Token multiLayer On Line 1520
            Warning - 1 : Skipping Token layerContents On Line 1526
            Warning - 1 : Skipping Token multiLayer On Line 1568
            Warning - 1 : Skipping Token layerContents On Line 1573
            Warning - 1 : Skipping Token layerContents On Line 1591
            Warning - 1 : Skipping Token multiLayer On Line 1607
            Warning - 1 : Skipping Token layerContents On Line 1613
            Warning - 1 : Skipping Token layerContents On Line 1648
            Warning - 1 : Skipping Token multiLayer On Line 1693
            Warning - 1 : Skipping Token layerContents On Line 1698
            Warning - 1 : Skipping Token layerContents On Line 1705
            Warning - 1 : Skipping Token multiLayer On Line 1719
            Warning - 1 : Skipping Token layerContents On Line 1724
            Warning - 1 : Skipping Token layerContents On Line 1739
            Warning - 1 : Skipping Token multiLayer On Line 1757
            Warning - 1 : Skipping Token layerContents On Line 1764
            Warning - 1 : Skipping Token layerContents On Line 1832
            Warning - 1 : Skipping Token multiLayer On Line 1907
            Warning - 1 : Skipping Token layerContents On Line 1913
            Warning - 1 : Skipping Token layerContents On Line 1929
            Warning - 1 : Skipping Token multiLayer On Line 1953
            Warning - 1 : Skipping Token layerContents On Line 1957
            Warning - 1 : Skipping Token layerContents On Line 1973
            Warning - 1 : Skipping Token multiLayer On Line 1990
            Warning - 1 : Skipping Token layerContents On Line 1996
            Warning - 1 : Skipping Token layerContents On Line 2009
            Warning - 1 : Skipping Token multiLayer On Line 2030
            Warning - 1 : Skipping Token layerContents On Line 2037
            Warning - 1 : Skipping Token layerContents On Line 2049
            Warning - 1 : Skipping Token multiLayer On Line 2064
            Warning - 1 : Skipping Token layerContents On Line 2071
            Warning - 1 : Skipping Token layerContents On Line 2083
            Warning - 1 : Skipping Token multiLayer On Line 2098
            Warning - 1 : Skipping Token layerContents On Line 2105
            Warning - 1 : Skipping Token layerContents On Line 2116
            Warning - 1 : Skipping Token multiLayer On Line 2131
            Warning - 1 : Skipping Token layerContents On Line 2138
            Warning - 1 : Skipping Token layerContents On Line 2150
            Warning - 1 : Skipping Token multiLayer On Line 2165
            Warning - 1 : Skipping Token layerContents On Line 2169
            Warning - 1 : Skipping Token multiLayer On Line 2189
            Warning - 1 : Skipping Token layerContents On Line 2193
            Warning - 1 : Skipping Token multiLayer On Line 2214
            Warning - 1 : Skipping Token layerContents On Line 2218
            Warning - 1 : Skipping Token multiLayer On Line 2229
            Warning - 1 : Skipping Token layerContents On Line 2233
            Warning - 1 : Skipping Token multiLayer On Line 2244
            Warning - 1 : Skipping Token layerContents On Line 2248
            Warning - 1 : Skipping Token multiLayer On Line 2259
            Warning - 1 : Skipping Token layerContents On Line 2263
            Warning - 1 : Skipping Token multiLayer On Line 2283
            Warning - 1 : Skipping Token layerContents On Line 2287
            Warning - 1 : Skipping Token layerContents On Line 2299
            Warning - 1 : Skipping Token multiLayer On Line 2318
            Warning - 1 : Skipping Token layerContents On Line 2322
            Warning - 1 : Skipping Token layerContents On Line 2334
            Warning - 1 : Skipping Token multiLayer On Line 2353
            Warning - 1 : Skipping Token layerContents On Line 2357
            Warning - 1 : Skipping Token layerContents On Line 2375
            Warning - 1 : Skipping Token multiLayer On Line 2394
            Warning - 1 : Skipping Token layerContents On Line 2398
            Warning - 1 : Skipping Token layerContents On Line 2415
            Warning - 1 : Skipping Token multiLayer On Line 2433
            Warning - 1 : Skipping Token layerContents On Line 2437
            Warning - 1 : Skipping Token layerContents On Line 2444
            Warning - 1 : Skipping Token multiLayer On Line 2453
            Warning - 1 : Skipping Token layerContents On Line 2457
            Warning - 1 : Skipping Token layerContents On Line 2465
            Warning - 1 : Skipping Token multiLayer On Line 2474
            Warning - 1 : Skipping Token layerContents On Line 2478
            Warning - 1 : Skipping Token layerContents On Line 2486
            Warning - 1 : Skipping Token multiLayer On Line 2495
            Warning - 1 : Skipping Token layerContents On Line 2499
            Warning - 1 : Skipping Token layerContents On Line 2516
            Warning - 1 : Skipping Token multiLayer On Line 2534
            Warning - 1 : Skipping Token layerContents On Line 2538
            Warning - 1 : Skipping Token layerContents On Line 2555
            Warning - 1 : Skipping Token multiLayer On Line 2579
            Warning - 1 : Skipping Token layerContents On Line 2583
            Warning - 1 : Skipping Token layerContents On Line 2600
            Warning - 1 : Skipping Token multiLayer On Line 2624
            Warning - 1 : Skipping Token layerContents On Line 2628
            Warning - 1 : Skipping Token layerContents On Line 2645
            Warning - 1 : Skipping Token multiLayer On Line 2669
            Warning - 1 : Skipping Token layerContents On Line 2673
            Warning - 1 : Skipping Token layerContents On Line 2697
            Warning - 1 : Skipping Token multiLayer On Line 2728
            Warning - 1 : Skipping Token layerContents On Line 2732
            Warning - 1 : Skipping Token layerContents On Line 2749
            Warning - 1 : Skipping Token multiLayer On Line 2768
            Warning - 1 : Skipping Token layerContents On Line 2772
            Warning - 1 : Skipping Token multiLayer On Line 2797
            Warning - 1 : Skipping Token layerContents On Line 2801
            Warning - 1 : Skipping Token layerContents On Line 2818
            Warning - 1 : Skipping Token multiLayer On Line 2842
            Warning - 1 : Skipping Token layerContents On Line 2846
            Warning - 1 : Skipping Token layerContents On Line 2863
            Warning - 1 : Skipping Token multiLayer On Line 2887
            Warning - 1 : Skipping Token layerContents On Line 2891
            Warning - 1 : Skipping Token layerContents On Line 2906
            Warning - 1 : Skipping Token multiLayer On Line 2918
            Warning - 1 : Skipping Token layerContents On Line 2922
            Warning - 1 : Skipping Token multiLayer On Line 2951
            Warning - 1 : Skipping Token layerContents On Line 2955
            Warning - 1 : Skipping Token layerContents On Line 2974
            Warning - 1 : Skipping Token multiLayer On Line 3002
            Warning - 1 : Skipping Token layerContents On Line 3006
            Warning - 1 : Skipping Token layerContents On Line 3023
            Warning - 1 : Skipping Token multiLayer On Line 3047
            Warning - 1 : Skipping Token layerContents On Line 3051
            Warning - 1 : Skipping Token layerContents On Line 3069
            Warning - 1 : Skipping Token multiLayer On Line 3094
            Warning - 1 : Skipping Token layerContents On Line 3098
            Warning - 1 : Skipping Token layerContents On Line 3106
            Warning - 1 : Skipping Token multiLayer On Line 3121
            Warning - 1 : Skipping Token layerContents On Line 3126
            Warning - 1 : Skipping Token layerContents On Line 3182
            Warning - 1 : Skipping Token multiLayer On Line 3245
            Warning - 1 : Skipping Token layerContents On Line 3249
            Warning - 1 : Skipping Token layerContents On Line 3257
            Warning - 1 : Skipping Token multiLayer On Line 3272
            Warning - 1 : Skipping Token layerContents On Line 3276
            Warning - 1 : Skipping Token layerContents On Line 3283
            Warning - 1 : Skipping Token multiLayer On Line 3298
            Warning - 1 : Skipping Token layerContents On Line 3302
            Warning - 1 : Skipping Token layerContents On Line 3310
            Warning - 1 : Skipping Token multiLayer On Line 3320
            Warning - 1 : Skipping Token layerContents On Line 3324
            Warning - 1 : Skipping Token multiLayer On Line 3350
            Warning - 1 : Skipping Token layerContents On Line 3354
            Warning - 1 : Skipping Token layerContents On Line 3372
            Warning - 1 : Skipping Token multiLayer On Line 3397
            Warning - 1 : Skipping Token layerContents On Line 3403
            Warning - 1 : Skipping Token layerContents On Line 3416
            Warning - 1 : Skipping Token multiLayer On Line 3426
            Warning - 1 : Skipping Token layerContents On Line 3432
            Warning - 1 : Skipping Token multiLayer On Line 3450
            Warning - 1 : Skipping Token layerContents On Line 3456
            Warning - 1 : Skipping Token layerContents On Line 3466
            Warning - 1 : Skipping Token multiLayer On Line 3481
            Warning - 1 : Skipping Token layerContents On Line 3485
            Warning - 1 : Skipping Token layerContents On Line 3499
            Warning - 1 : Skipping Token defaultPinDes On Line 3620
            Warning - 1 : Skipping Token defaultPinDes On Line 3627
            Warning - 1 : Skipping Token defaultPinDes On Line 3634
            Warning - 1 : Skipping Token defaultPinDes On Line 3663
            Warning - 1 : Skipping Token defaultPinDes On Line 3670
            Warning - 1 : Skipping Token defaultPinDes On Line 3677
            Warning - 1 : Skipping Token defaultPinDes On Line 3832
            Warning - 1 : Skipping Token defaultPinDes On Line 3840
        EndSection

        Section : Generating SCH Library - Диоды-mm.SchLib
            Warning - 0 : PCAD Pattern Graphics [1N5817][12.5mm] associated with PCAD Component [1N5817] has been renamed to PCB FootPrint [1N5817_12.5mm].
            Warning - 0 : PCAD Pattern Graphics [1N5817][15mm] associated with PCAD Component [1N5817] has been renamed to PCB FootPrint [1N5817_15mm].
            Warning - 0 : PCAD Pattern Graphics [1N5817][2.5mm_vert] associated with PCAD Component [1N5817] has been renamed to PCB FootPrint [1N5817_2.5mm_vert].
            Warning - 0 : PCAD Pattern Graphics [1N5817][5mm_ver1] associated with PCAD Component [1N5817] has been renamed to PCB FootPrint [1N5817_5mm_ver1].
            Warning - 0 : PCAD Pattern Graphics [1N5817][5mm_vert2] associated with PCAD Component [1N5817] has been renamed to PCB FootPrint [1N5817_5mm_vert2].
            Warning - 0 : PCAD Pattern Graphics [1N5817][Primary] associated with PCAD Component [1N5817] has been renamed to PCB FootPrint [1N5817_Primary].
            Warning - 0 : PCAD Pattern Graphics [2Д520][Primary] associated with PCAD Component [2Д250] has been renamed to PCB FootPrint [2Д520_2Д250(Primary)].
            Warning - 0 : PCAD Pattern Graphics [DO27][Primary] associated with PCAD Component [DO27] has been renamed to PCB FootPrint [DO27_DO27(Primary)].
            Warning - 0 : PCAD Pattern Graphics [VDD][10mm] associated with PCAD Component [KC147A] has been renamed to PCB FootPrint [VDD_10mm].
            Warning - 0 : PCAD Pattern Graphics [VDD][12.5mm] associated with PCAD Component [KC147A] has been renamed to PCB FootPrint [VDD_12.5mm].
            Warning - 0 : PCAD Pattern Graphics [VDD][2.5mmVert] associated with PCAD Component [KC147A] has been renamed to PCB FootPrint [VDD_2.5mmVert].
            Warning - 0 : PCAD Pattern Graphics [VDD][5mmVert1] associated with PCAD Component [KC147A] has been renamed to PCB FootPrint [VDD_5mmVert1].
            Warning - 0 : PCAD Pattern Graphics [VDD][5mmVert2] associated with PCAD Component [KC147A] has been renamed to PCB FootPrint [VDD_5mmVert2].
            Warning - 0 : PCAD Pattern Graphics [VDD][7.5mm] associated with PCAD Component [KC147A] has been renamed to PCB FootPrint [VDD_7.5mm].
            Warning - 0 : PCAD Pattern Graphics [VDD][Primary] associated with PCAD Component [KC147A] has been renamed to PCB FootPrint [VDD_Primary].
            Warning - 0 : PCAD Pattern Graphics [KD213][KD213-1] associated with PCAD Component [KD213] has been renamed to PCB FootPrint [KD213_KD213-1].
            Warning - 0 : PCAD Pattern Graphics [KD213][Primary] associated with PCAD Component [KD213] has been renamed to PCB FootPrint [KD213_Primary].
            Warning - 0 : PCAD Pattern Graphics [KT28-1][KT28-1R] associated with PCAD Component [KD238BC] has been renamed to PCB FootPrint [KT28-1_KT28-1R].
            Warning - 0 : PCAD Pattern Graphics [KT28-1][Primary] associated with PCAD Component [KD238BC] has been renamed to PCB FootPrint [KT28-1_Primary].
            Warning - 0 : PCAD Pattern Graphics [VDD4][Primary] associated with PCAD Component [KD243] has been renamed to PCB FootPrint [VDD4_Primary].
            Warning - 0 : PCAD Pattern Graphics [VDD4][VDD4A] associated with PCAD Component [KD243] has been renamed to PCB FootPrint [VDD4_VDD4A].
            Warning - 0 : PCAD Pattern Graphics [KD257][KD257-1] associated with PCAD Component [KD257] has been renamed to PCB FootPrint [KD257_KD257-1].
            Warning - 0 : PCAD Pattern Graphics [KD257][Primary] associated with PCAD Component [KD257] has been renamed to PCB FootPrint [KD257_Primary].
            Warning - 0 : PCAD Pattern Graphics [KD2994][KD2994R] associated with PCAD Component [KD2994] has been renamed to PCB FootPrint [KD2994_KD2994R].
            Warning - 0 : PCAD Pattern Graphics [KD2994][Primary] associated with PCAD Component [KD2994] has been renamed to PCB FootPrint [KD2994_Primary].
            Warning - 0 : PCAD Pattern Graphics [VDD10][12.5mm] associated with PCAD Component [KD522] has been renamed to PCB FootPrint [VDD10_12.5mm].
            Warning - 0 : PCAD Pattern Graphics [VDD10][15mm] associated with PCAD Component [KD522] has been renamed to PCB FootPrint [VDD10_15mm].
            Warning - 0 : PCAD Pattern Graphics [VDD10][2.5mm_v] associated with PCAD Component [KD522] has been renamed to PCB FootPrint [VDD10_2.5mm_v].
            Warning - 0 : PCAD Pattern Graphics [VDD10][5mm_v1] associated with PCAD Component [KD522] has been renamed to PCB FootPrint [VDD10_5mm_v1].
            Warning - 0 : PCAD Pattern Graphics [VDD10][5mm_v2] associated with PCAD Component [KD522] has been renamed to PCB FootPrint [VDD10_5mm_v2].
            Warning - 0 : PCAD Pattern Graphics [VDD10][7.5mm] associated with PCAD Component [KD522] has been renamed to PCB FootPrint [VDD10_7.5mm].
            Warning - 0 : PCAD Pattern Graphics [VDD10][Primary] associated with PCAD Component [KD522] has been renamed to PCB FootPrint [VDD10_Primary].
            Warning - 0 : PCAD Pattern Graphics [VDD6][Primary] associated with PCAD Component [KS515G2] has been renamed to PCB FootPrint [VDD6_Primary].
            Warning - 0 : PCAD Pattern Graphics [VDD6][VDD6R] associated with PCAD Component [KS515G2] has been renamed to PCB FootPrint [VDD6_VDD6R].
            Warning - 0 : PCAD Pattern Graphics [KT28-1][KT28-1R] associated with PCAD Component [KU228] has been renamed to PCB FootPrint [KT28-1_KT28-1R].
            Warning - 0 : PCAD Pattern Graphics [KT28-1][Primary] associated with PCAD Component [KU228] has been renamed to PCB FootPrint [KT28-1_Primary].
            Warning - 0 : PCAD Pattern Graphics [KT28-1][KT28-1R] associated with PCAD Component [KU601] has been renamed to PCB FootPrint [KT28-1_KT28-1R].
            Warning - 0 : PCAD Pattern Graphics [KT28-1][Primary] associated with PCAD Component [KU601] has been renamed to PCB FootPrint [KT28-1_Primary].
            Warning - 0 : PCAD Pattern Graphics [KT28-1][KT28-1R] associated with PCAD Component [KU605] has been renamed to PCB FootPrint [KT28-1_KT28-1R].
            Warning - 0 : PCAD Pattern Graphics [KT28-1][Primary] associated with PCAD Component [KU605] has been renamed to PCB FootPrint [KT28-1_Primary].
            Warning - 0 : PCAD Pattern Graphics [VDS2][Primary] associated with PCAD Component [VDS2] has been renamed to PCB FootPrint [VDS2_Primary].
            Warning - 0 : PCAD Pattern Graphics [VDS2][VDS2-1] associated with PCAD Component [VDS2] has been renamed to PCB FootPrint [VDS2_VDS2-1].
            Warning - 0 : PCAD Pattern Graphics [W005M][Primary] associated with PCAD Component [W005M] has been renamed to PCB FootPrint [W005M_Primary].
            Warning - 0 : PCAD Pattern Graphics [W005M][W005M-1] associated with PCAD Component [W005M] has been renamed to PCB FootPrint [W005M_W005M-1].
        EndSection
    EndSection
EndSection
