PCAD Importer Log
Project : Drossel.LibPkg

Section : D:\PCAD-Libs\Drossel.lib
    Section : PCB Library - Drossel.PcbLib
        Section : Load Messages
            Warning - 1 : Skipping Token defaultPinDes On Line 839
            Warning - 1 : Skipping Token defaultPinDes On Line 840
            Warning - 1 : Skipping Token defaultPinDes On Line 870
            Warning - 1 : Skipping Token defaultPinDes On Line 871
            Warning - 1 : Skipping Token defaultPinDes On Line 901
            Warning - 1 : Skipping Token defaultPinDes On Line 902
            Warning - 1 : Skipping Token defaultPinDes On Line 932
            Warning - 1 : Skipping Token defaultPinDes On Line 933
            Warning - 1 : Skipping Token defaultPinDes On Line 963
            Warning - 1 : Skipping Token defaultPinDes On Line 964
            Warning - 1 : Skipping Token defaultPinDes On Line 984
            Warning - 1 : Skipping Token defaultPinDes On Line 985
            Warning - 1 : Skipping Token defaultPinDes On Line 1014
            Warning - 1 : Skipping Token defaultPinDes On Line 1015
            Warning - 1 : Skipping Token defaultPinDes On Line 1016
            Warning - 1 : Skipping Token defaultPinDes On Line 1017
            Warning - 1 : Skipping Token defaultPinDes On Line 1018
            Warning - 1 : Skipping Token defaultPinDes On Line 1019
            Warning - 1 : Skipping Token defaultPinDes On Line 1020
            Warning - 1 : Skipping Token defaultPinDes On Line 1095
            Warning - 1 : Skipping Token defaultPinDes On Line 1096
            Warning - 1 : Skipping Token defaultPinDes On Line 1124
            Warning - 1 : Skipping Token defaultPinDes On Line 1125
            Warning - 1 : Skipping Token defaultPinDes On Line 1164
            Warning - 1 : Skipping Token defaultPinDes On Line 1165
            Warning - 1 : Skipping Token defaultPinDes On Line 1216
            Warning - 1 : Skipping Token defaultPinDes On Line 1217
            Warning - 1 : Skipping Token defaultPinDes On Line 1254
            Warning - 1 : Skipping Token defaultPinDes On Line 1255
            Warning - 1 : Skipping Token defaultPinDes On Line 1299
            Warning - 1 : Skipping Token defaultPinDes On Line 1300
            Warning - 1 : Skipping Token defaultPinDes On Line 1301
            Warning - 1 : Skipping Token defaultPinDes On Line 1302
            Warning - 1 : Skipping Token defaultPinDes On Line 1357
            Warning - 1 : Skipping Token defaultPinDes On Line 1358
            Warning - 1 : Skipping Token defaultPinDes On Line 1359
            Warning - 1 : Skipping Token defaultPinDes On Line 1360
            Warning - 1 : Skipping Token defaultPinDes On Line 1405
            Warning - 1 : Skipping Token defaultPinDes On Line 1406
            Warning - 1 : Skipping Token defaultPinDes On Line 1407
            Warning - 1 : Skipping Token defaultPinDes On Line 1408
            Warning - 1 : Skipping Token defaultPinDes On Line 1437
            Warning - 1 : Skipping Token defaultPinDes On Line 1438
            Warning - 1 : Skipping Token defaultPinDes On Line 1467
            Warning - 1 : Skipping Token defaultPinDes On Line 1468
            Warning - 1 : Skipping Token defaultPinDes On Line 1493
            Warning - 1 : Skipping Token defaultPinDes On Line 1494
            Warning - 1 : Skipping Token defaultPinDes On Line 1531
            Warning - 1 : Skipping Token defaultPinDes On Line 1532
            Warning - 1 : Skipping Token defaultPinDes On Line 1576
            Warning - 1 : Skipping Token defaultPinDes On Line 1577
            Warning - 1 : Skipping Token defaultPinDes On Line 1599
            Warning - 1 : Skipping Token defaultPinDes On Line 1600
            Warning - 1 : Skipping Token defaultPinDes On Line 1628
            Warning - 1 : Skipping Token defaultPinDes On Line 1629
            Warning - 1 : Skipping Token defaultPinDes On Line 1663
            Warning - 1 : Skipping Token defaultPinDes On Line 1664
            Warning - 1 : Skipping Token defaultPinDes On Line 1690
            Warning - 1 : Skipping Token defaultPinDes On Line 1691
            Warning - 1 : Skipping Token defaultPinDes On Line 1714
            Warning - 1 : Skipping Token defaultPinDes On Line 1715
            Warning - 1 : Skipping Token defaultPinDes On Line 1737
            Warning - 1 : Skipping Token defaultPinDes On Line 1738
            Warning - 1 : Skipping Token defaultPinDes On Line 1775
            Warning - 1 : Skipping Token defaultPinDes On Line 1776
            Warning - 1 : Skipping Token defaultPinDes On Line 1818
            Warning - 1 : Skipping Token defaultPinDes On Line 1819
            Warning - 1 : Skipping Token defaultPinDes On Line 1839
            Warning - 1 : Skipping Token defaultPinDes On Line 1840
            Warning - 1 : Skipping Token defaultPinDes On Line 1866
            Warning - 1 : Skipping Token defaultPinDes On Line 1867
            Warning - 1 : Skipping Token defaultPinDes On Line 1889
            Warning - 1 : Skipping Token defaultPinDes On Line 1890
            Warning - 1 : Skipping Token defaultPinDes On Line 1891
            Warning - 1 : Skipping Token defaultPinDes On Line 1892
            Warning - 1 : Skipping Token defaultPinDes On Line 1918
            Warning - 1 : Skipping Token defaultPinDes On Line 1919
            Warning - 1 : Skipping Token defaultPinDes On Line 1951
            Warning - 1 : Skipping Token defaultPinDes On Line 1952
            Warning - 1 : Skipping Token defaultPinDes On Line 1982
            Warning - 1 : Skipping Token defaultPinDes On Line 1983
            Warning - 1 : Skipping Token defaultPinDes On Line 2027
            Warning - 1 : Skipping Token defaultPinDes On Line 2028
            Warning - 1 : Skipping Token defaultPinDes On Line 2058
            Warning - 1 : Skipping Token defaultPinDes On Line 2059
            Warning - 1 : Skipping Token defaultPinDes On Line 2096
            Warning - 1 : Skipping Token defaultPinDes On Line 2097
            Warning - 1 : Skipping Token defaultPinDes On Line 2127
            Warning - 1 : Skipping Token defaultPinDes On Line 2128
            Warning - 1 : Skipping Token defaultPinDes On Line 2158
            Warning - 1 : Skipping Token defaultPinDes On Line 2159
            Warning - 1 : Skipping Token defaultPinDes On Line 2160
            Warning - 1 : Skipping Token defaultPinDes On Line 2161
            Warning - 1 : Skipping Token defaultPinDes On Line 2162
            Warning - 1 : Skipping Token defaultPinDes On Line 2163
            Warning - 1 : Skipping Token defaultPinDes On Line 2164
            Warning - 1 : Skipping Token defaultPinDes On Line 2165
            Warning - 1 : Skipping Token defaultPinDes On Line 2166
            Warning - 1 : Skipping Token defaultPinDes On Line 2167
            Warning - 1 : Skipping Token defaultPinDes On Line 2168
            Warning - 1 : Skipping Token defaultPinDes On Line 2169
            Warning - 1 : Skipping Token defaultPinDes On Line 2170
            Warning - 1 : Skipping Token defaultPinDes On Line 2171
            Warning - 1 : Skipping Token defaultPinDes On Line 2172
            Warning - 1 : Skipping Token defaultPinDes On Line 2173
            Warning - 1 : Skipping Token defaultPinDes On Line 2174
            Warning - 1 : Skipping Token defaultPinDes On Line 2175
            Warning - 1 : Skipping Token defaultPinDes On Line 2176
            Warning - 1 : Skipping Token defaultPinDes On Line 2177
            Warning - 1 : Skipping Token defaultPinDes On Line 2178
            Warning - 1 : Skipping Token defaultPinDes On Line 2180
            Warning - 1 : Skipping Token defaultPinDes On Line 2181
            Warning - 1 : Skipping Token defaultPinDes On Line 2182
            Warning - 1 : Skipping Token defaultPinDes On Line 2183
            Warning - 1 : Skipping Token defaultPinDes On Line 2184
            Warning - 1 : Skipping Token defaultPinDes On Line 2185
            Warning - 1 : Skipping Token defaultPinDes On Line 2186
            Warning - 1 : Skipping Token defaultPinDes On Line 2187
            Warning - 1 : Skipping Token defaultPinDes On Line 2188
            Warning - 1 : Skipping Token defaultPinDes On Line 2189
            Warning - 1 : Skipping Token defaultPinDes On Line 2190
            Warning - 1 : Skipping Token defaultPinDes On Line 2191
            Warning - 1 : Skipping Token defaultPinDes On Line 2192
            Warning - 1 : Skipping Token defaultPinDes On Line 2193
            Warning - 1 : Skipping Token defaultPinDes On Line 2194
            Warning - 1 : Skipping Token defaultPinDes On Line 2195
            Warning - 1 : Skipping Token defaultPinDes On Line 2196
            Warning - 1 : Skipping Token defaultPinDes On Line 2197
            Warning - 1 : Skipping Token defaultPinDes On Line 2198
            Warning - 1 : Skipping Token defaultPinDes On Line 2199
            Warning - 1 : Skipping Token defaultPinDes On Line 2200
            Warning - 1 : Skipping Token defaultPinDes On Line 2201
            Warning - 1 : Skipping Token defaultPinDes On Line 2203
            Warning - 1 : Skipping Token defaultPinDes On Line 2205
            Warning - 1 : Skipping Token defaultPinDes On Line 2206
            Warning - 1 : Skipping Token defaultPinDes On Line 2207
            Warning - 1 : Skipping Token defaultPinDes On Line 2208
            Warning - 1 : Skipping Token defaultPinDes On Line 2209
            Warning - 1 : Skipping Token defaultPinDes On Line 2210
            Warning - 1 : Skipping Token defaultPinDes On Line 2211
            Warning - 1 : Skipping Token defaultPinDes On Line 2212
            Warning - 1 : Skipping Token defaultPinDes On Line 2213
            Warning - 1 : Skipping Token defaultPinDes On Line 2214
            Warning - 1 : Skipping Token defaultPinDes On Line 2215
            Warning - 1 : Skipping Token defaultPinDes On Line 2217
            Warning - 1 : Skipping Token defaultPinDes On Line 2218
            Warning - 1 : Skipping Token defaultPinDes On Line 2219
            Warning - 1 : Skipping Token defaultPinDes On Line 2220
            Warning - 1 : Skipping Token defaultPinDes On Line 2221
            Warning - 1 : Skipping Token defaultPinDes On Line 2222
            Warning - 1 : Skipping Token defaultPinDes On Line 2223
            Warning - 1 : Skipping Token defaultPinDes On Line 27166
            Warning - 1 : Skipping Token defaultPinDes On Line 27167
            Warning - 1 : Skipping Token defaultPinDes On Line 27187
            Warning - 1 : Skipping Token defaultPinDes On Line 27188
            Warning - 1 : Skipping Token defaultPinDes On Line 27250
            Warning - 1 : Skipping Token defaultPinDes On Line 27251
            Warning - 1 : Skipping Token defaultPinDes On Line 27282
            Warning - 1 : Skipping Token defaultPinDes On Line 27283
            Warning - 1 : Skipping Token defaultPinDes On Line 27314
            Warning - 1 : Skipping Token defaultPinDes On Line 27315
            Warning - 1 : Skipping Token defaultPinDes On Line 27335
            Warning - 1 : Skipping Token defaultPinDes On Line 27336
            Warning - 1 : Skipping Token defaultPinDes On Line 27369
            Warning - 1 : Skipping Token defaultPinDes On Line 27370
            Warning - 1 : Skipping Token defaultPinDes On Line 27390
            Warning - 1 : Skipping Token defaultPinDes On Line 27391
            Warning - 1 : Skipping Token defaultPinDes On Line 27424
            Warning - 1 : Skipping Token defaultPinDes On Line 27425
            Warning - 1 : Skipping Token defaultPinDes On Line 27445
            Warning - 1 : Skipping Token defaultPinDes On Line 27446
            Warning - 1 : Skipping Token defaultPinDes On Line 27479
            Warning - 1 : Skipping Token defaultPinDes On Line 27480
            Warning - 1 : Skipping Token defaultPinDes On Line 27509
            Warning - 1 : Skipping Token defaultPinDes On Line 27510
            Warning - 1 : Skipping Token defaultPinDes On Line 27533
            Warning - 1 : Skipping Token defaultPinDes On Line 27534
            Warning - 1 : Skipping Token defaultPinDes On Line 27562
            Warning - 1 : Skipping Token defaultPinDes On Line 27563
            Warning - 1 : Skipping Token defaultPinDes On Line 27590
            Warning - 1 : Skipping Token defaultPinDes On Line 27591
            Warning - 1 : Skipping Token defaultPinDes On Line 27618
            Warning - 1 : Skipping Token defaultPinDes On Line 27619
            Warning - 1 : Skipping Token defaultPinDes On Line 27646
            Warning - 1 : Skipping Token defaultPinDes On Line 27647
            Warning - 1 : Skipping Token defaultPinDes On Line 27677
            Warning - 1 : Skipping Token defaultPinDes On Line 27678
            Warning - 1 : Skipping Token defaultPinDes On Line 27709
            Warning - 1 : Skipping Token defaultPinDes On Line 27710
            Warning - 1 : Skipping Token defaultPinDes On Line 27741
            Warning - 1 : Skipping Token defaultPinDes On Line 27742
            Warning - 1 : Skipping Token defaultPinDes On Line 27765
            Warning - 1 : Skipping Token defaultPinDes On Line 27766
            Warning - 1 : Skipping Token defaultPinDes On Line 27789
            Warning - 1 : Skipping Token defaultPinDes On Line 27790
            Warning - 1 : Skipping Token defaultPinDes On Line 27818
            Warning - 1 : Skipping Token defaultPinDes On Line 27819
            Warning - 1 : Skipping Token defaultPinDes On Line 27847
            Warning - 1 : Skipping Token defaultPinDes On Line 27848
            Warning - 1 : Skipping Token defaultPinDes On Line 27876
            Warning - 1 : Skipping Token defaultPinDes On Line 27877
            Warning - 1 : Skipping Token defaultPinDes On Line 27906
            Warning - 1 : Skipping Token defaultPinDes On Line 27907
            Warning - 1 : Skipping Token defaultPinDes On Line 27930
            Warning - 1 : Skipping Token defaultPinDes On Line 27931
            Warning - 1 : Skipping Token defaultPinDes On Line 27959
            Warning - 1 : Skipping Token defaultPinDes On Line 27960
            Warning - 1 : Skipping Token defaultPinDes On Line 27997
            Warning - 1 : Skipping Token defaultPinDes On Line 27998
            Warning - 1 : Skipping Token defaultPinDes On Line 28042
            Warning - 1 : Skipping Token defaultPinDes On Line 28043
            Warning - 1 : Skipping Token defaultPinDes On Line 28044
            Warning - 1 : Skipping Token defaultPinDes On Line 28045
            Warning - 1 : Skipping Token defaultPinDes On Line 28047
            Warning - 1 : Skipping Token defaultPinDes On Line 28048
            Warning - 1 : Skipping Token defaultPinDes On Line 28077
            Warning - 1 : Skipping Token defaultPinDes On Line 28078
            Warning - 1 : Skipping Token defaultPinDes On Line 28098
            Warning - 1 : Skipping Token defaultPinDes On Line 28099
            Warning - 1 : Skipping Token defaultPinDes On Line 28129
            Warning - 1 : Skipping Token defaultPinDes On Line 28130
            Warning - 1 : Skipping Token defaultPinDes On Line 28163
            Warning - 1 : Skipping Token defaultPinDes On Line 28164
            Warning - 1 : Skipping Token defaultPinDes On Line 28165
            Warning - 1 : Skipping Token defaultPinDes On Line 28166
            Warning - 1 : Skipping Token defaultPinDes On Line 28212
            Warning - 1 : Skipping Token defaultPinDes On Line 28213
            Warning - 1 : Skipping Token defaultPinDes On Line 28214
            Warning - 1 : Skipping Token defaultPinDes On Line 28215
            Warning - 1 : Skipping Token 0402WL200GT On Line 28254
            Warning - 1 : Skipping Token 0402WL6R8GT On Line 28281
            Warning - 1 : Skipping Token 0603WL100GT On Line 28308
            Warning - 1 : Skipping Token 0603WL120GT On Line 28335
            Warning - 1 : Skipping Token 0603WL150GT On Line 28362
            Warning - 1 : Skipping Token 0603WL180GT On Line 28389
            Warning - 1 : Skipping Token 0805WL151GT On Line 28416
            Warning - 1 : Skipping Token 0805WL271GT On Line 28443
            Warning - 1 : Skipping Token 0805WL330GT On Line 28470
            Warning - 1 : Skipping Token 0805WL680GT On Line 28497
            Warning - 1 : Skipping Token 0805WL820GT On Line 28524
            Warning - 1 : Skipping Token 1812CS-1.5U-5%_1 On Line 28551
            Warning - 1 : Skipping Token 1812CS-1.5U-5%_2 On Line 28586
            Warning - 1 : Skipping Token 1812CS-3,3U-5%_1 On Line 28621
            Warning - 1 : Skipping Token 1812CS-3,3U-5%_2 On Line 28656
            Warning - 1 : Skipping Token 1812CS-3.3U-5%_1 On Line 28691
            Warning - 1 : Skipping Token 1812CS-4,7U-5%_1 On Line 28726
            Warning - 1 : Skipping Token 1812CS-4,7U-5%_2 On Line 28761
            Warning - 1 : Skipping Token DROSSEL On Line 28796
            Warning - 1 : Skipping Token DROSSEL4 On Line 28822
            Warning - 1 : Skipping Token DROSSEL5 On Line 28849
            Warning - 1 : Skipping Token DROSSEL_1 On Line 28878
            Warning - 1 : Skipping Token DROSSEL_2 On Line 28902
            Warning - 1 : Skipping Token DROSSEL_2X2 On Line 28932
            Warning - 1 : Skipping Token DROSSEL_2X2_1 On Line 28988
            Warning - 1 : Skipping Token DROSSEL_2X2_2 On Line 29056
            Warning - 1 : Skipping Token DROSSEL_3 On Line 29125
            Warning - 1 : Skipping Token DROSSEL_4 On Line 29152
            Warning - 1 : Skipping Token IND1,5UH-3A_1 On Line 29205
            Warning - 1 : Skipping Token IND1,5UH-3A_2 On Line 29241
            Warning - 1 : Skipping Token IND1-0805-5% On Line 29277
            Warning - 1 : Skipping Token IND1-1206-10% On Line 29313
            Warning - 1 : Skipping Token IND1-1210-5% On Line 29349
            Warning - 1 : Skipping Token IND1000UH-0,038A_1 On Line 29385
            Warning - 1 : Skipping Token IND1000UH-0,038A_2 On Line 29421
            Warning - 1 : Skipping Token IND1000UH-0,55A_1 On Line 29457
            Warning - 1 : Skipping Token IND1000UH-0,55A_2 On Line 29493
            Warning - 1 : Skipping Token IND100UH-0,53A_1 On Line 29529
            Warning - 1 : Skipping Token IND100UH-0,53A_2 On Line 29565
            Warning - 1 : Skipping Token IND100UH-1,7A_1 On Line 29601
            Warning - 1 : Skipping Token IND100UH-1,7A_2 On Line 29637
            Warning - 1 : Skipping Token IND10N-0,7A_1 On Line 29673
            Warning - 1 : Skipping Token IND10N-0,7A_2 On Line 29709
            Warning - 1 : Skipping Token IND10UH-1,35A_1 On Line 29745
            Warning - 1 : Skipping Token IND10UH-1,35A_2 On Line 29781
            Warning - 1 : Skipping Token IND10UH-1,5A_1 On Line 29817
            Warning - 1 : Skipping Token IND10UH-1,5A_2 On Line 29853
            Warning - 1 : Skipping Token IND10UH-10A_1 On Line 29889
            Warning - 1 : Skipping Token IND10UH-10A_2 On Line 29925
            Warning - 1 : Skipping Token IND10UH-19A_1 On Line 29961
            Warning - 1 : Skipping Token IND10UH-19A_2 On Line 29997
            Warning - 1 : Skipping Token IND10UH-5,4A_1 On Line 30033
            Warning - 1 : Skipping Token IND10UH-5,4A_2 On Line 30069
            Warning - 1 : Skipping Token IND12N-0,7A_1 On Line 30105
            Warning - 1 : Skipping Token IND12N-0,7A_2 On Line 30141
            Warning - 1 : Skipping Token IND150N-0,4A_1 On Line 30177
            Warning - 1 : Skipping Token IND150N-0,4A_2 On Line 30213
            Warning - 1 : Skipping Token IND15N-0,7A_1 On Line 30249
            Warning - 1 : Skipping Token IND15N-0,7A_2 On Line 30285
            Warning - 1 : Skipping Token IND18N-0,7A_1 On Line 30321
            Warning - 1 : Skipping Token IND18N-0,7A_2 On Line 30357
            Warning - 1 : Skipping Token IND1U-32A_1 On Line 30393
            Warning - 1 : Skipping Token IND1U-32A_2 On Line 30429
            Warning - 1 : Skipping Token IND2,7N-1,0A_1 On Line 30465
            Warning - 1 : Skipping Token IND2,7N-1,0A_2 On Line 30501
            Warning - 1 : Skipping Token IND2-0805-5% On Line 30537
            Warning - 1 : Skipping Token IND2-1206-10% On Line 30573
            Warning - 1 : Skipping Token IND2-1210-5% On Line 30609
            Warning - 1 : Skipping Token IND20N-0,42A_1 On Line 30645
            Warning - 1 : Skipping Token IND20N-0,42A_2 On Line 30681
            Warning - 1 : Skipping Token IND220UH-0,35A_1 On Line 30717
            Warning - 1 : Skipping Token IND220UH-0,35A_2 On Line 30753
            Warning - 1 : Skipping Token IND220UH-1,16A_1 On Line 30789
            Warning - 1 : Skipping Token IND220UH-1,16A_2 On Line 30825
            Warning - 1 : Skipping Token IND22UH-1,05A_1 On Line 30861
            Warning - 1 : Skipping Token IND22UH-1,05A_2 On Line 30897
            Warning - 1 : Skipping Token IND22UH-3,6A_1 On Line 30933
            Warning - 1 : Skipping Token IND22UH-3,6A_2 On Line 30969
            Warning - 1 : Skipping Token IND270N-0,35A_1 On Line 31005
            Warning - 1 : Skipping Token IND270N-0,35A_2 On Line 31041
            Warning - 1 : Skipping Token IND2U2-22A_1 On Line 31077
            Warning - 1 : Skipping Token IND2U2-22A_2 On Line 31113
            Warning - 1 : Skipping Token IND33N-0,5A_1 On Line 31149
            Warning - 1 : Skipping Token IND33N-0,5A_2 On Line 31185
            Warning - 1 : Skipping Token IND4,7UH-30A_1 On Line 31221
            Warning - 1 : Skipping Token IND4,7UH-30A_2 On Line 31257
            Warning - 1 : Skipping Token IND4,7UH-4,9A_1 On Line 31293
            Warning - 1 : Skipping Token IND4,7UH-4,9A_2 On Line 31329
            Warning - 1 : Skipping Token IND4,7UH-5,5A_1 On Line 31365
            Warning - 1 : Skipping Token IND4,7UH-5,5A_2 On Line 31401
            Warning - 1 : Skipping Token IND470U-0,076A_1 On Line 31437
            Warning - 1 : Skipping Token IND470U-0,076A_2 On Line 31473
            Warning - 1 : Skipping Token IND470U-0,8A_2 On Line 31509
            Warning - 1 : Skipping Token IND470UH-0,24A_1 On Line 31545
            Warning - 1 : Skipping Token IND470UH-0,24A_2 On Line 31581
            Warning - 1 : Skipping Token IND470UH-0,8A_1 On Line 31617
            Warning - 1 : Skipping Token IND470UH-0,8A_2 On Line 31653
            Warning - 1 : Skipping Token IND47U-0,23A_1 On Line 31689
            Warning - 1 : Skipping Token IND47U-0,23A_2 On Line 31725
            Warning - 1 : Skipping Token IND47UH-0,75A_1 On Line 31761
            Warning - 1 : Skipping Token IND47UH-0,75A_2 On Line 31797
            Warning - 1 : Skipping Token IND47UH-2,5A_1 On Line 31833
            Warning - 1 : Skipping Token IND47UH-2,5A_2 On Line 31869
            Warning - 1 : Skipping Token IND47UH-8,7A_1 On Line 31905
            Warning - 1 : Skipping Token IND47UH-8,7A_2 On Line 31941
            Warning - 1 : Skipping Token IND4U7-13,5A_1 On Line 31977
            Warning - 1 : Skipping Token IND4U7-13,5A_2 On Line 32013
            Warning - 1 : Skipping Token IND5,6N-0,9A_1 On Line 32049
            Warning - 1 : Skipping Token IND5,6N-0,9A_2 On Line 32085
            Warning - 1 : Skipping Token IND5U6-13.5A On Line 32121
            Warning - 1 : Skipping Token IND5U6-13.5A_1 On Line 32157
            Warning - 1 : Skipping Token IND6,8N-0,68A_1 On Line 32193
            Warning - 1 : Skipping Token IND6,8N-0,68A_2 On Line 32229
            Warning - 1 : Skipping Token IND6,8N-0,8A_1 On Line 32265
            Warning - 1 : Skipping Token IND6,8N-0,8A_2 On Line 32301
            Warning - 1 : Skipping Token IND6,8U-0,08A_1 On Line 32337
            Warning - 1 : Skipping Token IND6,8U-0,08A_2 On Line 32373
            Warning - 1 : Skipping Token IND68N-0,5A_1 On Line 32409
            Warning - 1 : Skipping Token IND68N-0,5A_2 On Line 32445
            Warning - 1 : Skipping Token IND8,2N-0,7A_1 On Line 32481
            Warning - 1 : Skipping Token IND8,2N-0,7A_2 On Line 32517
            Warning - 1 : Skipping Token IND82N-0,4A_1 On Line 32553
            Warning - 1 : Skipping Token IND82N-0,4A_2 On Line 32589
            Warning - 1 : Skipping Token L-R1000-0,1A_1 On Line 32625
            Warning - 1 : Skipping Token L-R1000-0,1A_2 On Line 32660
            Warning - 1 : Skipping Token L-R600-1,5A_1 On Line 32695
            Warning - 1 : Skipping Token L-R600-1,5A_2 On Line 32730
            Warning - 1 : Skipping Token д204 On Line 32765
            Warning - 1 : Skipping Token attachedSymbol On Line 32850
            Warning - 1 : Skipping Token attachedSymbol On Line 32851
            Warning - 1 : Skipping Token attachedSymbol On Line 32872
            Warning - 1 : Skipping Token attachedSymbol On Line 32873
            Warning - 1 : Skipping Token attachedSymbol On Line 32894
            Warning - 1 : Skipping Token attachedSymbol On Line 32895
            Warning - 1 : Skipping Token attachedSymbol On Line 32916
            Warning - 1 : Skipping Token attachedSymbol On Line 32917
            Warning - 1 : Skipping Token attachedSymbol On Line 32938
            Warning - 1 : Skipping Token attachedSymbol On Line 32939
            Warning - 1 : Skipping Token attachedSymbol On Line 32960
            Warning - 1 : Skipping Token attachedSymbol On Line 32961
            Warning - 1 : Skipping Token attachedSymbol On Line 32982
            Warning - 1 : Skipping Token attachedSymbol On Line 32983
            Warning - 1 : Skipping Token attachedSymbol On Line 33004
            Warning - 1 : Skipping Token attachedSymbol On Line 33005
            Warning - 1 : Skipping Token attachedSymbol On Line 33026
            Warning - 1 : Skipping Token attachedSymbol On Line 33027
            Warning - 1 : Skipping Token attachedSymbol On Line 33048
            Warning - 1 : Skipping Token attachedSymbol On Line 33049
            Warning - 1 : Skipping Token attachedSymbol On Line 33070
            Warning - 1 : Skipping Token attachedSymbol On Line 33071
            Warning - 1 : Skipping Token attachedSymbol On Line 33092
            Warning - 1 : Skipping Token attachedSymbol On Line 33093
            Warning - 1 : Skipping Token attachedSymbol On Line 33113
            Warning - 1 : Skipping Token attachedSymbol On Line 33114
            Warning - 1 : Skipping Token attachedSymbol On Line 33134
            Warning - 1 : Skipping Token attachedSymbol On Line 33135
            Warning - 1 : Skipping Token attachedSymbol On Line 33155
            Warning - 1 : Skipping Token attachedSymbol On Line 33156
            Warning - 1 : Skipping Token attachedSymbol On Line 33182
            Warning - 1 : Skipping Token attachedSymbol On Line 33207
            Warning - 1 : Skipping Token attachedSymbol On Line 33208
            Warning - 1 : Skipping Token attachedSymbol On Line 33228
            Warning - 1 : Skipping Token attachedSymbol On Line 33229
            Warning - 1 : Skipping Token attachedSymbol On Line 33249
            Warning - 1 : Skipping Token attachedSymbol On Line 33250
            Warning - 1 : Skipping Token attachedSymbol On Line 33270
            Warning - 1 : Skipping Token attachedSymbol On Line 33271
            Warning - 1 : Skipping Token attachedSymbol On Line 33291
            Warning - 1 : Skipping Token attachedSymbol On Line 33292
            Warning - 1 : Skipping Token attachedSymbol On Line 33312
            Warning - 1 : Skipping Token attachedSymbol On Line 33313
            Warning - 1 : Skipping Token attachedSymbol On Line 33333
            Warning - 1 : Skipping Token attachedSymbol On Line 33334
            Warning - 1 : Skipping Token attachedSymbol On Line 33354
            Warning - 1 : Skipping Token attachedSymbol On Line 33355
            Warning - 1 : Skipping Token attachedSymbol On Line 33375
            Warning - 1 : Skipping Token attachedSymbol On Line 33376
            Warning - 1 : Skipping Token attachedSymbol On Line 33396
            Warning - 1 : Skipping Token attachedSymbol On Line 33397
            Warning - 1 : Skipping Token attachedSymbol On Line 33417
            Warning - 1 : Skipping Token attachedSymbol On Line 33418
            Warning - 1 : Skipping Token attachedSymbol On Line 33438
            Warning - 1 : Skipping Token attachedSymbol On Line 33439
            Warning - 1 : Skipping Token attachedSymbol On Line 33459
            Warning - 1 : Skipping Token attachedSymbol On Line 33460
            Warning - 1 : Skipping Token attachedSymbol On Line 33480
            Warning - 1 : Skipping Token attachedSymbol On Line 33481
            Warning - 1 : Skipping Token attachedSymbol On Line 33501
            Warning - 1 : Skipping Token attachedSymbol On Line 33502
            Warning - 1 : Skipping Token attachedSymbol On Line 33522
            Warning - 1 : Skipping Token attachedSymbol On Line 33523
            Warning - 1 : Skipping Token attachedSymbol On Line 33543
            Warning - 1 : Skipping Token attachedSymbol On Line 33544
            Warning - 1 : Skipping Token attachedSymbol On Line 33565
            Warning - 1 : Skipping Token attachedSymbol On Line 33585
            Warning - 1 : Skipping Token attachedSymbol On Line 33586
            Warning - 1 : Skipping Token attachedSymbol On Line 33607
            Warning - 1 : Skipping Token attachedSymbol On Line 33608
            Warning - 1 : Skipping Token attachedSymbol On Line 33628
            Warning - 1 : Skipping Token attachedSymbol On Line 33629
            Warning - 1 : Skipping Token attachedSymbol On Line 33650
            Warning - 1 : Skipping Token attachedSymbol On Line 33651
            Warning - 1 : Skipping Token attachedSymbol On Line 33671
            Warning - 1 : Skipping Token attachedSymbol On Line 33672
            Warning - 1 : Skipping Token attachedSymbol On Line 33692
            Warning - 1 : Skipping Token attachedSymbol On Line 33693
            Warning - 1 : Skipping Token attachedSymbol On Line 33716
            Warning - 1 : Skipping Token attachedSymbol On Line 33741
            Warning - 1 : Skipping Token attachedSymbol On Line 33766
            Warning - 1 : Skipping Token attachedSymbol On Line 33789
            Warning - 1 : Skipping Token attachedSymbol On Line 33810
            Warning - 1 : Skipping Token attachedSymbol On Line 33830
            Warning - 1 : Skipping Token attachedSymbol On Line 33831
            Warning - 1 : Skipping Token attachedSymbol On Line 33851
            Warning - 1 : Skipping Token attachedSymbol On Line 33852
            Warning - 1 : Skipping Token attachedSymbol On Line 33873
            Warning - 1 : Skipping Token attachedSymbol On Line 33893
            Warning - 1 : Skipping Token attachedSymbol On Line 33894
            Warning - 1 : Skipping Token attachedSymbol On Line 33914
            Warning - 1 : Skipping Token attachedSymbol On Line 33915
            Warning - 1 : Skipping Token attachedSymbol On Line 33935
            Warning - 1 : Skipping Token attachedSymbol On Line 33936
            Warning - 1 : Skipping Token attachedSymbol On Line 33956
            Warning - 1 : Skipping Token attachedSymbol On Line 33977
            Warning - 1 : Skipping Token attachedSymbol On Line 33998
            Warning - 1 : Skipping Token attachedSymbol On Line 34018
            Warning - 1 : Skipping Token attachedSymbol On Line 34019
            Warning - 1 : Skipping Token attachedSymbol On Line 34040
            Warning - 1 : Skipping Token attachedSymbol On Line 34062
            Warning - 1 : Skipping Token attachedSymbol On Line 34084
            Warning - 1 : Skipping Token attachedSymbol On Line 34105
            Warning - 1 : Skipping Token attachedSymbol On Line 34126
            Warning - 1 : Skipping Token attachedSymbol On Line 34147
            Warning - 1 : Skipping Token attachedSymbol On Line 34148
            Warning - 1 : Skipping Token attachedSymbol On Line 34168
            Warning - 1 : Skipping Token attachedSymbol On Line 34169
            Warning - 1 : Skipping Token attachedSymbol On Line 34189
            Warning - 1 : Skipping Token attachedSymbol On Line 34190
            Warning - 1 : Skipping Token attachedSymbol On Line 34210
            Warning - 1 : Skipping Token attachedSymbol On Line 34211
            Warning - 1 : Skipping Token attachedSymbol On Line 34231
            Warning - 1 : Skipping Token attachedSymbol On Line 34232
            Warning - 1 : Skipping Token attachedSymbol On Line 34252
            Warning - 1 : Skipping Token attachedSymbol On Line 34253
            Warning - 1 : Skipping Token attachedSymbol On Line 34273
            Warning - 1 : Skipping Token attachedSymbol On Line 34274
            Warning - 1 : Skipping Token attachedSymbol On Line 34294
            Warning - 1 : Skipping Token attachedSymbol On Line 34295
            Warning - 1 : Skipping Token attachedSymbol On Line 34315
            Warning - 1 : Skipping Token attachedSymbol On Line 34316
            Warning - 1 : Skipping Token attachedSymbol On Line 34336
            Warning - 1 : Skipping Token attachedSymbol On Line 34337
            Warning - 1 : Skipping Token attachedSymbol On Line 34357
            Warning - 1 : Skipping Token attachedSymbol On Line 34378
            Warning - 1 : Skipping Token attachedSymbol On Line 34399
            Warning - 1 : Skipping Token attachedSymbol On Line 34420
            Warning - 1 : Skipping Token attachedSymbol On Line 34441
            Warning - 1 : Skipping Token attachedSymbol On Line 34462
            Warning - 1 : Skipping Token attachedSymbol On Line 34483
            Warning - 1 : Skipping Token attachedSymbol On Line 34504
            Warning - 1 : Skipping Token attachedSymbol On Line 34524
            Warning - 1 : Skipping Token attachedSymbol On Line 34544
            Warning - 1 : Skipping Token attachedSymbol On Line 34565
            Warning - 1 : Skipping Token attachedSymbol On Line 34586
            Warning - 1 : Skipping Token attachedSymbol On Line 34607
            Warning - 1 : Skipping Token attachedSymbol On Line 34627
            Warning - 1 : Skipping Token attachedSymbol On Line 34648
            Warning - 1 : Skipping Token attachedSymbol On Line 34669
            Warning - 1 : Skipping Token attachedSymbol On Line 34690
            Warning - 1 : Skipping Token attachedSymbol On Line 34711
            Warning - 1 : Skipping Token attachedSymbol On Line 34731
            Warning - 1 : Skipping Token attachedSymbol On Line 34751
            Warning - 1 : Skipping Token attachedSymbol On Line 34752
            Warning - 1 : Skipping Token attachedSymbol On Line 34772
            Warning - 1 : Skipping Token attachedSymbol On Line 34793
            Warning - 1 : Skipping Token attachedSymbol On Line 34814
            Warning - 1 : Skipping Token attachedSymbol On Line 34835
            Warning - 1 : Skipping Token attachedSymbol On Line 34860
            Warning - 1 : Skipping Token attachedSymbol On Line 34884
            Warning - 1 : Skipping Token attachedSymbol On Line 34905
            Warning - 1 : Skipping Token attachedSymbol On Line 34928
            Warning - 1 : Skipping Token attachedSymbol On Line 34952
        EndSection

        Section : Import Messages
            Warning - 0 : PCAD Pattern Graphics [9230_SERIES][PRK] associated with PCAD Component [9230-92-RC] has been renamed to PCB FootPrint [9230_SERIES_PRK].
            Warning - 0 : PCAD Pattern Graphics [CF322513][Abris] associated with PCAD Component [B82422T_J] has been renamed to PCB FootPrint [CF322513_Abris].
            Warning - 0 : PCAD Pattern Graphics [B82462-G4][Abris] associated with PCAD Component [B82462-G4103-M] has been renamed to PCB FootPrint [B82462-G4_Abris].
            Warning - 0 : PCAD Pattern Graphics [B82477-G4][Abris] associated with PCAD Component [B82477-G4103-M] has been renamed to PCB FootPrint [B82477-G4_Abris].
            Warning - 0 : PCAD Pattern Graphics [CDRH124][Abris] associated with PCAD Component [CDRH124] has been renamed to PCB FootPrint [CDRH124_Abris].
            Warning - 0 : PCAD Pattern Graphics [IHLP_5050FD][Abris] associated with PCAD Component [IHLP5050FDER100M01] has been renamed to PCB FootPrint [IHLP_5050FD_Abris].
            Warning - 0 : PCAD Pattern Graphics [IHLP_6767GZ_11][Abris] associated with PCAD Component [IHLP6767GZER100M11] has been renamed to PCB FootPrint [IHLP_6767GZ_11_Abris].
            Warning - 0 : PCAD Pattern Graphics [K7X4X2][PRK] associated with PCAD Component [K7X4X2] has been renamed to PCB FootPrint [K7X4X2_PRK].
            Warning - 0 : PCAD Pattern Graphics [DROSSEL-5H-0,3MA][PRK] associated with PCAD Component [L-5м-0.3A] has been renamed to PCB FootPrint [DROSSEL-5H-0,3MA_PRK].
            Warning - 0 : PCAD Pattern Graphics [LPA0618][PRK] associated with PCAD Component [LPA0618] has been renamed to PCB FootPrint [LPA0618_PRK].
            Warning - 0 : PCAD Pattern Graphics [LPA1020][PRK] associated with PCAD Component [LPA1020] has been renamed to PCB FootPrint [LPA1020_PRK].
            Warning - 0 : PCAD Pattern Graphics [LPA1226][PRK] associated with PCAD Component [LPA1226] has been renamed to PCB FootPrint [LPA1226_PRK].
            Warning - 0 : PCAD Pattern Graphics [SRR1206][Abris] associated with PCAD Component [SRR1206] has been renamed to PCB FootPrint [SRR1206_Abris].
            Warning - 0 : PCAD Pattern Graphics [дол 0,2-30╠10%][PRK] associated with PCAD Component [дол 0,2-30╠10%] has been renamed to PCB FootPrint [дол 0,2-30╠10%_PRK].
        EndSection
    EndSection

    Section : SCH Library - Drossel.SchLib
        Section : Parsing Messages
            Warning - 1 : Skipping Token padStyleDef On Line 13
            Warning - 1 : Skipping Token padStyleDef On Line 23
            Warning - 1 : Skipping Token padStyleDef On Line 34
            Warning - 1 : Skipping Token padStyleDef On Line 45
            Warning - 1 : Skipping Token padStyleDef On Line 56
            Warning - 1 : Skipping Token padStyleDef On Line 67
            Warning - 1 : Skipping Token padStyleDef On Line 77
            Warning - 1 : Skipping Token padStyleDef On Line 87
            Warning - 1 : Skipping Token padStyleDef On Line 98
            Warning - 1 : Skipping Token padStyleDef On Line 109
            Warning - 1 : Skipping Token padStyleDef On Line 120
            Warning - 1 : Skipping Token padStyleDef On Line 131
            Warning - 1 : Skipping Token padStyleDef On Line 142
            Warning - 1 : Skipping Token padStyleDef On Line 152
            Warning - 1 : Skipping Token padStyleDef On Line 162
            Warning - 1 : Skipping Token padStyleDef On Line 173
            Warning - 1 : Skipping Token padStyleDef On Line 183
            Warning - 1 : Skipping Token padStyleDef On Line 194
            Warning - 1 : Skipping Token padStyleDef On Line 205
            Warning - 1 : Skipping Token padStyleDef On Line 216
            Warning - 1 : Skipping Token padStyleDef On Line 227
            Warning - 1 : Skipping Token padStyleDef On Line 237
            Warning - 1 : Skipping Token padStyleDef On Line 248
            Warning - 1 : Skipping Token padStyleDef On Line 258
            Warning - 1 : Skipping Token padStyleDef On Line 269
            Warning - 1 : Skipping Token padStyleDef On Line 280
            Warning - 1 : Skipping Token padStyleDef On Line 291
            Warning - 1 : Skipping Token padStyleDef On Line 302
            Warning - 1 : Skipping Token padStyleDef On Line 313
            Warning - 1 : Skipping Token padStyleDef On Line 323
            Warning - 1 : Skipping Token padStyleDef On Line 334
            Warning - 1 : Skipping Token padStyleDef On Line 345
            Warning - 1 : Skipping Token padStyleDef On Line 356
            Warning - 1 : Skipping Token padStyleDef On Line 367
            Warning - 1 : Skipping Token padStyleDef On Line 377
            Warning - 1 : Skipping Token padStyleDef On Line 388
            Warning - 1 : Skipping Token padStyleDef On Line 399
            Warning - 1 : Skipping Token padStyleDef On Line 410
            Warning - 1 : Skipping Token padStyleDef On Line 421
            Warning - 1 : Skipping Token padStyleDef On Line 432
            Warning - 1 : Skipping Token padStyleDef On Line 443
            Warning - 1 : Skipping Token padStyleDef On Line 454
            Warning - 1 : Skipping Token padStyleDef On Line 465
            Warning - 1 : Skipping Token padStyleDef On Line 476
            Warning - 1 : Skipping Token padStyleDef On Line 487
            Warning - 1 : Skipping Token padStyleDef On Line 497
            Warning - 1 : Skipping Token viaStyleDef On Line 507
            Warning - 1 : Skipping Token multiLayer On Line 838
            Warning - 1 : Skipping Token layerContents On Line 844
            Warning - 1 : Skipping Token layerContents On Line 855
            Warning - 1 : Skipping Token multiLayer On Line 869
            Warning - 1 : Skipping Token layerContents On Line 875
            Warning - 1 : Skipping Token layerContents On Line 886
            Warning - 1 : Skipping Token multiLayer On Line 900
            Warning - 1 : Skipping Token layerContents On Line 906
            Warning - 1 : Skipping Token layerContents On Line 917
            Warning - 1 : Skipping Token multiLayer On Line 931
            Warning - 1 : Skipping Token layerContents On Line 937
            Warning - 1 : Skipping Token layerContents On Line 948
            Warning - 1 : Skipping Token multiLayer On Line 962
            Warning - 1 : Skipping Token layerContents On Line 966
            Warning - 1 : Skipping Token multiLayer On Line 983
            Warning - 1 : Skipping Token layerContents On Line 987
            Warning - 1 : Skipping Token layerContents On Line 997
            Warning - 1 : Skipping Token multiLayer On Line 1013
            Warning - 1 : Skipping Token layerContents On Line 1022
            Warning - 1 : Skipping Token layerContents On Line 1035
            Warning - 1 : Skipping Token multiLayer On Line 1094
            Warning - 1 : Skipping Token layerContents On Line 1100
            Warning - 1 : Skipping Token layerContents On Line 1109
            Warning - 1 : Skipping Token multiLayer On Line 1123
            Warning - 1 : Skipping Token layerContents On Line 1129
            Warning - 1 : Skipping Token layerContents On Line 1146
            Warning - 1 : Skipping Token multiLayer On Line 1163
            Warning - 1 : Skipping Token layerContents On Line 1169
            Warning - 1 : Skipping Token layerContents On Line 1182
            Warning - 1 : Skipping Token multiLayer On Line 1215
            Warning - 1 : Skipping Token layerContents On Line 1221
            Warning - 1 : Skipping Token layerContents On Line 1236
            Warning - 1 : Skipping Token multiLayer On Line 1253
            Warning - 1 : Skipping Token layerContents On Line 1259
            Warning - 1 : Skipping Token layerContents On Line 1279
            Warning - 1 : Skipping Token multiLayer On Line 1298
            Warning - 1 : Skipping Token layerContents On Line 1304
            Warning - 1 : Skipping Token layerContents On Line 1325
            Warning - 1 : Skipping Token multiLayer On Line 1356
            Warning - 1 : Skipping Token layerContents On Line 1362
            Warning - 1 : Skipping Token layerContents On Line 1375
            Warning - 1 : Skipping Token multiLayer On Line 1404
            Warning - 1 : Skipping Token layerContents On Line 1412
            Warning - 1 : Skipping Token layerContents On Line 1422
            Warning - 1 : Skipping Token multiLayer On Line 1436
            Warning - 1 : Skipping Token layerContents On Line 1440
            Warning - 1 : Skipping Token layerContents On Line 1449
            Warning - 1 : Skipping Token multiLayer On Line 1466
            Warning - 1 : Skipping Token layerContents On Line 1470
            Warning - 1 : Skipping Token layerContents On Line 1479
            Warning - 1 : Skipping Token multiLayer On Line 1492
            Warning - 1 : Skipping Token layerContents On Line 1498
            Warning - 1 : Skipping Token layerContents On Line 1513
            Warning - 1 : Skipping Token multiLayer On Line 1530
            Warning - 1 : Skipping Token layerContents On Line 1536
            Warning - 1 : Skipping Token layerContents On Line 1556
            Warning - 1 : Skipping Token multiLayer On Line 1575
            Warning - 1 : Skipping Token layerContents On Line 1581
            Warning - 1 : Skipping Token layerContents On Line 1589
            Warning - 1 : Skipping Token multiLayer On Line 1598
            Warning - 1 : Skipping Token layerContents On Line 1604
            Warning - 1 : Skipping Token layerContents On Line 1613
            Warning - 1 : Skipping Token multiLayer On Line 1627
            Warning - 1 : Skipping Token layerContents On Line 1633
            Warning - 1 : Skipping Token layerContents On Line 1646
            Warning - 1 : Skipping Token multiLayer On Line 1662
            Warning - 1 : Skipping Token layerContents On Line 1666
            Warning - 1 : Skipping Token layerContents On Line 1675
            Warning - 1 : Skipping Token multiLayer On Line 1689
            Warning - 1 : Skipping Token layerContents On Line 1693
            Warning - 1 : Skipping Token layerContents On Line 1701
            Warning - 1 : Skipping Token multiLayer On Line 1713
            Warning - 1 : Skipping Token layerContents On Line 1717
            Warning - 1 : Skipping Token layerContents On Line 1724
            Warning - 1 : Skipping Token multiLayer On Line 1736
            Warning - 1 : Skipping Token layerContents On Line 1742
            Warning - 1 : Skipping Token layerContents On Line 1753
            Warning - 1 : Skipping Token multiLayer On Line 1774
            Warning - 1 : Skipping Token layerContents On Line 1780
            Warning - 1 : Skipping Token layerContents On Line 1792
            Warning - 1 : Skipping Token multiLayer On Line 1817
            Warning - 1 : Skipping Token layerContents On Line 1821
            Warning - 1 : Skipping Token multiLayer On Line 1838
            Warning - 1 : Skipping Token layerContents On Line 1842
            Warning - 1 : Skipping Token layerContents On Line 1851
            Warning - 1 : Skipping Token multiLayer On Line 1865
            Warning - 1 : Skipping Token layerContents On Line 1869
            Warning - 1 : Skipping Token layerContents On Line 1876
            Warning - 1 : Skipping Token multiLayer On Line 1888
            Warning - 1 : Skipping Token layerContents On Line 1894
            Warning - 1 : Skipping Token layerContents On Line 1903
            Warning - 1 : Skipping Token multiLayer On Line 1917
            Warning - 1 : Skipping Token layerContents On Line 1921
            Warning - 1 : Skipping Token layerContents On Line 1932
            Warning - 1 : Skipping Token multiLayer On Line 1950
            Warning - 1 : Skipping Token layerContents On Line 1954
            Warning - 1 : Skipping Token layerContents On Line 1965
            Warning - 1 : Skipping Token multiLayer On Line 1981
            Warning - 1 : Skipping Token layerContents On Line 1987
            Warning - 1 : Skipping Token layerContents On Line 2002
            Warning - 1 : Skipping Token multiLayer On Line 2026
            Warning - 1 : Skipping Token layerContents On Line 2032
            Warning - 1 : Skipping Token layerContents On Line 2048
            Warning - 1 : Skipping Token multiLayer On Line 2057
            Warning - 1 : Skipping Token layerContents On Line 2063
            Warning - 1 : Skipping Token layerContents On Line 2075
            Warning - 1 : Skipping Token multiLayer On Line 2095
            Warning - 1 : Skipping Token layerContents On Line 2101
            Warning - 1 : Skipping Token layerContents On Line 2117
            Warning - 1 : Skipping Token multiLayer On Line 2126
            Warning - 1 : Skipping Token layerContents On Line 2132
            Warning - 1 : Skipping Token layerContents On Line 2143
            Warning - 1 : Skipping Token multiLayer On Line 2157
            Warning - 1 : Skipping Token layerContents On Line 2225
            Warning - 1 : Skipping Token layerContents On Line 2235
            Warning - 1 : Skipping Token multiLayer On Line 27165
            Warning - 1 : Skipping Token layerContents On Line 27169
            Warning - 1 : Skipping Token multiLayer On Line 27186
            Warning - 1 : Skipping Token layerContents On Line 27190
            Warning - 1 : Skipping Token layerContents On Line 27217
            Warning - 1 : Skipping Token multiLayer On Line 27249
            Warning - 1 : Skipping Token layerContents On Line 27255
            Warning - 1 : Skipping Token layerContents On Line 27267
            Warning - 1 : Skipping Token multiLayer On Line 27281
            Warning - 1 : Skipping Token layerContents On Line 27287
            Warning - 1 : Skipping Token layerContents On Line 27299
            Warning - 1 : Skipping Token multiLayer On Line 27313
            Warning - 1 : Skipping Token layerContents On Line 27317
            Warning - 1 : Skipping Token multiLayer On Line 27334
            Warning - 1 : Skipping Token layerContents On Line 27338
            Warning - 1 : Skipping Token layerContents On Line 27350
            Warning - 1 : Skipping Token multiLayer On Line 27368
            Warning - 1 : Skipping Token layerContents On Line 27372
            Warning - 1 : Skipping Token multiLayer On Line 27389
            Warning - 1 : Skipping Token layerContents On Line 27393
            Warning - 1 : Skipping Token layerContents On Line 27405
            Warning - 1 : Skipping Token multiLayer On Line 27423
            Warning - 1 : Skipping Token layerContents On Line 27427
            Warning - 1 : Skipping Token multiLayer On Line 27444
            Warning - 1 : Skipping Token layerContents On Line 27448
            Warning - 1 : Skipping Token layerContents On Line 27460
            Warning - 1 : Skipping Token multiLayer On Line 27478
            Warning - 1 : Skipping Token layerContents On Line 27484
            Warning - 1 : Skipping Token layerContents On Line 27494
            Warning - 1 : Skipping Token multiLayer On Line 27508
            Warning - 1 : Skipping Token layerContents On Line 27512
            Warning - 1 : Skipping Token layerContents On Line 27520
            Warning - 1 : Skipping Token multiLayer On Line 27532
            Warning - 1 : Skipping Token layerContents On Line 27536
            Warning - 1 : Skipping Token layerContents On Line 27543
            Warning - 1 : Skipping Token multiLayer On Line 27561
            Warning - 1 : Skipping Token layerContents On Line 27565
            Warning - 1 : Skipping Token layerContents On Line 27575
            Warning - 1 : Skipping Token multiLayer On Line 27589
            Warning - 1 : Skipping Token layerContents On Line 27593
            Warning - 1 : Skipping Token layerContents On Line 27597
            Warning - 1 : Skipping Token layerContents On Line 27605
            Warning - 1 : Skipping Token multiLayer On Line 27617
            Warning - 1 : Skipping Token layerContents On Line 27621
            Warning - 1 : Skipping Token layerContents On Line 27625
            Warning - 1 : Skipping Token layerContents On Line 27633
            Warning - 1 : Skipping Token multiLayer On Line 27645
            Warning - 1 : Skipping Token layerContents On Line 27650
            Warning - 1 : Skipping Token layerContents On Line 27662
            Warning - 1 : Skipping Token multiLayer On Line 27676
            Warning - 1 : Skipping Token layerContents On Line 27682
            Warning - 1 : Skipping Token layerContents On Line 27694
            Warning - 1 : Skipping Token multiLayer On Line 27708
            Warning - 1 : Skipping Token layerContents On Line 27714
            Warning - 1 : Skipping Token layerContents On Line 27726
            Warning - 1 : Skipping Token multiLayer On Line 27740
            Warning - 1 : Skipping Token layerContents On Line 27744
            Warning - 1 : Skipping Token layerContents On Line 27752
            Warning - 1 : Skipping Token multiLayer On Line 27764
            Warning - 1 : Skipping Token layerContents On Line 27768
            Warning - 1 : Skipping Token layerContents On Line 27776
            Warning - 1 : Skipping Token multiLayer On Line 27788
            Warning - 1 : Skipping Token layerContents On Line 27792
            Warning - 1 : Skipping Token layerContents On Line 27803
            Warning - 1 : Skipping Token multiLayer On Line 27817
            Warning - 1 : Skipping Token layerContents On Line 27821
            Warning - 1 : Skipping Token layerContents On Line 27831
            Warning - 1 : Skipping Token multiLayer On Line 27846
            Warning - 1 : Skipping Token layerContents On Line 27852
            Warning - 1 : Skipping Token layerContents On Line 27861
            Warning - 1 : Skipping Token multiLayer On Line 27875
            Warning - 1 : Skipping Token layerContents On Line 27881
            Warning - 1 : Skipping Token layerContents On Line 27891
            Warning - 1 : Skipping Token multiLayer On Line 27905
            Warning - 1 : Skipping Token layerContents On Line 27909
            Warning - 1 : Skipping Token layerContents On Line 27917
            Warning - 1 : Skipping Token multiLayer On Line 27929
            Warning - 1 : Skipping Token layerContents On Line 27935
            Warning - 1 : Skipping Token layerContents On Line 27944
            Warning - 1 : Skipping Token multiLayer On Line 27958
            Warning - 1 : Skipping Token layerContents On Line 27964
            Warning - 1 : Skipping Token layerContents On Line 27979
            Warning - 1 : Skipping Token multiLayer On Line 27996
            Warning - 1 : Skipping Token layerContents On Line 28002
            Warning - 1 : Skipping Token layerContents On Line 28022
            Warning - 1 : Skipping Token multiLayer On Line 28041
            Warning - 1 : Skipping Token layerContents On Line 28053
            Warning - 1 : Skipping Token layerContents On Line 28062
            Warning - 1 : Skipping Token multiLayer On Line 28076
            Warning - 1 : Skipping Token layerContents On Line 28080
            Warning - 1 : Skipping Token multiLayer On Line 28097
            Warning - 1 : Skipping Token layerContents On Line 28101
            Warning - 1 : Skipping Token layerContents On Line 28112
            Warning - 1 : Skipping Token multiLayer On Line 28128
            Warning - 1 : Skipping Token layerContents On Line 28132
            Warning - 1 : Skipping Token layerContents On Line 28144
            Warning - 1 : Skipping Token multiLayer On Line 28162
            Warning - 1 : Skipping Token layerContents On Line 28168
            Warning - 1 : Skipping Token layerContents On Line 28181
            Warning - 1 : Skipping Token multiLayer On Line 28211
            Warning - 1 : Skipping Token layerContents On Line 28217
            Warning - 1 : Skipping Token layerContents On Line 28230
            Warning - 1 : Skipping Token defaultPinDes On Line 28559
            Warning - 1 : Skipping Token defaultPinDes On Line 28567
            Warning - 1 : Skipping Token defaultPinDes On Line 28594
            Warning - 1 : Skipping Token defaultPinDes On Line 28602
            Warning - 1 : Skipping Token defaultPinDes On Line 28629
            Warning - 1 : Skipping Token defaultPinDes On Line 28637
            Warning - 1 : Skipping Token defaultPinDes On Line 28664
            Warning - 1 : Skipping Token defaultPinDes On Line 28672
            Warning - 1 : Skipping Token defaultPinDes On Line 28699
            Warning - 1 : Skipping Token defaultPinDes On Line 28707
            Warning - 1 : Skipping Token defaultPinDes On Line 28734
            Warning - 1 : Skipping Token defaultPinDes On Line 28742
            Warning - 1 : Skipping Token defaultPinDes On Line 28769
            Warning - 1 : Skipping Token defaultPinDes On Line 28777
            Warning - 1 : Skipping Token defaultPinDes On Line 28939
            Warning - 1 : Skipping Token defaultPinDes On Line 28946
            Warning - 1 : Skipping Token defaultPinDes On Line 28953
            Warning - 1 : Skipping Token defaultPinDes On Line 28960
            Warning - 1 : Skipping Token defaultPinDes On Line 28995
            Warning - 1 : Skipping Token defaultPinDes On Line 29002
            Warning - 1 : Skipping Token defaultPinDes On Line 29009
            Warning - 1 : Skipping Token defaultPinDes On Line 29016
            Warning - 1 : Skipping Token defaultPinDes On Line 29063
            Warning - 1 : Skipping Token defaultPinDes On Line 29070
            Warning - 1 : Skipping Token defaultPinDes On Line 29077
            Warning - 1 : Skipping Token defaultPinDes On Line 29084
            Warning - 1 : Skipping Token defaultPinDes On Line 29160
            Warning - 1 : Skipping Token defaultPinDes On Line 29168
            Warning - 1 : Skipping Token defaultPinDes On Line 29176
            Warning - 1 : Skipping Token defaultPinDes On Line 29184
            Warning - 1 : Skipping Token defaultPinDes On Line 29213
            Warning - 1 : Skipping Token defaultPinDes On Line 29221
            Warning - 1 : Skipping Token defaultPinDes On Line 29249
            Warning - 1 : Skipping Token defaultPinDes On Line 29257
            Warning - 1 : Skipping Token defaultPinDes On Line 29285
            Warning - 1 : Skipping Token defaultPinDes On Line 29293
            Warning - 1 : Skipping Token defaultPinDes On Line 29321
            Warning - 1 : Skipping Token defaultPinDes On Line 29329
            Warning - 1 : Skipping Token defaultPinDes On Line 29357
            Warning - 1 : Skipping Token defaultPinDes On Line 29365
            Warning - 1 : Skipping Token defaultPinDes On Line 29393
            Warning - 1 : Skipping Token defaultPinDes On Line 29401
            Warning - 1 : Skipping Token defaultPinDes On Line 29429
            Warning - 1 : Skipping Token defaultPinDes On Line 29437
            Warning - 1 : Skipping Token defaultPinDes On Line 29465
            Warning - 1 : Skipping Token defaultPinDes On Line 29473
            Warning - 1 : Skipping Token defaultPinDes On Line 29501
            Warning - 1 : Skipping Token defaultPinDes On Line 29509
            Warning - 1 : Skipping Token defaultPinDes On Line 29537
            Warning - 1 : Skipping Token defaultPinDes On Line 29545
            Warning - 1 : Skipping Token defaultPinDes On Line 29573
            Warning - 1 : Skipping Token defaultPinDes On Line 29581
            Warning - 1 : Skipping Token defaultPinDes On Line 29609
            Warning - 1 : Skipping Token defaultPinDes On Line 29617
            Warning - 1 : Skipping Token defaultPinDes On Line 29645
            Warning - 1 : Skipping Token defaultPinDes On Line 29653
            Warning - 1 : Skipping Token defaultPinDes On Line 29681
            Warning - 1 : Skipping Token defaultPinDes On Line 29689
            Warning - 1 : Skipping Token defaultPinDes On Line 29717
            Warning - 1 : Skipping Token defaultPinDes On Line 29725
            Warning - 1 : Skipping Token defaultPinDes On Line 29753
            Warning - 1 : Skipping Token defaultPinDes On Line 29761
            Warning - 1 : Skipping Token defaultPinDes On Line 29789
            Warning - 1 : Skipping Token defaultPinDes On Line 29797
            Warning - 1 : Skipping Token defaultPinDes On Line 29825
            Warning - 1 : Skipping Token defaultPinDes On Line 29833
            Warning - 1 : Skipping Token defaultPinDes On Line 29861
            Warning - 1 : Skipping Token defaultPinDes On Line 29869
            Warning - 1 : Skipping Token defaultPinDes On Line 29897
            Warning - 1 : Skipping Token defaultPinDes On Line 29905
            Warning - 1 : Skipping Token defaultPinDes On Line 29933
            Warning - 1 : Skipping Token defaultPinDes On Line 29941
            Warning - 1 : Skipping Token defaultPinDes On Line 29969
            Warning - 1 : Skipping Token defaultPinDes On Line 29977
            Warning - 1 : Skipping Token defaultPinDes On Line 30005
            Warning - 1 : Skipping Token defaultPinDes On Line 30013
            Warning - 1 : Skipping Token defaultPinDes On Line 30041
            Warning - 1 : Skipping Token defaultPinDes On Line 30049
            Warning - 1 : Skipping Token defaultPinDes On Line 30077
            Warning - 1 : Skipping Token defaultPinDes On Line 30085
            Warning - 1 : Skipping Token defaultPinDes On Line 30113
            Warning - 1 : Skipping Token defaultPinDes On Line 30121
            Warning - 1 : Skipping Token defaultPinDes On Line 30149
            Warning - 1 : Skipping Token defaultPinDes On Line 30157
            Warning - 1 : Skipping Token defaultPinDes On Line 30185
            Warning - 1 : Skipping Token defaultPinDes On Line 30193
            Warning - 1 : Skipping Token defaultPinDes On Line 30221
            Warning - 1 : Skipping Token defaultPinDes On Line 30229
            Warning - 1 : Skipping Token defaultPinDes On Line 30257
            Warning - 1 : Skipping Token defaultPinDes On Line 30265
            Warning - 1 : Skipping Token defaultPinDes On Line 30293
            Warning - 1 : Skipping Token defaultPinDes On Line 30301
            Warning - 1 : Skipping Token defaultPinDes On Line 30329
            Warning - 1 : Skipping Token defaultPinDes On Line 30337
            Warning - 1 : Skipping Token defaultPinDes On Line 30365
            Warning - 1 : Skipping Token defaultPinDes On Line 30373
            Warning - 1 : Skipping Token defaultPinDes On Line 30401
            Warning - 1 : Skipping Token defaultPinDes On Line 30409
            Warning - 1 : Skipping Token defaultPinDes On Line 30437
            Warning - 1 : Skipping Token defaultPinDes On Line 30445
            Warning - 1 : Skipping Token defaultPinDes On Line 30473
            Warning - 1 : Skipping Token defaultPinDes On Line 30481
            Warning - 1 : Skipping Token defaultPinDes On Line 30509
            Warning - 1 : Skipping Token defaultPinDes On Line 30517
            Warning - 1 : Skipping Token defaultPinDes On Line 30545
            Warning - 1 : Skipping Token defaultPinDes On Line 30553
            Warning - 1 : Skipping Token defaultPinDes On Line 30581
            Warning - 1 : Skipping Token defaultPinDes On Line 30589
            Warning - 1 : Skipping Token defaultPinDes On Line 30617
            Warning - 1 : Skipping Token defaultPinDes On Line 30625
            Warning - 1 : Skipping Token defaultPinDes On Line 30653
            Warning - 1 : Skipping Token defaultPinDes On Line 30661
            Warning - 1 : Skipping Token defaultPinDes On Line 30689
            Warning - 1 : Skipping Token defaultPinDes On Line 30697
            Warning - 1 : Skipping Token defaultPinDes On Line 30725
            Warning - 1 : Skipping Token defaultPinDes On Line 30733
            Warning - 1 : Skipping Token defaultPinDes On Line 30761
            Warning - 1 : Skipping Token defaultPinDes On Line 30769
            Warning - 1 : Skipping Token defaultPinDes On Line 30797
            Warning - 1 : Skipping Token defaultPinDes On Line 30805
            Warning - 1 : Skipping Token defaultPinDes On Line 30833
            Warning - 1 : Skipping Token defaultPinDes On Line 30841
            Warning - 1 : Skipping Token defaultPinDes On Line 30869
            Warning - 1 : Skipping Token defaultPinDes On Line 30877
            Warning - 1 : Skipping Token defaultPinDes On Line 30905
            Warning - 1 : Skipping Token defaultPinDes On Line 30913
            Warning - 1 : Skipping Token defaultPinDes On Line 30941
            Warning - 1 : Skipping Token defaultPinDes On Line 30949
            Warning - 1 : Skipping Token defaultPinDes On Line 30977
            Warning - 1 : Skipping Token defaultPinDes On Line 30985
            Warning - 1 : Skipping Token defaultPinDes On Line 31013
            Warning - 1 : Skipping Token defaultPinDes On Line 31021
            Warning - 1 : Skipping Token defaultPinDes On Line 31049
            Warning - 1 : Skipping Token defaultPinDes On Line 31057
            Warning - 1 : Skipping Token defaultPinDes On Line 31085
            Warning - 1 : Skipping Token defaultPinDes On Line 31093
            Warning - 1 : Skipping Token defaultPinDes On Line 31121
            Warning - 1 : Skipping Token defaultPinDes On Line 31129
            Warning - 1 : Skipping Token defaultPinDes On Line 31157
            Warning - 1 : Skipping Token defaultPinDes On Line 31165
            Warning - 1 : Skipping Token defaultPinDes On Line 31193
            Warning - 1 : Skipping Token defaultPinDes On Line 31201
            Warning - 1 : Skipping Token defaultPinDes On Line 31229
            Warning - 1 : Skipping Token defaultPinDes On Line 31237
            Warning - 1 : Skipping Token defaultPinDes On Line 31265
            Warning - 1 : Skipping Token defaultPinDes On Line 31273
            Warning - 1 : Skipping Token defaultPinDes On Line 31301
            Warning - 1 : Skipping Token defaultPinDes On Line 31309
            Warning - 1 : Skipping Token defaultPinDes On Line 31337
            Warning - 1 : Skipping Token defaultPinDes On Line 31345
            Warning - 1 : Skipping Token defaultPinDes On Line 31373
            Warning - 1 : Skipping Token defaultPinDes On Line 31381
            Warning - 1 : Skipping Token defaultPinDes On Line 31409
            Warning - 1 : Skipping Token defaultPinDes On Line 31417
            Warning - 1 : Skipping Token defaultPinDes On Line 31445
            Warning - 1 : Skipping Token defaultPinDes On Line 31453
            Warning - 1 : Skipping Token defaultPinDes On Line 31481
            Warning - 1 : Skipping Token defaultPinDes On Line 31489
            Warning - 1 : Skipping Token defaultPinDes On Line 31517
            Warning - 1 : Skipping Token defaultPinDes On Line 31525
            Warning - 1 : Skipping Token defaultPinDes On Line 31553
            Warning - 1 : Skipping Token defaultPinDes On Line 31561
            Warning - 1 : Skipping Token defaultPinDes On Line 31589
            Warning - 1 : Skipping Token defaultPinDes On Line 31597
            Warning - 1 : Skipping Token defaultPinDes On Line 31625
            Warning - 1 : Skipping Token defaultPinDes On Line 31633
            Warning - 1 : Skipping Token defaultPinDes On Line 31661
            Warning - 1 : Skipping Token defaultPinDes On Line 31669
            Warning - 1 : Skipping Token defaultPinDes On Line 31697
            Warning - 1 : Skipping Token defaultPinDes On Line 31705
            Warning - 1 : Skipping Token defaultPinDes On Line 31733
            Warning - 1 : Skipping Token defaultPinDes On Line 31741
            Warning - 1 : Skipping Token defaultPinDes On Line 31769
            Warning - 1 : Skipping Token defaultPinDes On Line 31777
            Warning - 1 : Skipping Token defaultPinDes On Line 31805
            Warning - 1 : Skipping Token defaultPinDes On Line 31813
            Warning - 1 : Skipping Token defaultPinDes On Line 31841
            Warning - 1 : Skipping Token defaultPinDes On Line 31849
            Warning - 1 : Skipping Token defaultPinDes On Line 31877
            Warning - 1 : Skipping Token defaultPinDes On Line 31885
            Warning - 1 : Skipping Token defaultPinDes On Line 31913
            Warning - 1 : Skipping Token defaultPinDes On Line 31921
            Warning - 1 : Skipping Token defaultPinDes On Line 31949
            Warning - 1 : Skipping Token defaultPinDes On Line 31957
            Warning - 1 : Skipping Token defaultPinDes On Line 31985
            Warning - 1 : Skipping Token defaultPinDes On Line 31993
            Warning - 1 : Skipping Token defaultPinDes On Line 32021
            Warning - 1 : Skipping Token defaultPinDes On Line 32029
            Warning - 1 : Skipping Token defaultPinDes On Line 32057
            Warning - 1 : Skipping Token defaultPinDes On Line 32065
            Warning - 1 : Skipping Token defaultPinDes On Line 32093
            Warning - 1 : Skipping Token defaultPinDes On Line 32101
            Warning - 1 : Skipping Token defaultPinDes On Line 32129
            Warning - 1 : Skipping Token defaultPinDes On Line 32137
            Warning - 1 : Skipping Token defaultPinDes On Line 32165
            Warning - 1 : Skipping Token defaultPinDes On Line 32173
            Warning - 1 : Skipping Token defaultPinDes On Line 32201
            Warning - 1 : Skipping Token defaultPinDes On Line 32209
            Warning - 1 : Skipping Token defaultPinDes On Line 32237
            Warning - 1 : Skipping Token defaultPinDes On Line 32245
            Warning - 1 : Skipping Token defaultPinDes On Line 32273
            Warning - 1 : Skipping Token defaultPinDes On Line 32281
            Warning - 1 : Skipping Token defaultPinDes On Line 32309
            Warning - 1 : Skipping Token defaultPinDes On Line 32317
            Warning - 1 : Skipping Token defaultPinDes On Line 32345
            Warning - 1 : Skipping Token defaultPinDes On Line 32353
            Warning - 1 : Skipping Token defaultPinDes On Line 32381
            Warning - 1 : Skipping Token defaultPinDes On Line 32389
            Warning - 1 : Skipping Token defaultPinDes On Line 32417
            Warning - 1 : Skipping Token defaultPinDes On Line 32425
            Warning - 1 : Skipping Token defaultPinDes On Line 32453
            Warning - 1 : Skipping Token defaultPinDes On Line 32461
            Warning - 1 : Skipping Token defaultPinDes On Line 32489
            Warning - 1 : Skipping Token defaultPinDes On Line 32497
            Warning - 1 : Skipping Token defaultPinDes On Line 32525
            Warning - 1 : Skipping Token defaultPinDes On Line 32533
            Warning - 1 : Skipping Token defaultPinDes On Line 32561
            Warning - 1 : Skipping Token defaultPinDes On Line 32569
            Warning - 1 : Skipping Token defaultPinDes On Line 32597
            Warning - 1 : Skipping Token defaultPinDes On Line 32605
            Warning - 1 : Skipping Token defaultPinDes On Line 32633
            Warning - 1 : Skipping Token defaultPinDes On Line 32641
            Warning - 1 : Skipping Token defaultPinDes On Line 32668
            Warning - 1 : Skipping Token defaultPinDes On Line 32676
            Warning - 1 : Skipping Token defaultPinDes On Line 32703
            Warning - 1 : Skipping Token defaultPinDes On Line 32711
            Warning - 1 : Skipping Token defaultPinDes On Line 32738
            Warning - 1 : Skipping Token defaultPinDes On Line 32746
            Warning - 1 : Skipping Token defaultPinDes On Line 32772
            Warning - 1 : Skipping Token defaultPinDes On Line 32779
            Warning - 1 : Skipping Token defaultPinDes On Line 32786
            Warning - 1 : Skipping Token defaultPinDes On Line 32793
            Warning - 1 : Skipping Token defaultPinDes On Line 32800
            Warning - 1 : Skipping Token defaultPinDes On Line 32807
        EndSection

        Section : Generating SCH Library - Drossel.SchLib
            Warning - 0 : PCAD Pattern Graphics [9230_SERIES][PRK] associated with PCAD Component [9230-92-RC] has been renamed to PCB FootPrint [9230_SERIES_PRK].
            Warning - 0 : PCAD Pattern Graphics [9230_SERIES][Primary] associated with PCAD Component [9230-92-RC] has been renamed to PCB FootPrint [9230_SERIES_Primary].
            Warning - 0 : PCAD Pattern Graphics [CF322513][Abris] associated with PCAD Component [B82422T_J] has been renamed to PCB FootPrint [CF322513_Abris].
            Warning - 0 : PCAD Pattern Graphics [CF322513][Primary] associated with PCAD Component [B82422T_J] has been renamed to PCB FootPrint [CF322513_Primary].
            Warning - 0 : PCAD Pattern Graphics [B82462-G4][Abris] associated with PCAD Component [B82462-G4103-M] has been renamed to PCB FootPrint [B82462-G4_Abris].
            Warning - 0 : PCAD Pattern Graphics [B82462-G4][Primary] associated with PCAD Component [B82462-G4103-M] has been renamed to PCB FootPrint [B82462-G4_Primary].
            Warning - 0 : PCAD Pattern Graphics [B82462-G4][Abris] associated with PCAD Component [B82462-G4104-M] has been renamed to PCB FootPrint [B82462-G4_Abris].
            Warning - 0 : PCAD Pattern Graphics [B82462-G4][Primary] associated with PCAD Component [B82462-G4104-M] has been renamed to PCB FootPrint [B82462-G4_Primary].
            Warning - 0 : PCAD Pattern Graphics [B82462-G4][Abris] associated with PCAD Component [B82462-G4223-M] has been renamed to PCB FootPrint [B82462-G4_Abris].
            Warning - 0 : PCAD Pattern Graphics [B82462-G4][Primary] associated with PCAD Component [B82462-G4223-M] has been renamed to PCB FootPrint [B82462-G4_Primary].
            Warning - 0 : PCAD Pattern Graphics [B82462-G4][Abris] associated with PCAD Component [B82462-G4224-M] has been renamed to PCB FootPrint [B82462-G4_Abris].
            Warning - 0 : PCAD Pattern Graphics [B82462-G4][Primary] associated with PCAD Component [B82462-G4224-M] has been renamed to PCB FootPrint [B82462-G4_Primary].
            Warning - 0 : PCAD Pattern Graphics [B82462-G4][Abris] associated with PCAD Component [B82462-G4472-M] has been renamed to PCB FootPrint [B82462-G4_Abris].
            Warning - 0 : PCAD Pattern Graphics [B82462-G4][Primary] associated with PCAD Component [B82462-G4472-M] has been renamed to PCB FootPrint [B82462-G4_Primary].
            Warning - 0 : PCAD Pattern Graphics [B82462-G4][Abris] associated with PCAD Component [B82462-G4473-M] has been renamed to PCB FootPrint [B82462-G4_Abris].
            Warning - 0 : PCAD Pattern Graphics [B82462-G4][Primary] associated with PCAD Component [B82462-G4473-M] has been renamed to PCB FootPrint [B82462-G4_Primary].
            Warning - 0 : PCAD Pattern Graphics [B82462-G4][Abris] associated with PCAD Component [B82462-G4474-M] has been renamed to PCB FootPrint [B82462-G4_Abris].
            Warning - 0 : PCAD Pattern Graphics [B82462-G4][Primary] associated with PCAD Component [B82462-G4474-M] has been renamed to PCB FootPrint [B82462-G4_Primary].
            Warning - 0 : PCAD Pattern Graphics [B82477-G4][Abris] associated with PCAD Component [B82477-G4103-M] has been renamed to PCB FootPrint [B82477-G4_Abris].
            Warning - 0 : PCAD Pattern Graphics [B82477-G4][Primary] associated with PCAD Component [B82477-G4103-M] has been renamed to PCB FootPrint [B82477-G4_Primary].
            Warning - 0 : PCAD Pattern Graphics [B82477-G4][Abris] associated with PCAD Component [B82477-G4104-M] has been renamed to PCB FootPrint [B82477-G4_Abris].
            Warning - 0 : PCAD Pattern Graphics [B82477-G4][Primary] associated with PCAD Component [B82477-G4104-M] has been renamed to PCB FootPrint [B82477-G4_Primary].
            Warning - 0 : PCAD Pattern Graphics [B82477-G4][Abris] associated with PCAD Component [B82477-G4105-M] has been renamed to PCB FootPrint [B82477-G4_Abris].
            Warning - 0 : PCAD Pattern Graphics [B82477-G4][Primary] associated with PCAD Component [B82477-G4105-M] has been renamed to PCB FootPrint [B82477-G4_Primary].
            Warning - 0 : PCAD Pattern Graphics [B82477-G4][Abris] associated with PCAD Component [B82477-G4223-M] has been renamed to PCB FootPrint [B82477-G4_Abris].
            Warning - 0 : PCAD Pattern Graphics [B82477-G4][Primary] associated with PCAD Component [B82477-G4223-M] has been renamed to PCB FootPrint [B82477-G4_Primary].
            Warning - 0 : PCAD Pattern Graphics [B82477-G4][Abris] associated with PCAD Component [B82477-G4224-M] has been renamed to PCB FootPrint [B82477-G4_Abris].
            Warning - 0 : PCAD Pattern Graphics [B82477-G4][Primary] associated with PCAD Component [B82477-G4224-M] has been renamed to PCB FootPrint [B82477-G4_Primary].
            Warning - 0 : PCAD Pattern Graphics [B82477-G4][Abris] associated with PCAD Component [B82477-G4473-M] has been renamed to PCB FootPrint [B82477-G4_Abris].
            Warning - 0 : PCAD Pattern Graphics [B82477-G4][Primary] associated with PCAD Component [B82477-G4473-M] has been renamed to PCB FootPrint [B82477-G4_Primary].
            Warning - 0 : PCAD Pattern Graphics [B82477-G4][Abris] associated with PCAD Component [B82477-G4474-M] has been renamed to PCB FootPrint [B82477-G4_Abris].
            Warning - 0 : PCAD Pattern Graphics [B82477-G4][Primary] associated with PCAD Component [B82477-G4474-M] has been renamed to PCB FootPrint [B82477-G4_Primary].
            Warning - 0 : PCAD Pattern Graphics [CDRH124][Abris] associated with PCAD Component [CDRH124] has been renamed to PCB FootPrint [CDRH124_Abris].
            Warning - 0 : PCAD Pattern Graphics [CDRH124][Primary] associated with PCAD Component [CDRH124] has been renamed to PCB FootPrint [CDRH124_Primary].
            Warning - 0 : PCAD Pattern Graphics [B82477-G4][Abris] associated with PCAD Component [CDRH127] has been renamed to PCB FootPrint [B82477-G4_Abris].
            Warning - 0 : PCAD Pattern Graphics [B82477-G4][Primary] associated with PCAD Component [CDRH127] has been renamed to PCB FootPrint [B82477-G4_Primary].
            Warning - 0 : PCAD Pattern Graphics [B82477-G4][Abris] associated with PCAD Component [CDRH127/LD] has been renamed to PCB FootPrint [B82477-G4_Abris].
            Warning - 0 : PCAD Pattern Graphics [B82477-G4][Primary] associated with PCAD Component [CDRH127/LD] has been renamed to PCB FootPrint [B82477-G4_Primary].
            Warning - 0 : PCAD Pattern Graphics [IHLP_5050FD][Abris] associated with PCAD Component [IHLP5050FDER100M01] has been renamed to PCB FootPrint [IHLP_5050FD_Abris].
            Warning - 0 : PCAD Pattern Graphics [IHLP_5050FD][Primary] associated with PCAD Component [IHLP5050FDER100M01] has been renamed to PCB FootPrint [IHLP_5050FD_Primary].
            Warning - 0 : PCAD Pattern Graphics [IHLP_5050FD][Abris] associated with PCAD Component [IHLP5050FDER1R0M01] has been renamed to PCB FootPrint [IHLP_5050FD_Abris].
            Warning - 0 : PCAD Pattern Graphics [IHLP_5050FD][Primary] associated with PCAD Component [IHLP5050FDER1R0M01] has been renamed to PCB FootPrint [IHLP_5050FD_Primary].
            Warning - 0 : PCAD Pattern Graphics [IHLP_5050FD][Abris] associated with PCAD Component [IHLP5050FDER2R2M01] has been renamed to PCB FootPrint [IHLP_5050FD_Abris].
            Warning - 0 : PCAD Pattern Graphics [IHLP_5050FD][Primary] associated with PCAD Component [IHLP5050FDER2R2M01] has been renamed to PCB FootPrint [IHLP_5050FD_Primary].
            Warning - 0 : PCAD Pattern Graphics [IHLP_5050FD][Abris] associated with PCAD Component [IHLP5050FDER4R7M01] has been renamed to PCB FootPrint [IHLP_5050FD_Abris].
            Warning - 0 : PCAD Pattern Graphics [IHLP_5050FD][Primary] associated with PCAD Component [IHLP5050FDER4R7M01] has been renamed to PCB FootPrint [IHLP_5050FD_Primary].
            Warning - 0 : PCAD Pattern Graphics [IHLP_5050FD][Abris] associated with PCAD Component [IHLP5050FDER5R6M01] has been renamed to PCB FootPrint [IHLP_5050FD_Abris].
            Warning - 0 : PCAD Pattern Graphics [IHLP_5050FD][Primary] associated with PCAD Component [IHLP5050FDER5R6M01] has been renamed to PCB FootPrint [IHLP_5050FD_Primary].
            Warning - 0 : PCAD Pattern Graphics [IHLP_6767GZ_11][Abris] associated with PCAD Component [IHLP6767GZER100M11] has been renamed to PCB FootPrint [IHLP_6767GZ_11_Abris].
            Warning - 0 : PCAD Pattern Graphics [IHLP_6767GZ_11][Primary] associated with PCAD Component [IHLP6767GZER100M11] has been renamed to PCB FootPrint [IHLP_6767GZ_11_Primary].
            Warning - 0 : PCAD Pattern Graphics [IHLP_6767GZ_11][Abris] associated with PCAD Component [IHLP6767GZER470M11] has been renamed to PCB FootPrint [IHLP_6767GZ_11_Abris].
            Warning - 0 : PCAD Pattern Graphics [IHLP_6767GZ_11][Primary] associated with PCAD Component [IHLP6767GZER470M11] has been renamed to PCB FootPrint [IHLP_6767GZ_11_Primary].
            Warning - 0 : PCAD Pattern Graphics [IHLP_6767GZ_11][Abris] associated with PCAD Component [IHLP6767GZER4R7M11] has been renamed to PCB FootPrint [IHLP_6767GZ_11_Abris].
            Warning - 0 : PCAD Pattern Graphics [IHLP_6767GZ_11][Primary] associated with PCAD Component [IHLP6767GZER4R7M11] has been renamed to PCB FootPrint [IHLP_6767GZ_11_Primary].
            Warning - 0 : PCAD Pattern Graphics [K7X4X2][PRK] associated with PCAD Component [K7X4X2] has been renamed to PCB FootPrint [K7X4X2_PRK].
            Warning - 0 : PCAD Pattern Graphics [K7X4X2][Primary] associated with PCAD Component [K7X4X2] has been renamed to PCB FootPrint [K7X4X2_Primary].
            Warning - 0 : PCAD Pattern Graphics [DROSSEL-5H-0,3MA][PRK] associated with PCAD Component [L-5м-0.3A] has been renamed to PCB FootPrint [DROSSEL-5H-0,3MA_PRK].
            Warning - 0 : PCAD Pattern Graphics [DROSSEL-5H-0,3MA][Primary] associated with PCAD Component [L-5м-0.3A] has been renamed to PCB FootPrint [DROSSEL-5H-0,3MA_Primary].
            Warning - 0 : PCAD Pattern Graphics [LPA0618][PRK] associated with PCAD Component [LPA0618] has been renamed to PCB FootPrint [LPA0618_PRK].
            Warning - 0 : PCAD Pattern Graphics [LPA0618][Primary] associated with PCAD Component [LPA0618] has been renamed to PCB FootPrint [LPA0618_Primary].
            Warning - 0 : PCAD Pattern Graphics [LPA1020][PRK] associated with PCAD Component [LPA1020] has been renamed to PCB FootPrint [LPA1020_PRK].
            Warning - 0 : PCAD Pattern Graphics [LPA1020][Primary] associated with PCAD Component [LPA1020] has been renamed to PCB FootPrint [LPA1020_Primary].
            Warning - 0 : PCAD Pattern Graphics [LPA1226][PRK] associated with PCAD Component [LPA1226] has been renamed to PCB FootPrint [LPA1226_PRK].
            Warning - 0 : PCAD Pattern Graphics [LPA1226][Primary] associated with PCAD Component [LPA1226] has been renamed to PCB FootPrint [LPA1226_Primary].
            Warning - 0 : PCAD Pattern Graphics [SRR1206][Abris] associated with PCAD Component [SRR1206] has been renamed to PCB FootPrint [SRR1206_Abris].
            Warning - 0 : PCAD Pattern Graphics [SRR1206][Primary] associated with PCAD Component [SRR1206] has been renamed to PCB FootPrint [SRR1206_Primary].
            Warning - 0 : PCAD Pattern Graphics [дол 0,2-30╠10%][PRK] associated with PCAD Component [дол 0,2-30╠10%] has been renamed to PCB FootPrint [дол 0,2-30╠10%_PRK].
            Warning - 0 : PCAD Pattern Graphics [дол 0,2-30╠10%][Primary] associated with PCAD Component [дол 0,2-30╠10%] has been renamed to PCB FootPrint [дол 0,2-30╠10%_Primary].
        EndSection
    EndSection
EndSection
