PCAD Importer Log
Project : Knopka.LibPkg

Section : D:\PCAD-Libs\Knopka.lib
    Section : PCB Library - Knopka.PcbLib
        Section : Load Messages
            Warning - 1 : Skipping Token defaultPinDes On Line 566
            Warning - 1 : Skipping Token defaultPinDes On Line 567
            Warning - 1 : Skipping Token defaultPinDes On Line 568
            Warning - 1 : Skipping Token defaultPinDes On Line 630
            Warning - 1 : Skipping Token defaultPinDes On Line 631
            Warning - 1 : Skipping Token defaultPinDes On Line 632
            Warning - 1 : Skipping Token defaultPinDes On Line 633
            Warning - 1 : Skipping Token defaultPinDes On Line 634
            Warning - 1 : Skipping Token defaultPinDes On Line 635
            Warning - 1 : Skipping Token defaultPinDes On Line 636
            Warning - 1 : Skipping Token defaultPinDes On Line 637
            Warning - 1 : Skipping Token defaultPinDes On Line 638
            Warning - 1 : Skipping Token defaultPinDes On Line 639
            Warning - 1 : Skipping Token defaultPinDes On Line 640
            Warning - 1 : Skipping Token defaultPinDes On Line 641
            Warning - 1 : Skipping Token defaultPinDes On Line 642
            Warning - 1 : Skipping Token defaultPinDes On Line 643
            Warning - 1 : Skipping Token defaultPinDes On Line 644
            Warning - 1 : Skipping Token defaultPinDes On Line 645
            Warning - 1 : Skipping Token defaultPinDes On Line 646
            Warning - 1 : Skipping Token defaultPinDes On Line 647
            Warning - 1 : Skipping Token defaultPinDes On Line 648
            Warning - 1 : Skipping Token defaultPinDes On Line 649
            Warning - 1 : Skipping Token defaultPinDes On Line 650
            Warning - 1 : Skipping Token defaultPinDes On Line 651
            Warning - 1 : Skipping Token defaultPinDes On Line 652
            Warning - 1 : Skipping Token defaultPinDes On Line 653
            Warning - 1 : Skipping Token defaultPinDes On Line 654
            Warning - 1 : Skipping Token defaultPinDes On Line 655
            Warning - 1 : Skipping Token defaultPinDes On Line 656
            Warning - 1 : Skipping Token defaultPinDes On Line 657
            Warning - 1 : Skipping Token defaultPinDes On Line 713
            Warning - 1 : Skipping Token defaultPinDes On Line 714
            Warning - 1 : Skipping Token defaultPinDes On Line 746
            Warning - 1 : Skipping Token defaultPinDes On Line 747
            Warning - 1 : Skipping Token defaultPinDes On Line 748
            Warning - 1 : Skipping Token defaultPinDes On Line 749
            Warning - 1 : Skipping Token defaultPinDes On Line 750
            Warning - 1 : Skipping Token defaultPinDes On Line 1747
            Warning - 1 : Skipping Token defaultPinDes On Line 1748
            Warning - 1 : Skipping Token defaultPinDes On Line 1749
            Warning - 1 : Skipping Token defaultPinDes On Line 1750
            Warning - 1 : Skipping Token defaultPinDes On Line 1803
            Warning - 1 : Skipping Token defaultPinDes On Line 1804
            Warning - 1 : Skipping Token defaultPinDes On Line 1805
            Warning - 1 : Skipping Token defaultPinDes On Line 1806
            Warning - 1 : Skipping Token defaultPinDes On Line 1807
            Warning - 1 : Skipping Token defaultPinDes On Line 1808
            Warning - 1 : Skipping Token defaultPinDes On Line 1809
            Warning - 1 : Skipping Token defaultPinDes On Line 1810
            Warning - 1 : Skipping Token defaultPinDes On Line 1883
            Warning - 1 : Skipping Token defaultPinDes On Line 1884
            Warning - 1 : Skipping Token defaultPinDes On Line 1885
            Warning - 1 : Skipping Token defaultPinDes On Line 1886
            Warning - 1 : Skipping Token defaultPinDes On Line 1887
            Warning - 1 : Skipping Token defaultPinDes On Line 1888
            Warning - 1 : Skipping Token defaultPinDes On Line 1889
            Warning - 1 : Skipping Token defaultPinDes On Line 1890
            Warning - 1 : Skipping Token defaultPinDes On Line 1891
            Warning - 1 : Skipping Token defaultPinDes On Line 1892
            Warning - 1 : Skipping Token defaultPinDes On Line 1893
            Warning - 1 : Skipping Token defaultPinDes On Line 1894
            Warning - 1 : Skipping Token defaultPinDes On Line 1987
            Warning - 1 : Skipping Token defaultPinDes On Line 1988
            Warning - 1 : Skipping Token defaultPinDes On Line 1989
            Warning - 1 : Skipping Token defaultPinDes On Line 1990
            Warning - 1 : Skipping Token defaultPinDes On Line 1991
            Warning - 1 : Skipping Token defaultPinDes On Line 1992
            Warning - 1 : Skipping Token defaultPinDes On Line 1993
            Warning - 1 : Skipping Token defaultPinDes On Line 1994
            Warning - 1 : Skipping Token defaultPinDes On Line 1995
            Warning - 1 : Skipping Token defaultPinDes On Line 1996
            Warning - 1 : Skipping Token defaultPinDes On Line 1997
            Warning - 1 : Skipping Token defaultPinDes On Line 1998
            Warning - 1 : Skipping Token defaultPinDes On Line 1999
            Warning - 1 : Skipping Token defaultPinDes On Line 2000
            Warning - 1 : Skipping Token defaultPinDes On Line 2001
            Warning - 1 : Skipping Token defaultPinDes On Line 2002
            Warning - 1 : Skipping Token defaultPinDes On Line 2115
            Warning - 1 : Skipping Token defaultPinDes On Line 2116
            Warning - 1 : Skipping Token defaultPinDes On Line 2117
            Warning - 1 : Skipping Token defaultPinDes On Line 2118
            Warning - 1 : Skipping Token defaultPinDes On Line 2119
            Warning - 1 : Skipping Token defaultPinDes On Line 2120
            Warning - 1 : Skipping Token defaultPinDes On Line 2121
            Warning - 1 : Skipping Token defaultPinDes On Line 2122
            Warning - 1 : Skipping Token defaultPinDes On Line 2123
            Warning - 1 : Skipping Token defaultPinDes On Line 2124
            Warning - 1 : Skipping Token defaultPinDes On Line 2125
            Warning - 1 : Skipping Token defaultPinDes On Line 2126
            Warning - 1 : Skipping Token defaultPinDes On Line 2127
            Warning - 1 : Skipping Token defaultPinDes On Line 2128
            Warning - 1 : Skipping Token defaultPinDes On Line 2129
            Warning - 1 : Skipping Token defaultPinDes On Line 2130
            Warning - 1 : Skipping Token defaultPinDes On Line 2131
            Warning - 1 : Skipping Token defaultPinDes On Line 2132
            Warning - 1 : Skipping Token defaultPinDes On Line 2133
            Warning - 1 : Skipping Token defaultPinDes On Line 2134
            Warning - 1 : Skipping Token defaultPinDes On Line 2267
            Warning - 1 : Skipping Token defaultPinDes On Line 2268
            Warning - 1 : Skipping Token defaultPinDes On Line 2269
            Warning - 1 : Skipping Token defaultPinDes On Line 2270
            Warning - 1 : Skipping Token defaultPinDes On Line 2298
            Warning - 1 : Skipping Token defaultPinDes On Line 2299
            Warning - 1 : Skipping Token defaultPinDes On Line 2300
            Warning - 1 : Skipping Token defaultPinDes On Line 2301
            Warning - 1 : Skipping Token defaultPinDes On Line 2322
            Warning - 1 : Skipping Token defaultPinDes On Line 2323
            Warning - 1 : Skipping Token defaultPinDes On Line 2325
            Warning - 1 : Skipping Token defaultPinDes On Line 2326
            Warning - 1 : Skipping Token defaultPinDes On Line 2358
            Warning - 1 : Skipping Token defaultPinDes On Line 2359
            Warning - 1 : Skipping Token defaultPinDes On Line 2360
            Warning - 1 : Skipping Token defaultPinDes On Line 2390
            Warning - 1 : Skipping Token defaultPinDes On Line 2391
            Warning - 1 : Skipping Token defaultPinDes On Line 2442
            Warning - 1 : Skipping Token defaultPinDes On Line 2443
            Warning - 1 : Skipping Token defaultPinDes On Line 2444
            Warning - 1 : Skipping Token defaultPinDes On Line 2445
            Warning - 1 : Skipping Token defaultPinDes On Line 2484
            Warning - 1 : Skipping Token defaultPinDes On Line 2485
            Warning - 1 : Skipping Token defaultPinDes On Line 2486
            Warning - 1 : Skipping Token defaultPinDes On Line 2487
            Warning - 1 : Skipping Token defaultPinDes On Line 2526
            Warning - 1 : Skipping Token defaultPinDes On Line 2527
            Warning - 1 : Skipping Token defaultPinDes On Line 2528
            Warning - 1 : Skipping Token defaultPinDes On Line 2529
            Warning - 1 : Skipping Token defaultPinDes On Line 2568
            Warning - 1 : Skipping Token defaultPinDes On Line 2569
            Warning - 1 : Skipping Token defaultPinDes On Line 2570
            Warning - 1 : Skipping Token defaultPinDes On Line 2571
            Warning - 1 : Skipping Token defaultPinDes On Line 2610
            Warning - 1 : Skipping Token defaultPinDes On Line 2611
            Warning - 1 : Skipping Token defaultPinDes On Line 2612
            Warning - 1 : Skipping Token defaultPinDes On Line 2613
            Warning - 1 : Skipping Token defaultPinDes On Line 2614
            Warning - 1 : Skipping Token defaultPinDes On Line 2615
            Warning - 1 : Skipping Token defaultPinDes On Line 2616
            Warning - 1 : Skipping Token defaultPinDes On Line 2617
            Warning - 1 : Skipping Token defaultPinDes On Line 2618
            Warning - 1 : Skipping Token defaultPinDes On Line 2619
            Warning - 1 : Skipping Token defaultPinDes On Line 2620
            Warning - 1 : Skipping Token defaultPinDes On Line 2678
            Warning - 1 : Skipping Token defaultPinDes On Line 2679
            Warning - 1 : Skipping Token defaultPinDes On Line 2713
            Warning - 1 : Skipping Token defaultPinDes On Line 2714
            Warning - 1 : Skipping Token defaultPinDes On Line 2715
            Warning - 1 : Skipping Token defaultPinDes On Line 2716
            Warning - 1 : Skipping Token defaultPinDes On Line 2717
            Warning - 1 : Skipping Token defaultPinDes On Line 2718
            Warning - 1 : Skipping Token defaultPinDes On Line 2746
            Warning - 1 : Skipping Token defaultPinDes On Line 2747
            Warning - 1 : Skipping Token defaultPinDes On Line 2748
            Warning - 1 : Skipping Token defaultPinDes On Line 2749
            Warning - 1 : Skipping Token defaultPinDes On Line 2750
            Warning - 1 : Skipping Token defaultPinDes On Line 2751
            Warning - 1 : Skipping Token defaultPinDes On Line 2752
            Warning - 1 : Skipping Token defaultPinDes On Line 2753
            Warning - 1 : Skipping Token defaultPinDes On Line 2754
            Warning - 1 : Skipping Token defaultPinDes On Line 2755
            Warning - 1 : Skipping Token defaultPinDes On Line 2756
            Warning - 1 : Skipping Token defaultPinDes On Line 2757
            Warning - 1 : Skipping Token defaultPinDes On Line 2758
            Warning - 1 : Skipping Token defaultPinDes On Line 2759
            Warning - 1 : Skipping Token defaultPinDes On Line 2760
            Warning - 1 : Skipping Token defaultPinDes On Line 2761
            Warning - 1 : Skipping Token defaultPinDes On Line 2762
            Warning - 1 : Skipping Token defaultPinDes On Line 2763
            Warning - 1 : Skipping Token defaultPinDes On Line 2764
            Warning - 1 : Skipping Token defaultPinDes On Line 2765
            Warning - 1 : Skipping Token defaultPinDes On Line 2898
            Warning - 1 : Skipping Token defaultPinDes On Line 2899
            Warning - 1 : Skipping Token defaultPinDes On Line 2900
            Warning - 1 : Skipping Token defaultPinDes On Line 2901
            Warning - 1 : Skipping Token defaultPinDes On Line 2954
            Warning - 1 : Skipping Token defaultPinDes On Line 2955
            Warning - 1 : Skipping Token defaultPinDes On Line 2956
            Warning - 1 : Skipping Token defaultPinDes On Line 2957
            Warning - 1 : Skipping Token defaultPinDes On Line 2958
            Warning - 1 : Skipping Token defaultPinDes On Line 2959
            Warning - 1 : Skipping Token defaultPinDes On Line 2960
            Warning - 1 : Skipping Token defaultPinDes On Line 2961
            Warning - 1 : Skipping Token defaultPinDes On Line 3034
            Warning - 1 : Skipping Token defaultPinDes On Line 3035
            Warning - 1 : Skipping Token defaultPinDes On Line 3036
            Warning - 1 : Skipping Token defaultPinDes On Line 3037
            Warning - 1 : Skipping Token defaultPinDes On Line 3038
            Warning - 1 : Skipping Token defaultPinDes On Line 3039
            Warning - 1 : Skipping Token defaultPinDes On Line 3040
            Warning - 1 : Skipping Token defaultPinDes On Line 3041
            Warning - 1 : Skipping Token defaultPinDes On Line 3042
            Warning - 1 : Skipping Token defaultPinDes On Line 3043
            Warning - 1 : Skipping Token defaultPinDes On Line 3044
            Warning - 1 : Skipping Token defaultPinDes On Line 3045
            Warning - 1 : Skipping Token defaultPinDes On Line 3138
            Warning - 1 : Skipping Token defaultPinDes On Line 3139
            Warning - 1 : Skipping Token defaultPinDes On Line 3140
            Warning - 1 : Skipping Token defaultPinDes On Line 3141
            Warning - 1 : Skipping Token defaultPinDes On Line 3142
            Warning - 1 : Skipping Token defaultPinDes On Line 3143
            Warning - 1 : Skipping Token defaultPinDes On Line 3144
            Warning - 1 : Skipping Token defaultPinDes On Line 3145
            Warning - 1 : Skipping Token defaultPinDes On Line 3146
            Warning - 1 : Skipping Token defaultPinDes On Line 3147
            Warning - 1 : Skipping Token defaultPinDes On Line 3148
            Warning - 1 : Skipping Token defaultPinDes On Line 3149
            Warning - 1 : Skipping Token defaultPinDes On Line 3150
            Warning - 1 : Skipping Token defaultPinDes On Line 3151
            Warning - 1 : Skipping Token defaultPinDes On Line 3152
            Warning - 1 : Skipping Token defaultPinDes On Line 3153
            Warning - 1 : Skipping Token defaultPinDes On Line 3266
            Warning - 1 : Skipping Token defaultPinDes On Line 3267
            Warning - 1 : Skipping Token defaultPinDes On Line 3268
            Warning - 1 : Skipping Token defaultPinDes On Line 3269
            Warning - 1 : Skipping Token defaultPinDes On Line 3270
            Warning - 1 : Skipping Token defaultPinDes On Line 3271
            Warning - 1 : Skipping Token defaultPinDes On Line 3272
            Warning - 1 : Skipping Token defaultPinDes On Line 3273
            Warning - 1 : Skipping Token defaultPinDes On Line 3274
            Warning - 1 : Skipping Token defaultPinDes On Line 3275
            Warning - 1 : Skipping Token defaultPinDes On Line 3276
            Warning - 1 : Skipping Token defaultPinDes On Line 3277
            Warning - 1 : Skipping Token defaultPinDes On Line 3278
            Warning - 1 : Skipping Token defaultPinDes On Line 3279
            Warning - 1 : Skipping Token defaultPinDes On Line 3280
            Warning - 1 : Skipping Token defaultPinDes On Line 3281
            Warning - 1 : Skipping Token defaultPinDes On Line 3459
            Warning - 1 : Skipping Token defaultPinDes On Line 3460
            Warning - 1 : Skipping Token defaultPinDes On Line 3487
            Warning - 1 : Skipping Token defaultPinDes On Line 3488
            Warning - 1 : Skipping Token defaultPinDes On Line 3489
            Warning - 1 : Skipping Token defaultPinDes On Line 3490
            Warning - 1 : Skipping Token defaultPinDes On Line 3518
            Warning - 1 : Skipping Token defaultPinDes On Line 3519
            Warning - 1 : Skipping Token defaultPinDes On Line 3520
            Warning - 1 : Skipping Token defaultPinDes On Line 3521
            Warning - 1 : Skipping Token defaultPinDes On Line 3541
            Warning - 1 : Skipping Token defaultPinDes On Line 3542
            Warning - 1 : Skipping Token defaultPinDes On Line 3543
            Warning - 1 : Skipping Token defaultPinDes On Line 3544
            Warning - 1 : Skipping Token defaultPinDes On Line 3545
            Warning - 1 : Skipping Token defaultPinDes On Line 3546
            Warning - 1 : Skipping Token defaultPinDes On Line 3605
            Warning - 1 : Skipping Token defaultPinDes On Line 3606
            Warning - 1 : Skipping Token defaultPinDes On Line 3607
            Warning - 1 : Skipping Token defaultPinDes On Line 3608
            Warning - 1 : Skipping Token defaultPinDes On Line 3609
            Warning - 1 : Skipping Token defaultPinDes On Line 3610
            Warning - 1 : Skipping Token defaultPinDes On Line 3611
            Warning - 1 : Skipping Token defaultPinDes On Line 3612
            Warning - 1 : Skipping Token defaultPinDes On Line 3651
            Warning - 1 : Skipping Token defaultPinDes On Line 3652
            Warning - 1 : Skipping Token defaultPinDes On Line 3653
            Warning - 1 : Skipping Token defaultPinDes On Line 3654
            Warning - 1 : Skipping Token defaultPinDes On Line 3655
            Warning - 1 : Skipping Token defaultPinDes On Line 3656
            Warning - 1 : Skipping Token defaultPinDes On Line 3657
            Warning - 1 : Skipping Token defaultPinDes On Line 3658
            Warning - 1 : Skipping Token defaultPinDes On Line 3659
            Warning - 1 : Skipping Token defaultPinDes On Line 3660
            Warning - 1 : Skipping Token defaultPinDes On Line 3763
            Warning - 1 : Skipping Token defaultPinDes On Line 3764
            Warning - 1 : Skipping Token defaultPinDes On Line 3875
            Warning - 1 : Skipping Token defaultPinDes On Line 3876
            Warning - 1 : Skipping Token defaultPinDes On Line 3929
            Warning - 1 : Skipping Token defaultPinDes On Line 3930
            Warning - 1 : Skipping Token defaultPinDes On Line 3971
            Warning - 1 : Skipping Token defaultPinDes On Line 3972
            Warning - 1 : Skipping Token defaultPinDes On Line 4004
            Warning - 1 : Skipping Token defaultPinDes On Line 4005
            Warning - 1 : Skipping Token defaultPinDes On Line 4035
            Warning - 1 : Skipping Token defaultPinDes On Line 4036
            Warning - 1 : Skipping Token defaultPinDes On Line 4037
            Warning - 1 : Skipping Token defaultPinDes On Line 4038
            Warning - 1 : Skipping Token defaultPinDes On Line 4115
            Warning - 1 : Skipping Token defaultPinDes On Line 4116
            Warning - 1 : Skipping Token defaultPinDes On Line 4117
            Warning - 1 : Skipping Token defaultPinDes On Line 4118
            Warning - 1 : Skipping Token defaultPinDes On Line 4119
            Warning - 1 : Skipping Token defaultPinDes On Line 4120
            Warning - 1 : Skipping Token defaultPinDes On Line 4156
            Warning - 1 : Skipping Token defaultPinDes On Line 4157
            Warning - 1 : Skipping Token defaultPinDes On Line 4158
            Warning - 1 : Skipping Token defaultPinDes On Line 4159
            Warning - 1 : Skipping Token defaultPinDes On Line 4160
            Warning - 1 : Skipping Token defaultPinDes On Line 4161
            Warning - 1 : Skipping Token defaultPinDes On Line 4199
            Warning - 1 : Skipping Token defaultPinDes On Line 4200
            Warning - 1 : Skipping Token defaultPinDes On Line 4201
            Warning - 1 : Skipping Token defaultPinDes On Line 4235
            Warning - 1 : Skipping Token defaultPinDes On Line 4236
            Warning - 1 : Skipping Token defaultPinDes On Line 4237
            Warning - 1 : Skipping Token defaultPinDes On Line 4238
            Warning - 1 : Skipping Token defaultPinDes On Line 4239
            Warning - 1 : Skipping Token defaultPinDes On Line 4240
            Warning - 1 : Skipping Token defaultPinDes On Line 4280
            Warning - 1 : Skipping Token defaultPinDes On Line 4281
            Warning - 1 : Skipping Token defaultPinDes On Line 4282
            Warning - 1 : Skipping Token defaultPinDes On Line 4315
            Warning - 1 : Skipping Token defaultPinDes On Line 4316
            Warning - 1 : Skipping Token defaultPinDes On Line 4317
            Warning - 1 : Skipping Token defaultPinDes On Line 4318
            Warning - 1 : Skipping Token defaultPinDes On Line 4319
            Warning - 1 : Skipping Token defaultPinDes On Line 4320
            Warning - 1 : Skipping Token CB-6600 On Line 4347
            Warning - 1 : Skipping Token DS1040-1 On Line 4379
            Warning - 1 : Skipping Token DS1040-10 On Line 4408
            Warning - 1 : Skipping Token DS1040-11 On Line 4608
            Warning - 1 : Skipping Token DS1040-12 On Line 4827
            Warning - 1 : Skipping Token DS1040-2 On Line 5065
            Warning - 1 : Skipping Token DS1040-3 On Line 5113
            Warning - 1 : Skipping Token DS1040-4 On Line 5180
            Warning - 1 : Skipping Token DS1040-5 On Line 5266
            Warning - 1 : Skipping Token DS1040-6 On Line 5371
            Warning - 1 : Skipping Token DS1040-7 On Line 5495
            Warning - 1 : Skipping Token DS1040-8 On Line 5638
            Warning - 1 : Skipping Token DS1040-9 On Line 5800
            Warning - 1 : Skipping Token LIGHTDIODE On Line 5981
            Warning - 1 : Skipping Token P2K-1-2 On Line 6025
            Warning - 1 : Skipping Token PS580N On Line 6054
            Warning - 1 : Skipping Token SA-12PIN On Line 6251
            Warning - 1 : Skipping Token SA-16PIN On Line 6375
            Warning - 1 : Skipping Token SA-20PIN On Line 6537
            Warning - 1 : Skipping Token SA-2PIN On Line 6737
            Warning - 1 : Skipping Token SA-2PIN_1 On Line 6762
            Warning - 1 : Skipping Token SA-4PIN On Line 6791
            Warning - 1 : Skipping Token SA-8PIN On Line 6839
            Warning - 1 : Skipping Token SA_1-2 On Line 6925
            Warning - 1 : Skipping Token SB-2PIN On Line 6957
            Warning - 1 : Skipping Token SB-4PIN_1 On Line 6986
            Warning - 1 : Skipping Token SS24N01(2P4T) On Line 7036
            Warning - 1 : Skipping Token SW1-10 On Line 7260
            Warning - 1 : Skipping Token SW1-5 On Line 7365
            Warning - 1 : Skipping Token T702(DPDT) On Line 7426
            Warning - 1 : Skipping Token TERMO-2PIN On Line 7487
            Warning - 1 : Skipping Token 13 On Line 7512
            Warning - 1 : Skipping Token 鲜1 On Line 7544
            Warning - 1 : Skipping Token 鲜2-1 On Line 7616
            Warning - 1 : Skipping Token 鲜4-1 On Line 7648
            Warning - 1 : Skipping Token 弦-67-2 On Line 7709
            Warning - 1 : Skipping Token 弦-69-2 On Line 7741
            Warning - 1 : Skipping Token attachedSymbol On Line 7814
            Warning - 1 : Skipping Token attachedSymbol On Line 7862
            Warning - 1 : Skipping Token attachedSymbol On Line 7863
            Warning - 1 : Skipping Token attachedSymbol On Line 7864
            Warning - 1 : Skipping Token attachedSymbol On Line 7865
            Warning - 1 : Skipping Token attachedSymbol On Line 7911
            Warning - 1 : Skipping Token attachedSymbol On Line 7931
            Warning - 1 : Skipping Token attachedSymbol On Line 7955
            Warning - 1 : Skipping Token attachedSymbol On Line 7978
            Warning - 1 : Skipping Token attachedSymbol On Line 8016
            Warning - 1 : Skipping Token attachedSymbol On Line 8074
            Warning - 1 : Skipping Token attachedSymbol On Line 8136
            Warning - 1 : Skipping Token attachedSymbol On Line 8180
            Warning - 1 : Skipping Token attachedSymbol On Line 8206
            Warning - 1 : Skipping Token attachedSymbol On Line 8236
            Warning - 1 : Skipping Token attachedSymbol On Line 8270
            Warning - 1 : Skipping Token attachedSymbol On Line 8308
            Warning - 1 : Skipping Token attachedSymbol On Line 8350
            Warning - 1 : Skipping Token attachedSymbol On Line 8396
            Warning - 1 : Skipping Token attachedSymbol On Line 8446
            Warning - 1 : Skipping Token attachedSymbol On Line 8485
            Warning - 1 : Skipping Token attachedSymbol On Line 8514
            Warning - 1 : Skipping Token attachedSymbol On Line 8551
            Warning - 1 : Skipping Token attachedSymbol On Line 8596
            Warning - 1 : Skipping Token attachedSymbol On Line 8649
            Warning - 1 : Skipping Token attachedSymbol On Line 8690
            Warning - 1 : Skipping Token attachedSymbol On Line 8715
            Warning - 1 : Skipping Token attachedSymbol On Line 8739
            Warning - 1 : Skipping Token attachedSymbol On Line 8761
            Warning - 1 : Skipping Token attachedSymbol On Line 8784
            Warning - 1 : Skipping Token attachedSymbol On Line 8809
            Warning - 1 : Skipping Token attachedSymbol On Line 8834
            Warning - 1 : Skipping Token attachedSymbol On Line 8859
            Warning - 1 : Skipping Token attachedSymbol On Line 8882
            Warning - 1 : Skipping Token attachedSymbol On Line 8911
            Warning - 1 : Skipping Token attachedSymbol On Line 8940
            Warning - 1 : Skipping Token attachedSymbol On Line 8965
            Warning - 1 : Skipping Token attachedSymbol On Line 9007
            Warning - 1 : Skipping Token attachedSymbol On Line 9055
            Warning - 1 : Skipping Token attachedSymbol On Line 9099
            Warning - 1 : Skipping Token attachedSymbol On Line 9135
            Warning - 1 : Skipping Token attachedSymbol On Line 9163
            Warning - 1 : Skipping Token attachedSymbol On Line 9204
            Warning - 1 : Skipping Token attachedSymbol On Line 9238
            Warning - 1 : Skipping Token attachedSymbol On Line 9260
            Warning - 1 : Skipping Token attachedSymbol On Line 9287
            Warning - 1 : Skipping Token attachedSymbol On Line 9319
            Warning - 1 : Skipping Token attachedSymbol On Line 9320
            Warning - 1 : Skipping Token attachedSymbol On Line 9321
            Warning - 1 : Skipping Token attachedSymbol On Line 9355
            Warning - 1 : Skipping Token attachedSymbol On Line 9384
            Warning - 1 : Skipping Token attachedSymbol On Line 9408
            Warning - 1 : Skipping Token attachedSymbol On Line 9433
            Warning - 1 : Skipping Token attachedSymbol On Line 9454
            Warning - 1 : Skipping Token attachedSymbol On Line 9475
            Warning - 1 : Skipping Token attachedSymbol On Line 9496
            Warning - 1 : Skipping Token attachedSymbol On Line 9517
            Warning - 1 : Skipping Token attachedSymbol On Line 9538
            Warning - 1 : Skipping Token attachedSymbol On Line 9559
            Warning - 1 : Skipping Token attachedSymbol On Line 9580
            Warning - 1 : Skipping Token attachedSymbol On Line 9601
            Warning - 1 : Skipping Token attachedSymbol On Line 9622
            Warning - 1 : Skipping Token attachedSymbol On Line 9642
            Warning - 1 : Skipping Token attachedSymbol On Line 9663
            Warning - 1 : Skipping Token attachedSymbol On Line 9683
            Warning - 1 : Skipping Token attachedSymbol On Line 9705
            Warning - 1 : Skipping Token attachedSymbol On Line 9729
            Warning - 1 : Skipping Token attachedSymbol On Line 9751
            Warning - 1 : Skipping Token attachedSymbol On Line 9777
            Warning - 1 : Skipping Token attachedSymbol On Line 9778
            Warning - 1 : Skipping Token attachedSymbol On Line 9807
            Warning - 1 : Skipping Token attachedSymbol On Line 9835
            Warning - 1 : Skipping Token attachedSymbol On Line 9863
            Warning - 1 : Skipping Token attachedSymbol On Line 9889
            Warning - 1 : Skipping Token attachedSymbol On Line 9915
            Warning - 1 : Skipping Token attachedSymbol On Line 9941
            Warning - 1 : Skipping Token attachedSymbol On Line 9967
        EndSection

        Section : Import Messages
            Warning - 0 : PCAD Pattern Graphics [71AF30-02][Primary] associated with PCAD Component [71AF30-02-2-05N] has been renamed to PCB FootPrint [71AF30-02_71AF30-02-2-05N(Primary)].
            Warning - 0 : PCAD Pattern Graphics [IT-1102W][Primary] associated with PCAD Component [IT-1102W] has been renamed to PCB FootPrint [IT-1102W_Primary].
            Warning - 0 : PCAD Pattern Graphics [PKN-159][Primary] associated with PCAD Component [PKN-159] has been renamed to PCB FootPrint [PKN-159_Primary].
            Warning - 0 : PCAD Pattern Graphics [PSM2(PODSVETKA)][Primary] associated with PCAD Component [PSM2(PODSVETKA)] has been renamed to PCB FootPrint [PSM2(PODSVETKA)_PSM2(PODSVETKA)(Primary)].
            Warning - 0 : PCAD Pattern Graphics [滔1-4][Primary] associated with PCAD Component [滔1-4] has been renamed to PCB FootPrint [滔1-4_滔1-4(Primary)].
        EndSection
    EndSection

    Section : SCH Library - Knopka.SchLib
        Section : Parsing Messages
            Warning - 1 : Skipping Token padStyleDef On Line 13
            Warning - 1 : Skipping Token padStyleDef On Line 23
            Warning - 1 : Skipping Token padStyleDef On Line 33
            Warning - 1 : Skipping Token padStyleDef On Line 43
            Warning - 1 : Skipping Token padStyleDef On Line 54
            Warning - 1 : Skipping Token padStyleDef On Line 65
            Warning - 1 : Skipping Token padStyleDef On Line 76
            Warning - 1 : Skipping Token padStyleDef On Line 86
            Warning - 1 : Skipping Token padStyleDef On Line 97
            Warning - 1 : Skipping Token padStyleDef On Line 107
            Warning - 1 : Skipping Token padStyleDef On Line 117
            Warning - 1 : Skipping Token padStyleDef On Line 127
            Warning - 1 : Skipping Token padStyleDef On Line 138
            Warning - 1 : Skipping Token padStyleDef On Line 148
            Warning - 1 : Skipping Token padStyleDef On Line 159
            Warning - 1 : Skipping Token padStyleDef On Line 170
            Warning - 1 : Skipping Token padStyleDef On Line 180
            Warning - 1 : Skipping Token padStyleDef On Line 190
            Warning - 1 : Skipping Token padStyleDef On Line 201
            Warning - 1 : Skipping Token padStyleDef On Line 211
            Warning - 1 : Skipping Token padStyleDef On Line 222
            Warning - 1 : Skipping Token viaStyleDef On Line 232
            Warning - 1 : Skipping Token multiLayer On Line 563
            Warning - 1 : Skipping Token layerContents On Line 570
            Warning - 1 : Skipping Token layerContents On Line 579
            Warning - 1 : Skipping Token multiLayer On Line 629
            Warning - 1 : Skipping Token layerContents On Line 659
            Warning - 1 : Skipping Token layerContents On Line 674
            Warning - 1 : Skipping Token multiLayer On Line 712
            Warning - 1 : Skipping Token layerContents On Line 716
            Warning - 1 : Skipping Token layerContents On Line 725
            Warning - 1 : Skipping Token multiLayer On Line 745
            Warning - 1 : Skipping Token layerContents On Line 752
            Warning - 1 : Skipping Token layerContents On Line 762
            Warning - 1 : Skipping Token multiLayer On Line 778
            Warning - 1 : Skipping Token layerContents On Line 782
            Warning - 1 : Skipping Token layerContents On Line 798
            Warning - 1 : Skipping Token multiLayer On Line 821
            Warning - 1 : Skipping Token layerContents On Line 843
            Warning - 1 : Skipping Token layerContents On Line 858
            Warning - 1 : Skipping Token multiLayer On Line 926
            Warning - 1 : Skipping Token layerContents On Line 950
            Warning - 1 : Skipping Token layerContents On Line 965
            Warning - 1 : Skipping Token multiLayer On Line 1038
            Warning - 1 : Skipping Token layerContents On Line 1064
            Warning - 1 : Skipping Token layerContents On Line 1079
            Warning - 1 : Skipping Token multiLayer On Line 1157
            Warning - 1 : Skipping Token layerContents On Line 1163
            Warning - 1 : Skipping Token layerContents On Line 1178
            Warning - 1 : Skipping Token multiLayer On Line 1206
            Warning - 1 : Skipping Token layerContents On Line 1214
            Warning - 1 : Skipping Token layerContents On Line 1229
            Warning - 1 : Skipping Token multiLayer On Line 1262
            Warning - 1 : Skipping Token layerContents On Line 1272
            Warning - 1 : Skipping Token layerContents On Line 1288
            Warning - 1 : Skipping Token multiLayer On Line 1326
            Warning - 1 : Skipping Token layerContents On Line 1338
            Warning - 1 : Skipping Token layerContents On Line 1353
            Warning - 1 : Skipping Token multiLayer On Line 1396
            Warning - 1 : Skipping Token layerContents On Line 1410
            Warning - 1 : Skipping Token layerContents On Line 1425
            Warning - 1 : Skipping Token multiLayer On Line 1473
            Warning - 1 : Skipping Token layerContents On Line 1489
            Warning - 1 : Skipping Token layerContents On Line 1504
            Warning - 1 : Skipping Token multiLayer On Line 1557
            Warning - 1 : Skipping Token layerContents On Line 1575
            Warning - 1 : Skipping Token layerContents On Line 1590
            Warning - 1 : Skipping Token multiLayer On Line 1648
            Warning - 1 : Skipping Token layerContents On Line 1668
            Warning - 1 : Skipping Token layerContents On Line 1683
            Warning - 1 : Skipping Token multiLayer On Line 1746
            Warning - 1 : Skipping Token layerContents On Line 1752
            Warning - 1 : Skipping Token layerContents On Line 1767
            Warning - 1 : Skipping Token multiLayer On Line 1802
            Warning - 1 : Skipping Token layerContents On Line 1812
            Warning - 1 : Skipping Token layerContents On Line 1827
            Warning - 1 : Skipping Token multiLayer On Line 1882
            Warning - 1 : Skipping Token layerContents On Line 1896
            Warning - 1 : Skipping Token layerContents On Line 1911
            Warning - 1 : Skipping Token multiLayer On Line 1986
            Warning - 1 : Skipping Token layerContents On Line 2004
            Warning - 1 : Skipping Token layerContents On Line 2019
            Warning - 1 : Skipping Token multiLayer On Line 2114
            Warning - 1 : Skipping Token layerContents On Line 2136
            Warning - 1 : Skipping Token layerContents On Line 2151
            Warning - 1 : Skipping Token multiLayer On Line 2266
            Warning - 1 : Skipping Token layerContents On Line 2272
            Warning - 1 : Skipping Token layerContents On Line 2287
            Warning - 1 : Skipping Token multiLayer On Line 2297
            Warning - 1 : Skipping Token layerContents On Line 2303
            Warning - 1 : Skipping Token multiLayer On Line 2320
            Warning - 1 : Skipping Token layerContents On Line 2328
            Warning - 1 : Skipping Token layerContents On Line 2343
            Warning - 1 : Skipping Token multiLayer On Line 2357
            Warning - 1 : Skipping Token layerContents On Line 2362
            Warning - 1 : Skipping Token layerContents On Line 2366
            Warning - 1 : Skipping Token layerContents On Line 2375
            Warning - 1 : Skipping Token multiLayer On Line 2389
            Warning - 1 : Skipping Token layerContents On Line 2393
            Warning - 1 : Skipping Token layerContents On Line 2405
            Warning - 1 : Skipping Token multiLayer On Line 2441
            Warning - 1 : Skipping Token layerContents On Line 2447
            Warning - 1 : Skipping Token layerContents On Line 2464
            Warning - 1 : Skipping Token multiLayer On Line 2483
            Warning - 1 : Skipping Token layerContents On Line 2489
            Warning - 1 : Skipping Token layerContents On Line 2506
            Warning - 1 : Skipping Token multiLayer On Line 2525
            Warning - 1 : Skipping Token layerContents On Line 2531
            Warning - 1 : Skipping Token layerContents On Line 2548
            Warning - 1 : Skipping Token multiLayer On Line 2567
            Warning - 1 : Skipping Token layerContents On Line 2573
            Warning - 1 : Skipping Token layerContents On Line 2590
            Warning - 1 : Skipping Token multiLayer On Line 2609
            Warning - 1 : Skipping Token layerContents On Line 2622
            Warning - 1 : Skipping Token layerContents On Line 2634
            Warning - 1 : Skipping Token multiLayer On Line 2677
            Warning - 1 : Skipping Token layerContents On Line 2681
            Warning - 1 : Skipping Token layerContents On Line 2691
            Warning - 1 : Skipping Token multiLayer On Line 2712
            Warning - 1 : Skipping Token layerContents On Line 2720
            Warning - 1 : Skipping Token layerContents On Line 2730
            Warning - 1 : Skipping Token multiLayer On Line 2745
            Warning - 1 : Skipping Token layerContents On Line 2767
            Warning - 1 : Skipping Token layerContents On Line 2782
            Warning - 1 : Skipping Token multiLayer On Line 2897
            Warning - 1 : Skipping Token layerContents On Line 2903
            Warning - 1 : Skipping Token layerContents On Line 2918
            Warning - 1 : Skipping Token multiLayer On Line 2953
            Warning - 1 : Skipping Token layerContents On Line 2963
            Warning - 1 : Skipping Token layerContents On Line 2978
            Warning - 1 : Skipping Token multiLayer On Line 3033
            Warning - 1 : Skipping Token layerContents On Line 3047
            Warning - 1 : Skipping Token layerContents On Line 3062
            Warning - 1 : Skipping Token multiLayer On Line 3137
            Warning - 1 : Skipping Token layerContents On Line 3155
            Warning - 1 : Skipping Token layerContents On Line 3170
            Warning - 1 : Skipping Token multiLayer On Line 3265
            Warning - 1 : Skipping Token layerContents On Line 3283
            Warning - 1 : Skipping Token layerContents On Line 3298
            Warning - 1 : Skipping Token multiLayer On Line 3403
            Warning - 1 : Skipping Token layerContents On Line 3411
            Warning - 1 : Skipping Token layerContents On Line 3431
            Warning - 1 : Skipping Token multiLayer On Line 3458
            Warning - 1 : Skipping Token layerContents On Line 3462
            Warning - 1 : Skipping Token layerContents On Line 3470
            Warning - 1 : Skipping Token multiLayer On Line 3486
            Warning - 1 : Skipping Token layerContents On Line 3492
            Warning - 1 : Skipping Token layerContents On Line 3507
            Warning - 1 : Skipping Token multiLayer On Line 3517
            Warning - 1 : Skipping Token layerContents On Line 3523
            Warning - 1 : Skipping Token multiLayer On Line 3540
            Warning - 1 : Skipping Token layerContents On Line 3548
            Warning - 1 : Skipping Token layerContents On Line 3574
            Warning - 1 : Skipping Token multiLayer On Line 3604
            Warning - 1 : Skipping Token layerContents On Line 3614
            Warning - 1 : Skipping Token layerContents On Line 3623
            Warning - 1 : Skipping Token multiLayer On Line 3650
            Warning - 1 : Skipping Token layerContents On Line 3662
            Warning - 1 : Skipping Token layerContents On Line 3674
            Warning - 1 : Skipping Token multiLayer On Line 3762
            Warning - 1 : Skipping Token layerContents On Line 3766
            Warning - 1 : Skipping Token layerContents On Line 3775
            Warning - 1 : Skipping Token multiLayer On Line 3792
            Warning - 1 : Skipping Token layerContents On Line 3800
            Warning - 1 : Skipping Token layerContents On Line 3819
            Warning - 1 : Skipping Token multiLayer On Line 3874
            Warning - 1 : Skipping Token layerContents On Line 3880
            Warning - 1 : Skipping Token layerContents On Line 3889
            Warning - 1 : Skipping Token multiLayer On Line 3928
            Warning - 1 : Skipping Token layerContents On Line 3932
            Warning - 1 : Skipping Token layerContents On Line 3951
            Warning - 1 : Skipping Token multiLayer On Line 3970
            Warning - 1 : Skipping Token layerContents On Line 3974
            Warning - 1 : Skipping Token layerContents On Line 3989
            Warning - 1 : Skipping Token multiLayer On Line 4003
            Warning - 1 : Skipping Token layerContents On Line 4009
            Warning - 1 : Skipping Token layerContents On Line 4019
            Warning - 1 : Skipping Token multiLayer On Line 4034
            Warning - 1 : Skipping Token layerContents On Line 4040
            Warning - 1 : Skipping Token layerContents On Line 4057
            Warning - 1 : Skipping Token multiLayer On Line 4076
            Warning - 1 : Skipping Token layerContents On Line 4082
            Warning - 1 : Skipping Token layerContents On Line 4097
            Warning - 1 : Skipping Token multiLayer On Line 4114
            Warning - 1 : Skipping Token layerContents On Line 4122
            Warning - 1 : Skipping Token layerContents On Line 4128
            Warning - 1 : Skipping Token layerContents On Line 4139
            Warning - 1 : Skipping Token multiLayer On Line 4155
            Warning - 1 : Skipping Token layerContents On Line 4163
            Warning - 1 : Skipping Token layerContents On Line 4178
            Warning - 1 : Skipping Token multiLayer On Line 4198
            Warning - 1 : Skipping Token layerContents On Line 4203
            Warning - 1 : Skipping Token layerContents On Line 4209
            Warning - 1 : Skipping Token layerContents On Line 4219
            Warning - 1 : Skipping Token multiLayer On Line 4234
            Warning - 1 : Skipping Token layerContents On Line 4242
            Warning - 1 : Skipping Token layerContents On Line 4248
            Warning - 1 : Skipping Token layerContents On Line 4261
            Warning - 1 : Skipping Token multiLayer On Line 4279
            Warning - 1 : Skipping Token layerContents On Line 4284
            Warning - 1 : Skipping Token layerContents On Line 4290
            Warning - 1 : Skipping Token layerContents On Line 4299
            Warning - 1 : Skipping Token multiLayer On Line 4314
            Warning - 1 : Skipping Token layerContents On Line 4322
            Warning - 1 : Skipping Token layerContents On Line 4328
            Warning - 1 : Skipping Token layerContents On Line 4337
            Warning - 1 : Skipping Token defaultPinDes On Line 4354
            Warning - 1 : Skipping Token defaultPinDes On Line 4361
            Warning - 1 : Skipping Token defaultPinDes On Line 4368
            Warning - 1 : Skipping Token defaultPinDes On Line 4387
            Warning - 1 : Skipping Token defaultPinDes On Line 4395
            Warning - 1 : Skipping Token defaultPinDes On Line 4416
            Warning - 1 : Skipping Token defaultPinDes On Line 4424
            Warning - 1 : Skipping Token defaultPinDes On Line 4432
            Warning - 1 : Skipping Token defaultPinDes On Line 4440
            Warning - 1 : Skipping Token defaultPinDes On Line 4448
            Warning - 1 : Skipping Token defaultPinDes On Line 4456
            Warning - 1 : Skipping Token defaultPinDes On Line 4464
            Warning - 1 : Skipping Token defaultPinDes On Line 4472
            Warning - 1 : Skipping Token defaultPinDes On Line 4480
            Warning - 1 : Skipping Token defaultPinDes On Line 4488
            Warning - 1 : Skipping Token defaultPinDes On Line 4496
            Warning - 1 : Skipping Token defaultPinDes On Line 4504
            Warning - 1 : Skipping Token defaultPinDes On Line 4512
            Warning - 1 : Skipping Token defaultPinDes On Line 4520
            Warning - 1 : Skipping Token defaultPinDes On Line 4528
            Warning - 1 : Skipping Token defaultPinDes On Line 4536
            Warning - 1 : Skipping Token defaultPinDes On Line 4544
            Warning - 1 : Skipping Token defaultPinDes On Line 4552
            Warning - 1 : Skipping Token defaultPinDes On Line 4560
            Warning - 1 : Skipping Token defaultPinDes On Line 4568
            Warning - 1 : Skipping Token defaultPinDes On Line 4616
            Warning - 1 : Skipping Token defaultPinDes On Line 4624
            Warning - 1 : Skipping Token defaultPinDes On Line 4632
            Warning - 1 : Skipping Token defaultPinDes On Line 4640
            Warning - 1 : Skipping Token defaultPinDes On Line 4648
            Warning - 1 : Skipping Token defaultPinDes On Line 4656
            Warning - 1 : Skipping Token defaultPinDes On Line 4664
            Warning - 1 : Skipping Token defaultPinDes On Line 4672
            Warning - 1 : Skipping Token defaultPinDes On Line 4680
            Warning - 1 : Skipping Token defaultPinDes On Line 4688
            Warning - 1 : Skipping Token defaultPinDes On Line 4696
            Warning - 1 : Skipping Token defaultPinDes On Line 4704
            Warning - 1 : Skipping Token defaultPinDes On Line 4712
            Warning - 1 : Skipping Token defaultPinDes On Line 4720
            Warning - 1 : Skipping Token defaultPinDes On Line 4728
            Warning - 1 : Skipping Token defaultPinDes On Line 4736
            Warning - 1 : Skipping Token defaultPinDes On Line 4744
            Warning - 1 : Skipping Token defaultPinDes On Line 4752
            Warning - 1 : Skipping Token defaultPinDes On Line 4760
            Warning - 1 : Skipping Token defaultPinDes On Line 4768
            Warning - 1 : Skipping Token defaultPinDes On Line 4776
            Warning - 1 : Skipping Token defaultPinDes On Line 4784
            Warning - 1 : Skipping Token defaultPinDes On Line 4835
            Warning - 1 : Skipping Token defaultPinDes On Line 4843
            Warning - 1 : Skipping Token defaultPinDes On Line 4851
            Warning - 1 : Skipping Token defaultPinDes On Line 4859
            Warning - 1 : Skipping Token defaultPinDes On Line 4867
            Warning - 1 : Skipping Token defaultPinDes On Line 4875
            Warning - 1 : Skipping Token defaultPinDes On Line 4883
            Warning - 1 : Skipping Token defaultPinDes On Line 4891
            Warning - 1 : Skipping Token defaultPinDes On Line 4899
            Warning - 1 : Skipping Token defaultPinDes On Line 4907
            Warning - 1 : Skipping Token defaultPinDes On Line 4915
            Warning - 1 : Skipping Token defaultPinDes On Line 4923
            Warning - 1 : Skipping Token defaultPinDes On Line 4931
            Warning - 1 : Skipping Token defaultPinDes On Line 4939
            Warning - 1 : Skipping Token defaultPinDes On Line 4947
            Warning - 1 : Skipping Token defaultPinDes On Line 4955
            Warning - 1 : Skipping Token defaultPinDes On Line 4963
            Warning - 1 : Skipping Token defaultPinDes On Line 4971
            Warning - 1 : Skipping Token defaultPinDes On Line 4979
            Warning - 1 : Skipping Token defaultPinDes On Line 4987
            Warning - 1 : Skipping Token defaultPinDes On Line 4995
            Warning - 1 : Skipping Token defaultPinDes On Line 5003
            Warning - 1 : Skipping Token defaultPinDes On Line 5011
            Warning - 1 : Skipping Token defaultPinDes On Line 5019
            Warning - 1 : Skipping Token defaultPinDes On Line 5073
            Warning - 1 : Skipping Token defaultPinDes On Line 5081
            Warning - 1 : Skipping Token defaultPinDes On Line 5089
            Warning - 1 : Skipping Token defaultPinDes On Line 5097
            Warning - 1 : Skipping Token defaultPinDes On Line 5121
            Warning - 1 : Skipping Token defaultPinDes On Line 5129
            Warning - 1 : Skipping Token defaultPinDes On Line 5137
            Warning - 1 : Skipping Token defaultPinDes On Line 5145
            Warning - 1 : Skipping Token defaultPinDes On Line 5153
            Warning - 1 : Skipping Token defaultPinDes On Line 5161
            Warning - 1 : Skipping Token defaultPinDes On Line 5188
            Warning - 1 : Skipping Token defaultPinDes On Line 5196
            Warning - 1 : Skipping Token defaultPinDes On Line 5204
            Warning - 1 : Skipping Token defaultPinDes On Line 5212
            Warning - 1 : Skipping Token defaultPinDes On Line 5220
            Warning - 1 : Skipping Token defaultPinDes On Line 5228
            Warning - 1 : Skipping Token defaultPinDes On Line 5236
            Warning - 1 : Skipping Token defaultPinDes On Line 5244
            Warning - 1 : Skipping Token defaultPinDes On Line 5274
            Warning - 1 : Skipping Token defaultPinDes On Line 5282
            Warning - 1 : Skipping Token defaultPinDes On Line 5290
            Warning - 1 : Skipping Token defaultPinDes On Line 5298
            Warning - 1 : Skipping Token defaultPinDes On Line 5306
            Warning - 1 : Skipping Token defaultPinDes On Line 5314
            Warning - 1 : Skipping Token defaultPinDes On Line 5322
            Warning - 1 : Skipping Token defaultPinDes On Line 5330
            Warning - 1 : Skipping Token defaultPinDes On Line 5338
            Warning - 1 : Skipping Token defaultPinDes On Line 5346
            Warning - 1 : Skipping Token defaultPinDes On Line 5379
            Warning - 1 : Skipping Token defaultPinDes On Line 5387
            Warning - 1 : Skipping Token defaultPinDes On Line 5395
            Warning - 1 : Skipping Token defaultPinDes On Line 5403
            Warning - 1 : Skipping Token defaultPinDes On Line 5411
            Warning - 1 : Skipping Token defaultPinDes On Line 5419
            Warning - 1 : Skipping Token defaultPinDes On Line 5427
            Warning - 1 : Skipping Token defaultPinDes On Line 5435
            Warning - 1 : Skipping Token defaultPinDes On Line 5443
            Warning - 1 : Skipping Token defaultPinDes On Line 5451
            Warning - 1 : Skipping Token defaultPinDes On Line 5459
            Warning - 1 : Skipping Token defaultPinDes On Line 5467
            Warning - 1 : Skipping Token defaultPinDes On Line 5503
            Warning - 1 : Skipping Token defaultPinDes On Line 5511
            Warning - 1 : Skipping Token defaultPinDes On Line 5519
            Warning - 1 : Skipping Token defaultPinDes On Line 5527
            Warning - 1 : Skipping Token defaultPinDes On Line 5535
            Warning - 1 : Skipping Token defaultPinDes On Line 5543
            Warning - 1 : Skipping Token defaultPinDes On Line 5551
            Warning - 1 : Skipping Token defaultPinDes On Line 5559
            Warning - 1 : Skipping Token defaultPinDes On Line 5567
            Warning - 1 : Skipping Token defaultPinDes On Line 5575
            Warning - 1 : Skipping Token defaultPinDes On Line 5583
            Warning - 1 : Skipping Token defaultPinDes On Line 5591
            Warning - 1 : Skipping Token defaultPinDes On Line 5599
            Warning - 1 : Skipping Token defaultPinDes On Line 5607
            Warning - 1 : Skipping Token defaultPinDes On Line 5646
            Warning - 1 : Skipping Token defaultPinDes On Line 5654
            Warning - 1 : Skipping Token defaultPinDes On Line 5662
            Warning - 1 : Skipping Token defaultPinDes On Line 5670
            Warning - 1 : Skipping Token defaultPinDes On Line 5678
            Warning - 1 : Skipping Token defaultPinDes On Line 5686
            Warning - 1 : Skipping Token defaultPinDes On Line 5694
            Warning - 1 : Skipping Token defaultPinDes On Line 5702
            Warning - 1 : Skipping Token defaultPinDes On Line 5710
            Warning - 1 : Skipping Token defaultPinDes On Line 5718
            Warning - 1 : Skipping Token defaultPinDes On Line 5726
            Warning - 1 : Skipping Token defaultPinDes On Line 5734
            Warning - 1 : Skipping Token defaultPinDes On Line 5742
            Warning - 1 : Skipping Token defaultPinDes On Line 5750
            Warning - 1 : Skipping Token defaultPinDes On Line 5758
            Warning - 1 : Skipping Token defaultPinDes On Line 5766
            Warning - 1 : Skipping Token defaultPinDes On Line 5808
            Warning - 1 : Skipping Token defaultPinDes On Line 5816
            Warning - 1 : Skipping Token defaultPinDes On Line 5824
            Warning - 1 : Skipping Token defaultPinDes On Line 5832
            Warning - 1 : Skipping Token defaultPinDes On Line 5840
            Warning - 1 : Skipping Token defaultPinDes On Line 5848
            Warning - 1 : Skipping Token defaultPinDes On Line 5856
            Warning - 1 : Skipping Token defaultPinDes On Line 5864
            Warning - 1 : Skipping Token defaultPinDes On Line 5872
            Warning - 1 : Skipping Token defaultPinDes On Line 5880
            Warning - 1 : Skipping Token defaultPinDes On Line 5888
            Warning - 1 : Skipping Token defaultPinDes On Line 5896
            Warning - 1 : Skipping Token defaultPinDes On Line 5904
            Warning - 1 : Skipping Token defaultPinDes On Line 5912
            Warning - 1 : Skipping Token defaultPinDes On Line 5920
            Warning - 1 : Skipping Token defaultPinDes On Line 5928
            Warning - 1 : Skipping Token defaultPinDes On Line 5936
            Warning - 1 : Skipping Token defaultPinDes On Line 5944
            Warning - 1 : Skipping Token defaultPinDes On Line 5989
            Warning - 1 : Skipping Token defaultPinDes On Line 5997
            Warning - 1 : Skipping Token defaultPinDes On Line 6061
            Warning - 1 : Skipping Token defaultPinDes On Line 6068
            Warning - 1 : Skipping Token defaultPinDes On Line 6075
            Warning - 1 : Skipping Token defaultPinDes On Line 6082
            Warning - 1 : Skipping Token defaultPinDes On Line 6089
            Warning - 1 : Skipping Token defaultPinDes On Line 6096
            Warning - 1 : Skipping Token defaultPinDes On Line 6259
            Warning - 1 : Skipping Token defaultPinDes On Line 6267
            Warning - 1 : Skipping Token defaultPinDes On Line 6275
            Warning - 1 : Skipping Token defaultPinDes On Line 6283
            Warning - 1 : Skipping Token defaultPinDes On Line 6291
            Warning - 1 : Skipping Token defaultPinDes On Line 6299
            Warning - 1 : Skipping Token defaultPinDes On Line 6307
            Warning - 1 : Skipping Token defaultPinDes On Line 6315
            Warning - 1 : Skipping Token defaultPinDes On Line 6323
            Warning - 1 : Skipping Token defaultPinDes On Line 6331
            Warning - 1 : Skipping Token defaultPinDes On Line 6339
            Warning - 1 : Skipping Token defaultPinDes On Line 6347
            Warning - 1 : Skipping Token defaultPinDes On Line 6383
            Warning - 1 : Skipping Token defaultPinDes On Line 6391
            Warning - 1 : Skipping Token defaultPinDes On Line 6399
            Warning - 1 : Skipping Token defaultPinDes On Line 6407
            Warning - 1 : Skipping Token defaultPinDes On Line 6415
            Warning - 1 : Skipping Token defaultPinDes On Line 6423
            Warning - 1 : Skipping Token defaultPinDes On Line 6431
            Warning - 1 : Skipping Token defaultPinDes On Line 6439
            Warning - 1 : Skipping Token defaultPinDes On Line 6447
            Warning - 1 : Skipping Token defaultPinDes On Line 6455
            Warning - 1 : Skipping Token defaultPinDes On Line 6463
            Warning - 1 : Skipping Token defaultPinDes On Line 6471
            Warning - 1 : Skipping Token defaultPinDes On Line 6479
            Warning - 1 : Skipping Token defaultPinDes On Line 6487
            Warning - 1 : Skipping Token defaultPinDes On Line 6495
            Warning - 1 : Skipping Token defaultPinDes On Line 6503
            Warning - 1 : Skipping Token defaultPinDes On Line 6545
            Warning - 1 : Skipping Token defaultPinDes On Line 6553
            Warning - 1 : Skipping Token defaultPinDes On Line 6561
            Warning - 1 : Skipping Token defaultPinDes On Line 6569
            Warning - 1 : Skipping Token defaultPinDes On Line 6577
            Warning - 1 : Skipping Token defaultPinDes On Line 6585
            Warning - 1 : Skipping Token defaultPinDes On Line 6593
            Warning - 1 : Skipping Token defaultPinDes On Line 6601
            Warning - 1 : Skipping Token defaultPinDes On Line 6609
            Warning - 1 : Skipping Token defaultPinDes On Line 6617
            Warning - 1 : Skipping Token defaultPinDes On Line 6625
            Warning - 1 : Skipping Token defaultPinDes On Line 6633
            Warning - 1 : Skipping Token defaultPinDes On Line 6641
            Warning - 1 : Skipping Token defaultPinDes On Line 6649
            Warning - 1 : Skipping Token defaultPinDes On Line 6657
            Warning - 1 : Skipping Token defaultPinDes On Line 6665
            Warning - 1 : Skipping Token defaultPinDes On Line 6673
            Warning - 1 : Skipping Token defaultPinDes On Line 6681
            Warning - 1 : Skipping Token defaultPinDes On Line 6689
            Warning - 1 : Skipping Token defaultPinDes On Line 6697
            Warning - 1 : Skipping Token defaultPinDes On Line 6745
            Warning - 1 : Skipping Token defaultPinDes On Line 6753
            Warning - 1 : Skipping Token defaultPinDes On Line 6770
            Warning - 1 : Skipping Token defaultPinDes On Line 6778
            Warning - 1 : Skipping Token defaultPinDes On Line 6799
            Warning - 1 : Skipping Token defaultPinDes On Line 6807
            Warning - 1 : Skipping Token defaultPinDes On Line 6815
            Warning - 1 : Skipping Token defaultPinDes On Line 6823
            Warning - 1 : Skipping Token defaultPinDes On Line 6847
            Warning - 1 : Skipping Token defaultPinDes On Line 6855
            Warning - 1 : Skipping Token defaultPinDes On Line 6863
            Warning - 1 : Skipping Token defaultPinDes On Line 6871
            Warning - 1 : Skipping Token defaultPinDes On Line 6879
            Warning - 1 : Skipping Token defaultPinDes On Line 6887
            Warning - 1 : Skipping Token defaultPinDes On Line 6895
            Warning - 1 : Skipping Token defaultPinDes On Line 6903
            Warning - 1 : Skipping Token defaultPinDes On Line 6932
            Warning - 1 : Skipping Token defaultPinDes On Line 6939
            Warning - 1 : Skipping Token defaultPinDes On Line 6946
            Warning - 1 : Skipping Token defaultPinDes On Line 6965
            Warning - 1 : Skipping Token defaultPinDes On Line 6973
            Warning - 1 : Skipping Token defaultPinDes On Line 6994
            Warning - 1 : Skipping Token defaultPinDes On Line 7002
            Warning - 1 : Skipping Token defaultPinDes On Line 7010
            Warning - 1 : Skipping Token defaultPinDes On Line 7018
            Warning - 1 : Skipping Token defaultPinDes On Line 7043
            Warning - 1 : Skipping Token defaultPinDes On Line 7050
            Warning - 1 : Skipping Token defaultPinDes On Line 7057
            Warning - 1 : Skipping Token defaultPinDes On Line 7064
            Warning - 1 : Skipping Token defaultPinDes On Line 7071
            Warning - 1 : Skipping Token defaultPinDes On Line 7078
            Warning - 1 : Skipping Token defaultPinDes On Line 7085
            Warning - 1 : Skipping Token defaultPinDes On Line 7092
            Warning - 1 : Skipping Token defaultPinDes On Line 7099
            Warning - 1 : Skipping Token defaultPinDes On Line 7106
            Warning - 1 : Skipping Token defaultPinDes On Line 7268
            Warning - 1 : Skipping Token defaultPinDes On Line 7276
            Warning - 1 : Skipping Token defaultPinDes On Line 7284
            Warning - 1 : Skipping Token defaultPinDes On Line 7292
            Warning - 1 : Skipping Token defaultPinDes On Line 7300
            Warning - 1 : Skipping Token defaultPinDes On Line 7308
            Warning - 1 : Skipping Token defaultPinDes On Line 7316
            Warning - 1 : Skipping Token defaultPinDes On Line 7324
            Warning - 1 : Skipping Token defaultPinDes On Line 7332
            Warning - 1 : Skipping Token defaultPinDes On Line 7340
            Warning - 1 : Skipping Token defaultPinDes On Line 7348
            Warning - 1 : Skipping Token defaultPinDes On Line 7373
            Warning - 1 : Skipping Token defaultPinDes On Line 7381
            Warning - 1 : Skipping Token defaultPinDes On Line 7389
            Warning - 1 : Skipping Token defaultPinDes On Line 7397
            Warning - 1 : Skipping Token defaultPinDes On Line 7405
            Warning - 1 : Skipping Token defaultPinDes On Line 7413
            Warning - 1 : Skipping Token defaultPinDes On Line 7433
            Warning - 1 : Skipping Token defaultPinDes On Line 7440
            Warning - 1 : Skipping Token defaultPinDes On Line 7447
            Warning - 1 : Skipping Token defaultPinDes On Line 7454
            Warning - 1 : Skipping Token defaultPinDes On Line 7461
            Warning - 1 : Skipping Token defaultPinDes On Line 7468
            Warning - 1 : Skipping Token defaultPinDes On Line 7495
            Warning - 1 : Skipping Token defaultPinDes On Line 7503
            Warning - 1 : Skipping Token defaultPinDes On Line 7519
            Warning - 1 : Skipping Token defaultPinDes On Line 7526
            Warning - 1 : Skipping Token defaultPinDes On Line 7533
            Warning - 1 : Skipping Token defaultPinDes On Line 7552
            Warning - 1 : Skipping Token defaultPinDes On Line 7560
            Warning - 1 : Skipping Token defaultPinDes On Line 7568
            Warning - 1 : Skipping Token defaultPinDes On Line 7576
            Warning - 1 : Skipping Token defaultPinDes On Line 7584
            Warning - 1 : Skipping Token defaultPinDes On Line 7592
            Warning - 1 : Skipping Token defaultPinDes On Line 7623
            Warning - 1 : Skipping Token defaultPinDes On Line 7630
            Warning - 1 : Skipping Token defaultPinDes On Line 7637
            Warning - 1 : Skipping Token defaultPinDes On Line 7655
            Warning - 1 : Skipping Token defaultPinDes On Line 7662
            Warning - 1 : Skipping Token defaultPinDes On Line 7669
            Warning - 1 : Skipping Token defaultPinDes On Line 7676
            Warning - 1 : Skipping Token defaultPinDes On Line 7683
            Warning - 1 : Skipping Token defaultPinDes On Line 7690
            Warning - 1 : Skipping Token defaultPinDes On Line 7716
            Warning - 1 : Skipping Token defaultPinDes On Line 7723
            Warning - 1 : Skipping Token defaultPinDes On Line 7730
            Warning - 1 : Skipping Token defaultPinDes On Line 7748
            Warning - 1 : Skipping Token defaultPinDes On Line 7755
            Warning - 1 : Skipping Token defaultPinDes On Line 7762
            Warning - 1 : Skipping Token defaultPinDes On Line 7769
            Warning - 1 : Skipping Token defaultPinDes On Line 7776
            Warning - 1 : Skipping Token defaultPinDes On Line 7783
        EndSection

        Section : Generating SCH Library - Knopka.SchLib
            Warning - 0 : PCAD Pattern Graphics [71AF30-02][Primary] associated with PCAD Component [71AF30-02-2-05N] has been renamed to PCB FootPrint [71AF30-02_71AF30-02-2-05N(Primary)].
            Warning - 0 : PCAD Pattern Graphics [IT-1102W][Primary] associated with PCAD Component [IT-1102W] has been renamed to PCB FootPrint [IT-1102W_Primary].
            Warning - 0 : PCAD Pattern Graphics [IT-1102W][Primary_1] associated with PCAD Component [IT-1102W] has been renamed to PCB FootPrint [IT-1102W_Primary_1].
            Warning - 0 : PCAD Pattern Graphics [PKN-159][Primary] associated with PCAD Component [PKN-159] has been renamed to PCB FootPrint [PKN-159_Primary].
            Warning - 0 : PCAD Pattern Graphics [PKN-159][Primary_1] associated with PCAD Component [PKN-159] has been renamed to PCB FootPrint [PKN-159_Primary_1].
            Warning - 0 : PCAD Pattern Graphics [PSM2(PODSVETKA)][Primary] associated with PCAD Component [PSM2(PODSVETKA)] has been renamed to PCB FootPrint [PSM2(PODSVETKA)_PSM2(PODSVETKA)(Primary)].
            Warning - 0 : PCAD Pattern Graphics [滔1-4][Primary] associated with PCAD Component [滔1-4] has been renamed to PCB FootPrint [滔1-4_滔1-4(Primary)].
        EndSection
    EndSection
EndSection
