PCAD Importer Log
Project : Аналоговые-mm.LibPkg

Section : D:\PCAD-Libs\Lib_mm\Аналоговые-mm.lib
    Section : PCB Library - Аналоговые-mm.PcbLib
        Section : Load Messages
            Warning - 1 : Skipping Token defaultPinDes On Line 686
            Warning - 1 : Skipping Token defaultPinDes On Line 687
            Warning - 1 : Skipping Token defaultPinDes On Line 688
            Warning - 1 : Skipping Token defaultPinDes On Line 689
            Warning - 1 : Skipping Token defaultPinDes On Line 690
            Warning - 1 : Skipping Token defaultPinDes On Line 691
            Warning - 1 : Skipping Token defaultPinDes On Line 692
            Warning - 1 : Skipping Token defaultPinDes On Line 693
            Warning - 1 : Skipping Token defaultPinDes On Line 694
            Warning - 1 : Skipping Token defaultPinDes On Line 695
            Warning - 1 : Skipping Token defaultPinDes On Line 696
            Warning - 1 : Skipping Token defaultPinDes On Line 697
            Warning - 1 : Skipping Token defaultPinDes On Line 698
            Warning - 1 : Skipping Token defaultPinDes On Line 699
            Warning - 1 : Skipping Token defaultPinDes On Line 700
            Warning - 1 : Skipping Token defaultPinDes On Line 701
            Warning - 1 : Skipping Token defaultPinDes On Line 2353
            Warning - 1 : Skipping Token defaultPinDes On Line 2354
            Warning - 1 : Skipping Token defaultPinDes On Line 2355
            Warning - 1 : Skipping Token defaultPinDes On Line 2356
            Warning - 1 : Skipping Token defaultPinDes On Line 2357
            Warning - 1 : Skipping Token defaultPinDes On Line 2358
            Warning - 1 : Skipping Token defaultPinDes On Line 2359
            Warning - 1 : Skipping Token defaultPinDes On Line 2360
            Warning - 1 : Skipping Token defaultPinDes On Line 2361
            Warning - 1 : Skipping Token defaultPinDes On Line 2362
            Warning - 1 : Skipping Token defaultPinDes On Line 2363
            Warning - 1 : Skipping Token defaultPinDes On Line 2364
            Warning - 1 : Skipping Token defaultPinDes On Line 2365
            Warning - 1 : Skipping Token defaultPinDes On Line 2366
            Warning - 1 : Skipping Token defaultPinDes On Line 2367
            Warning - 1 : Skipping Token defaultPinDes On Line 2368
            Warning - 1 : Skipping Token defaultPinDes On Line 2369
            Warning - 1 : Skipping Token defaultPinDes On Line 2370
            Warning - 1 : Skipping Token defaultPinDes On Line 2371
            Warning - 1 : Skipping Token defaultPinDes On Line 2372
            Warning - 1 : Skipping Token defaultPinDes On Line 2373
            Warning - 1 : Skipping Token defaultPinDes On Line 2374
            Warning - 1 : Skipping Token defaultPinDes On Line 2375
            Warning - 1 : Skipping Token defaultPinDes On Line 2376
            Warning - 1 : Skipping Token defaultPinDes On Line 2377
            Warning - 1 : Skipping Token defaultPinDes On Line 2378
            Warning - 1 : Skipping Token defaultPinDes On Line 2379
            Warning - 1 : Skipping Token defaultPinDes On Line 2380
            Warning - 1 : Skipping Token defaultPinDes On Line 2381
            Warning - 1 : Skipping Token defaultPinDes On Line 2382
            Warning - 1 : Skipping Token defaultPinDes On Line 2383
            Warning - 1 : Skipping Token defaultPinDes On Line 2384
            Warning - 1 : Skipping Token defaultPinDes On Line 2514
            Warning - 1 : Skipping Token defaultPinDes On Line 2515
            Warning - 1 : Skipping Token defaultPinDes On Line 2516
            Warning - 1 : Skipping Token defaultPinDes On Line 2517
            Warning - 1 : Skipping Token defaultPinDes On Line 2518
            Warning - 1 : Skipping Token defaultPinDes On Line 2519
            Warning - 1 : Skipping Token defaultPinDes On Line 2520
            Warning - 1 : Skipping Token defaultPinDes On Line 2521
            Warning - 1 : Skipping Token defaultPinDes On Line 2522
            Warning - 1 : Skipping Token defaultPinDes On Line 2523
            Warning - 1 : Skipping Token defaultPinDes On Line 2524
            Warning - 1 : Skipping Token defaultPinDes On Line 2525
            Warning - 1 : Skipping Token defaultPinDes On Line 2526
            Warning - 1 : Skipping Token defaultPinDes On Line 2527
            Warning - 1 : Skipping Token defaultPinDes On Line 2528
            Warning - 1 : Skipping Token defaultPinDes On Line 2529
            Warning - 1 : Skipping Token defaultPinDes On Line 2530
            Warning - 1 : Skipping Token defaultPinDes On Line 2531
            Warning - 1 : Skipping Token defaultPinDes On Line 2532
            Warning - 1 : Skipping Token defaultPinDes On Line 2533
            Warning - 1 : Skipping Token defaultPinDes On Line 2534
            Warning - 1 : Skipping Token defaultPinDes On Line 2535
            Warning - 1 : Skipping Token defaultPinDes On Line 2536
            Warning - 1 : Skipping Token defaultPinDes On Line 2537
            Warning - 1 : Skipping Token defaultPinDes On Line 2538
            Warning - 1 : Skipping Token defaultPinDes On Line 2539
            Warning - 1 : Skipping Token defaultPinDes On Line 2540
            Warning - 1 : Skipping Token defaultPinDes On Line 2541
            Warning - 1 : Skipping Token defaultPinDes On Line 2542
            Warning - 1 : Skipping Token defaultPinDes On Line 2543
            Warning - 1 : Skipping Token defaultPinDes On Line 2544
            Warning - 1 : Skipping Token defaultPinDes On Line 2545
            Warning - 1 : Skipping Token defaultPinDes On Line 2796
            Warning - 1 : Skipping Token defaultPinDes On Line 2797
            Warning - 1 : Skipping Token defaultPinDes On Line 2798
            Warning - 1 : Skipping Token defaultPinDes On Line 2799
            Warning - 1 : Skipping Token defaultPinDes On Line 2800
            Warning - 1 : Skipping Token defaultPinDes On Line 2801
            Warning - 1 : Skipping Token defaultPinDes On Line 2802
            Warning - 1 : Skipping Token defaultPinDes On Line 2803
            Warning - 1 : Skipping Token defaultPinDes On Line 2804
            Warning - 1 : Skipping Token defaultPinDes On Line 2805
            Warning - 1 : Skipping Token defaultPinDes On Line 2806
            Warning - 1 : Skipping Token defaultPinDes On Line 2807
            Warning - 1 : Skipping Token defaultPinDes On Line 2808
            Warning - 1 : Skipping Token defaultPinDes On Line 2809
            Warning - 1 : Skipping Token defaultPinDes On Line 2810
            Warning - 1 : Skipping Token defaultPinDes On Line 2811
            Warning - 1 : Skipping Token defaultPinDes On Line 2812
            Warning - 1 : Skipping Token defaultPinDes On Line 2813
            Warning - 1 : Skipping Token defaultPinDes On Line 2814
            Warning - 1 : Skipping Token defaultPinDes On Line 2815
            Warning - 1 : Skipping Token defaultPinDes On Line 2816
            Warning - 1 : Skipping Token defaultPinDes On Line 2817
            Warning - 1 : Skipping Token defaultPinDes On Line 2818
            Warning - 1 : Skipping Token defaultPinDes On Line 2819
            Warning - 1 : Skipping Token defaultPinDes On Line 2820
            Warning - 1 : Skipping Token defaultPinDes On Line 2821
            Warning - 1 : Skipping Token defaultPinDes On Line 2822
            Warning - 1 : Skipping Token defaultPinDes On Line 2823
            Warning - 1 : Skipping Token defaultPinDes On Line 2978
            Warning - 1 : Skipping Token defaultPinDes On Line 2979
            Warning - 1 : Skipping Token defaultPinDes On Line 2980
            Warning - 1 : Skipping Token defaultPinDes On Line 2981
            Warning - 1 : Skipping Token defaultPinDes On Line 2982
            Warning - 1 : Skipping Token defaultPinDes On Line 2983
            Warning - 1 : Skipping Token defaultPinDes On Line 2984
            Warning - 1 : Skipping Token defaultPinDes On Line 2985
            Warning - 1 : Skipping Token defaultPinDes On Line 2986
            Warning - 1 : Skipping Token defaultPinDes On Line 2987
            Warning - 1 : Skipping Token defaultPinDes On Line 2988
            Warning - 1 : Skipping Token defaultPinDes On Line 2989
            Warning - 1 : Skipping Token defaultPinDes On Line 2990
            Warning - 1 : Skipping Token defaultPinDes On Line 2991
            Warning - 1 : Skipping Token defaultPinDes On Line 2992
            Warning - 1 : Skipping Token defaultPinDes On Line 2993
            Warning - 1 : Skipping Token defaultPinDes On Line 2994
            Warning - 1 : Skipping Token defaultPinDes On Line 2995
            Warning - 1 : Skipping Token defaultPinDes On Line 2996
            Warning - 1 : Skipping Token defaultPinDes On Line 2997
            Warning - 1 : Skipping Token defaultPinDes On Line 2998
            Warning - 1 : Skipping Token defaultPinDes On Line 2999
            Warning - 1 : Skipping Token defaultPinDes On Line 3000
            Warning - 1 : Skipping Token defaultPinDes On Line 3001
            Warning - 1 : Skipping Token defaultPinDes On Line 3002
            Warning - 1 : Skipping Token defaultPinDes On Line 3003
            Warning - 1 : Skipping Token defaultPinDes On Line 3004
            Warning - 1 : Skipping Token defaultPinDes On Line 3005
            Warning - 1 : Skipping Token defaultPinDes On Line 3006
            Warning - 1 : Skipping Token defaultPinDes On Line 3007
            Warning - 1 : Skipping Token defaultPinDes On Line 3008
            Warning - 1 : Skipping Token defaultPinDes On Line 3009
            Warning - 1 : Skipping Token defaultPinDes On Line 3071
            Warning - 1 : Skipping Token defaultPinDes On Line 3072
            Warning - 1 : Skipping Token defaultPinDes On Line 3073
            Warning - 1 : Skipping Token defaultPinDes On Line 3074
            Warning - 1 : Skipping Token defaultPinDes On Line 3075
            Warning - 1 : Skipping Token defaultPinDes On Line 3076
            Warning - 1 : Skipping Token defaultPinDes On Line 3077
            Warning - 1 : Skipping Token defaultPinDes On Line 3078
            Warning - 1 : Skipping Token defaultPinDes On Line 3079
            Warning - 1 : Skipping Token defaultPinDes On Line 3080
            Warning - 1 : Skipping Token defaultPinDes On Line 3081
            Warning - 1 : Skipping Token defaultPinDes On Line 3082
            Warning - 1 : Skipping Token defaultPinDes On Line 3083
            Warning - 1 : Skipping Token defaultPinDes On Line 3084
            Warning - 1 : Skipping Token defaultPinDes On Line 3085
            Warning - 1 : Skipping Token defaultPinDes On Line 3086
            Warning - 1 : Skipping Token defaultPinDes On Line 3087
            Warning - 1 : Skipping Token defaultPinDes On Line 3088
            Warning - 1 : Skipping Token defaultPinDes On Line 3089
            Warning - 1 : Skipping Token defaultPinDes On Line 3090
            Warning - 1 : Skipping Token defaultPinDes On Line 3091
            Warning - 1 : Skipping Token defaultPinDes On Line 3092
            Warning - 1 : Skipping Token defaultPinDes On Line 3093
            Warning - 1 : Skipping Token defaultPinDes On Line 3094
            Warning - 1 : Skipping Token defaultPinDes On Line 3095
            Warning - 1 : Skipping Token defaultPinDes On Line 3096
            Warning - 1 : Skipping Token defaultPinDes On Line 3097
            Warning - 1 : Skipping Token defaultPinDes On Line 3098
            Warning - 1 : Skipping Token defaultPinDes On Line 3099
            Warning - 1 : Skipping Token defaultPinDes On Line 3100
            Warning - 1 : Skipping Token defaultPinDes On Line 3101
            Warning - 1 : Skipping Token defaultPinDes On Line 3102
            Warning - 1 : Skipping Token defaultPinDes On Line 3103
            Warning - 1 : Skipping Token defaultPinDes On Line 3104
            Warning - 1 : Skipping Token defaultPinDes On Line 3105
            Warning - 1 : Skipping Token defaultPinDes On Line 3106
            Warning - 1 : Skipping Token defaultPinDes On Line 3107
            Warning - 1 : Skipping Token defaultPinDes On Line 3108
            Warning - 1 : Skipping Token defaultPinDes On Line 3109
            Warning - 1 : Skipping Token defaultPinDes On Line 3110
            Warning - 1 : Skipping Token defaultPinDes On Line 3111
            Warning - 1 : Skipping Token defaultPinDes On Line 3112
            Warning - 1 : Skipping Token defaultPinDes On Line 3113
            Warning - 1 : Skipping Token defaultPinDes On Line 3114
            Warning - 1 : Skipping Token defaultPinDes On Line 3159
            Warning - 1 : Skipping Token defaultPinDes On Line 3160
            Warning - 1 : Skipping Token defaultPinDes On Line 3161
            Warning - 1 : Skipping Token defaultPinDes On Line 3162
            Warning - 1 : Skipping Token defaultPinDes On Line 3163
            Warning - 1 : Skipping Token defaultPinDes On Line 3164
            Warning - 1 : Skipping Token defaultPinDes On Line 3165
            Warning - 1 : Skipping Token defaultPinDes On Line 3166
            Warning - 1 : Skipping Token defaultPinDes On Line 3167
            Warning - 1 : Skipping Token defaultPinDes On Line 3168
            Warning - 1 : Skipping Token defaultPinDes On Line 3169
            Warning - 1 : Skipping Token defaultPinDes On Line 3170
            Warning - 1 : Skipping Token defaultPinDes On Line 3171
            Warning - 1 : Skipping Token defaultPinDes On Line 3172
            Warning - 1 : Skipping Token defaultPinDes On Line 3213
            Warning - 1 : Skipping Token defaultPinDes On Line 3214
            Warning - 1 : Skipping Token defaultPinDes On Line 3215
            Warning - 1 : Skipping Token defaultPinDes On Line 3216
            Warning - 1 : Skipping Token defaultPinDes On Line 3217
            Warning - 1 : Skipping Token defaultPinDes On Line 3218
            Warning - 1 : Skipping Token defaultPinDes On Line 3219
            Warning - 1 : Skipping Token defaultPinDes On Line 3220
            Warning - 1 : Skipping Token defaultPinDes On Line 3221
            Warning - 1 : Skipping Token defaultPinDes On Line 3222
            Warning - 1 : Skipping Token defaultPinDes On Line 3223
            Warning - 1 : Skipping Token defaultPinDes On Line 3224
            Warning - 1 : Skipping Token defaultPinDes On Line 3225
            Warning - 1 : Skipping Token defaultPinDes On Line 3226
            Warning - 1 : Skipping Token defaultPinDes On Line 3227
            Warning - 1 : Skipping Token defaultPinDes On Line 3228
            Warning - 1 : Skipping Token defaultPinDes On Line 3269
            Warning - 1 : Skipping Token defaultPinDes On Line 3270
            Warning - 1 : Skipping Token defaultPinDes On Line 3271
            Warning - 1 : Skipping Token defaultPinDes On Line 3272
            Warning - 1 : Skipping Token defaultPinDes On Line 3273
            Warning - 1 : Skipping Token defaultPinDes On Line 3274
            Warning - 1 : Skipping Token defaultPinDes On Line 3275
            Warning - 1 : Skipping Token defaultPinDes On Line 3276
            Warning - 1 : Skipping Token defaultPinDes On Line 3277
            Warning - 1 : Skipping Token defaultPinDes On Line 3278
            Warning - 1 : Skipping Token defaultPinDes On Line 3279
            Warning - 1 : Skipping Token defaultPinDes On Line 3280
            Warning - 1 : Skipping Token defaultPinDes On Line 3281
            Warning - 1 : Skipping Token defaultPinDes On Line 3282
            Warning - 1 : Skipping Token defaultPinDes On Line 3283
            Warning - 1 : Skipping Token defaultPinDes On Line 3284
            Warning - 1 : Skipping Token defaultPinDes On Line 3285
            Warning - 1 : Skipping Token defaultPinDes On Line 3286
            Warning - 1 : Skipping Token defaultPinDes On Line 3287
            Warning - 1 : Skipping Token defaultPinDes On Line 3288
            Warning - 1 : Skipping Token defaultPinDes On Line 3331
            Warning - 1 : Skipping Token defaultPinDes On Line 3332
            Warning - 1 : Skipping Token defaultPinDes On Line 3333
            Warning - 1 : Skipping Token defaultPinDes On Line 3334
            Warning - 1 : Skipping Token defaultPinDes On Line 3335
            Warning - 1 : Skipping Token defaultPinDes On Line 3336
            Warning - 1 : Skipping Token defaultPinDes On Line 3337
            Warning - 1 : Skipping Token defaultPinDes On Line 3338
            Warning - 1 : Skipping Token defaultPinDes On Line 3384
            Warning - 1 : Skipping Token defaultPinDes On Line 3385
            Warning - 1 : Skipping Token defaultPinDes On Line 3386
            Warning - 1 : Skipping Token defaultPinDes On Line 3387
            Warning - 1 : Skipping Token defaultPinDes On Line 3388
            Warning - 1 : Skipping Token defaultPinDes On Line 3389
            Warning - 1 : Skipping Token defaultPinDes On Line 3390
            Warning - 1 : Skipping Token defaultPinDes On Line 3391
            Warning - 1 : Skipping Token defaultPinDes On Line 3515
            Warning - 1 : Skipping Token defaultPinDes On Line 3516
            Warning - 1 : Skipping Token defaultPinDes On Line 3517
            Warning - 1 : Skipping Token defaultPinDes On Line 3518
            Warning - 1 : Skipping Token defaultPinDes On Line 3519
            Warning - 1 : Skipping Token defaultPinDes On Line 3520
            Warning - 1 : Skipping Token defaultPinDes On Line 3521
            Warning - 1 : Skipping Token defaultPinDes On Line 3522
            Warning - 1 : Skipping Token defaultPinDes On Line 3523
            Warning - 1 : Skipping Token defaultPinDes On Line 3524
            Warning - 1 : Skipping Token defaultPinDes On Line 3525
            Warning - 1 : Skipping Token defaultPinDes On Line 3526
            Warning - 1 : Skipping Token defaultPinDes On Line 3527
            Warning - 1 : Skipping Token defaultPinDes On Line 3528
            Warning - 1 : Skipping Token defaultPinDes On Line 3529
            Warning - 1 : Skipping Token defaultPinDes On Line 3530
            Warning - 1 : Skipping Token defaultPinDes On Line 3715
            Warning - 1 : Skipping Token defaultPinDes On Line 3716
            Warning - 1 : Skipping Token defaultPinDes On Line 3717
            Warning - 1 : Skipping Token defaultPinDes On Line 3718
            Warning - 1 : Skipping Token defaultPinDes On Line 3719
            Warning - 1 : Skipping Token defaultPinDes On Line 3720
            Warning - 1 : Skipping Token defaultPinDes On Line 3721
            Warning - 1 : Skipping Token defaultPinDes On Line 3722
            Warning - 1 : Skipping Token defaultPinDes On Line 3723
            Warning - 1 : Skipping Token defaultPinDes On Line 3724
            Warning - 1 : Skipping Token defaultPinDes On Line 3725
            Warning - 1 : Skipping Token defaultPinDes On Line 3726
            Warning - 1 : Skipping Token defaultPinDes On Line 3727
            Warning - 1 : Skipping Token defaultPinDes On Line 3728
            Warning - 1 : Skipping Token defaultPinDes On Line 3729
            Warning - 1 : Skipping Token defaultPinDes On Line 3730
            Warning - 1 : Skipping Token defaultPinDes On Line 3731
            Warning - 1 : Skipping Token defaultPinDes On Line 3732
            Warning - 1 : Skipping Token defaultPinDes On Line 3733
            Warning - 1 : Skipping Token defaultPinDes On Line 3734
            Warning - 1 : Skipping Token defaultPinDes On Line 3735
            Warning - 1 : Skipping Token defaultPinDes On Line 3736
            Warning - 1 : Skipping Token defaultPinDes On Line 3737
            Warning - 1 : Skipping Token defaultPinDes On Line 3738
            Warning - 1 : Skipping Token defaultPinDes On Line 3739
            Warning - 1 : Skipping Token defaultPinDes On Line 3740
            Warning - 1 : Skipping Token defaultPinDes On Line 3741
            Warning - 1 : Skipping Token defaultPinDes On Line 3742
            Warning - 1 : Skipping Token 1109KT2 On Line 3775
            Warning - 1 : Skipping Token 1109KT2B On Line 3815
            Warning - 1 : Skipping Token 140UD12 On Line 3840
            Warning - 1 : Skipping Token 140UD14 On Line 3904
            Warning - 1 : Skipping Token DAC8 On Line 3976
            Warning - 1 : Skipping Token ICL7107 On Line 4138
            Warning - 1 : Skipping Token K1100SK2 On Line 4508
            Warning - 1 : Skipping Token K544UD1 On Line 4578
            Warning - 1 : Skipping Token K554SA3 On Line 4650
            Warning - 1 : Skipping Token KR1006VI1 On Line 4740
            Warning - 1 : Skipping Token KR1407UD2 On Line 4821
            Warning - 1 : Skipping Token KR140UD20A On Line 4901
            Warning - 1 : Skipping Token KR140UD20B On Line 4973
            Warning - 1 : Skipping Token KR140UD6 On Line 5037
            Warning - 1 : Skipping Token KR174UN19 On Line 5117
            Warning - 1 : Skipping Token KR544UD2 On Line 5176
            Warning - 1 : Skipping Token KR574UD2A On Line 5256
            Warning - 1 : Skipping Token KR574UD2B On Line 5294
            Warning - 1 : Skipping Token KR590KN2A On Line 5320
            Warning - 1 : Skipping Token KR590KN2B On Line 5354
            Warning - 1 : Skipping Token KR590KN3A On Line 5388
            Warning - 1 : Skipping Token KR590KN3B On Line 5466
            Warning - 1 : Skipping Token KR590KN4B On Line 5510
            Warning - 1 : Skipping Token KR590KN5A On Line 5558
            Warning - 1 : Skipping Token KR590KN6 On Line 5600
            Warning - 1 : Skipping Token KR590KN7A On Line 5742
            Warning - 1 : Skipping Token KR590KN7B On Line 5785
            Warning - 1 : Skipping Token NE556 On Line 5825
            Warning - 1 : Skipping Token OP-27G On Line 5889
            Warning - 1 : Skipping Token OP-37G On Line 5961
            Warning - 1 : Skipping Token К157УД2А On Line 6033
            Warning - 1 : Skipping Token К157УД2Б On Line 6090
            Warning - 1 : Skipping Token К157УД2В On Line 6117
            Warning - 1 : Skipping Token КР512ПС10 On Line 6144
            Warning - 1 : Skipping Token КР572ПА1 On Line 6278
            Warning - 1 : Skipping Token attachedSymbol On Line 6438
            Warning - 1 : Skipping Token attachedSymbol On Line 6471
            Warning - 1 : Skipping Token attachedSymbol On Line 6504
            Warning - 1 : Skipping Token attachedSymbol On Line 6537
            Warning - 1 : Skipping Token attachedSymbol On Line 6570
            Warning - 1 : Skipping Token attachedSymbol On Line 6611
            Warning - 1 : Skipping Token attachedSymbol On Line 6684
            Warning - 1 : Skipping Token attachedSymbol On Line 6749
            Warning - 1 : Skipping Token attachedSymbol On Line 6791
            Warning - 1 : Skipping Token attachedSymbol On Line 6792
            Warning - 1 : Skipping Token attachedSymbol On Line 6793
            Warning - 1 : Skipping Token attachedSymbol On Line 6794
            Warning - 1 : Skipping Token attachedSymbol On Line 6795
            Warning - 1 : Skipping Token attachedSymbol On Line 6796
            Warning - 1 : Skipping Token attachedSymbol On Line 6797
            Warning - 1 : Skipping Token attachedSymbol On Line 6798
            Warning - 1 : Skipping Token attachedSymbol On Line 6846
            Warning - 1 : Skipping Token attachedSymbol On Line 6847
            Warning - 1 : Skipping Token attachedSymbol On Line 6848
            Warning - 1 : Skipping Token attachedSymbol On Line 6849
            Warning - 1 : Skipping Token attachedSymbol On Line 6850
            Warning - 1 : Skipping Token attachedSymbol On Line 6887
            Warning - 1 : Skipping Token attachedSymbol On Line 6915
            Warning - 1 : Skipping Token attachedSymbol On Line 6945
            Warning - 1 : Skipping Token attachedSymbol On Line 6984
            Warning - 1 : Skipping Token attachedSymbol On Line 7023
            Warning - 1 : Skipping Token attachedSymbol On Line 7056
            Warning - 1 : Skipping Token attachedSymbol On Line 7089
            Warning - 1 : Skipping Token attachedSymbol On Line 7122
            Warning - 1 : Skipping Token attachedSymbol On Line 7162
            Warning - 1 : Skipping Token attachedSymbol On Line 7163
            Warning - 1 : Skipping Token attachedSymbol On Line 7202
            Warning - 1 : Skipping Token attachedSymbol On Line 7242
            Warning - 1 : Skipping Token attachedSymbol On Line 7243
            Warning - 1 : Skipping Token attachedSymbol On Line 7244
            Warning - 1 : Skipping Token attachedSymbol On Line 7284
            Warning - 1 : Skipping Token attachedSymbol On Line 7318
            Warning - 1 : Skipping Token attachedSymbol On Line 7319
            Warning - 1 : Skipping Token attachedSymbol On Line 7320
            Warning - 1 : Skipping Token attachedSymbol On Line 7362
            Warning - 1 : Skipping Token attachedSymbol On Line 7363
            Warning - 1 : Skipping Token attachedSymbol On Line 7364
            Warning - 1 : Skipping Token attachedSymbol On Line 7365
            Warning - 1 : Skipping Token attachedSymbol On Line 7366
            Warning - 1 : Skipping Token attachedSymbol On Line 7416
            Warning - 1 : Skipping Token attachedSymbol On Line 7417
            Warning - 1 : Skipping Token attachedSymbol On Line 7418
            Warning - 1 : Skipping Token attachedSymbol On Line 7468
            Warning - 1 : Skipping Token attachedSymbol On Line 7469
            Warning - 1 : Skipping Token attachedSymbol On Line 7470
            Warning - 1 : Skipping Token attachedSymbol On Line 7520
            Warning - 1 : Skipping Token attachedSymbol On Line 7521
            Warning - 1 : Skipping Token attachedSymbol On Line 7522
            Warning - 1 : Skipping Token attachedSymbol On Line 7523
            Warning - 1 : Skipping Token attachedSymbol On Line 7524
            Warning - 1 : Skipping Token attachedSymbol On Line 7574
            Warning - 1 : Skipping Token attachedSymbol On Line 7624
            Warning - 1 : Skipping Token attachedSymbol On Line 7625
            Warning - 1 : Skipping Token attachedSymbol On Line 7626
            Warning - 1 : Skipping Token attachedSymbol On Line 7673
            Warning - 1 : Skipping Token attachedSymbol On Line 7674
            Warning - 1 : Skipping Token attachedSymbol On Line 7713
            Warning - 1 : Skipping Token attachedSymbol On Line 7746
            Warning - 1 : Skipping Token attachedSymbol On Line 7776
            Warning - 1 : Skipping Token attachedSymbol On Line 7803
            Warning - 1 : Skipping Token attachedSymbol On Line 7840
            Warning - 1 : Skipping Token attachedSymbol On Line 7888
        EndSection

        Section : Import Messages
            Warning : Target Pad Converted To Rounded Pad
            Warning : Target Pad Converted To Rounded Pad
            Warning : Target Pad Converted To Rounded Pad
        EndSection
    EndSection

    Section : SCH Library - Аналоговые-mm.SchLib
        Section : Parsing Messages
            Warning - 1 : Skipping Token padStyleDef On Line 13
            Warning - 1 : Skipping Token padStyleDef On Line 23
            Warning - 1 : Skipping Token padStyleDef On Line 33
            Warning - 1 : Skipping Token padStyleDef On Line 43
            Warning - 1 : Skipping Token padStyleDef On Line 53
            Warning - 1 : Skipping Token padStyleDef On Line 63
            Warning - 1 : Skipping Token padStyleDef On Line 73
            Warning - 1 : Skipping Token padStyleDef On Line 83
            Warning - 1 : Skipping Token padStyleDef On Line 93
            Warning - 1 : Skipping Token padStyleDef On Line 104
            Warning - 1 : Skipping Token padStyleDef On Line 115
            Warning - 1 : Skipping Token padStyleDef On Line 126
            Warning - 1 : Skipping Token padStyleDef On Line 137
            Warning - 1 : Skipping Token padStyleDef On Line 148
            Warning - 1 : Skipping Token padStyleDef On Line 159
            Warning - 1 : Skipping Token padStyleDef On Line 170
            Warning - 1 : Skipping Token padStyleDef On Line 181
            Warning - 1 : Skipping Token viaStyleDef On Line 192
            Warning - 1 : Skipping Token multiLayer On Line 443
            Warning - 1 : Skipping Token layerContents On Line 453
            Warning - 1 : Skipping Token layerContents On Line 459
            Warning - 1 : Skipping Token multiLayer On Line 483
            Warning - 1 : Skipping Token layerContents On Line 493
            Warning - 1 : Skipping Token layerContents On Line 499
            Warning - 1 : Skipping Token multiLayer On Line 523
            Warning - 1 : Skipping Token layerContents On Line 539
            Warning - 1 : Skipping Token layerContents On Line 549
            Warning - 1 : Skipping Token multiLayer On Line 575
            Warning - 1 : Skipping Token layerContents On Line 591
            Warning - 1 : Skipping Token layerContents On Line 604
            Warning - 1 : Skipping Token multiLayer On Line 630
            Warning - 1 : Skipping Token layerContents On Line 648
            Warning - 1 : Skipping Token layerContents On Line 659
            Warning - 1 : Skipping Token multiLayer On Line 685
            Warning - 1 : Skipping Token layerContents On Line 703
            Warning - 1 : Skipping Token layerContents On Line 717
            Warning - 1 : Skipping Token multiLayer On Line 744
            Warning - 1 : Skipping Token layerContents On Line 764
            Warning - 1 : Skipping Token layerContents On Line 777
            Warning - 1 : Skipping Token multiLayer On Line 803
            Warning - 1 : Skipping Token layerContents On Line 825
            Warning - 1 : Skipping Token layerContents On Line 836
            Warning - 1 : Skipping Token multiLayer On Line 862
            Warning - 1 : Skipping Token layerContents On Line 884
            Warning - 1 : Skipping Token layerContents On Line 897
            Warning - 1 : Skipping Token multiLayer On Line 923
            Warning - 1 : Skipping Token layerContents On Line 945
            Warning - 1 : Skipping Token layerContents On Line 958
            Warning - 1 : Skipping Token multiLayer On Line 984
            Warning - 1 : Skipping Token layerContents On Line 1010
            Warning - 1 : Skipping Token layerContents On Line 1022
            Warning - 1 : Skipping Token multiLayer On Line 1050
            Warning - 1 : Skipping Token layerContents On Line 1076
            Warning - 1 : Skipping Token layerContents On Line 1091
            Warning - 1 : Skipping Token multiLayer On Line 1119
            Warning - 1 : Skipping Token layerContents On Line 1145
            Warning - 1 : Skipping Token layerContents On Line 1158
            Warning - 1 : Skipping Token multiLayer On Line 1184
            Warning - 1 : Skipping Token layerContents On Line 1214
            Warning - 1 : Skipping Token layerContents On Line 1226
            Warning - 1 : Skipping Token multiLayer On Line 1252
            Warning - 1 : Skipping Token layerContents On Line 1282
            Warning - 1 : Skipping Token layerContents On Line 1295
            Warning - 1 : Skipping Token multiLayer On Line 1321
            Warning - 1 : Skipping Token layerContents On Line 1351
            Warning - 1 : Skipping Token layerContents On Line 1364
            Warning - 1 : Skipping Token multiLayer On Line 1390
            Warning - 1 : Skipping Token layerContents On Line 1424
            Warning - 1 : Skipping Token layerContents On Line 1437
            Warning - 1 : Skipping Token multiLayer On Line 1463
            Warning - 1 : Skipping Token layerContents On Line 1505
            Warning - 1 : Skipping Token multiLayer On Line 1523
            Warning - 1 : Skipping Token layerContents On Line 1565
            Warning - 1 : Skipping Token layerContents On Line 1578
            Warning - 1 : Skipping Token multiLayer On Line 1604
            Warning - 1 : Skipping Token layerContents On Line 1614
            Warning - 1 : Skipping Token layerContents On Line 1627
            Warning - 1 : Skipping Token multiLayer On Line 1653
            Warning - 1 : Skipping Token layerContents On Line 1661
            Warning - 1 : Skipping Token layerContents On Line 1682
            Warning - 1 : Skipping Token multiLayer On Line 1714
            Warning - 1 : Skipping Token layerContents On Line 1721
            Warning - 1 : Skipping Token layerContents On Line 1736
            Warning - 1 : Skipping Token multiLayer On Line 1763
            Warning - 1 : Skipping Token layerContents On Line 1781
            Warning - 1 : Skipping Token layerContents On Line 1793
            Warning - 1 : Skipping Token multiLayer On Line 1855
            Warning - 1 : Skipping Token layerContents On Line 1873
            Warning - 1 : Skipping Token layerContents On Line 1886
            Warning - 1 : Skipping Token multiLayer On Line 1954
            Warning - 1 : Skipping Token layerContents On Line 1972
            Warning - 1 : Skipping Token layerContents On Line 1981
            Warning - 1 : Skipping Token multiLayer On Line 2049
            Warning - 1 : Skipping Token layerContents On Line 2071
            Warning - 1 : Skipping Token layerContents On Line 2080
            Warning - 1 : Skipping Token multiLayer On Line 2160
            Warning - 1 : Skipping Token layerContents On Line 2186
            Warning - 1 : Skipping Token layerContents On Line 2196
            Warning - 1 : Skipping Token multiLayer On Line 2288
            Warning - 1 : Skipping Token layerContents On Line 2300
            Warning - 1 : Skipping Token layerContents On Line 2312
            Warning - 1 : Skipping Token multiLayer On Line 2352
            Warning - 1 : Skipping Token layerContents On Line 2388
            Warning - 1 : Skipping Token layerContents On Line 2398
            Warning - 1 : Skipping Token multiLayer On Line 2513
            Warning - 1 : Skipping Token layerContents On Line 2549
            Warning - 1 : Skipping Token layerContents On Line 2561
            Warning - 1 : Skipping Token multiLayer On Line 2675
            Warning - 1 : Skipping Token layerContents On Line 2745
            Warning - 1 : Skipping Token layerContents On Line 2766
            Warning - 1 : Skipping Token multiLayer On Line 2795
            Warning - 1 : Skipping Token layerContents On Line 2827
            Warning - 1 : Skipping Token layerContents On Line 2850
            Warning - 1 : Skipping Token multiLayer On Line 2880
            Warning - 1 : Skipping Token layerContents On Line 2914
            Warning - 1 : Skipping Token layerContents On Line 2949
            Warning - 1 : Skipping Token multiLayer On Line 2977
            Warning - 1 : Skipping Token layerContents On Line 3013
            Warning - 1 : Skipping Token layerContents On Line 3036
            Warning - 1 : Skipping Token multiLayer On Line 3070
            Warning - 1 : Skipping Token layerContents On Line 3118
            Warning - 1 : Skipping Token layerContents On Line 3132
            Warning - 1 : Skipping Token multiLayer On Line 3158
            Warning - 1 : Skipping Token layerContents On Line 3176
            Warning - 1 : Skipping Token layerContents On Line 3187
            Warning - 1 : Skipping Token multiLayer On Line 3212
            Warning - 1 : Skipping Token layerContents On Line 3232
            Warning - 1 : Skipping Token layerContents On Line 3243
            Warning - 1 : Skipping Token multiLayer On Line 3268
            Warning - 1 : Skipping Token layerContents On Line 3292
            Warning - 1 : Skipping Token layerContents On Line 3303
            Warning - 1 : Skipping Token multiLayer On Line 3330
            Warning - 1 : Skipping Token layerContents On Line 3342
            Warning - 1 : Skipping Token layerContents On Line 3351
            Warning - 1 : Skipping Token multiLayer On Line 3383
            Warning - 1 : Skipping Token layerContents On Line 3393
            Warning - 1 : Skipping Token layerContents On Line 3403
            Warning - 1 : Skipping Token multiLayer On Line 3456
            Warning - 1 : Skipping Token layerContents On Line 3464
            Warning - 1 : Skipping Token layerContents On Line 3475
            Warning - 1 : Skipping Token multiLayer On Line 3514
            Warning - 1 : Skipping Token layerContents On Line 3534
            Warning - 1 : Skipping Token layerContents On Line 3545
            Warning - 1 : Skipping Token multiLayer On Line 3571
            Warning - 1 : Skipping Token layerContents On Line 3593
            Warning - 1 : Skipping Token layerContents On Line 3604
            Warning - 1 : Skipping Token multiLayer On Line 3714
            Warning - 1 : Skipping Token layerContents On Line 3746
            Warning - 1 : Skipping Token layerContents On Line 3758
            Warning - 1 : Skipping Token defaultPinDes On Line 3783
            Warning - 1 : Skipping Token defaultPinDes On Line 3791
            Warning - 1 : Skipping Token defaultPinDes On Line 3823
            Warning - 1 : Skipping Token defaultPinDes On Line 3830
            Warning - 1 : Skipping Token defaultPinDes On Line 3984
            Warning - 1 : Skipping Token defaultPinDes On Line 3992
            Warning - 1 : Skipping Token defaultPinDes On Line 4000
            Warning - 1 : Skipping Token defaultPinDes On Line 4008
            Warning - 1 : Skipping Token defaultPinDes On Line 4016
            Warning - 1 : Skipping Token defaultPinDes On Line 4024
            Warning - 1 : Skipping Token defaultPinDes On Line 4032
            Warning - 1 : Skipping Token defaultPinDes On Line 4040
            Warning - 1 : Skipping Token defaultPinDes On Line 4048
            Warning - 1 : Skipping Token defaultPinDes On Line 4056
            Warning - 1 : Skipping Token defaultPinDes On Line 4064
            Warning - 1 : Skipping Token defaultPinDes On Line 4071
            Warning - 1 : Skipping Token defaultPinDes On Line 4078
            Warning - 1 : Skipping Token defaultPinDes On Line 4086
            Warning - 1 : Skipping Token defaultPinDes On Line 4094
            Warning - 1 : Skipping Token defaultPinDes On Line 4102
            Warning - 1 : Skipping Token defaultPinDes On Line 4146
            Warning - 1 : Skipping Token defaultPinDes On Line 4154
            Warning - 1 : Skipping Token defaultPinDes On Line 4162
            Warning - 1 : Skipping Token defaultPinDes On Line 4170
            Warning - 1 : Skipping Token defaultPinDes On Line 4178
            Warning - 1 : Skipping Token defaultPinDes On Line 4186
            Warning - 1 : Skipping Token defaultPinDes On Line 4194
            Warning - 1 : Skipping Token defaultPinDes On Line 4202
            Warning - 1 : Skipping Token defaultPinDes On Line 4210
            Warning - 1 : Skipping Token defaultPinDes On Line 4218
            Warning - 1 : Skipping Token defaultPinDes On Line 4226
            Warning - 1 : Skipping Token defaultPinDes On Line 4234
            Warning - 1 : Skipping Token defaultPinDes On Line 4242
            Warning - 1 : Skipping Token defaultPinDes On Line 4250
            Warning - 1 : Skipping Token defaultPinDes On Line 4258
            Warning - 1 : Skipping Token defaultPinDes On Line 4266
            Warning - 1 : Skipping Token defaultPinDes On Line 4274
            Warning - 1 : Skipping Token defaultPinDes On Line 4282
            Warning - 1 : Skipping Token defaultPinDes On Line 4290
            Warning - 1 : Skipping Token defaultPinDes On Line 4298
            Warning - 1 : Skipping Token defaultPinDes On Line 4306
            Warning - 1 : Skipping Token defaultPinDes On Line 4314
            Warning - 1 : Skipping Token defaultPinDes On Line 4322
            Warning - 1 : Skipping Token defaultPinDes On Line 4330
            Warning - 1 : Skipping Token defaultPinDes On Line 4338
            Warning - 1 : Skipping Token defaultPinDes On Line 4346
            Warning - 1 : Skipping Token defaultPinDes On Line 4354
            Warning - 1 : Skipping Token defaultPinDes On Line 4362
            Warning - 1 : Skipping Token defaultPinDes On Line 4370
            Warning - 1 : Skipping Token defaultPinDes On Line 4378
            Warning - 1 : Skipping Token defaultPinDes On Line 4386
            Warning - 1 : Skipping Token defaultPinDes On Line 4394
            Warning - 1 : Skipping Token defaultPinDes On Line 4402
            Warning - 1 : Skipping Token defaultPinDes On Line 4410
            Warning - 1 : Skipping Token defaultPinDes On Line 4418
            Warning - 1 : Skipping Token defaultPinDes On Line 4426
            Warning - 1 : Skipping Token defaultPinDes On Line 4434
            Warning - 1 : Skipping Token defaultPinDes On Line 4442
            Warning - 1 : Skipping Token defaultPinDes On Line 4450
            Warning - 1 : Skipping Token defaultPinDes On Line 4458
            Warning - 1 : Skipping Token defaultPinDes On Line 6152
            Warning - 1 : Skipping Token defaultPinDes On Line 6160
            Warning - 1 : Skipping Token defaultPinDes On Line 6168
            Warning - 1 : Skipping Token defaultPinDes On Line 6176
            Warning - 1 : Skipping Token defaultPinDes On Line 6184
            Warning - 1 : Skipping Token defaultPinDes On Line 6192
            Warning - 1 : Skipping Token defaultPinDes On Line 6200
            Warning - 1 : Skipping Token defaultPinDes On Line 6208
            Warning - 1 : Skipping Token defaultPinDes On Line 6216
            Warning - 1 : Skipping Token defaultPinDes On Line 6224
            Warning - 1 : Skipping Token defaultPinDes On Line 6232
            Warning - 1 : Skipping Token defaultPinDes On Line 6240
            Warning - 1 : Skipping Token defaultPinDes On Line 6248
        EndSection

        Section : Generating SCH Library - Аналоговые-mm.SchLib
        EndSection
    EndSection
EndSection
