PCAD Importer Log
Project : 140-1.LibPkg

Section : D:\PCAD-Libs\Lib_mm\140-1.LIB
    Section : PCB Library - 140-1.PcbLib
        Section : Load Messages
            Warning - 1 : Skipping Token defaultPinDes On Line 281
            Warning - 1 : Skipping Token defaultPinDes On Line 282
            Warning - 1 : Skipping Token defaultPinDes On Line 283
            Warning - 1 : Skipping Token defaultPinDes On Line 284
            Warning - 1 : Skipping Token defaultPinDes On Line 285
            Warning - 1 : Skipping Token defaultPinDes On Line 286
            Warning - 1 : Skipping Token defaultPinDes On Line 287
            Warning - 1 : Skipping Token defaultPinDes On Line 288
            Warning - 1 : Skipping Token defaultPinDes On Line 289
            Warning - 1 : Skipping Token defaultPinDes On Line 290
            Warning - 1 : Skipping Token defaultPinDes On Line 291
            Warning - 1 : Skipping Token defaultPinDes On Line 292
            Warning - 1 : Skipping Token defaultPinDes On Line 293
            Warning - 1 : Skipping Token defaultPinDes On Line 294
            Warning - 1 : Skipping Token defaultPinDes On Line 324
            Warning - 1 : Skipping Token defaultPinDes On Line 325
            Warning - 1 : Skipping Token defaultPinDes On Line 326
            Warning - 1 : Skipping Token defaultPinDes On Line 327
            Warning - 1 : Skipping Token defaultPinDes On Line 328
            Warning - 1 : Skipping Token defaultPinDes On Line 329
            Warning - 1 : Skipping Token defaultPinDes On Line 330
            Warning - 1 : Skipping Token defaultPinDes On Line 331
            Warning - 1 : Skipping Token defaultPinDes On Line 361
            Warning - 1 : Skipping Token defaultPinDes On Line 362
            Warning - 1 : Skipping Token defaultPinDes On Line 363
            Warning - 1 : Skipping Token defaultPinDes On Line 364
            Warning - 1 : Skipping Token defaultPinDes On Line 365
            Warning - 1 : Skipping Token defaultPinDes On Line 366
            Warning - 1 : Skipping Token defaultPinDes On Line 367
            Warning - 1 : Skipping Token defaultPinDes On Line 368
            Warning - 1 : Skipping Token defaultPinDes On Line 369
            Warning - 1 : Skipping Token defaultPinDes On Line 370
            Warning - 1 : Skipping Token defaultPinDes On Line 371
            Warning - 1 : Skipping Token defaultPinDes On Line 372
            Warning - 1 : Skipping Token defaultPinDes On Line 395
            Warning - 1 : Skipping Token defaultPinDes On Line 396
            Warning - 1 : Skipping Token defaultPinDes On Line 397
            Warning - 1 : Skipping Token defaultPinDes On Line 398
            Warning - 1 : Skipping Token defaultPinDes On Line 399
            Warning - 1 : Skipping Token defaultPinDes On Line 400
            Warning - 1 : Skipping Token defaultPinDes On Line 401
            Warning - 1 : Skipping Token defaultPinDes On Line 402
            Warning - 1 : Skipping Token defaultPinDes On Line 425
            Warning - 1 : Skipping Token defaultPinDes On Line 426
            Warning - 1 : Skipping Token defaultPinDes On Line 427
            Warning - 1 : Skipping Token defaultPinDes On Line 428
            Warning - 1 : Skipping Token defaultPinDes On Line 429
            Warning - 1 : Skipping Token defaultPinDes On Line 430
            Warning - 1 : Skipping Token defaultPinDes On Line 431
            Warning - 1 : Skipping Token defaultPinDes On Line 432
            Warning - 1 : Skipping Token defaultPinDes On Line 455
            Warning - 1 : Skipping Token defaultPinDes On Line 456
            Warning - 1 : Skipping Token defaultPinDes On Line 457
            Warning - 1 : Skipping Token defaultPinDes On Line 458
            Warning - 1 : Skipping Token defaultPinDes On Line 459
            Warning - 1 : Skipping Token defaultPinDes On Line 460
            Warning - 1 : Skipping Token defaultPinDes On Line 461
            Warning - 1 : Skipping Token defaultPinDes On Line 462
            Warning - 1 : Skipping Token defaultPinDes On Line 496
            Warning - 1 : Skipping Token defaultPinDes On Line 497
            Warning - 1 : Skipping Token defaultPinDes On Line 498
            Warning - 1 : Skipping Token defaultPinDes On Line 499
            Warning - 1 : Skipping Token defaultPinDes On Line 500
            Warning - 1 : Skipping Token defaultPinDes On Line 501
            Warning - 1 : Skipping Token defaultPinDes On Line 502
            Warning - 1 : Skipping Token defaultPinDes On Line 503
            Warning - 1 : Skipping Token defaultPinDes On Line 504
            Warning - 1 : Skipping Token defaultPinDes On Line 505
            Warning - 1 : Skipping Token defaultPinDes On Line 506
            Warning - 1 : Skipping Token defaultPinDes On Line 507
            Warning - 1 : Skipping Token defaultPinDes On Line 508
            Warning - 1 : Skipping Token defaultPinDes On Line 509
            Warning - 1 : Skipping Token defaultPinDes On Line 510
            Warning - 1 : Skipping Token defaultPinDes On Line 511
            Warning - 1 : Skipping Token й140лю1 On Line 552
            Warning - 1 : Skipping Token й140сд1 On Line 657
            Warning - 1 : Skipping Token й140сд10 On Line 727
            Warning - 1 : Skipping Token й140сд11 On Line 805
            Warning - 1 : Skipping Token й140сд12 On Line 875
            Warning - 1 : Skipping Token й140сд13 On Line 953
            Warning - 1 : Skipping Token й140сд14 On Line 1031
            Warning - 1 : Skipping Token й140сд17 On Line 1101
            Warning - 1 : Skipping Token й140сд2 On Line 1171
            Warning - 1 : Skipping Token й140сд20 On Line 1257
            Warning - 1 : Skipping Token й140сд22 On Line 1383
            Warning - 1 : Skipping Token й140сд23 On Line 1453
            Warning - 1 : Skipping Token й140сд24 On Line 1523
            Warning - 1 : Skipping Token й140сд25 On Line 1593
            Warning - 1 : Skipping Token й140сд26 On Line 1663
            Warning - 1 : Skipping Token й140сд5 On Line 1733
            Warning - 1 : Skipping Token й140сд6 On Line 1842
            Warning - 1 : Skipping Token й140сд7 On Line 1912
            Warning - 1 : Skipping Token й140сд8 On Line 1990
            Warning - 1 : Skipping Token й140сд9 On Line 2060
            Warning - 1 : Skipping Token йп140лю1 On Line 2130
            Warning - 1 : Skipping Token йп140сд1 On Line 2235
            Warning - 1 : Skipping Token йп140сд12 On Line 2305
            Warning - 1 : Skipping Token йп140сд14 On Line 2383
            Warning - 1 : Skipping Token йп140сд17 On Line 2453
            Warning - 1 : Skipping Token йп140сд18 On Line 2523
            Warning - 1 : Skipping Token йп140сд22 On Line 2593
            Warning - 1 : Skipping Token йп140сд25 On Line 2663
            Warning - 1 : Skipping Token йп140сд26 On Line 2733
            Warning - 1 : Skipping Token йп140сд5 On Line 2803
            Warning - 1 : Skipping Token йп140сд6 On Line 2912
            Warning - 1 : Skipping Token йп140сд7 On Line 2982
            Warning - 1 : Skipping Token йп140сд8 On Line 3060
            Warning - 1 : Skipping Token attachedSymbol On Line 3147
            Warning - 1 : Skipping Token attachedSymbol On Line 3183
            Warning - 1 : Skipping Token attachedSymbol On Line 3223
            Warning - 1 : Skipping Token attachedSymbol On Line 3259
            Warning - 1 : Skipping Token attachedSymbol On Line 3291
            Warning - 1 : Skipping Token attachedSymbol On Line 3323
            Warning - 1 : Skipping Token attachedSymbol On Line 3355
            Warning - 1 : Skipping Token attachedSymbol On Line 3387
            Warning - 1 : Skipping Token attachedSymbol On Line 3419
            Warning - 1 : Skipping Token attachedSymbol On Line 3451
            Warning - 1 : Skipping Token attachedSymbol On Line 3487
            Warning - 1 : Skipping Token attachedSymbol On Line 3529
            Warning - 1 : Skipping Token attachedSymbol On Line 3567
            Warning - 1 : Skipping Token attachedSymbol On Line 3599
            Warning - 1 : Skipping Token attachedSymbol On Line 3631
            Warning - 1 : Skipping Token attachedSymbol On Line 3663
            Warning - 1 : Skipping Token attachedSymbol On Line 3695
            Warning - 1 : Skipping Token attachedSymbol On Line 3731
            Warning - 1 : Skipping Token attachedSymbol On Line 3767
            Warning - 1 : Skipping Token attachedSymbol On Line 3799
            Warning - 1 : Skipping Token attachedSymbol On Line 3831
            Warning - 1 : Skipping Token attachedSymbol On Line 3867
            Warning - 1 : Skipping Token attachedSymbol On Line 3909
            Warning - 1 : Skipping Token attachedSymbol On Line 3953
            Warning - 1 : Skipping Token attachedSymbol On Line 3997
            Warning - 1 : Skipping Token attachedSymbol On Line 4041
            Warning - 1 : Skipping Token attachedSymbol On Line 4079
            Warning - 1 : Skipping Token attachedSymbol On Line 4117
            Warning - 1 : Skipping Token attachedSymbol On Line 4155
            Warning - 1 : Skipping Token attachedSymbol On Line 4187
            Warning - 1 : Skipping Token attachedSymbol On Line 4219
            Warning - 1 : Skipping Token attachedSymbol On Line 4251
            Warning - 1 : Skipping Token attachedSymbol On Line 4283
            Warning - 1 : Skipping Token attachedSymbol On Line 4315
            Warning - 1 : Skipping Token attachedSymbol On Line 4353
            Warning - 1 : Skipping Token attachedSymbol On Line 4397
            Warning - 1 : Skipping Token attachedSymbol On Line 4435
            Warning - 1 : Skipping Token attachedSymbol On Line 4473
            Warning - 1 : Skipping Token attachedSymbol On Line 4511
            Warning - 1 : Skipping Token attachedSymbol On Line 4543
            Warning - 1 : Skipping Token attachedSymbol On Line 4575
            Warning - 1 : Skipping Token attachedSymbol On Line 4615
        EndSection

        Section : Import Messages
        EndSection
    EndSection

    Section : SCH Library - 140-1.SchLib
        Section : Parsing Messages
            Warning - 1 : Skipping Token padStyleDef On Line 13
            Warning - 1 : Skipping Token padStyleDef On Line 23
            Warning - 1 : Skipping Token padStyleDef On Line 33
            Warning - 1 : Skipping Token padStyleDef On Line 43
            Warning - 1 : Skipping Token padStyleDef On Line 53
            Warning - 1 : Skipping Token padStyleDef On Line 63
            Warning - 1 : Skipping Token padStyleDef On Line 74
            Warning - 1 : Skipping Token viaStyleDef On Line 85
            Warning - 1 : Skipping Token multiLayer On Line 280
            Warning - 1 : Skipping Token layerContents On Line 296
            Warning - 1 : Skipping Token layerContents On Line 312
            Warning - 1 : Skipping Token multiLayer On Line 323
            Warning - 1 : Skipping Token layerContents On Line 333
            Warning - 1 : Skipping Token layerContents On Line 349
            Warning - 1 : Skipping Token multiLayer On Line 360
            Warning - 1 : Skipping Token layerContents On Line 374
            Warning - 1 : Skipping Token layerContents On Line 383
            Warning - 1 : Skipping Token multiLayer On Line 394
            Warning - 1 : Skipping Token layerContents On Line 404
            Warning - 1 : Skipping Token layerContents On Line 413
            Warning - 1 : Skipping Token multiLayer On Line 424
            Warning - 1 : Skipping Token layerContents On Line 434
            Warning - 1 : Skipping Token layerContents On Line 443
            Warning - 1 : Skipping Token multiLayer On Line 454
            Warning - 1 : Skipping Token layerContents On Line 464
            Warning - 1 : Skipping Token layerContents On Line 484
            Warning - 1 : Skipping Token multiLayer On Line 495
            Warning - 1 : Skipping Token layerContents On Line 513
            Warning - 1 : Skipping Token layerContents On Line 547
            Warning - 1 : Skipping Token defaultPinDes On Line 560
            Warning - 1 : Skipping Token defaultPinDes On Line 568
            Warning - 1 : Skipping Token defaultPinDes On Line 576
            Warning - 1 : Skipping Token defaultPinDes On Line 584
            Warning - 1 : Skipping Token defaultPinDes On Line 592
            Warning - 1 : Skipping Token defaultPinDes On Line 600
            Warning - 1 : Skipping Token defaultPinDes On Line 608
            Warning - 1 : Skipping Token defaultPinDes On Line 616
            Warning - 1 : Skipping Token defaultPinDes On Line 624
            Warning - 1 : Skipping Token defaultPinDes On Line 632
            Warning - 1 : Skipping Token defaultPinDes On Line 640
            Warning - 1 : Skipping Token defaultPinDes On Line 648
            Warning - 1 : Skipping Token defaultPinDes On Line 665
            Warning - 1 : Skipping Token defaultPinDes On Line 673
            Warning - 1 : Skipping Token defaultPinDes On Line 680
            Warning - 1 : Skipping Token defaultPinDes On Line 688
            Warning - 1 : Skipping Token defaultPinDes On Line 696
            Warning - 1 : Skipping Token defaultPinDes On Line 704
            Warning - 1 : Skipping Token defaultPinDes On Line 711
            Warning - 1 : Skipping Token defaultPinDes On Line 734
            Warning - 1 : Skipping Token defaultPinDes On Line 742
            Warning - 1 : Skipping Token defaultPinDes On Line 750
            Warning - 1 : Skipping Token defaultPinDes On Line 758
            Warning - 1 : Skipping Token defaultPinDes On Line 766
            Warning - 1 : Skipping Token defaultPinDes On Line 774
            Warning - 1 : Skipping Token defaultPinDes On Line 782
            Warning - 1 : Skipping Token defaultPinDes On Line 789
            Warning - 1 : Skipping Token defaultPinDes On Line 812
            Warning - 1 : Skipping Token defaultPinDes On Line 820
            Warning - 1 : Skipping Token defaultPinDes On Line 828
            Warning - 1 : Skipping Token defaultPinDes On Line 836
            Warning - 1 : Skipping Token defaultPinDes On Line 843
            Warning - 1 : Skipping Token defaultPinDes On Line 851
            Warning - 1 : Skipping Token defaultPinDes On Line 859
            Warning - 1 : Skipping Token defaultPinDes On Line 882
            Warning - 1 : Skipping Token defaultPinDes On Line 889
            Warning - 1 : Skipping Token defaultPinDes On Line 897
            Warning - 1 : Skipping Token defaultPinDes On Line 905
            Warning - 1 : Skipping Token defaultPinDes On Line 913
            Warning - 1 : Skipping Token defaultPinDes On Line 921
            Warning - 1 : Skipping Token defaultPinDes On Line 929
            Warning - 1 : Skipping Token defaultPinDes On Line 937
            Warning - 1 : Skipping Token defaultPinDes On Line 960
            Warning - 1 : Skipping Token defaultPinDes On Line 967
            Warning - 1 : Skipping Token defaultPinDes On Line 975
            Warning - 1 : Skipping Token defaultPinDes On Line 983
            Warning - 1 : Skipping Token defaultPinDes On Line 991
            Warning - 1 : Skipping Token defaultPinDes On Line 999
            Warning - 1 : Skipping Token defaultPinDes On Line 1007
            Warning - 1 : Skipping Token defaultPinDes On Line 1015
            Warning - 1 : Skipping Token defaultPinDes On Line 1038
            Warning - 1 : Skipping Token defaultPinDes On Line 1045
            Warning - 1 : Skipping Token defaultPinDes On Line 1053
            Warning - 1 : Skipping Token defaultPinDes On Line 1061
            Warning - 1 : Skipping Token defaultPinDes On Line 1069
            Warning - 1 : Skipping Token defaultPinDes On Line 1077
            Warning - 1 : Skipping Token defaultPinDes On Line 1085
            Warning - 1 : Skipping Token defaultPinDes On Line 1109
            Warning - 1 : Skipping Token defaultPinDes On Line 1116
            Warning - 1 : Skipping Token defaultPinDes On Line 1123
            Warning - 1 : Skipping Token defaultPinDes On Line 1131
            Warning - 1 : Skipping Token defaultPinDes On Line 1139
            Warning - 1 : Skipping Token defaultPinDes On Line 1147
            Warning - 1 : Skipping Token defaultPinDes On Line 1155
            Warning - 1 : Skipping Token defaultPinDes On Line 1178
            Warning - 1 : Skipping Token defaultPinDes On Line 1186
            Warning - 1 : Skipping Token defaultPinDes On Line 1193
            Warning - 1 : Skipping Token defaultPinDes On Line 1201
            Warning - 1 : Skipping Token defaultPinDes On Line 1209
            Warning - 1 : Skipping Token defaultPinDes On Line 1217
            Warning - 1 : Skipping Token defaultPinDes On Line 1225
            Warning - 1 : Skipping Token defaultPinDes On Line 1233
            Warning - 1 : Skipping Token defaultPinDes On Line 1241
            Warning - 1 : Skipping Token defaultPinDes On Line 1265
            Warning - 1 : Skipping Token defaultPinDes On Line 1272
            Warning - 1 : Skipping Token defaultPinDes On Line 1279
            Warning - 1 : Skipping Token defaultPinDes On Line 1286
            Warning - 1 : Skipping Token defaultPinDes On Line 1294
            Warning - 1 : Skipping Token defaultPinDes On Line 1301
            Warning - 1 : Skipping Token defaultPinDes On Line 1309
            Warning - 1 : Skipping Token defaultPinDes On Line 1317
            Warning - 1 : Skipping Token defaultPinDes On Line 1325
            Warning - 1 : Skipping Token defaultPinDes On Line 1333
            Warning - 1 : Skipping Token defaultPinDes On Line 1341
            Warning - 1 : Skipping Token defaultPinDes On Line 1349
            Warning - 1 : Skipping Token defaultPinDes On Line 1357
            Warning - 1 : Skipping Token defaultPinDes On Line 1390
            Warning - 1 : Skipping Token defaultPinDes On Line 1397
            Warning - 1 : Skipping Token defaultPinDes On Line 1405
            Warning - 1 : Skipping Token defaultPinDes On Line 1413
            Warning - 1 : Skipping Token defaultPinDes On Line 1421
            Warning - 1 : Skipping Token defaultPinDes On Line 1429
            Warning - 1 : Skipping Token defaultPinDes On Line 1437
            Warning - 1 : Skipping Token defaultPinDes On Line 1460
            Warning - 1 : Skipping Token defaultPinDes On Line 1467
            Warning - 1 : Skipping Token defaultPinDes On Line 1475
            Warning - 1 : Skipping Token defaultPinDes On Line 1483
            Warning - 1 : Skipping Token defaultPinDes On Line 1491
            Warning - 1 : Skipping Token defaultPinDes On Line 1499
            Warning - 1 : Skipping Token defaultPinDes On Line 1507
            Warning - 1 : Skipping Token defaultPinDes On Line 1530
            Warning - 1 : Skipping Token defaultPinDes On Line 1537
            Warning - 1 : Skipping Token defaultPinDes On Line 1545
            Warning - 1 : Skipping Token defaultPinDes On Line 1553
            Warning - 1 : Skipping Token defaultPinDes On Line 1561
            Warning - 1 : Skipping Token defaultPinDes On Line 1569
            Warning - 1 : Skipping Token defaultPinDes On Line 1577
            Warning - 1 : Skipping Token defaultPinDes On Line 1600
            Warning - 1 : Skipping Token defaultPinDes On Line 1607
            Warning - 1 : Skipping Token defaultPinDes On Line 1615
            Warning - 1 : Skipping Token defaultPinDes On Line 1623
            Warning - 1 : Skipping Token defaultPinDes On Line 1631
            Warning - 1 : Skipping Token defaultPinDes On Line 1639
            Warning - 1 : Skipping Token defaultPinDes On Line 1647
            Warning - 1 : Skipping Token defaultPinDes On Line 1670
            Warning - 1 : Skipping Token defaultPinDes On Line 1677
            Warning - 1 : Skipping Token defaultPinDes On Line 1685
            Warning - 1 : Skipping Token defaultPinDes On Line 1693
            Warning - 1 : Skipping Token defaultPinDes On Line 1701
            Warning - 1 : Skipping Token defaultPinDes On Line 1709
            Warning - 1 : Skipping Token defaultPinDes On Line 1717
            Warning - 1 : Skipping Token defaultPinDes On Line 1741
            Warning - 1 : Skipping Token defaultPinDes On Line 1748
            Warning - 1 : Skipping Token defaultPinDes On Line 1756
            Warning - 1 : Skipping Token defaultPinDes On Line 1763
            Warning - 1 : Skipping Token defaultPinDes On Line 1770
            Warning - 1 : Skipping Token defaultPinDes On Line 1778
            Warning - 1 : Skipping Token defaultPinDes On Line 1786
            Warning - 1 : Skipping Token defaultPinDes On Line 1794
            Warning - 1 : Skipping Token defaultPinDes On Line 1802
            Warning - 1 : Skipping Token defaultPinDes On Line 1810
            Warning - 1 : Skipping Token defaultPinDes On Line 1818
            Warning - 1 : Skipping Token defaultPinDes On Line 1826
            Warning - 1 : Skipping Token defaultPinDes On Line 1849
            Warning - 1 : Skipping Token defaultPinDes On Line 1857
            Warning - 1 : Skipping Token defaultPinDes On Line 1865
            Warning - 1 : Skipping Token defaultPinDes On Line 1873
            Warning - 1 : Skipping Token defaultPinDes On Line 1881
            Warning - 1 : Skipping Token defaultPinDes On Line 1889
            Warning - 1 : Skipping Token defaultPinDes On Line 1896
            Warning - 1 : Skipping Token defaultPinDes On Line 1919
            Warning - 1 : Skipping Token defaultPinDes On Line 1926
            Warning - 1 : Skipping Token defaultPinDes On Line 1934
            Warning - 1 : Skipping Token defaultPinDes On Line 1942
            Warning - 1 : Skipping Token defaultPinDes On Line 1950
            Warning - 1 : Skipping Token defaultPinDes On Line 1958
            Warning - 1 : Skipping Token defaultPinDes On Line 1966
            Warning - 1 : Skipping Token defaultPinDes On Line 1974
            Warning - 1 : Skipping Token defaultPinDes On Line 1997
            Warning - 1 : Skipping Token defaultPinDes On Line 2004
            Warning - 1 : Skipping Token defaultPinDes On Line 2012
            Warning - 1 : Skipping Token defaultPinDes On Line 2020
            Warning - 1 : Skipping Token defaultPinDes On Line 2028
            Warning - 1 : Skipping Token defaultPinDes On Line 2036
            Warning - 1 : Skipping Token defaultPinDes On Line 2044
            Warning - 1 : Skipping Token defaultPinDes On Line 2067
            Warning - 1 : Skipping Token defaultPinDes On Line 2074
            Warning - 1 : Skipping Token defaultPinDes On Line 2082
            Warning - 1 : Skipping Token defaultPinDes On Line 2090
            Warning - 1 : Skipping Token defaultPinDes On Line 2098
            Warning - 1 : Skipping Token defaultPinDes On Line 2106
            Warning - 1 : Skipping Token defaultPinDes On Line 2114
            Warning - 1 : Skipping Token defaultPinDes On Line 2138
            Warning - 1 : Skipping Token defaultPinDes On Line 2146
            Warning - 1 : Skipping Token defaultPinDes On Line 2154
            Warning - 1 : Skipping Token defaultPinDes On Line 2162
            Warning - 1 : Skipping Token defaultPinDes On Line 2170
            Warning - 1 : Skipping Token defaultPinDes On Line 2178
            Warning - 1 : Skipping Token defaultPinDes On Line 2186
            Warning - 1 : Skipping Token defaultPinDes On Line 2194
            Warning - 1 : Skipping Token defaultPinDes On Line 2202
            Warning - 1 : Skipping Token defaultPinDes On Line 2210
            Warning - 1 : Skipping Token defaultPinDes On Line 2218
            Warning - 1 : Skipping Token defaultPinDes On Line 2226
            Warning - 1 : Skipping Token defaultPinDes On Line 2242
            Warning - 1 : Skipping Token defaultPinDes On Line 2249
            Warning - 1 : Skipping Token defaultPinDes On Line 2257
            Warning - 1 : Skipping Token defaultPinDes On Line 2265
            Warning - 1 : Skipping Token defaultPinDes On Line 2273
            Warning - 1 : Skipping Token defaultPinDes On Line 2281
            Warning - 1 : Skipping Token defaultPinDes On Line 2289
            Warning - 1 : Skipping Token defaultPinDes On Line 2312
            Warning - 1 : Skipping Token defaultPinDes On Line 2319
            Warning - 1 : Skipping Token defaultPinDes On Line 2327
            Warning - 1 : Skipping Token defaultPinDes On Line 2335
            Warning - 1 : Skipping Token defaultPinDes On Line 2343
            Warning - 1 : Skipping Token defaultPinDes On Line 2351
            Warning - 1 : Skipping Token defaultPinDes On Line 2359
            Warning - 1 : Skipping Token defaultPinDes On Line 2367
            Warning - 1 : Skipping Token defaultPinDes On Line 2390
            Warning - 1 : Skipping Token defaultPinDes On Line 2397
            Warning - 1 : Skipping Token defaultPinDes On Line 2405
            Warning - 1 : Skipping Token defaultPinDes On Line 2413
            Warning - 1 : Skipping Token defaultPinDes On Line 2421
            Warning - 1 : Skipping Token defaultPinDes On Line 2429
            Warning - 1 : Skipping Token defaultPinDes On Line 2437
            Warning - 1 : Skipping Token defaultPinDes On Line 2460
            Warning - 1 : Skipping Token defaultPinDes On Line 2467
            Warning - 1 : Skipping Token defaultPinDes On Line 2475
            Warning - 1 : Skipping Token defaultPinDes On Line 2483
            Warning - 1 : Skipping Token defaultPinDes On Line 2491
            Warning - 1 : Skipping Token defaultPinDes On Line 2499
            Warning - 1 : Skipping Token defaultPinDes On Line 2507
            Warning - 1 : Skipping Token defaultPinDes On Line 2530
            Warning - 1 : Skipping Token defaultPinDes On Line 2537
            Warning - 1 : Skipping Token defaultPinDes On Line 2545
            Warning - 1 : Skipping Token defaultPinDes On Line 2553
            Warning - 1 : Skipping Token defaultPinDes On Line 2561
            Warning - 1 : Skipping Token defaultPinDes On Line 2569
            Warning - 1 : Skipping Token defaultPinDes On Line 2577
            Warning - 1 : Skipping Token defaultPinDes On Line 2600
            Warning - 1 : Skipping Token defaultPinDes On Line 2607
            Warning - 1 : Skipping Token defaultPinDes On Line 2615
            Warning - 1 : Skipping Token defaultPinDes On Line 2623
            Warning - 1 : Skipping Token defaultPinDes On Line 2631
            Warning - 1 : Skipping Token defaultPinDes On Line 2639
            Warning - 1 : Skipping Token defaultPinDes On Line 2647
            Warning - 1 : Skipping Token defaultPinDes On Line 2670
            Warning - 1 : Skipping Token defaultPinDes On Line 2677
            Warning - 1 : Skipping Token defaultPinDes On Line 2685
            Warning - 1 : Skipping Token defaultPinDes On Line 2693
            Warning - 1 : Skipping Token defaultPinDes On Line 2701
            Warning - 1 : Skipping Token defaultPinDes On Line 2709
            Warning - 1 : Skipping Token defaultPinDes On Line 2717
            Warning - 1 : Skipping Token defaultPinDes On Line 2740
            Warning - 1 : Skipping Token defaultPinDes On Line 2747
            Warning - 1 : Skipping Token defaultPinDes On Line 2755
            Warning - 1 : Skipping Token defaultPinDes On Line 2763
            Warning - 1 : Skipping Token defaultPinDes On Line 2771
            Warning - 1 : Skipping Token defaultPinDes On Line 2779
            Warning - 1 : Skipping Token defaultPinDes On Line 2787
            Warning - 1 : Skipping Token defaultPinDes On Line 2811
            Warning - 1 : Skipping Token defaultPinDes On Line 2818
            Warning - 1 : Skipping Token defaultPinDes On Line 2826
            Warning - 1 : Skipping Token defaultPinDes On Line 2833
            Warning - 1 : Skipping Token defaultPinDes On Line 2840
            Warning - 1 : Skipping Token defaultPinDes On Line 2848
            Warning - 1 : Skipping Token defaultPinDes On Line 2856
            Warning - 1 : Skipping Token defaultPinDes On Line 2864
            Warning - 1 : Skipping Token defaultPinDes On Line 2872
            Warning - 1 : Skipping Token defaultPinDes On Line 2880
            Warning - 1 : Skipping Token defaultPinDes On Line 2888
            Warning - 1 : Skipping Token defaultPinDes On Line 2896
            Warning - 1 : Skipping Token defaultPinDes On Line 2919
            Warning - 1 : Skipping Token defaultPinDes On Line 2926
            Warning - 1 : Skipping Token defaultPinDes On Line 2934
            Warning - 1 : Skipping Token defaultPinDes On Line 2942
            Warning - 1 : Skipping Token defaultPinDes On Line 2950
            Warning - 1 : Skipping Token defaultPinDes On Line 2958
            Warning - 1 : Skipping Token defaultPinDes On Line 2966
            Warning - 1 : Skipping Token defaultPinDes On Line 2989
            Warning - 1 : Skipping Token defaultPinDes On Line 2996
            Warning - 1 : Skipping Token defaultPinDes On Line 3004
            Warning - 1 : Skipping Token defaultPinDes On Line 3012
            Warning - 1 : Skipping Token defaultPinDes On Line 3020
            Warning - 1 : Skipping Token defaultPinDes On Line 3028
            Warning - 1 : Skipping Token defaultPinDes On Line 3036
            Warning - 1 : Skipping Token defaultPinDes On Line 3044
            Warning - 1 : Skipping Token defaultPinDes On Line 3067
            Warning - 1 : Skipping Token defaultPinDes On Line 3074
            Warning - 1 : Skipping Token defaultPinDes On Line 3082
            Warning - 1 : Skipping Token defaultPinDes On Line 3090
            Warning - 1 : Skipping Token defaultPinDes On Line 3098
            Warning - 1 : Skipping Token defaultPinDes On Line 3106
            Warning - 1 : Skipping Token defaultPinDes On Line 3114
        EndSection

        Section : Generating SCH Library - 140-1.SchLib
        EndSection
    EndSection
EndSection
