Added Component: Designator=DA1(TO-220-KT-28-2)
Add component. Clean all parameters for all variants
Add component (AddParameter): Name = "Value"; Value = ""; VariantName = "[No Variations]"
Added Component: Designator=DA2(SO-8)
Add component. Clean all parameters for all variants
Add component (AddParameter): Name = "Value"; Value = ""; VariantName = "[No Variations]"
Added Component: Designator=HL1(3528)
Add component. Clean all parameters for all variants
Add component (AddParameter): Name = "Value"; Value = ""; VariantName = "[No Variations]"
Added Component: Designator=VD1(2ฤ2136ภั)
Add component. Clean all parameters for all variants
Add component (AddParameter): Name = "Value"; Value = ""; VariantName = "[No Variations]"
Added Component: Designator=VO1(DO-7)
Add component. Clean all parameters for all variants
Add component (AddParameter): Name = "Value"; Value = ""; VariantName = "[No Variations]"
Added Component: Designator=X1(2XR)
Add component. Clean all parameters for all variants
Add component (AddParameter): Name = "Value"; Value = "~220 V"; VariantName = "[No Variations]"
Added Pin To Net: NetName=NetC1_1 Pin=VD1-5
Added Net: Name=NetC1_1
Added Pin To Net: NetName=NetC1_2 Pin=DA2-1
Added Pin To Net: NetName=NetC1_2 Pin=HL1-1
Added Pin To Net: NetName=NetC1_2 Pin=VD1-4
Added Pin To Net: NetName=NetC1_2 Pin=X1-1
Added Net: Name=NetC1_2
Added Pin To Net: NetName=NetC2_1 Pin=DA2-2
Added Pin To Net: NetName=NetC2_1 Pin=DA2-6
Added Net: Name=NetC2_1
Added Pin To Net: NetName=NetC3_1 Pin=DA2-5
Added Net: Name=NetC3_1
Added Pin To Net: NetName=NetDA1_2 Pin=DA1-2
Added Pin To Net: NetName=NetDA1_2 Pin=DA2-4
Added Pin To Net: NetName=NetDA1_2 Pin=DA2-8
Added Net: Name=NetDA1_2
Added Pin To Net: NetName=NetDA2_3 Pin=DA2-3
Added Net: Name=NetDA2_3
Added Pin To Net: NetName=NetDA2_7 Pin=DA2-7
Added Net: Name=NetDA2_7
Added Pin To Net: NetName=NetHL1_2 Pin=HL1-2
Added Net: Name=NetHL1_2
Added Net: Name=NetR4_1
Added Net: Name=NetR5_1
Added Net: Name=NetR5_2
Added Pin To Net: NetName=NetT1_3 Pin=VD1-1
Added Net: Name=NetT1_3
Added Pin To Net: NetName=NetT1_5 Pin=VD1-3
Added Net: Name=NetT1_5
Added Pin To Net: NetName=NetT1_12 Pin=X1-2
Added Net: Name=NetT1_12
Added Class: Name=Pr7
Added Room: Name=Pr7
