PCAD Importer Log
Project : 555.LibPkg

Section : D:\PCAD-Libs\555.lib
    Section : PCB Library - 555.PcbLib
        Section : Load Messages
            Warning - 1 : Skipping Token defaultPinDes On Line 118
            Warning - 1 : Skipping Token defaultPinDes On Line 119
            Warning - 1 : Skipping Token defaultPinDes On Line 120
            Warning - 1 : Skipping Token defaultPinDes On Line 121
            Warning - 1 : Skipping Token defaultPinDes On Line 122
            Warning - 1 : Skipping Token defaultPinDes On Line 123
            Warning - 1 : Skipping Token defaultPinDes On Line 124
            Warning - 1 : Skipping Token defaultPinDes On Line 125
            Warning - 1 : Skipping Token defaultPinDes On Line 126
            Warning - 1 : Skipping Token defaultPinDes On Line 127
            Warning - 1 : Skipping Token defaultPinDes On Line 128
            Warning - 1 : Skipping Token defaultPinDes On Line 129
            Warning - 1 : Skipping Token defaultPinDes On Line 130
            Warning - 1 : Skipping Token defaultPinDes On Line 131
            Warning - 1 : Skipping Token 2 X DESHIFRATOR - DE MUX 3-8 On Line 447
            Warning - 1 : Skipping Token 2 X SELECTOR - MULTIPLEXOR On Line 653
            Warning - 1 : Skipping Token 2AND On Line 828
            Warning - 1 : Skipping Token 2AND-NOT On Line 862
            Warning - 1 : Skipping Token 2OR On Line 900
            Warning - 1 : Skipping Token 2OR-NOT On Line 934
            Warning - 1 : Skipping Token 3AND-NOT On Line 972
            Warning - 1 : Skipping Token COUNTER-2/10_DIG On Line 1018
            Warning - 1 : Skipping Token NOT On Line 1153
            Warning - 1 : Skipping Token  555 œ11 On Line 1183
            Warning - 1 : Skipping Token attachedSymbol On Line 1378
            Warning - 1 : Skipping Token attachedSymbol On Line 1425
            Warning - 1 : Skipping Token attachedSymbol On Line 1472
            Warning - 1 : Skipping Token attachedSymbol On Line 1521
            Warning - 1 : Skipping Token attachedSymbol On Line 1568
            Warning - 1 : Skipping Token attachedSymbol On Line 1569
            Warning - 1 : Skipping Token attachedSymbol On Line 1570
            Warning - 1 : Skipping Token attachedSymbol On Line 1571
            Warning - 1 : Skipping Token attachedSymbol On Line 1616
            Warning - 1 : Skipping Token attachedSymbol On Line 1617
            Warning - 1 : Skipping Token attachedSymbol On Line 1618
            Warning - 1 : Skipping Token attachedSymbol On Line 1663
            Warning - 1 : Skipping Token attachedSymbol On Line 1664
            Warning - 1 : Skipping Token attachedSymbol On Line 1665
            Warning - 1 : Skipping Token attachedSymbol On Line 1666
            Warning - 1 : Skipping Token attachedSymbol On Line 1711
            Warning - 1 : Skipping Token attachedSymbol On Line 1712
            Warning - 1 : Skipping Token attachedSymbol On Line 1713
            Warning - 1 : Skipping Token attachedSymbol On Line 1714
            Warning - 1 : Skipping Token attachedSymbol On Line 1715
            Warning - 1 : Skipping Token attachedSymbol On Line 1716
        EndSection

        Section : Import Messages
        EndSection
    EndSection

    Section : SCH Library - 555.SchLib
        Section : Parsing Messages
            Warning - 1 : Skipping Token padStyleDef On Line 13
            Warning - 1 : Skipping Token padStyleDef On Line 23
            Warning - 1 : Skipping Token viaStyleDef On Line 33
            Warning - 1 : Skipping Token multiLayer On Line 117
            Warning - 1 : Skipping Token layerContents On Line 133
            Warning - 1 : Skipping Token layerContents On Line 149
            Warning - 1 : Skipping Token multiLayer On Line 277
            Warning - 1 : Skipping Token layerContents On Line 295
            Warning - 1 : Skipping Token layerContents On Line 311
            Warning - 1 : Skipping Token defaultPinDes On Line 456
            Warning - 1 : Skipping Token defaultPinDes On Line 465
            Warning - 1 : Skipping Token defaultPinDes On Line 474
            Warning - 1 : Skipping Token defaultPinDes On Line 483
            Warning - 1 : Skipping Token defaultPinDes On Line 492
            Warning - 1 : Skipping Token defaultPinDes On Line 501
            Warning - 1 : Skipping Token defaultPinDes On Line 510
            Warning - 1 : Skipping Token defaultPinDes On Line 519
            Warning - 1 : Skipping Token defaultPinDes On Line 527
            Warning - 1 : Skipping Token defaultPinDes On Line 535
            Warning - 1 : Skipping Token defaultPinDes On Line 543
            Warning - 1 : Skipping Token defaultPinDes On Line 551
            Warning - 1 : Skipping Token defaultPinDes On Line 560
            Warning - 1 : Skipping Token defaultPinDes On Line 569
            Warning - 1 : Skipping Token defaultPinDes On Line 577
            Warning - 1 : Skipping Token defaultPinDes On Line 585
            Warning - 1 : Skipping Token defaultPinDes On Line 661
            Warning - 1 : Skipping Token defaultPinDes On Line 669
            Warning - 1 : Skipping Token defaultPinDes On Line 677
            Warning - 1 : Skipping Token defaultPinDes On Line 685
            Warning - 1 : Skipping Token defaultPinDes On Line 693
            Warning - 1 : Skipping Token defaultPinDes On Line 701
            Warning - 1 : Skipping Token defaultPinDes On Line 709
            Warning - 1 : Skipping Token defaultPinDes On Line 717
            Warning - 1 : Skipping Token defaultPinDes On Line 725
            Warning - 1 : Skipping Token defaultPinDes On Line 733
            Warning - 1 : Skipping Token defaultPinDes On Line 741
            Warning - 1 : Skipping Token defaultPinDes On Line 750
            Warning - 1 : Skipping Token defaultPinDes On Line 758
            Warning - 1 : Skipping Token defaultPinDes On Line 767
            Warning - 1 : Skipping Token defaultPinDes On Line 775
            Warning - 1 : Skipping Token defaultPinDes On Line 783
            Warning - 1 : Skipping Token defaultPinDes On Line 835
            Warning - 1 : Skipping Token defaultPinDes On Line 842
            Warning - 1 : Skipping Token defaultPinDes On Line 849
            Warning - 1 : Skipping Token defaultPinDes On Line 870
            Warning - 1 : Skipping Token defaultPinDes On Line 877
            Warning - 1 : Skipping Token defaultPinDes On Line 884
            Warning - 1 : Skipping Token defaultPinDes On Line 907
            Warning - 1 : Skipping Token defaultPinDes On Line 914
            Warning - 1 : Skipping Token defaultPinDes On Line 921
            Warning - 1 : Skipping Token defaultPinDes On Line 942
            Warning - 1 : Skipping Token defaultPinDes On Line 949
            Warning - 1 : Skipping Token defaultPinDes On Line 956
            Warning - 1 : Skipping Token defaultPinDes On Line 979
            Warning - 1 : Skipping Token defaultPinDes On Line 986
            Warning - 1 : Skipping Token defaultPinDes On Line 993
            Warning - 1 : Skipping Token defaultPinDes On Line 1001
            Warning - 1 : Skipping Token defaultPinDes On Line 1026
            Warning - 1 : Skipping Token defaultPinDes On Line 1034
            Warning - 1 : Skipping Token defaultPinDes On Line 1042
            Warning - 1 : Skipping Token defaultPinDes On Line 1050
            Warning - 1 : Skipping Token defaultPinDes On Line 1058
            Warning - 1 : Skipping Token defaultPinDes On Line 1066
            Warning - 1 : Skipping Token defaultPinDes On Line 1074
            Warning - 1 : Skipping Token defaultPinDes On Line 1082
            Warning - 1 : Skipping Token defaultPinDes On Line 1090
            Warning - 1 : Skipping Token defaultPinDes On Line 1098
            Warning - 1 : Skipping Token defaultPinDes On Line 1106
            Warning - 1 : Skipping Token defaultPinDes On Line 1114
            Warning - 1 : Skipping Token defaultPinDes On Line 1160
            Warning - 1 : Skipping Token defaultPinDes On Line 1168
            Warning - 1 : Skipping Token defaultPinDes On Line 1192
            Warning - 1 : Skipping Token defaultPinDes On Line 1200
            Warning - 1 : Skipping Token defaultPinDes On Line 1208
            Warning - 1 : Skipping Token defaultPinDes On Line 1216
            Warning - 1 : Skipping Token defaultPinDes On Line 1224
            Warning - 1 : Skipping Token defaultPinDes On Line 1232
            Warning - 1 : Skipping Token defaultPinDes On Line 1240
            Warning - 1 : Skipping Token defaultPinDes On Line 1248
            Warning - 1 : Skipping Token defaultPinDes On Line 1256
            Warning - 1 : Skipping Token defaultPinDes On Line 1264
            Warning - 1 : Skipping Token defaultPinDes On Line 1272
            Warning - 1 : Skipping Token defaultPinDes On Line 1280
            Warning - 1 : Skipping Token defaultPinDes On Line 1288
            Warning - 1 : Skipping Token defaultPinDes On Line 1296
            Warning - 1 : Skipping Token defaultPinDes On Line 1304
            Warning - 1 : Skipping Token defaultPinDes On Line 1312
        EndSection

        Section : Generating SCH Library - 555.SchLib
        EndSection
    EndSection
EndSection
