PCAD Importer Log
Project : 140.LibPkg

Section : D:\PCAD-Libs\Lib_mm\140.lib
    Section : PCB Library - 140.PcbLib
        Section : Load Messages
            Warning - 1 : Skipping Token defaultPinDes On Line 135
            Warning - 1 : Skipping Token defaultPinDes On Line 136
            Warning - 1 : Skipping Token defaultPinDes On Line 137
            Warning - 1 : Skipping Token defaultPinDes On Line 138
            Warning - 1 : Skipping Token defaultPinDes On Line 139
            Warning - 1 : Skipping Token defaultPinDes On Line 140
            Warning - 1 : Skipping Token defaultPinDes On Line 141
            Warning - 1 : Skipping Token defaultPinDes On Line 142
            Warning - 1 : Skipping Token defaultPinDes On Line 143
            Warning - 1 : Skipping Token defaultPinDes On Line 144
            Warning - 1 : Skipping Token defaultPinDes On Line 145
            Warning - 1 : Skipping Token defaultPinDes On Line 146
            Warning - 1 : Skipping Token defaultPinDes On Line 147
            Warning - 1 : Skipping Token defaultPinDes On Line 148
            Warning - 1 : Skipping Token defaultPinDes On Line 178
            Warning - 1 : Skipping Token defaultPinDes On Line 179
            Warning - 1 : Skipping Token defaultPinDes On Line 180
            Warning - 1 : Skipping Token defaultPinDes On Line 181
            Warning - 1 : Skipping Token defaultPinDes On Line 182
            Warning - 1 : Skipping Token defaultPinDes On Line 183
            Warning - 1 : Skipping Token defaultPinDes On Line 184
            Warning - 1 : Skipping Token defaultPinDes On Line 185
            Warning - 1 : Skipping Token defaultPinDes On Line 215
            Warning - 1 : Skipping Token defaultPinDes On Line 216
            Warning - 1 : Skipping Token defaultPinDes On Line 217
            Warning - 1 : Skipping Token defaultPinDes On Line 218
            Warning - 1 : Skipping Token defaultPinDes On Line 219
            Warning - 1 : Skipping Token defaultPinDes On Line 220
            Warning - 1 : Skipping Token defaultPinDes On Line 221
            Warning - 1 : Skipping Token defaultPinDes On Line 222
            Warning - 1 : Skipping Token defaultPinDes On Line 223
            Warning - 1 : Skipping Token defaultPinDes On Line 224
            Warning - 1 : Skipping Token defaultPinDes On Line 225
            Warning - 1 : Skipping Token defaultPinDes On Line 226
            Warning - 1 : Skipping Token defaultPinDes On Line 249
            Warning - 1 : Skipping Token defaultPinDes On Line 250
            Warning - 1 : Skipping Token defaultPinDes On Line 251
            Warning - 1 : Skipping Token defaultPinDes On Line 252
            Warning - 1 : Skipping Token defaultPinDes On Line 253
            Warning - 1 : Skipping Token defaultPinDes On Line 254
            Warning - 1 : Skipping Token defaultPinDes On Line 255
            Warning - 1 : Skipping Token defaultPinDes On Line 256
            Warning - 1 : Skipping Token defaultPinDes On Line 279
            Warning - 1 : Skipping Token defaultPinDes On Line 280
            Warning - 1 : Skipping Token defaultPinDes On Line 281
            Warning - 1 : Skipping Token defaultPinDes On Line 282
            Warning - 1 : Skipping Token defaultPinDes On Line 283
            Warning - 1 : Skipping Token defaultPinDes On Line 284
            Warning - 1 : Skipping Token defaultPinDes On Line 285
            Warning - 1 : Skipping Token defaultPinDes On Line 286
            Warning - 1 : Skipping Token defaultPinDes On Line 309
            Warning - 1 : Skipping Token defaultPinDes On Line 310
            Warning - 1 : Skipping Token defaultPinDes On Line 311
            Warning - 1 : Skipping Token defaultPinDes On Line 312
            Warning - 1 : Skipping Token defaultPinDes On Line 313
            Warning - 1 : Skipping Token defaultPinDes On Line 314
            Warning - 1 : Skipping Token defaultPinDes On Line 315
            Warning - 1 : Skipping Token defaultPinDes On Line 316
            Warning - 1 : Skipping Token defaultPinDes On Line 350
            Warning - 1 : Skipping Token defaultPinDes On Line 351
            Warning - 1 : Skipping Token defaultPinDes On Line 352
            Warning - 1 : Skipping Token defaultPinDes On Line 353
            Warning - 1 : Skipping Token defaultPinDes On Line 354
            Warning - 1 : Skipping Token defaultPinDes On Line 355
            Warning - 1 : Skipping Token defaultPinDes On Line 356
            Warning - 1 : Skipping Token defaultPinDes On Line 357
            Warning - 1 : Skipping Token defaultPinDes On Line 358
            Warning - 1 : Skipping Token defaultPinDes On Line 359
            Warning - 1 : Skipping Token defaultPinDes On Line 360
            Warning - 1 : Skipping Token defaultPinDes On Line 361
            Warning - 1 : Skipping Token defaultPinDes On Line 362
            Warning - 1 : Skipping Token defaultPinDes On Line 363
            Warning - 1 : Skipping Token defaultPinDes On Line 364
            Warning - 1 : Skipping Token defaultPinDes On Line 365
            Warning - 1 : Skipping Token K140MA1 On Line 406
            Warning - 1 : Skipping Token K140UD1 On Line 511
            Warning - 1 : Skipping Token K140UD10 On Line 581
            Warning - 1 : Skipping Token K140UD11 On Line 659
            Warning - 1 : Skipping Token K140UD12 On Line 729
            Warning - 1 : Skipping Token K140UD13 On Line 807
            Warning - 1 : Skipping Token K140UD14 On Line 885
            Warning - 1 : Skipping Token K140UD17 On Line 955
            Warning - 1 : Skipping Token K140UD2 On Line 1025
            Warning - 1 : Skipping Token K140UD20 On Line 1111
            Warning - 1 : Skipping Token K140UD22 On Line 1237
            Warning - 1 : Skipping Token K140UD23 On Line 1307
            Warning - 1 : Skipping Token K140UD24 On Line 1377
            Warning - 1 : Skipping Token K140UD25 On Line 1447
            Warning - 1 : Skipping Token K140UD26 On Line 1517
            Warning - 1 : Skipping Token K140UD5 On Line 1587
            Warning - 1 : Skipping Token K140UD6 On Line 1696
            Warning - 1 : Skipping Token K140UD7 On Line 1766
            Warning - 1 : Skipping Token K140UD8 On Line 1844
            Warning - 1 : Skipping Token K140UD9 On Line 1914
            Warning - 1 : Skipping Token KR140MA1 On Line 1984
            Warning - 1 : Skipping Token KR140UD1 On Line 2089
            Warning - 1 : Skipping Token KR140UD12 On Line 2159
            Warning - 1 : Skipping Token KR140UD14 On Line 2237
            Warning - 1 : Skipping Token KR140UD17 On Line 2307
            Warning - 1 : Skipping Token KR140UD18 On Line 2377
            Warning - 1 : Skipping Token KR140UD22 On Line 2447
            Warning - 1 : Skipping Token KR140UD25 On Line 2517
            Warning - 1 : Skipping Token KR140UD26 On Line 2587
            Warning - 1 : Skipping Token KR140UD5 On Line 2657
            Warning - 1 : Skipping Token KR140UD6 On Line 2766
            Warning - 1 : Skipping Token KR140UD7 On Line 2836
            Warning - 1 : Skipping Token KR140UD8 On Line 2914
            Warning - 1 : Skipping Token attachedSymbol On Line 3001
            Warning - 1 : Skipping Token attachedSymbol On Line 3037
            Warning - 1 : Skipping Token attachedSymbol On Line 3077
            Warning - 1 : Skipping Token attachedSymbol On Line 3113
            Warning - 1 : Skipping Token attachedSymbol On Line 3145
            Warning - 1 : Skipping Token attachedSymbol On Line 3177
            Warning - 1 : Skipping Token attachedSymbol On Line 3209
            Warning - 1 : Skipping Token attachedSymbol On Line 3241
            Warning - 1 : Skipping Token attachedSymbol On Line 3273
            Warning - 1 : Skipping Token attachedSymbol On Line 3305
            Warning - 1 : Skipping Token attachedSymbol On Line 3341
            Warning - 1 : Skipping Token attachedSymbol On Line 3383
            Warning - 1 : Skipping Token attachedSymbol On Line 3421
            Warning - 1 : Skipping Token attachedSymbol On Line 3453
            Warning - 1 : Skipping Token attachedSymbol On Line 3485
            Warning - 1 : Skipping Token attachedSymbol On Line 3517
            Warning - 1 : Skipping Token attachedSymbol On Line 3549
            Warning - 1 : Skipping Token attachedSymbol On Line 3585
            Warning - 1 : Skipping Token attachedSymbol On Line 3621
            Warning - 1 : Skipping Token attachedSymbol On Line 3653
            Warning - 1 : Skipping Token attachedSymbol On Line 3685
            Warning - 1 : Skipping Token attachedSymbol On Line 3721
            Warning - 1 : Skipping Token attachedSymbol On Line 3757
            Warning - 1 : Skipping Token attachedSymbol On Line 3795
            Warning - 1 : Skipping Token attachedSymbol On Line 3839
            Warning - 1 : Skipping Token attachedSymbol On Line 3883
            Warning - 1 : Skipping Token attachedSymbol On Line 3927
            Warning - 1 : Skipping Token attachedSymbol On Line 3965
            Warning - 1 : Skipping Token attachedSymbol On Line 4003
            Warning - 1 : Skipping Token attachedSymbol On Line 4041
            Warning - 1 : Skipping Token attachedSymbol On Line 4073
            Warning - 1 : Skipping Token attachedSymbol On Line 4105
            Warning - 1 : Skipping Token attachedSymbol On Line 4137
            Warning - 1 : Skipping Token attachedSymbol On Line 4169
            Warning - 1 : Skipping Token attachedSymbol On Line 4201
            Warning - 1 : Skipping Token attachedSymbol On Line 4239
            Warning - 1 : Skipping Token attachedSymbol On Line 4283
            Warning - 1 : Skipping Token attachedSymbol On Line 4321
            Warning - 1 : Skipping Token attachedSymbol On Line 4359
            Warning - 1 : Skipping Token attachedSymbol On Line 4397
            Warning - 1 : Skipping Token attachedSymbol On Line 4429
            Warning - 1 : Skipping Token attachedSymbol On Line 4469
        EndSection

        Section : Import Messages
        EndSection
    EndSection

    Section : SCH Library - 140.SchLib
        Section : Parsing Messages
            Warning - 1 : Skipping Token padStyleDef On Line 13
            Warning - 1 : Skipping Token padStyleDef On Line 23
            Warning - 1 : Skipping Token padStyleDef On Line 33
            Warning - 1 : Skipping Token padStyleDef On Line 43
            Warning - 1 : Skipping Token padStyleDef On Line 53
            Warning - 1 : Skipping Token padStyleDef On Line 63
            Warning - 1 : Skipping Token padStyleDef On Line 74
            Warning - 1 : Skipping Token viaStyleDef On Line 85
            Warning - 1 : Skipping Token multiLayer On Line 134
            Warning - 1 : Skipping Token layerContents On Line 150
            Warning - 1 : Skipping Token layerContents On Line 166
            Warning - 1 : Skipping Token multiLayer On Line 177
            Warning - 1 : Skipping Token layerContents On Line 187
            Warning - 1 : Skipping Token layerContents On Line 203
            Warning - 1 : Skipping Token multiLayer On Line 214
            Warning - 1 : Skipping Token layerContents On Line 228
            Warning - 1 : Skipping Token layerContents On Line 237
            Warning - 1 : Skipping Token multiLayer On Line 248
            Warning - 1 : Skipping Token layerContents On Line 258
            Warning - 1 : Skipping Token layerContents On Line 267
            Warning - 1 : Skipping Token multiLayer On Line 278
            Warning - 1 : Skipping Token layerContents On Line 288
            Warning - 1 : Skipping Token layerContents On Line 297
            Warning - 1 : Skipping Token multiLayer On Line 308
            Warning - 1 : Skipping Token layerContents On Line 318
            Warning - 1 : Skipping Token layerContents On Line 338
            Warning - 1 : Skipping Token multiLayer On Line 349
            Warning - 1 : Skipping Token layerContents On Line 367
            Warning - 1 : Skipping Token layerContents On Line 401
            Warning - 1 : Skipping Token defaultPinDes On Line 414
            Warning - 1 : Skipping Token defaultPinDes On Line 422
            Warning - 1 : Skipping Token defaultPinDes On Line 430
            Warning - 1 : Skipping Token defaultPinDes On Line 438
            Warning - 1 : Skipping Token defaultPinDes On Line 446
            Warning - 1 : Skipping Token defaultPinDes On Line 454
            Warning - 1 : Skipping Token defaultPinDes On Line 462
            Warning - 1 : Skipping Token defaultPinDes On Line 470
            Warning - 1 : Skipping Token defaultPinDes On Line 478
            Warning - 1 : Skipping Token defaultPinDes On Line 486
            Warning - 1 : Skipping Token defaultPinDes On Line 494
            Warning - 1 : Skipping Token defaultPinDes On Line 502
            Warning - 1 : Skipping Token defaultPinDes On Line 519
            Warning - 1 : Skipping Token defaultPinDes On Line 527
            Warning - 1 : Skipping Token defaultPinDes On Line 534
            Warning - 1 : Skipping Token defaultPinDes On Line 542
            Warning - 1 : Skipping Token defaultPinDes On Line 550
            Warning - 1 : Skipping Token defaultPinDes On Line 558
            Warning - 1 : Skipping Token defaultPinDes On Line 565
            Warning - 1 : Skipping Token defaultPinDes On Line 588
            Warning - 1 : Skipping Token defaultPinDes On Line 596
            Warning - 1 : Skipping Token defaultPinDes On Line 604
            Warning - 1 : Skipping Token defaultPinDes On Line 612
            Warning - 1 : Skipping Token defaultPinDes On Line 620
            Warning - 1 : Skipping Token defaultPinDes On Line 628
            Warning - 1 : Skipping Token defaultPinDes On Line 636
            Warning - 1 : Skipping Token defaultPinDes On Line 643
            Warning - 1 : Skipping Token defaultPinDes On Line 666
            Warning - 1 : Skipping Token defaultPinDes On Line 674
            Warning - 1 : Skipping Token defaultPinDes On Line 682
            Warning - 1 : Skipping Token defaultPinDes On Line 690
            Warning - 1 : Skipping Token defaultPinDes On Line 697
            Warning - 1 : Skipping Token defaultPinDes On Line 705
            Warning - 1 : Skipping Token defaultPinDes On Line 713
            Warning - 1 : Skipping Token defaultPinDes On Line 736
            Warning - 1 : Skipping Token defaultPinDes On Line 744
            Warning - 1 : Skipping Token defaultPinDes On Line 752
            Warning - 1 : Skipping Token defaultPinDes On Line 760
            Warning - 1 : Skipping Token defaultPinDes On Line 768
            Warning - 1 : Skipping Token defaultPinDes On Line 776
            Warning - 1 : Skipping Token defaultPinDes On Line 784
            Warning - 1 : Skipping Token defaultPinDes On Line 791
            Warning - 1 : Skipping Token defaultPinDes On Line 814
            Warning - 1 : Skipping Token defaultPinDes On Line 822
            Warning - 1 : Skipping Token defaultPinDes On Line 830
            Warning - 1 : Skipping Token defaultPinDes On Line 838
            Warning - 1 : Skipping Token defaultPinDes On Line 846
            Warning - 1 : Skipping Token defaultPinDes On Line 854
            Warning - 1 : Skipping Token defaultPinDes On Line 861
            Warning - 1 : Skipping Token defaultPinDes On Line 869
            Warning - 1 : Skipping Token defaultPinDes On Line 892
            Warning - 1 : Skipping Token defaultPinDes On Line 900
            Warning - 1 : Skipping Token defaultPinDes On Line 908
            Warning - 1 : Skipping Token defaultPinDes On Line 916
            Warning - 1 : Skipping Token defaultPinDes On Line 923
            Warning - 1 : Skipping Token defaultPinDes On Line 931
            Warning - 1 : Skipping Token defaultPinDes On Line 939
            Warning - 1 : Skipping Token defaultPinDes On Line 963
            Warning - 1 : Skipping Token defaultPinDes On Line 970
            Warning - 1 : Skipping Token defaultPinDes On Line 977
            Warning - 1 : Skipping Token defaultPinDes On Line 985
            Warning - 1 : Skipping Token defaultPinDes On Line 993
            Warning - 1 : Skipping Token defaultPinDes On Line 1001
            Warning - 1 : Skipping Token defaultPinDes On Line 1009
            Warning - 1 : Skipping Token defaultPinDes On Line 1032
            Warning - 1 : Skipping Token defaultPinDes On Line 1040
            Warning - 1 : Skipping Token defaultPinDes On Line 1048
            Warning - 1 : Skipping Token defaultPinDes On Line 1056
            Warning - 1 : Skipping Token defaultPinDes On Line 1064
            Warning - 1 : Skipping Token defaultPinDes On Line 1071
            Warning - 1 : Skipping Token defaultPinDes On Line 1079
            Warning - 1 : Skipping Token defaultPinDes On Line 1087
            Warning - 1 : Skipping Token defaultPinDes On Line 1095
            Warning - 1 : Skipping Token defaultPinDes On Line 1119
            Warning - 1 : Skipping Token defaultPinDes On Line 1126
            Warning - 1 : Skipping Token defaultPinDes On Line 1134
            Warning - 1 : Skipping Token defaultPinDes On Line 1142
            Warning - 1 : Skipping Token defaultPinDes On Line 1150
            Warning - 1 : Skipping Token defaultPinDes On Line 1157
            Warning - 1 : Skipping Token defaultPinDes On Line 1165
            Warning - 1 : Skipping Token defaultPinDes On Line 1173
            Warning - 1 : Skipping Token defaultPinDes On Line 1181
            Warning - 1 : Skipping Token defaultPinDes On Line 1188
            Warning - 1 : Skipping Token defaultPinDes On Line 1195
            Warning - 1 : Skipping Token defaultPinDes On Line 1203
            Warning - 1 : Skipping Token defaultPinDes On Line 1211
            Warning - 1 : Skipping Token defaultPinDes On Line 1245
            Warning - 1 : Skipping Token defaultPinDes On Line 1252
            Warning - 1 : Skipping Token defaultPinDes On Line 1260
            Warning - 1 : Skipping Token defaultPinDes On Line 1268
            Warning - 1 : Skipping Token defaultPinDes On Line 1276
            Warning - 1 : Skipping Token defaultPinDes On Line 1284
            Warning - 1 : Skipping Token defaultPinDes On Line 1291
            Warning - 1 : Skipping Token defaultPinDes On Line 1315
            Warning - 1 : Skipping Token defaultPinDes On Line 1322
            Warning - 1 : Skipping Token defaultPinDes On Line 1330
            Warning - 1 : Skipping Token defaultPinDes On Line 1338
            Warning - 1 : Skipping Token defaultPinDes On Line 1346
            Warning - 1 : Skipping Token defaultPinDes On Line 1354
            Warning - 1 : Skipping Token defaultPinDes On Line 1361
            Warning - 1 : Skipping Token defaultPinDes On Line 1385
            Warning - 1 : Skipping Token defaultPinDes On Line 1393
            Warning - 1 : Skipping Token defaultPinDes On Line 1400
            Warning - 1 : Skipping Token defaultPinDes On Line 1408
            Warning - 1 : Skipping Token defaultPinDes On Line 1416
            Warning - 1 : Skipping Token defaultPinDes On Line 1423
            Warning - 1 : Skipping Token defaultPinDes On Line 1431
            Warning - 1 : Skipping Token defaultPinDes On Line 1455
            Warning - 1 : Skipping Token defaultPinDes On Line 1462
            Warning - 1 : Skipping Token defaultPinDes On Line 1470
            Warning - 1 : Skipping Token defaultPinDes On Line 1478
            Warning - 1 : Skipping Token defaultPinDes On Line 1485
            Warning - 1 : Skipping Token defaultPinDes On Line 1493
            Warning - 1 : Skipping Token defaultPinDes On Line 1501
            Warning - 1 : Skipping Token defaultPinDes On Line 1525
            Warning - 1 : Skipping Token defaultPinDes On Line 1532
            Warning - 1 : Skipping Token defaultPinDes On Line 1540
            Warning - 1 : Skipping Token defaultPinDes On Line 1548
            Warning - 1 : Skipping Token defaultPinDes On Line 1555
            Warning - 1 : Skipping Token defaultPinDes On Line 1563
            Warning - 1 : Skipping Token defaultPinDes On Line 1571
            Warning - 1 : Skipping Token defaultPinDes On Line 1594
            Warning - 1 : Skipping Token defaultPinDes On Line 1602
            Warning - 1 : Skipping Token defaultPinDes On Line 1609
            Warning - 1 : Skipping Token defaultPinDes On Line 1617
            Warning - 1 : Skipping Token defaultPinDes On Line 1625
            Warning - 1 : Skipping Token defaultPinDes On Line 1633
            Warning - 1 : Skipping Token defaultPinDes On Line 1641
            Warning - 1 : Skipping Token defaultPinDes On Line 1649
            Warning - 1 : Skipping Token defaultPinDes On Line 1657
            Warning - 1 : Skipping Token defaultPinDes On Line 1665
            Warning - 1 : Skipping Token defaultPinDes On Line 1673
            Warning - 1 : Skipping Token defaultPinDes On Line 1680
            Warning - 1 : Skipping Token defaultPinDes On Line 1703
            Warning - 1 : Skipping Token defaultPinDes On Line 1711
            Warning - 1 : Skipping Token defaultPinDes On Line 1719
            Warning - 1 : Skipping Token defaultPinDes On Line 1727
            Warning - 1 : Skipping Token defaultPinDes On Line 1735
            Warning - 1 : Skipping Token defaultPinDes On Line 1743
            Warning - 1 : Skipping Token defaultPinDes On Line 1750
            Warning - 1 : Skipping Token defaultPinDes On Line 1773
            Warning - 1 : Skipping Token defaultPinDes On Line 1781
            Warning - 1 : Skipping Token defaultPinDes On Line 1789
            Warning - 1 : Skipping Token defaultPinDes On Line 1797
            Warning - 1 : Skipping Token defaultPinDes On Line 1805
            Warning - 1 : Skipping Token defaultPinDes On Line 1813
            Warning - 1 : Skipping Token defaultPinDes On Line 1821
            Warning - 1 : Skipping Token defaultPinDes On Line 1828
            Warning - 1 : Skipping Token defaultPinDes On Line 1852
            Warning - 1 : Skipping Token defaultPinDes On Line 1860
            Warning - 1 : Skipping Token defaultPinDes On Line 1867
            Warning - 1 : Skipping Token defaultPinDes On Line 1875
            Warning - 1 : Skipping Token defaultPinDes On Line 1883
            Warning - 1 : Skipping Token defaultPinDes On Line 1891
            Warning - 1 : Skipping Token defaultPinDes On Line 1898
            Warning - 1 : Skipping Token defaultPinDes On Line 1921
            Warning - 1 : Skipping Token defaultPinDes On Line 1929
            Warning - 1 : Skipping Token defaultPinDes On Line 1937
            Warning - 1 : Skipping Token defaultPinDes On Line 1945
            Warning - 1 : Skipping Token defaultPinDes On Line 1952
            Warning - 1 : Skipping Token defaultPinDes On Line 1960
            Warning - 1 : Skipping Token defaultPinDes On Line 1968
            Warning - 1 : Skipping Token defaultPinDes On Line 1992
            Warning - 1 : Skipping Token defaultPinDes On Line 2000
            Warning - 1 : Skipping Token defaultPinDes On Line 2008
            Warning - 1 : Skipping Token defaultPinDes On Line 2016
            Warning - 1 : Skipping Token defaultPinDes On Line 2024
            Warning - 1 : Skipping Token defaultPinDes On Line 2032
            Warning - 1 : Skipping Token defaultPinDes On Line 2040
            Warning - 1 : Skipping Token defaultPinDes On Line 2048
            Warning - 1 : Skipping Token defaultPinDes On Line 2056
            Warning - 1 : Skipping Token defaultPinDes On Line 2064
            Warning - 1 : Skipping Token defaultPinDes On Line 2072
            Warning - 1 : Skipping Token defaultPinDes On Line 2080
            Warning - 1 : Skipping Token defaultPinDes On Line 2097
            Warning - 1 : Skipping Token defaultPinDes On Line 2105
            Warning - 1 : Skipping Token defaultPinDes On Line 2113
            Warning - 1 : Skipping Token defaultPinDes On Line 2120
            Warning - 1 : Skipping Token defaultPinDes On Line 2128
            Warning - 1 : Skipping Token defaultPinDes On Line 2136
            Warning - 1 : Skipping Token defaultPinDes On Line 2143
            Warning - 1 : Skipping Token defaultPinDes On Line 2166
            Warning - 1 : Skipping Token defaultPinDes On Line 2174
            Warning - 1 : Skipping Token defaultPinDes On Line 2182
            Warning - 1 : Skipping Token defaultPinDes On Line 2190
            Warning - 1 : Skipping Token defaultPinDes On Line 2198
            Warning - 1 : Skipping Token defaultPinDes On Line 2206
            Warning - 1 : Skipping Token defaultPinDes On Line 2214
            Warning - 1 : Skipping Token defaultPinDes On Line 2221
            Warning - 1 : Skipping Token defaultPinDes On Line 2244
            Warning - 1 : Skipping Token defaultPinDes On Line 2252
            Warning - 1 : Skipping Token defaultPinDes On Line 2260
            Warning - 1 : Skipping Token defaultPinDes On Line 2268
            Warning - 1 : Skipping Token defaultPinDes On Line 2276
            Warning - 1 : Skipping Token defaultPinDes On Line 2284
            Warning - 1 : Skipping Token defaultPinDes On Line 2291
            Warning - 1 : Skipping Token defaultPinDes On Line 2315
            Warning - 1 : Skipping Token defaultPinDes On Line 2323
            Warning - 1 : Skipping Token defaultPinDes On Line 2330
            Warning - 1 : Skipping Token defaultPinDes On Line 2338
            Warning - 1 : Skipping Token defaultPinDes On Line 2345
            Warning - 1 : Skipping Token defaultPinDes On Line 2353
            Warning - 1 : Skipping Token defaultPinDes On Line 2361
            Warning - 1 : Skipping Token defaultPinDes On Line 2385
            Warning - 1 : Skipping Token defaultPinDes On Line 2392
            Warning - 1 : Skipping Token defaultPinDes On Line 2400
            Warning - 1 : Skipping Token defaultPinDes On Line 2407
            Warning - 1 : Skipping Token defaultPinDes On Line 2415
            Warning - 1 : Skipping Token defaultPinDes On Line 2423
            Warning - 1 : Skipping Token defaultPinDes On Line 2431
            Warning - 1 : Skipping Token defaultPinDes On Line 2455
            Warning - 1 : Skipping Token defaultPinDes On Line 2463
            Warning - 1 : Skipping Token defaultPinDes On Line 2470
            Warning - 1 : Skipping Token defaultPinDes On Line 2478
            Warning - 1 : Skipping Token defaultPinDes On Line 2486
            Warning - 1 : Skipping Token defaultPinDes On Line 2493
            Warning - 1 : Skipping Token defaultPinDes On Line 2501
            Warning - 1 : Skipping Token defaultPinDes On Line 2524
            Warning - 1 : Skipping Token defaultPinDes On Line 2532
            Warning - 1 : Skipping Token defaultPinDes On Line 2540
            Warning - 1 : Skipping Token defaultPinDes On Line 2547
            Warning - 1 : Skipping Token defaultPinDes On Line 2555
            Warning - 1 : Skipping Token defaultPinDes On Line 2563
            Warning - 1 : Skipping Token defaultPinDes On Line 2571
            Warning - 1 : Skipping Token defaultPinDes On Line 2594
            Warning - 1 : Skipping Token defaultPinDes On Line 2602
            Warning - 1 : Skipping Token defaultPinDes On Line 2610
            Warning - 1 : Skipping Token defaultPinDes On Line 2617
            Warning - 1 : Skipping Token defaultPinDes On Line 2625
            Warning - 1 : Skipping Token defaultPinDes On Line 2633
            Warning - 1 : Skipping Token defaultPinDes On Line 2641
            Warning - 1 : Skipping Token defaultPinDes On Line 2664
            Warning - 1 : Skipping Token defaultPinDes On Line 2672
            Warning - 1 : Skipping Token defaultPinDes On Line 2679
            Warning - 1 : Skipping Token defaultPinDes On Line 2687
            Warning - 1 : Skipping Token defaultPinDes On Line 2695
            Warning - 1 : Skipping Token defaultPinDes On Line 2703
            Warning - 1 : Skipping Token defaultPinDes On Line 2711
            Warning - 1 : Skipping Token defaultPinDes On Line 2719
            Warning - 1 : Skipping Token defaultPinDes On Line 2727
            Warning - 1 : Skipping Token defaultPinDes On Line 2735
            Warning - 1 : Skipping Token defaultPinDes On Line 2743
            Warning - 1 : Skipping Token defaultPinDes On Line 2750
            Warning - 1 : Skipping Token defaultPinDes On Line 2774
            Warning - 1 : Skipping Token defaultPinDes On Line 2782
            Warning - 1 : Skipping Token defaultPinDes On Line 2790
            Warning - 1 : Skipping Token defaultPinDes On Line 2797
            Warning - 1 : Skipping Token defaultPinDes On Line 2805
            Warning - 1 : Skipping Token defaultPinDes On Line 2813
            Warning - 1 : Skipping Token defaultPinDes On Line 2820
            Warning - 1 : Skipping Token defaultPinDes On Line 2843
            Warning - 1 : Skipping Token defaultPinDes On Line 2851
            Warning - 1 : Skipping Token defaultPinDes On Line 2859
            Warning - 1 : Skipping Token defaultPinDes On Line 2867
            Warning - 1 : Skipping Token defaultPinDes On Line 2875
            Warning - 1 : Skipping Token defaultPinDes On Line 2883
            Warning - 1 : Skipping Token defaultPinDes On Line 2891
            Warning - 1 : Skipping Token defaultPinDes On Line 2898
            Warning - 1 : Skipping Token defaultPinDes On Line 2921
            Warning - 1 : Skipping Token defaultPinDes On Line 2929
            Warning - 1 : Skipping Token defaultPinDes On Line 2937
            Warning - 1 : Skipping Token defaultPinDes On Line 2945
            Warning - 1 : Skipping Token defaultPinDes On Line 2952
            Warning - 1 : Skipping Token defaultPinDes On Line 2960
            Warning - 1 : Skipping Token defaultPinDes On Line 2968
        EndSection

        Section : Generating SCH Library - 140.SchLib
        EndSection
    EndSection
EndSection
